*********************************************************************
* LD Score Regression (LDSC)
* Version 1.0.1
* (C) 2014-2019 Brendan Bulik-Sullivan and Hilary Finucane
* Broad Institute of MIT and Harvard / MIT Department of Mathematics
* GNU General Public License v3
*********************************************************************
Call: 
./ldsc.py \
--print-snps /dcs04/lieber/shared/statsgen/LDSC/base/referencefiles/hapmap3_snps/hm.12.snp \
--ld-wind-cm 1.0 \
--out ./out_RXFP1_KIAA1217/chr.12 \
--bfile /dcs04/lieber/shared/statsgen/LDSC/base/referencefiles/1000G_EUR_Phase3_plink/1000G.EUR.QC.12 \
--thin-annot  \
--annot ./out_RXFP1_KIAA1217/chr.12.annot.gz \
--l2  

Beginning analysis at Mon Aug 19 14:25:19 2024
Read list of 480110 SNPs from /dcs04/lieber/shared/statsgen/LDSC/base/referencefiles/1000G_EUR_Phase3_plink/1000G.EUR.QC.12.bim
Read 1 annotations for 480110 SNPs from ./out_RXFP1_KIAA1217/chr.12.annot.gz
Read list of 489 individuals from /dcs04/lieber/shared/statsgen/LDSC/base/referencefiles/1000G_EUR_Phase3_plink/1000G.EUR.QC.12.fam
Reading genotypes from /dcs04/lieber/shared/statsgen/LDSC/base/referencefiles/1000G_EUR_Phase3_plink/1000G.EUR.QC.12.bed
Estimating LD Score.
Reading list of 68635 SNPs for which to print LD Scores from /dcs04/lieber/shared/statsgen/LDSC/base/referencefiles/hapmap3_snps/hm.12.snp
After merging with --print-snps, LD Scores for 58127 SNPs will be printed.
Writing LD Scores for 58127 SNPs to ./out_RXFP1_KIAA1217/chr.12.l2.ldscore.gz

Summary of LD Scores in ./out_RXFP1_KIAA1217/chr.12.l2.ldscore.gz
         MAF        L2
mean  0.2320   19.6629
std   0.1438   43.4608
min   0.0051   -2.4099
25%   0.1063    0.0000
50%   0.2198    0.6305
75%   0.3548   15.2709
max   0.5000  532.8437

MAF/LD Score Correlation Matrix
        MAF      L2
MAF  1.0000  0.0496
L2   0.0496  1.0000

Annotation Correlation Matrix
       ANNOT
ANNOT    1.0

Annotation Matrix Column Sums
ANNOT    86521

Summary of Annotation Matrix Row Sums
count    480110.0000
mean          0.1802
std           0.3844
min           0.0000
25%           0.0000
50%           0.0000
75%           0.0000
max           1.0000
Analysis finished at Mon Aug 19 14:27:25 2024
Total time elapsed: 2.0m:5.69s
