*********************************************************************
* LD Score Regression (LDSC)
* Version 1.0.1
* (C) 2014-2019 Brendan Bulik-Sullivan and Hilary Finucane
* Broad Institute of MIT and Harvard / MIT Department of Mathematics
* GNU General Public License v3
*********************************************************************
Call: 
./ldsc.py \
--print-snps /dcs04/lieber/shared/statsgen/LDSC/base/referencefiles/hapmap3_snps/hm.19.snp \
--ld-wind-cm 1.0 \
--out ./out_ADARB2_TRPS1.VIP_PLPP4/chr.19 \
--bfile /dcs04/lieber/shared/statsgen/LDSC/base/referencefiles/1000G_EUR_Phase3_plink/1000G.EUR.QC.19 \
--thin-annot  \
--annot ./out_ADARB2_TRPS1.VIP_PLPP4/chr.19.annot.gz \
--l2  

Beginning analysis at Tue Aug 20 15:04:58 2024
Read list of 232363 SNPs from /dcs04/lieber/shared/statsgen/LDSC/base/referencefiles/1000G_EUR_Phase3_plink/1000G.EUR.QC.19.bim
Read 1 annotations for 232363 SNPs from ./out_ADARB2_TRPS1.VIP_PLPP4/chr.19.annot.gz
Read list of 489 individuals from /dcs04/lieber/shared/statsgen/LDSC/base/referencefiles/1000G_EUR_Phase3_plink/1000G.EUR.QC.19.fam
Reading genotypes from /dcs04/lieber/shared/statsgen/LDSC/base/referencefiles/1000G_EUR_Phase3_plink/1000G.EUR.QC.19.bed
Estimating LD Score.
Reading list of 26259 SNPs for which to print LD Scores from /dcs04/lieber/shared/statsgen/LDSC/base/referencefiles/hapmap3_snps/hm.19.snp
After merging with --print-snps, LD Scores for 21991 SNPs will be printed.
Writing LD Scores for 21991 SNPs to ./out_ADARB2_TRPS1.VIP_PLPP4/chr.19.l2.ldscore.gz

Summary of LD Scores in ./out_ADARB2_TRPS1.VIP_PLPP4/chr.19.l2.ldscore.gz
         MAF        L2
mean  0.2369   37.3468
std   0.1428   60.9114
min   0.0051   -2.3212
25%   0.1125    1.0163
50%   0.2331   11.1601
75%   0.3569   50.1808
max   0.5000  499.4271

MAF/LD Score Correlation Matrix
        MAF      L2
MAF  1.0000  0.0613
L2   0.0613  1.0000

Annotation Correlation Matrix
       ANNOT
ANNOT    1.0

Annotation Matrix Column Sums
ANNOT    84077

Summary of Annotation Matrix Row Sums
count    232363.0000
mean          0.3618
std           0.4805
min           0.0000
25%           0.0000
50%           0.0000
75%           1.0000
max           1.0000
Analysis finished at Tue Aug 20 15:06:20 2024
Total time elapsed: 1.0m:22.24s
