*********************************************************************
* LD Score Regression (LDSC)
* Version 1.0.1
* (C) 2014-2019 Brendan Bulik-Sullivan and Hilary Finucane
* Broad Institute of MIT and Harvard / MIT Department of Mathematics
* GNU General Public License v3
*********************************************************************
Call: 
./ldsc.py \
--print-snps /dcs04/lieber/shared/statsgen/LDSC/base/referencefiles/hapmap3_snps/hm.13.snp \
--ld-wind-cm 1.0 \
--out ./out_ADARB2_TRPS1.VIP_PLPP4/chr.13 \
--bfile /dcs04/lieber/shared/statsgen/LDSC/base/referencefiles/1000G_EUR_Phase3_plink/1000G.EUR.QC.13 \
--thin-annot  \
--annot ./out_ADARB2_TRPS1.VIP_PLPP4/chr.13.annot.gz \
--l2  

Beginning analysis at Tue Aug 20 14:57:38 2024
Read list of 366200 SNPs from /dcs04/lieber/shared/statsgen/LDSC/base/referencefiles/1000G_EUR_Phase3_plink/1000G.EUR.QC.13.bim
Read 1 annotations for 366200 SNPs from ./out_ADARB2_TRPS1.VIP_PLPP4/chr.13.annot.gz
Read list of 489 individuals from /dcs04/lieber/shared/statsgen/LDSC/base/referencefiles/1000G_EUR_Phase3_plink/1000G.EUR.QC.13.fam
Reading genotypes from /dcs04/lieber/shared/statsgen/LDSC/base/referencefiles/1000G_EUR_Phase3_plink/1000G.EUR.QC.13.bed
Estimating LD Score.
Reading list of 52010 SNPs for which to print LD Scores from /dcs04/lieber/shared/statsgen/LDSC/base/referencefiles/hapmap3_snps/hm.13.snp
After merging with --print-snps, LD Scores for 45136 SNPs will be printed.
Writing LD Scores for 45136 SNPs to ./out_ADARB2_TRPS1.VIP_PLPP4/chr.13.l2.ldscore.gz

Summary of LD Scores in ./out_ADARB2_TRPS1.VIP_PLPP4/chr.13.l2.ldscore.gz
         MAF        L2
mean  0.2329    9.4648
std   0.1436   29.4914
min   0.0051   -1.8162
25%   0.1063    0.0000
50%   0.2198    0.0000
75%   0.3548    1.3137
max   0.5000  259.3105

MAF/LD Score Correlation Matrix
        MAF      L2
MAF  1.0000  0.0689
L2   0.0689  1.0000

Annotation Correlation Matrix
       ANNOT
ANNOT    1.0

Annotation Matrix Column Sums
ANNOT    32036

Summary of Annotation Matrix Row Sums
count    366200.0000
mean          0.0875
std           0.2825
min           0.0000
25%           0.0000
50%           0.0000
75%           0.0000
max           1.0000
Analysis finished at Tue Aug 20 14:58:54 2024
Total time elapsed: 1.0m:15.53s
