*********************************************************************
* LD Score Regression (LDSC)
* Version 1.0.1
* (C) 2014-2019 Brendan Bulik-Sullivan and Hilary Finucane
* Broad Institute of MIT and Harvard / MIT Department of Mathematics
* GNU General Public License v3
*********************************************************************
Call: 
./ldsc.py \
--print-snps /dcs04/lieber/shared/statsgen/LDSC/base/referencefiles/hapmap3_snps/hm.9.snp \
--ld-wind-cm 1.0 \
--out ./out_ADARB2_TRPS1.Endothelial/chr.9 \
--bfile /dcs04/lieber/shared/statsgen/LDSC/base/referencefiles/1000G_EUR_Phase3_plink/1000G.EUR.QC.9 \
--thin-annot  \
--annot ./out_ADARB2_TRPS1.Endothelial/chr.9.annot.gz \
--l2  

Beginning analysis at Tue Aug 20 15:20:57 2024
Read list of 438106 SNPs from /dcs04/lieber/shared/statsgen/LDSC/base/referencefiles/1000G_EUR_Phase3_plink/1000G.EUR.QC.9.bim
Read 1 annotations for 438106 SNPs from ./out_ADARB2_TRPS1.Endothelial/chr.9.annot.gz
Read list of 489 individuals from /dcs04/lieber/shared/statsgen/LDSC/base/referencefiles/1000G_EUR_Phase3_plink/1000G.EUR.QC.9.fam
Reading genotypes from /dcs04/lieber/shared/statsgen/LDSC/base/referencefiles/1000G_EUR_Phase3_plink/1000G.EUR.QC.9.bed
Estimating LD Score.
Reading list of 63706 SNPs for which to print LD Scores from /dcs04/lieber/shared/statsgen/LDSC/base/referencefiles/hapmap3_snps/hm.9.snp
After merging with --print-snps, LD Scores for 55885 SNPs will be printed.
Writing LD Scores for 55885 SNPs to ./out_ADARB2_TRPS1.Endothelial/chr.9.l2.ldscore.gz

Summary of LD Scores in ./out_ADARB2_TRPS1.Endothelial/chr.9.l2.ldscore.gz
         MAF        L2
mean  0.2343   14.2307
std   0.1436   33.4719
min   0.0051   -1.6784
25%   0.1084    0.0000
50%   0.2239    0.0000
75%   0.3558    6.4048
max   0.5000  285.1199

MAF/LD Score Correlation Matrix
        MAF      L2
MAF  1.0000  0.0542
L2   0.0542  1.0000

Annotation Correlation Matrix
       ANNOT
ANNOT    1.0

Annotation Matrix Column Sums
ANNOT    60200

Summary of Annotation Matrix Row Sums
count    438106.0000
mean          0.1374
std           0.3443
min           0.0000
25%           0.0000
50%           0.0000
75%           0.0000
max           1.0000
Analysis finished at Tue Aug 20 15:23:16 2024
Total time elapsed: 2.0m:19.2s
