*********************************************************************
* LD Score Regression (LDSC)
* Version 1.0.1
* (C) 2014-2019 Brendan Bulik-Sullivan and Hilary Finucane
* Broad Institute of MIT and Harvard / MIT Department of Mathematics
* GNU General Public License v3
*********************************************************************
Call: 
./ldsc.py \
--print-snps /dcs04/lieber/shared/statsgen/LDSC/base/referencefiles/hapmap3_snps/hm.19.snp \
--ld-wind-cm 1.0 \
--out ./out_Astrocyte.Endothelial/chr.19 \
--bfile /dcs04/lieber/shared/statsgen/LDSC/base/referencefiles/1000G_EUR_Phase3_plink/1000G.EUR.QC.19 \
--thin-annot  \
--annot ./out_Astrocyte.Endothelial/chr.19.annot.gz \
--l2  

Beginning analysis at Tue Aug 20 15:01:33 2024
Read list of 232363 SNPs from /dcs04/lieber/shared/statsgen/LDSC/base/referencefiles/1000G_EUR_Phase3_plink/1000G.EUR.QC.19.bim
Read 1 annotations for 232363 SNPs from ./out_Astrocyte.Endothelial/chr.19.annot.gz
Read list of 489 individuals from /dcs04/lieber/shared/statsgen/LDSC/base/referencefiles/1000G_EUR_Phase3_plink/1000G.EUR.QC.19.fam
Reading genotypes from /dcs04/lieber/shared/statsgen/LDSC/base/referencefiles/1000G_EUR_Phase3_plink/1000G.EUR.QC.19.bed
Estimating LD Score.
Reading list of 26259 SNPs for which to print LD Scores from /dcs04/lieber/shared/statsgen/LDSC/base/referencefiles/hapmap3_snps/hm.19.snp
After merging with --print-snps, LD Scores for 21991 SNPs will be printed.
Writing LD Scores for 21991 SNPs to ./out_Astrocyte.Endothelial/chr.19.l2.ldscore.gz

Summary of LD Scores in ./out_Astrocyte.Endothelial/chr.19.l2.ldscore.gz
         MAF        L2
mean  0.2369   36.2940
std   0.1428   57.0006
min   0.0051   -1.3316
25%   0.1125    1.0456
50%   0.2331   11.1098
75%   0.3569   50.5200
max   0.5000  438.5072

MAF/LD Score Correlation Matrix
        MAF      L2
MAF  1.0000  0.0825
L2   0.0825  1.0000

Annotation Correlation Matrix
       ANNOT
ANNOT    1.0

Annotation Matrix Column Sums
ANNOT    83659

Summary of Annotation Matrix Row Sums
count    232363.00
mean          0.36
std           0.48
min           0.00
25%           0.00
50%           0.00
75%           1.00
max           1.00
Analysis finished at Tue Aug 20 15:02:56 2024
Total time elapsed: 1.0m:22.82s
