*********************************************************************
* LD Score Regression (LDSC)
* Version 1.0.1
* (C) 2014-2019 Brendan Bulik-Sullivan and Hilary Finucane
* Broad Institute of MIT and Harvard / MIT Department of Mathematics
* GNU General Public License v3
*********************************************************************
Call: 
./ldsc.py \
--print-snps /dcs04/lieber/shared/statsgen/LDSC/base/referencefiles/hapmap3_snps/hm.11.snp \
--ld-wind-cm 1.0 \
--out ./out_Astrocyte.Endothelial/chr.11 \
--bfile /dcs04/lieber/shared/statsgen/LDSC/base/referencefiles/1000G_EUR_Phase3_plink/1000G.EUR.QC.11 \
--thin-annot  \
--annot ./out_Astrocyte.Endothelial/chr.11.annot.gz \
--l2  

Beginning analysis at Tue Aug 20 14:48:15 2024
Read list of 493922 SNPs from /dcs04/lieber/shared/statsgen/LDSC/base/referencefiles/1000G_EUR_Phase3_plink/1000G.EUR.QC.11.bim
Read 1 annotations for 493922 SNPs from ./out_Astrocyte.Endothelial/chr.11.annot.gz
Read list of 489 individuals from /dcs04/lieber/shared/statsgen/LDSC/base/referencefiles/1000G_EUR_Phase3_plink/1000G.EUR.QC.11.fam
Reading genotypes from /dcs04/lieber/shared/statsgen/LDSC/base/referencefiles/1000G_EUR_Phase3_plink/1000G.EUR.QC.11.bed
Estimating LD Score.
Reading list of 71092 SNPs for which to print LD Scores from /dcs04/lieber/shared/statsgen/LDSC/base/referencefiles/hapmap3_snps/hm.11.snp
After merging with --print-snps, LD Scores for 61027 SNPs will be printed.
Writing LD Scores for 61027 SNPs to ./out_Astrocyte.Endothelial/chr.11.l2.ldscore.gz

Summary of LD Scores in ./out_Astrocyte.Endothelial/chr.11.l2.ldscore.gz
         MAF        L2
mean  0.2389   15.1433
std   0.1430   37.6088
min   0.0051   -2.0460
25%   0.1145    0.0000
50%   0.2301    0.0144
75%   0.3609    6.3313
max   0.5000  381.5941

MAF/LD Score Correlation Matrix
        MAF      L2
MAF  1.0000  0.0389
L2   0.0389  1.0000

Annotation Correlation Matrix
       ANNOT
ANNOT    1.0

Annotation Matrix Column Sums
ANNOT    57278

Summary of Annotation Matrix Row Sums
count    493922.0000
mean          0.1160
std           0.3202
min           0.0000
25%           0.0000
50%           0.0000
75%           0.0000
max           1.0000
Analysis finished at Tue Aug 20 14:51:36 2024
Total time elapsed: 3.0m:20.88s
