*********************************************************************
* LD Score Regression (LDSC)
* Version 1.0.1
* (C) 2014-2019 Brendan Bulik-Sullivan and Hilary Finucane
* Broad Institute of MIT and Harvard / MIT Department of Mathematics
* GNU General Public License v3
*********************************************************************
Call: 
./ldsc.py \
--print-snps /dcs04/lieber/shared/statsgen/LDSC/base/referencefiles/hapmap3_snps/hm.7.snp \
--ld-wind-cm 1.0 \
--out ./out_ADARB2_TRPS1.SST_PRKCQ/chr.7 \
--bfile /dcs04/lieber/shared/statsgen/LDSC/base/referencefiles/1000G_EUR_Phase3_plink/1000G.EUR.QC.7 \
--thin-annot  \
--annot ./out_ADARB2_TRPS1.SST_PRKCQ/chr.7.annot.gz \
--l2  

Beginning analysis at Tue Aug 20 15:13:39 2024
Read list of 589569 SNPs from /dcs04/lieber/shared/statsgen/LDSC/base/referencefiles/1000G_EUR_Phase3_plink/1000G.EUR.QC.7.bim
Read 1 annotations for 589569 SNPs from ./out_ADARB2_TRPS1.SST_PRKCQ/chr.7.annot.gz
Read list of 489 individuals from /dcs04/lieber/shared/statsgen/LDSC/base/referencefiles/1000G_EUR_Phase3_plink/1000G.EUR.QC.7.fam
Reading genotypes from /dcs04/lieber/shared/statsgen/LDSC/base/referencefiles/1000G_EUR_Phase3_plink/1000G.EUR.QC.7.bed
Estimating LD Score.
Reading list of 75316 SNPs for which to print LD Scores from /dcs04/lieber/shared/statsgen/LDSC/base/referencefiles/hapmap3_snps/hm.7.snp
After merging with --print-snps, LD Scores for 65848 SNPs will be printed.
Writing LD Scores for 65848 SNPs to ./out_ADARB2_TRPS1.SST_PRKCQ/chr.7.l2.ldscore.gz

Summary of LD Scores in ./out_ADARB2_TRPS1.SST_PRKCQ/chr.7.l2.ldscore.gz
         MAF        L2
mean  0.2376   16.9756
std   0.1437   44.7574
min   0.0051   -2.6708
25%   0.1104    0.0000
50%   0.2290    0.0000
75%   0.3609    5.1798
max   0.5000  419.2777

MAF/LD Score Correlation Matrix
        MAF      L2
MAF  1.0000  0.0558
L2   0.0558  1.0000

Annotation Correlation Matrix
       ANNOT
ANNOT    1.0

Annotation Matrix Column Sums
ANNOT    73951

Summary of Annotation Matrix Row Sums
count    589569.0000
mean          0.1254
std           0.3312
min           0.0000
25%           0.0000
50%           0.0000
75%           0.0000
max           1.0000
Analysis finished at Tue Aug 20 15:16:38 2024
Total time elapsed: 2.0m:58.48s
