*********************************************************************
* LD Score Regression (LDSC)
* Version 1.0.1
* (C) 2014-2019 Brendan Bulik-Sullivan and Hilary Finucane
* Broad Institute of MIT and Harvard / MIT Department of Mathematics
* GNU General Public License v3
*********************************************************************
Call: 
./ldsc.py \
--print-snps /dcs04/lieber/shared/statsgen/LDSC/base/referencefiles/hapmap3_snps/hm.7.snp \
--ld-wind-cm 1.0 \
--out ./out_ADARB2_TRPS1.ZBTB20_SLC4A4/chr.7 \
--bfile /dcs04/lieber/shared/statsgen/LDSC/base/referencefiles/1000G_EUR_Phase3_plink/1000G.EUR.QC.7 \
--thin-annot  \
--annot ./out_ADARB2_TRPS1.ZBTB20_SLC4A4/chr.7.annot.gz \
--l2  

Beginning analysis at Tue Aug 20 15:31:18 2024
Read list of 589569 SNPs from /dcs04/lieber/shared/statsgen/LDSC/base/referencefiles/1000G_EUR_Phase3_plink/1000G.EUR.QC.7.bim
Read 1 annotations for 589569 SNPs from ./out_ADARB2_TRPS1.ZBTB20_SLC4A4/chr.7.annot.gz
Read list of 489 individuals from /dcs04/lieber/shared/statsgen/LDSC/base/referencefiles/1000G_EUR_Phase3_plink/1000G.EUR.QC.7.fam
Reading genotypes from /dcs04/lieber/shared/statsgen/LDSC/base/referencefiles/1000G_EUR_Phase3_plink/1000G.EUR.QC.7.bed
Estimating LD Score.
Reading list of 75316 SNPs for which to print LD Scores from /dcs04/lieber/shared/statsgen/LDSC/base/referencefiles/hapmap3_snps/hm.7.snp
After merging with --print-snps, LD Scores for 65848 SNPs will be printed.
Writing LD Scores for 65848 SNPs to ./out_ADARB2_TRPS1.ZBTB20_SLC4A4/chr.7.l2.ldscore.gz

Summary of LD Scores in ./out_ADARB2_TRPS1.ZBTB20_SLC4A4/chr.7.l2.ldscore.gz
         MAF        L2
mean  0.2376   17.8331
std   0.1437   46.2978
min   0.0051   -2.7180
25%   0.1104    0.0000
50%   0.2290    0.0000
75%   0.3609    6.2145
max   0.5000  610.1644

MAF/LD Score Correlation Matrix
        MAF      L2
MAF  1.0000  0.0943
L2   0.0943  1.0000

Annotation Correlation Matrix
       ANNOT
ANNOT    1.0

Annotation Matrix Column Sums
ANNOT    78775

Summary of Annotation Matrix Row Sums
count    589569.0000
mean          0.1336
std           0.3402
min           0.0000
25%           0.0000
50%           0.0000
75%           0.0000
max           1.0000
Analysis finished at Tue Aug 20 15:36:55 2024
Total time elapsed: 5.0m:37.0s
