*********************************************************************
* LD Score Regression (LDSC)
* Version 1.0.1
* (C) 2014-2019 Brendan Bulik-Sullivan and Hilary Finucane
* Broad Institute of MIT and Harvard / MIT Department of Mathematics
* GNU General Public License v3
*********************************************************************
Call: 
./ldsc.py \
--print-snps /dcs04/lieber/shared/statsgen/LDSC/base/referencefiles/hapmap3_snps/hm.9.snp \
--ld-wind-cm 1.0 \
--out ./out_ST18_ABCA8/chr.9 \
--bfile /dcs04/lieber/shared/statsgen/LDSC/base/referencefiles/1000G_EUR_Phase3_plink/1000G.EUR.QC.9 \
--thin-annot  \
--annot ./out_ST18_ABCA8/chr.9.annot.gz \
--l2  

Beginning analysis at Mon Aug 19 14:53:51 2024
Read list of 438106 SNPs from /dcs04/lieber/shared/statsgen/LDSC/base/referencefiles/1000G_EUR_Phase3_plink/1000G.EUR.QC.9.bim
Read 1 annotations for 438106 SNPs from ./out_ST18_ABCA8/chr.9.annot.gz
Read list of 489 individuals from /dcs04/lieber/shared/statsgen/LDSC/base/referencefiles/1000G_EUR_Phase3_plink/1000G.EUR.QC.9.fam
Reading genotypes from /dcs04/lieber/shared/statsgen/LDSC/base/referencefiles/1000G_EUR_Phase3_plink/1000G.EUR.QC.9.bed
Estimating LD Score.
Reading list of 63706 SNPs for which to print LD Scores from /dcs04/lieber/shared/statsgen/LDSC/base/referencefiles/hapmap3_snps/hm.9.snp
After merging with --print-snps, LD Scores for 55885 SNPs will be printed.
Writing LD Scores for 55885 SNPs to ./out_ST18_ABCA8/chr.9.l2.ldscore.gz

Summary of LD Scores in ./out_ST18_ABCA8/chr.9.l2.ldscore.gz
         MAF        L2
mean  0.2343   17.8133
std   0.1436   39.4713
min   0.0051   -2.2948
25%   0.1084    0.0000
50%   0.2239    0.1201
75%   0.3558   11.2069
max   0.5000  375.2720

MAF/LD Score Correlation Matrix
        MAF      L2
MAF  1.0000  0.0508
L2   0.0508  1.0000

Annotation Correlation Matrix
       ANNOT
ANNOT    1.0

Annotation Matrix Column Sums
ANNOT    77538

Summary of Annotation Matrix Row Sums
count    438106.0000
mean          0.1770
std           0.3817
min           0.0000
25%           0.0000
50%           0.0000
75%           0.0000
max           1.0000
Analysis finished at Mon Aug 19 14:55:27 2024
Total time elapsed: 1.0m:35.32s
