*********************************************************************
* LD Score Regression (LDSC)
* Version 1.0.1
* (C) 2014-2019 Brendan Bulik-Sullivan and Hilary Finucane
* Broad Institute of MIT and Harvard / MIT Department of Mathematics
* GNU General Public License v3
*********************************************************************
Call: 
./ldsc.py \
--print-snps /dcs04/lieber/shared/statsgen/LDSC/base/referencefiles/hapmap3_snps/hm.6.snp \
--ld-wind-cm 1.0 \
--out ./out_ADARB2_TRPS1.ST18_ABCA8/chr.6 \
--bfile /dcs04/lieber/shared/statsgen/LDSC/base/referencefiles/1000G_EUR_Phase3_plink/1000G.EUR.QC.6 \
--thin-annot  \
--annot ./out_ADARB2_TRPS1.ST18_ABCA8/chr.6.annot.gz \
--l2  

Beginning analysis at Tue Aug 20 14:51:05 2024
Read list of 664016 SNPs from /dcs04/lieber/shared/statsgen/LDSC/base/referencefiles/1000G_EUR_Phase3_plink/1000G.EUR.QC.6.bim
Read 1 annotations for 664016 SNPs from ./out_ADARB2_TRPS1.ST18_ABCA8/chr.6.annot.gz
Read list of 489 individuals from /dcs04/lieber/shared/statsgen/LDSC/base/referencefiles/1000G_EUR_Phase3_plink/1000G.EUR.QC.6.fam
Reading genotypes from /dcs04/lieber/shared/statsgen/LDSC/base/referencefiles/1000G_EUR_Phase3_plink/1000G.EUR.QC.6.bed
Estimating LD Score.
Reading list of 91491 SNPs for which to print LD Scores from /dcs04/lieber/shared/statsgen/LDSC/base/referencefiles/hapmap3_snps/hm.6.snp
After merging with --print-snps, LD Scores for 80218 SNPs will be printed.
Writing LD Scores for 80218 SNPs to ./out_ADARB2_TRPS1.ST18_ABCA8/chr.6.l2.ldscore.gz

Summary of LD Scores in ./out_ADARB2_TRPS1.ST18_ABCA8/chr.6.l2.ldscore.gz
         MAF        L2
mean  0.2331   22.7054
std   0.1441   59.4483
min   0.0051   -2.2143
25%   0.1074    0.0000
50%   0.2219    0.0000
75%   0.3558    6.3844
max   0.5000  537.1345

MAF/LD Score Correlation Matrix
        MAF      L2
MAF  1.0000  0.0086
L2   0.0086  1.0000

Annotation Correlation Matrix
       ANNOT
ANNOT    1.0

Annotation Matrix Column Sums
ANNOT    67867

Summary of Annotation Matrix Row Sums
count    664016.0000
mean          0.1022
std           0.3029
min           0.0000
25%           0.0000
50%           0.0000
75%           0.0000
max           1.0000
Analysis finished at Tue Aug 20 14:55:40 2024
Total time elapsed: 4.0m:34.52s
