*********************************************************************
* LD Score Regression (LDSC)
* Version 1.0.1
* (C) 2014-2019 Brendan Bulik-Sullivan and Hilary Finucane
* Broad Institute of MIT and Harvard / MIT Department of Mathematics
* GNU General Public License v3
*********************************************************************
Call: 
./ldsc.py \
--print-snps /dcs04/lieber/shared/statsgen/LDSC/base/referencefiles/hapmap3_snps/hm.11.snp \
--ld-wind-cm 1.0 \
--out ./out_ADARB2_TRPS1.TSHZ1.1/chr.11 \
--bfile /dcs04/lieber/shared/statsgen/LDSC/base/referencefiles/1000G_EUR_Phase3_plink/1000G.EUR.QC.11 \
--thin-annot  \
--annot ./out_ADARB2_TRPS1.TSHZ1.1/chr.11.annot.gz \
--l2  

Beginning analysis at Tue Aug 20 14:57:50 2024
Read list of 493922 SNPs from /dcs04/lieber/shared/statsgen/LDSC/base/referencefiles/1000G_EUR_Phase3_plink/1000G.EUR.QC.11.bim
Read 1 annotations for 493922 SNPs from ./out_ADARB2_TRPS1.TSHZ1.1/chr.11.annot.gz
Read list of 489 individuals from /dcs04/lieber/shared/statsgen/LDSC/base/referencefiles/1000G_EUR_Phase3_plink/1000G.EUR.QC.11.fam
Reading genotypes from /dcs04/lieber/shared/statsgen/LDSC/base/referencefiles/1000G_EUR_Phase3_plink/1000G.EUR.QC.11.bed
Estimating LD Score.
Reading list of 71092 SNPs for which to print LD Scores from /dcs04/lieber/shared/statsgen/LDSC/base/referencefiles/hapmap3_snps/hm.11.snp
After merging with --print-snps, LD Scores for 61027 SNPs will be printed.
Writing LD Scores for 61027 SNPs to ./out_ADARB2_TRPS1.TSHZ1.1/chr.11.l2.ldscore.gz

Summary of LD Scores in ./out_ADARB2_TRPS1.TSHZ1.1/chr.11.l2.ldscore.gz
         MAF        L2
mean  0.2389   18.2057
std   0.1430   39.1688
min   0.0051   -2.0110
25%   0.1145    0.0000
50%   0.2301    0.5948
75%   0.3609   12.9269
max   0.5000  462.2347

MAF/LD Score Correlation Matrix
      MAF    L2
MAF  1.00  0.08
L2   0.08  1.00

Annotation Correlation Matrix
       ANNOT
ANNOT    1.0

Annotation Matrix Column Sums
ANNOT    73410

Summary of Annotation Matrix Row Sums
count    493922.0000
mean          0.1486
std           0.3557
min           0.0000
25%           0.0000
50%           0.0000
75%           0.0000
max           1.0000
Analysis finished at Tue Aug 20 15:01:22 2024
Total time elapsed: 3.0m:32.12s
