*********************************************************************
* LD Score Regression (LDSC)
* Version 1.0.1
* (C) 2014-2019 Brendan Bulik-Sullivan and Hilary Finucane
* Broad Institute of MIT and Harvard / MIT Department of Mathematics
* GNU General Public License v3
*********************************************************************
Call: 
./ldsc.py \
--print-snps /dcs04/lieber/shared/statsgen/LDSC/base/referencefiles/hapmap3_snps/hm.20.snp \
--ld-wind-cm 1.0 \
--out ./out_ADARB2_TRPS1.CARTPT_CDH23/chr.20 \
--bfile /dcs04/lieber/shared/statsgen/LDSC/base/referencefiles/1000G_EUR_Phase3_plink/1000G.EUR.QC.20 \
--thin-annot  \
--annot ./out_ADARB2_TRPS1.CARTPT_CDH23/chr.20.annot.gz \
--l2  

Beginning analysis at Tue Aug 20 15:27:25 2024
Read list of 221626 SNPs from /dcs04/lieber/shared/statsgen/LDSC/base/referencefiles/1000G_EUR_Phase3_plink/1000G.EUR.QC.20.bim
Read 1 annotations for 221626 SNPs from ./out_ADARB2_TRPS1.CARTPT_CDH23/chr.20.annot.gz
Read list of 489 individuals from /dcs04/lieber/shared/statsgen/LDSC/base/referencefiles/1000G_EUR_Phase3_plink/1000G.EUR.QC.20.fam
Reading genotypes from /dcs04/lieber/shared/statsgen/LDSC/base/referencefiles/1000G_EUR_Phase3_plink/1000G.EUR.QC.20.bed
Estimating LD Score.
Reading list of 36301 SNPs for which to print LD Scores from /dcs04/lieber/shared/statsgen/LDSC/base/referencefiles/hapmap3_snps/hm.20.snp
After merging with --print-snps, LD Scores for 31359 SNPs will be printed.
Writing LD Scores for 31359 SNPs to ./out_ADARB2_TRPS1.CARTPT_CDH23/chr.20.l2.ldscore.gz

Summary of LD Scores in ./out_ADARB2_TRPS1.CARTPT_CDH23/chr.20.l2.ldscore.gz
         MAF        L2
mean  0.2336   19.4645
std   0.1437   42.2447
min   0.0051   -1.4556
25%   0.1063    0.0000
50%   0.2219    0.7784
75%   0.3569   18.4308
max   0.5000  339.0296

MAF/LD Score Correlation Matrix
        MAF      L2
MAF  1.0000  0.0595
L2   0.0595  1.0000

Annotation Correlation Matrix
       ANNOT
ANNOT    1.0

Annotation Matrix Column Sums
ANNOT    47076

Summary of Annotation Matrix Row Sums
count    221626.0000
mean          0.2124
std           0.4090
min           0.0000
25%           0.0000
50%           0.0000
75%           0.0000
max           1.0000
Analysis finished at Tue Aug 20 15:28:35 2024
Total time elapsed: 1.0m:9.6s
