*********************************************************************
* LD Score Regression (LDSC)
* Version 1.0.1
* (C) 2014-2019 Brendan Bulik-Sullivan and Hilary Finucane
* Broad Institute of MIT and Harvard / MIT Department of Mathematics
* GNU General Public License v3
*********************************************************************
Call: 
./ldsc.py \
--print-snps /dcs04/lieber/shared/statsgen/LDSC/base/referencefiles/hapmap3_snps/hm.8.snp \
--ld-wind-cm 1.0 \
--out ./out_ESR1_ADRA1A/chr.8 \
--bfile /dcs04/lieber/shared/statsgen/LDSC/base/referencefiles/1000G_EUR_Phase3_plink/1000G.EUR.QC.8 \
--thin-annot  \
--annot ./out_ESR1_ADRA1A/chr.8.annot.gz \
--l2  

Beginning analysis at Tue Aug 20 15:11:59 2024
Read list of 549971 SNPs from /dcs04/lieber/shared/statsgen/LDSC/base/referencefiles/1000G_EUR_Phase3_plink/1000G.EUR.QC.8.bim
Read 1 annotations for 549971 SNPs from ./out_ESR1_ADRA1A/chr.8.annot.gz
Read list of 489 individuals from /dcs04/lieber/shared/statsgen/LDSC/base/referencefiles/1000G_EUR_Phase3_plink/1000G.EUR.QC.8.fam
Reading genotypes from /dcs04/lieber/shared/statsgen/LDSC/base/referencefiles/1000G_EUR_Phase3_plink/1000G.EUR.QC.8.bed
Estimating LD Score.
Reading list of 75345 SNPs for which to print LD Scores from /dcs04/lieber/shared/statsgen/LDSC/base/referencefiles/hapmap3_snps/hm.8.snp
After merging with --print-snps, LD Scores for 65167 SNPs will be printed.
Writing LD Scores for 65167 SNPs to ./out_ESR1_ADRA1A/chr.8.l2.ldscore.gz

Summary of LD Scores in ./out_ESR1_ADRA1A/chr.8.l2.ldscore.gz
         MAF        L2
mean  0.2368   15.4350
std   0.1438   48.4297
min   0.0051   -2.7372
25%   0.1094    0.0000
50%   0.2270    0.0000
75%   0.3599    3.7572
max   0.5000  595.4763

MAF/LD Score Correlation Matrix
        MAF      L2
MAF  1.0000  0.0478
L2   0.0478  1.0000

Annotation Correlation Matrix
       ANNOT
ANNOT    1.0

Annotation Matrix Column Sums
ANNOT    62965

Summary of Annotation Matrix Row Sums
count    549971.0000
mean          0.1145
std           0.3184
min           0.0000
25%           0.0000
50%           0.0000
75%           0.0000
max           1.0000
Analysis finished at Tue Aug 20 15:14:51 2024
Total time elapsed: 2.0m:51.82s
