*********************************************************************
* LD Score Regression (LDSC)
* Version 1.0.1
* (C) 2014-2019 Brendan Bulik-Sullivan and Hilary Finucane
* Broad Institute of MIT and Harvard / MIT Department of Mathematics
* GNU General Public License v3
*********************************************************************
Call: 
./ldsc.py \
--print-snps /dcs04/lieber/shared/statsgen/LDSC/base/referencefiles/hapmap3_snps/hm.19.snp \
--ld-wind-cm 1.0 \
--out ./out_PEX5L_MYRIP/chr.19 \
--bfile /dcs04/lieber/shared/statsgen/LDSC/base/referencefiles/1000G_EUR_Phase3_plink/1000G.EUR.QC.19 \
--thin-annot  \
--annot ./out_PEX5L_MYRIP/chr.19.annot.gz \
--l2  

Beginning analysis at Mon Aug 19 14:36:51 2024
Read list of 232363 SNPs from /dcs04/lieber/shared/statsgen/LDSC/base/referencefiles/1000G_EUR_Phase3_plink/1000G.EUR.QC.19.bim
Read 1 annotations for 232363 SNPs from ./out_PEX5L_MYRIP/chr.19.annot.gz
Read list of 489 individuals from /dcs04/lieber/shared/statsgen/LDSC/base/referencefiles/1000G_EUR_Phase3_plink/1000G.EUR.QC.19.fam
Reading genotypes from /dcs04/lieber/shared/statsgen/LDSC/base/referencefiles/1000G_EUR_Phase3_plink/1000G.EUR.QC.19.bed
Estimating LD Score.
Reading list of 26259 SNPs for which to print LD Scores from /dcs04/lieber/shared/statsgen/LDSC/base/referencefiles/hapmap3_snps/hm.19.snp
After merging with --print-snps, LD Scores for 21991 SNPs will be printed.
Writing LD Scores for 21991 SNPs to ./out_PEX5L_MYRIP/chr.19.l2.ldscore.gz

Summary of LD Scores in ./out_PEX5L_MYRIP/chr.19.l2.ldscore.gz
         MAF        L2
mean  0.2369   31.4611
std   0.1428   61.9978
min   0.0051   -2.5136
25%   0.1125    0.3495
50%   0.2331    6.3995
75%   0.3569   40.7847
max   0.5000  810.4623

MAF/LD Score Correlation Matrix
       MAF     L2
MAF  1.000  0.052
L2   0.052  1.000

Annotation Correlation Matrix
       ANNOT
ANNOT    1.0

Annotation Matrix Column Sums
ANNOT    78272

Summary of Annotation Matrix Row Sums
count    232363.0000
mean          0.3369
std           0.4726
min           0.0000
25%           0.0000
50%           0.0000
75%           1.0000
max           1.0000
Analysis finished at Mon Aug 19 14:37:53 2024
Total time elapsed: 1.0m:1.59s
