*********************************************************************
* LD Score Regression (LDSC)
* Version 1.0.1
* (C) 2014-2019 Brendan Bulik-Sullivan and Hilary Finucane
* Broad Institute of MIT and Harvard / MIT Department of Mathematics
* GNU General Public License v3
*********************************************************************
Call: 
./ldsc.py \
--print-snps /dcs04/lieber/shared/statsgen/LDSC/base/referencefiles/hapmap3_snps/hm.17.snp \
--ld-wind-cm 1.0 \
--out ./out_ADARB2_TRPS1.RXFP1_KIAA1217/chr.17 \
--bfile /dcs04/lieber/shared/statsgen/LDSC/base/referencefiles/1000G_EUR_Phase3_plink/1000G.EUR.QC.17 \
--thin-annot  \
--annot ./out_ADARB2_TRPS1.RXFP1_KIAA1217/chr.17.annot.gz \
--l2  

Beginning analysis at Tue Aug 20 15:32:49 2024
Read list of 269222 SNPs from /dcs04/lieber/shared/statsgen/LDSC/base/referencefiles/1000G_EUR_Phase3_plink/1000G.EUR.QC.17.bim
Read 1 annotations for 269222 SNPs from ./out_ADARB2_TRPS1.RXFP1_KIAA1217/chr.17.annot.gz
Read list of 489 individuals from /dcs04/lieber/shared/statsgen/LDSC/base/referencefiles/1000G_EUR_Phase3_plink/1000G.EUR.QC.17.fam
Reading genotypes from /dcs04/lieber/shared/statsgen/LDSC/base/referencefiles/1000G_EUR_Phase3_plink/1000G.EUR.QC.17.bed
Estimating LD Score.
Reading list of 38396 SNPs for which to print LD Scores from /dcs04/lieber/shared/statsgen/LDSC/base/referencefiles/hapmap3_snps/hm.17.snp
After merging with --print-snps, LD Scores for 32315 SNPs will be printed.
Writing LD Scores for 32315 SNPs to ./out_ADARB2_TRPS1.RXFP1_KIAA1217/chr.17.l2.ldscore.gz

Summary of LD Scores in ./out_ADARB2_TRPS1.RXFP1_KIAA1217/chr.17.l2.ldscore.gz
         MAF        L2
mean  0.2414   26.4020
std   0.1449   61.8283
min   0.0051   -1.6858
25%   0.1135    0.0000
50%   0.2352    2.0572
75%   0.3671   27.9402
max   0.5000  649.4906

MAF/LD Score Correlation Matrix
        MAF      L2
MAF  1.0000  0.0963
L2   0.0963  1.0000

Annotation Correlation Matrix
       ANNOT
ANNOT    1.0

Annotation Matrix Column Sums
ANNOT    65048

Summary of Annotation Matrix Row Sums
count    269222.0000
mean          0.2416
std           0.4281
min           0.0000
25%           0.0000
50%           0.0000
75%           0.0000
max           1.0000
Analysis finished at Tue Aug 20 15:33:47 2024
Total time elapsed: 58.07s
