*********************************************************************
* LD Score Regression (LDSC)
* Version 1.0.1
* (C) 2014-2019 Brendan Bulik-Sullivan and Hilary Finucane
* Broad Institute of MIT and Harvard / MIT Department of Mathematics
* GNU General Public License v3
*********************************************************************
Call: 
./ldsc.py \
--print-snps /dcs04/lieber/shared/statsgen/LDSC/base/referencefiles/hapmap3_snps/hm.9.snp \
--ld-wind-cm 1.0 \
--out ./out_CARTPT_CDH23/chr.9 \
--bfile /dcs04/lieber/shared/statsgen/LDSC/base/referencefiles/1000G_EUR_Phase3_plink/1000G.EUR.QC.9 \
--thin-annot  \
--annot ./out_CARTPT_CDH23/chr.9.annot.gz \
--l2  

Beginning analysis at Tue Aug 20 15:10:56 2024
Read list of 438106 SNPs from /dcs04/lieber/shared/statsgen/LDSC/base/referencefiles/1000G_EUR_Phase3_plink/1000G.EUR.QC.9.bim
Read 1 annotations for 438106 SNPs from ./out_CARTPT_CDH23/chr.9.annot.gz
Read list of 489 individuals from /dcs04/lieber/shared/statsgen/LDSC/base/referencefiles/1000G_EUR_Phase3_plink/1000G.EUR.QC.9.fam
Reading genotypes from /dcs04/lieber/shared/statsgen/LDSC/base/referencefiles/1000G_EUR_Phase3_plink/1000G.EUR.QC.9.bed
Estimating LD Score.
Reading list of 63706 SNPs for which to print LD Scores from /dcs04/lieber/shared/statsgen/LDSC/base/referencefiles/hapmap3_snps/hm.9.snp
After merging with --print-snps, LD Scores for 55885 SNPs will be printed.
Writing LD Scores for 55885 SNPs to ./out_CARTPT_CDH23/chr.9.l2.ldscore.gz

Summary of LD Scores in ./out_CARTPT_CDH23/chr.9.l2.ldscore.gz
         MAF        L2
mean  0.2343   13.3105
std   0.1436   36.4244
min   0.0051   -1.5875
25%   0.1084    0.0000
50%   0.2239    0.0000
75%   0.3558    2.9047
max   0.5000  341.0955

MAF/LD Score Correlation Matrix
        MAF      L2
MAF  1.0000  0.0148
L2   0.0148  1.0000

Annotation Correlation Matrix
       ANNOT
ANNOT    1.0

Annotation Matrix Column Sums
ANNOT    59327

Summary of Annotation Matrix Row Sums
count    438106.0000
mean          0.1354
std           0.3422
min           0.0000
25%           0.0000
50%           0.0000
75%           0.0000
max           1.0000
Analysis finished at Tue Aug 20 15:12:16 2024
Total time elapsed: 1.0m:20.36s
