**** Job starts ****
Tue Aug 20 04:29:01 PM EDT 2024
*********************************************************************
* LD Score Regression (LDSC)
* Version 1.0.1
* (C) 2014-2019 Brendan Bulik-Sullivan and Hilary Finucane
* Broad Institute of MIT and Harvard / MIT Department of Mathematics
* GNU General Public License v3
*********************************************************************
Call: 
./ldsc.py \
--h2 /dcs04/lieber/shared/statsgen/LDSC/base/gwas_brain/bp3_ldscore.gz \
--ref-ld-chr ./out_ADARB2_TRPS1.SATB2_MPPED1/chr.,/dcs04/lieber/shared/statsgen/LDSC/base/baseline2/baselineLD. \
--out ./out_ADARB2_TRPS1.SATB2_MPPED1_2/bp3_ldscore.out \
--overlap-annot  \
--frqfile-chr /dcs04/lieber/shared/statsgen/LDSC/base/referencefiles/1000G_Phase3_frq/1000G.EUR.QC. \
--w-ld-chr /dcs04/lieber/shared/statsgen/LDSC/base/referencefiles/1000G_Phase3_weights_hm3_no_MHC/weights.hm3_noMHC. \
--print-coefficients  

Beginning analysis at Tue Aug 20 16:29:02 2024
Reading summary statistics from /dcs04/lieber/shared/statsgen/LDSC/base/gwas_brain/bp3_ldscore.gz ...
Read summary statistics for 1148653 SNPs.
Dropped 8 SNPs with duplicated rs numbers.
Reading reference panel LD Score from ./out_ADARB2_TRPS1.SATB2_MPPED1/chr.,/dcs04/lieber/shared/statsgen/LDSC/base/baseline2/baselineLD.[1-22] ... (ldscore_fromlist)
Read reference panel LD Scores for 1195563 SNPs.
Removing partitioned LD Scores with zero variance.
Reading regression weight LD Score from /dcs04/lieber/shared/statsgen/LDSC/base/referencefiles/1000G_Phase3_weights_hm3_no_MHC/weights.hm3_noMHC.[1-22] ... (ldscore_fromlist)
Read regression weight LD Scores for 1187349 SNPs.
After merging with reference panel LD, 1148643 SNPs remain.
After merging with regression SNP LD, 1053862 SNPs remain.
Removed 0 SNPs with chi^2 > 150.669 (1053862 SNPs remain)
Total Observed scale h2: 0.1959 (0.009)
Categories: L2_0 baseL2_1 Coding_UCSCL2_1 Coding_UCSC.flanking.500L2_1 Conserved_LindbladTohL2_1 Conserved_LindbladToh.flanking.500L2_1 CTCF_HoffmanL2_1 CTCF_Hoffman.flanking.500L2_1 DGF_ENCODEL2_1 DGF_ENCODE.flanking.500L2_1 DHS_peaks_TrynkaL2_1 DHS_TrynkaL2_1 DHS_Trynka.flanking.500L2_1 Enhancer_AnderssonL2_1 Enhancer_Andersson.flanking.500L2_1 Enhancer_HoffmanL2_1 Enhancer_Hoffman.flanking.500L2_1 FetalDHS_TrynkaL2_1 FetalDHS_Trynka.flanking.500L2_1 H3K27ac_HniszL2_1 H3K27ac_Hnisz.flanking.500L2_1 H3K27ac_PGC2L2_1 H3K27ac_PGC2.flanking.500L2_1 H3K4me1_peaks_TrynkaL2_1 H3K4me1_TrynkaL2_1 H3K4me1_Trynka.flanking.500L2_1 H3K4me3_peaks_TrynkaL2_1 H3K4me3_TrynkaL2_1 H3K4me3_Trynka.flanking.500L2_1 H3K9ac_peaks_TrynkaL2_1 H3K9ac_TrynkaL2_1 H3K9ac_Trynka.flanking.500L2_1 Intron_UCSCL2_1 Intron_UCSC.flanking.500L2_1 PromoterFlanking_HoffmanL2_1 PromoterFlanking_Hoffman.flanking.500L2_1 Promoter_UCSCL2_1 Promoter_UCSC.flanking.500L2_1 Repressed_HoffmanL2_1 Repressed_Hoffman.flanking.500L2_1 SuperEnhancer_HniszL2_1 SuperEnhancer_Hnisz.flanking.500L2_1 TFBS_ENCODEL2_1 TFBS_ENCODE.flanking.500L2_1 Transcr_HoffmanL2_1 Transcr_Hoffman.flanking.500L2_1 TSS_HoffmanL2_1 TSS_Hoffman.flanking.500L2_1 UTR_3_UCSCL2_1 UTR_3_UCSC.flanking.500L2_1 UTR_5_UCSCL2_1 UTR_5_UCSC.flanking.500L2_1 WeakEnhancer_HoffmanL2_1 WeakEnhancer_Hoffman.flanking.500L2_1 GERP.NSL2_1 GERP.RSsup4L2_1 MAFbin1L2_1 MAFbin2L2_1 MAFbin3L2_1 MAFbin4L2_1 MAFbin5L2_1 MAFbin6L2_1 MAFbin7L2_1 MAFbin8L2_1 MAFbin9L2_1 MAFbin10L2_1 MAF_Adj_Predicted_Allele_AgeL2_1 MAF_Adj_LLD_AFRL2_1 Recomb_Rate_10kbL2_1 Nucleotide_Diversity_10kbL2_1 Backgrd_Selection_StatL2_1 CpG_Content_50kbL2_1 MAF_Adj_ASMCL2_1 GTEx_eQTL_MaxCPPL2_1 BLUEPRINT_H3K27acQTL_MaxCPPL2_1 BLUEPRINT_H3K4me1QTL_MaxCPPL2_1 BLUEPRINT_DNA_methylation_MaxCPPL2_1 synonymousL2_1 non_synonymousL2_1 Conserved_Vertebrate_phastCons46wayL2_1 Conserved_Vertebrate_phastCons46way.flanking.500L2_1 Conserved_Mammal_phastCons46wayL2_1 Conserved_Mammal_phastCons46way.flanking.500L2_1 Conserved_Primate_phastCons46wayL2_1 Conserved_Primate_phastCons46way.flanking.500L2_1 BivFlnkL2_1 BivFlnk.flanking.500L2_1 Human_Promoter_VillarL2_1 Human_Promoter_Villar.flanking.500L2_1 Human_Enhancer_VillarL2_1 Human_Enhancer_Villar.flanking.500L2_1 Ancient_Sequence_Age_Human_PromoterL2_1 Ancient_Sequence_Age_Human_Promoter.flanking.500L2_1 Ancient_Sequence_Age_Human_EnhancerL2_1 Ancient_Sequence_Age_Human_Enhancer.flanking.500L2_1 Human_Enhancer_Villar_Species_Enhancer_CountL2_1 Human_Promoter_Villar_ExACL2_1 Human_Promoter_Villar_ExAC.flanking.500L2_1
Lambda GC: 1.451
Mean Chi^2: 1.5939
Intercept: 1.033 (0.0115)
Ratio: 0.0556 (0.0194)
Reading annot matrix from ./out_ADARB2_TRPS1.SATB2_MPPED1/chr.,/dcs04/lieber/shared/statsgen/LDSC/base/baseline2/baselineLD.[1-22] ... (annot)
Results printed to ./out_ADARB2_TRPS1.SATB2_MPPED1_2/bp3_ldscore.out.results
Analysis finished at Tue Aug 20 16:31:40 2024
Total time elapsed: 2.0m:37.68s
*********************************************************************
* LD Score Regression (LDSC)
* Version 1.0.1
* (C) 2014-2019 Brendan Bulik-Sullivan and Hilary Finucane
* Broad Institute of MIT and Harvard / MIT Department of Mathematics
* GNU General Public License v3
*********************************************************************
Call: 
./ldsc.py \
--h2 /dcs04/lieber/shared/statsgen/LDSC/base/gwas_brain/bp_ldscore.gz \
--ref-ld-chr ./out_ADARB2_TRPS1.SATB2_MPPED1/chr.,/dcs04/lieber/shared/statsgen/LDSC/base/baseline2/baselineLD. \
--out ./out_ADARB2_TRPS1.SATB2_MPPED1_2/bp_ldscore.out \
--overlap-annot  \
--frqfile-chr /dcs04/lieber/shared/statsgen/LDSC/base/referencefiles/1000G_Phase3_frq/1000G.EUR.QC. \
--w-ld-chr /dcs04/lieber/shared/statsgen/LDSC/base/referencefiles/1000G_Phase3_weights_hm3_no_MHC/weights.hm3_noMHC. \
--print-coefficients  

Beginning analysis at Tue Aug 20 16:31:41 2024
Reading summary statistics from /dcs04/lieber/shared/statsgen/LDSC/base/gwas_brain/bp_ldscore.gz ...
Read summary statistics for 1114546 SNPs.
Dropped 104 SNPs with duplicated rs numbers.
Reading reference panel LD Score from ./out_ADARB2_TRPS1.SATB2_MPPED1/chr.,/dcs04/lieber/shared/statsgen/LDSC/base/baseline2/baselineLD.[1-22] ... (ldscore_fromlist)
Read reference panel LD Scores for 1195563 SNPs.
Removing partitioned LD Scores with zero variance.
Reading regression weight LD Score from /dcs04/lieber/shared/statsgen/LDSC/base/referencefiles/1000G_Phase3_weights_hm3_no_MHC/weights.hm3_noMHC.[1-22] ... (ldscore_fromlist)
Read regression weight LD Scores for 1187349 SNPs.
After merging with reference panel LD, 1114440 SNPs remain.
After merging with regression SNP LD, 1025019 SNPs remain.
Removed 0 SNPs with chi^2 > 80 (1025019 SNPs remain)
Total Observed scale h2: 0.3205 (0.023)
Categories: L2_0 baseL2_1 Coding_UCSCL2_1 Coding_UCSC.flanking.500L2_1 Conserved_LindbladTohL2_1 Conserved_LindbladToh.flanking.500L2_1 CTCF_HoffmanL2_1 CTCF_Hoffman.flanking.500L2_1 DGF_ENCODEL2_1 DGF_ENCODE.flanking.500L2_1 DHS_peaks_TrynkaL2_1 DHS_TrynkaL2_1 DHS_Trynka.flanking.500L2_1 Enhancer_AnderssonL2_1 Enhancer_Andersson.flanking.500L2_1 Enhancer_HoffmanL2_1 Enhancer_Hoffman.flanking.500L2_1 FetalDHS_TrynkaL2_1 FetalDHS_Trynka.flanking.500L2_1 H3K27ac_HniszL2_1 H3K27ac_Hnisz.flanking.500L2_1 H3K27ac_PGC2L2_1 H3K27ac_PGC2.flanking.500L2_1 H3K4me1_peaks_TrynkaL2_1 H3K4me1_TrynkaL2_1 H3K4me1_Trynka.flanking.500L2_1 H3K4me3_peaks_TrynkaL2_1 H3K4me3_TrynkaL2_1 H3K4me3_Trynka.flanking.500L2_1 H3K9ac_peaks_TrynkaL2_1 H3K9ac_TrynkaL2_1 H3K9ac_Trynka.flanking.500L2_1 Intron_UCSCL2_1 Intron_UCSC.flanking.500L2_1 PromoterFlanking_HoffmanL2_1 PromoterFlanking_Hoffman.flanking.500L2_1 Promoter_UCSCL2_1 Promoter_UCSC.flanking.500L2_1 Repressed_HoffmanL2_1 Repressed_Hoffman.flanking.500L2_1 SuperEnhancer_HniszL2_1 SuperEnhancer_Hnisz.flanking.500L2_1 TFBS_ENCODEL2_1 TFBS_ENCODE.flanking.500L2_1 Transcr_HoffmanL2_1 Transcr_Hoffman.flanking.500L2_1 TSS_HoffmanL2_1 TSS_Hoffman.flanking.500L2_1 UTR_3_UCSCL2_1 UTR_3_UCSC.flanking.500L2_1 UTR_5_UCSCL2_1 UTR_5_UCSC.flanking.500L2_1 WeakEnhancer_HoffmanL2_1 WeakEnhancer_Hoffman.flanking.500L2_1 GERP.NSL2_1 GERP.RSsup4L2_1 MAFbin1L2_1 MAFbin2L2_1 MAFbin3L2_1 MAFbin4L2_1 MAFbin5L2_1 MAFbin6L2_1 MAFbin7L2_1 MAFbin8L2_1 MAFbin9L2_1 MAFbin10L2_1 MAF_Adj_Predicted_Allele_AgeL2_1 MAF_Adj_LLD_AFRL2_1 Recomb_Rate_10kbL2_1 Nucleotide_Diversity_10kbL2_1 Backgrd_Selection_StatL2_1 CpG_Content_50kbL2_1 MAF_Adj_ASMCL2_1 GTEx_eQTL_MaxCPPL2_1 BLUEPRINT_H3K27acQTL_MaxCPPL2_1 BLUEPRINT_H3K4me1QTL_MaxCPPL2_1 BLUEPRINT_DNA_methylation_MaxCPPL2_1 synonymousL2_1 non_synonymousL2_1 Conserved_Vertebrate_phastCons46wayL2_1 Conserved_Vertebrate_phastCons46way.flanking.500L2_1 Conserved_Mammal_phastCons46wayL2_1 Conserved_Mammal_phastCons46way.flanking.500L2_1 Conserved_Primate_phastCons46wayL2_1 Conserved_Primate_phastCons46way.flanking.500L2_1 BivFlnkL2_1 BivFlnk.flanking.500L2_1 Human_Promoter_VillarL2_1 Human_Promoter_Villar.flanking.500L2_1 Human_Enhancer_VillarL2_1 Human_Enhancer_Villar.flanking.500L2_1 Ancient_Sequence_Age_Human_PromoterL2_1 Ancient_Sequence_Age_Human_Promoter.flanking.500L2_1 Ancient_Sequence_Age_Human_EnhancerL2_1 Ancient_Sequence_Age_Human_Enhancer.flanking.500L2_1 Human_Enhancer_Villar_Species_Enhancer_CountL2_1 Human_Promoter_Villar_ExACL2_1 Human_Promoter_Villar_ExAC.flanking.500L2_1
Lambda GC: 1.3192
Mean Chi^2: 1.3812
Intercept: 1.0541 (0.0116)
Ratio: 0.1419 (0.0304)
Reading annot matrix from ./out_ADARB2_TRPS1.SATB2_MPPED1/chr.,/dcs04/lieber/shared/statsgen/LDSC/base/baseline2/baselineLD.[1-22] ... (annot)
Results printed to ./out_ADARB2_TRPS1.SATB2_MPPED1_2/bp_ldscore.out.results
Analysis finished at Tue Aug 20 16:34:14 2024
Total time elapsed: 2.0m:32.7s
*********************************************************************
* LD Score Regression (LDSC)
* Version 1.0.1
* (C) 2014-2019 Brendan Bulik-Sullivan and Hilary Finucane
* Broad Institute of MIT and Harvard / MIT Department of Mathematics
* GNU General Public License v3
*********************************************************************
Call: 
./ldsc.py \
--h2 /dcs04/lieber/shared/statsgen/LDSC/base/gwas_brain/EA_aud_Jun07.txt_ldscore.gz \
--ref-ld-chr ./out_ADARB2_TRPS1.SATB2_MPPED1/chr.,/dcs04/lieber/shared/statsgen/LDSC/base/baseline2/baselineLD. \
--out ./out_ADARB2_TRPS1.SATB2_MPPED1_2/EA_aud_Jun07.txt_ldscore.out \
--overlap-annot  \
--frqfile-chr /dcs04/lieber/shared/statsgen/LDSC/base/referencefiles/1000G_Phase3_frq/1000G.EUR.QC. \
--w-ld-chr /dcs04/lieber/shared/statsgen/LDSC/base/referencefiles/1000G_Phase3_weights_hm3_no_MHC/weights.hm3_noMHC. \
--print-coefficients  

Beginning analysis at Tue Aug 20 16:34:15 2024
Reading summary statistics from /dcs04/lieber/shared/statsgen/LDSC/base/gwas_brain/EA_aud_Jun07.txt_ldscore.gz ...
Read summary statistics for 643155 SNPs.
Reading reference panel LD Score from ./out_ADARB2_TRPS1.SATB2_MPPED1/chr.,/dcs04/lieber/shared/statsgen/LDSC/base/baseline2/baselineLD.[1-22] ... (ldscore_fromlist)
Read reference panel LD Scores for 1195563 SNPs.
Removing partitioned LD Scores with zero variance.
Reading regression weight LD Score from /dcs04/lieber/shared/statsgen/LDSC/base/referencefiles/1000G_Phase3_weights_hm3_no_MHC/weights.hm3_noMHC.[1-22] ... (ldscore_fromlist)
Read regression weight LD Scores for 1187349 SNPs.
After merging with reference panel LD, 643153 SNPs remain.
After merging with regression SNP LD, 591202 SNPs remain.
Removed 0 SNPs with chi^2 > 114.847 (591202 SNPs remain)
Total Observed scale h2: 0.0932 (0.0102)
Categories: L2_0 baseL2_1 Coding_UCSCL2_1 Coding_UCSC.flanking.500L2_1 Conserved_LindbladTohL2_1 Conserved_LindbladToh.flanking.500L2_1 CTCF_HoffmanL2_1 CTCF_Hoffman.flanking.500L2_1 DGF_ENCODEL2_1 DGF_ENCODE.flanking.500L2_1 DHS_peaks_TrynkaL2_1 DHS_TrynkaL2_1 DHS_Trynka.flanking.500L2_1 Enhancer_AnderssonL2_1 Enhancer_Andersson.flanking.500L2_1 Enhancer_HoffmanL2_1 Enhancer_Hoffman.flanking.500L2_1 FetalDHS_TrynkaL2_1 FetalDHS_Trynka.flanking.500L2_1 H3K27ac_HniszL2_1 H3K27ac_Hnisz.flanking.500L2_1 H3K27ac_PGC2L2_1 H3K27ac_PGC2.flanking.500L2_1 H3K4me1_peaks_TrynkaL2_1 H3K4me1_TrynkaL2_1 H3K4me1_Trynka.flanking.500L2_1 H3K4me3_peaks_TrynkaL2_1 H3K4me3_TrynkaL2_1 H3K4me3_Trynka.flanking.500L2_1 H3K9ac_peaks_TrynkaL2_1 H3K9ac_TrynkaL2_1 H3K9ac_Trynka.flanking.500L2_1 Intron_UCSCL2_1 Intron_UCSC.flanking.500L2_1 PromoterFlanking_HoffmanL2_1 PromoterFlanking_Hoffman.flanking.500L2_1 Promoter_UCSCL2_1 Promoter_UCSC.flanking.500L2_1 Repressed_HoffmanL2_1 Repressed_Hoffman.flanking.500L2_1 SuperEnhancer_HniszL2_1 SuperEnhancer_Hnisz.flanking.500L2_1 TFBS_ENCODEL2_1 TFBS_ENCODE.flanking.500L2_1 Transcr_HoffmanL2_1 Transcr_Hoffman.flanking.500L2_1 TSS_HoffmanL2_1 TSS_Hoffman.flanking.500L2_1 UTR_3_UCSCL2_1 UTR_3_UCSC.flanking.500L2_1 UTR_5_UCSCL2_1 UTR_5_UCSC.flanking.500L2_1 WeakEnhancer_HoffmanL2_1 WeakEnhancer_Hoffman.flanking.500L2_1 GERP.NSL2_1 GERP.RSsup4L2_1 MAFbin1L2_1 MAFbin2L2_1 MAFbin3L2_1 MAFbin4L2_1 MAFbin5L2_1 MAFbin6L2_1 MAFbin7L2_1 MAFbin8L2_1 MAFbin9L2_1 MAFbin10L2_1 MAF_Adj_Predicted_Allele_AgeL2_1 MAF_Adj_LLD_AFRL2_1 Recomb_Rate_10kbL2_1 Nucleotide_Diversity_10kbL2_1 Backgrd_Selection_StatL2_1 CpG_Content_50kbL2_1 MAF_Adj_ASMCL2_1 GTEx_eQTL_MaxCPPL2_1 BLUEPRINT_H3K27acQTL_MaxCPPL2_1 BLUEPRINT_H3K4me1QTL_MaxCPPL2_1 BLUEPRINT_DNA_methylation_MaxCPPL2_1 synonymousL2_1 non_synonymousL2_1 Conserved_Vertebrate_phastCons46wayL2_1 Conserved_Vertebrate_phastCons46way.flanking.500L2_1 Conserved_Mammal_phastCons46wayL2_1 Conserved_Mammal_phastCons46way.flanking.500L2_1 Conserved_Primate_phastCons46wayL2_1 Conserved_Primate_phastCons46way.flanking.500L2_1 BivFlnkL2_1 BivFlnk.flanking.500L2_1 Human_Promoter_VillarL2_1 Human_Promoter_Villar.flanking.500L2_1 Human_Enhancer_VillarL2_1 Human_Enhancer_Villar.flanking.500L2_1 Ancient_Sequence_Age_Human_PromoterL2_1 Ancient_Sequence_Age_Human_Promoter.flanking.500L2_1 Ancient_Sequence_Age_Human_EnhancerL2_1 Ancient_Sequence_Age_Human_Enhancer.flanking.500L2_1 Human_Enhancer_Villar_Species_Enhancer_CountL2_1 Human_Promoter_Villar_ExACL2_1 Human_Promoter_Villar_ExAC.flanking.500L2_1
Lambda GC: 1.1968
Mean Chi^2: 1.2445
Intercept: 1.0271 (0.0118)
Ratio: 0.1106 (0.0481)
Reading annot matrix from ./out_ADARB2_TRPS1.SATB2_MPPED1/chr.,/dcs04/lieber/shared/statsgen/LDSC/base/baseline2/baselineLD.[1-22] ... (annot)
Results printed to ./out_ADARB2_TRPS1.SATB2_MPPED1_2/EA_aud_Jun07.txt_ldscore.out.results
Analysis finished at Tue Aug 20 16:36:37 2024
Total time elapsed: 2.0m:22.08s
*********************************************************************
* LD Score Regression (LDSC)
* Version 1.0.1
* (C) 2014-2019 Brendan Bulik-Sullivan and Hilary Finucane
* Broad Institute of MIT and Harvard / MIT Department of Mathematics
* GNU General Public License v3
*********************************************************************
Call: 
./ldsc.py \
--h2 /dcs04/lieber/shared/statsgen/LDSC/base/gwas_brain/epilepsyAll.gz \
--ref-ld-chr ./out_ADARB2_TRPS1.SATB2_MPPED1/chr.,/dcs04/lieber/shared/statsgen/LDSC/base/baseline2/baselineLD. \
--out ./out_ADARB2_TRPS1.SATB2_MPPED1_2/epilepsyAll.out \
--overlap-annot  \
--frqfile-chr /dcs04/lieber/shared/statsgen/LDSC/base/referencefiles/1000G_Phase3_frq/1000G.EUR.QC. \
--w-ld-chr /dcs04/lieber/shared/statsgen/LDSC/base/referencefiles/1000G_Phase3_weights_hm3_no_MHC/weights.hm3_noMHC. \
--print-coefficients  

Beginning analysis at Tue Aug 20 16:36:38 2024
Reading summary statistics from /dcs04/lieber/shared/statsgen/LDSC/base/gwas_brain/epilepsyAll.gz ...
Read summary statistics for 892710 SNPs.
Reading reference panel LD Score from ./out_ADARB2_TRPS1.SATB2_MPPED1/chr.,/dcs04/lieber/shared/statsgen/LDSC/base/baseline2/baselineLD.[1-22] ... (ldscore_fromlist)
Read reference panel LD Scores for 1195563 SNPs.
Removing partitioned LD Scores with zero variance.
Reading regression weight LD Score from /dcs04/lieber/shared/statsgen/LDSC/base/referencefiles/1000G_Phase3_weights_hm3_no_MHC/weights.hm3_noMHC.[1-22] ... (ldscore_fromlist)
Read regression weight LD Scores for 1187349 SNPs.
After merging with reference panel LD, 892708 SNPs remain.
After merging with regression SNP LD, 822076 SNPs remain.
Removed 0 SNPs with chi^2 > 80 (822076 SNPs remain)
Total Observed scale h2: 0.1103 (0.0197)
Categories: L2_0 baseL2_1 Coding_UCSCL2_1 Coding_UCSC.flanking.500L2_1 Conserved_LindbladTohL2_1 Conserved_LindbladToh.flanking.500L2_1 CTCF_HoffmanL2_1 CTCF_Hoffman.flanking.500L2_1 DGF_ENCODEL2_1 DGF_ENCODE.flanking.500L2_1 DHS_peaks_TrynkaL2_1 DHS_TrynkaL2_1 DHS_Trynka.flanking.500L2_1 Enhancer_AnderssonL2_1 Enhancer_Andersson.flanking.500L2_1 Enhancer_HoffmanL2_1 Enhancer_Hoffman.flanking.500L2_1 FetalDHS_TrynkaL2_1 FetalDHS_Trynka.flanking.500L2_1 H3K27ac_HniszL2_1 H3K27ac_Hnisz.flanking.500L2_1 H3K27ac_PGC2L2_1 H3K27ac_PGC2.flanking.500L2_1 H3K4me1_peaks_TrynkaL2_1 H3K4me1_TrynkaL2_1 H3K4me1_Trynka.flanking.500L2_1 H3K4me3_peaks_TrynkaL2_1 H3K4me3_TrynkaL2_1 H3K4me3_Trynka.flanking.500L2_1 H3K9ac_peaks_TrynkaL2_1 H3K9ac_TrynkaL2_1 H3K9ac_Trynka.flanking.500L2_1 Intron_UCSCL2_1 Intron_UCSC.flanking.500L2_1 PromoterFlanking_HoffmanL2_1 PromoterFlanking_Hoffman.flanking.500L2_1 Promoter_UCSCL2_1 Promoter_UCSC.flanking.500L2_1 Repressed_HoffmanL2_1 Repressed_Hoffman.flanking.500L2_1 SuperEnhancer_HniszL2_1 SuperEnhancer_Hnisz.flanking.500L2_1 TFBS_ENCODEL2_1 TFBS_ENCODE.flanking.500L2_1 Transcr_HoffmanL2_1 Transcr_Hoffman.flanking.500L2_1 TSS_HoffmanL2_1 TSS_Hoffman.flanking.500L2_1 UTR_3_UCSCL2_1 UTR_3_UCSC.flanking.500L2_1 UTR_5_UCSCL2_1 UTR_5_UCSC.flanking.500L2_1 WeakEnhancer_HoffmanL2_1 WeakEnhancer_Hoffman.flanking.500L2_1 GERP.NSL2_1 GERP.RSsup4L2_1 MAFbin1L2_1 MAFbin2L2_1 MAFbin3L2_1 MAFbin4L2_1 MAFbin5L2_1 MAFbin6L2_1 MAFbin7L2_1 MAFbin8L2_1 MAFbin9L2_1 MAFbin10L2_1 MAF_Adj_Predicted_Allele_AgeL2_1 MAF_Adj_LLD_AFRL2_1 Recomb_Rate_10kbL2_1 Nucleotide_Diversity_10kbL2_1 Backgrd_Selection_StatL2_1 CpG_Content_50kbL2_1 MAF_Adj_ASMCL2_1 GTEx_eQTL_MaxCPPL2_1 BLUEPRINT_H3K27acQTL_MaxCPPL2_1 BLUEPRINT_H3K4me1QTL_MaxCPPL2_1 BLUEPRINT_DNA_methylation_MaxCPPL2_1 synonymousL2_1 non_synonymousL2_1 Conserved_Vertebrate_phastCons46wayL2_1 Conserved_Vertebrate_phastCons46way.flanking.500L2_1 Conserved_Mammal_phastCons46wayL2_1 Conserved_Mammal_phastCons46way.flanking.500L2_1 Conserved_Primate_phastCons46wayL2_1 Conserved_Primate_phastCons46way.flanking.500L2_1 BivFlnkL2_1 BivFlnk.flanking.500L2_1 Human_Promoter_VillarL2_1 Human_Promoter_Villar.flanking.500L2_1 Human_Enhancer_VillarL2_1 Human_Enhancer_Villar.flanking.500L2_1 Ancient_Sequence_Age_Human_PromoterL2_1 Ancient_Sequence_Age_Human_Promoter.flanking.500L2_1 Ancient_Sequence_Age_Human_EnhancerL2_1 Ancient_Sequence_Age_Human_Enhancer.flanking.500L2_1 Human_Enhancer_Villar_Species_Enhancer_CountL2_1 Human_Promoter_Villar_ExACL2_1 Human_Promoter_Villar_ExAC.flanking.500L2_1
Lambda GC: 1.2597
Mean Chi^2: 1.2701
Intercept: 1.117 (0.0143)
Ratio: 0.4332 (0.0529)
Reading annot matrix from ./out_ADARB2_TRPS1.SATB2_MPPED1/chr.,/dcs04/lieber/shared/statsgen/LDSC/base/baseline2/baselineLD.[1-22] ... (annot)
Results printed to ./out_ADARB2_TRPS1.SATB2_MPPED1_2/epilepsyAll.out.results
Analysis finished at Tue Aug 20 16:39:04 2024
Total time elapsed: 2.0m:26.39s
*********************************************************************
* LD Score Regression (LDSC)
* Version 1.0.1
* (C) 2014-2019 Brendan Bulik-Sullivan and Hilary Finucane
* Broad Institute of MIT and Harvard / MIT Department of Mathematics
* GNU General Public License v3
*********************************************************************
Call: 
./ldsc.py \
--h2 /dcs04/lieber/shared/statsgen/LDSC/base/gwas_brain/epilepsyFocal.gz \
--ref-ld-chr ./out_ADARB2_TRPS1.SATB2_MPPED1/chr.,/dcs04/lieber/shared/statsgen/LDSC/base/baseline2/baselineLD. \
--out ./out_ADARB2_TRPS1.SATB2_MPPED1_2/epilepsyFocal.out \
--overlap-annot  \
--frqfile-chr /dcs04/lieber/shared/statsgen/LDSC/base/referencefiles/1000G_Phase3_frq/1000G.EUR.QC. \
--w-ld-chr /dcs04/lieber/shared/statsgen/LDSC/base/referencefiles/1000G_Phase3_weights_hm3_no_MHC/weights.hm3_noMHC. \
--print-coefficients  

Beginning analysis at Tue Aug 20 16:39:05 2024
Reading summary statistics from /dcs04/lieber/shared/statsgen/LDSC/base/gwas_brain/epilepsyFocal.gz ...
Read summary statistics for 890792 SNPs.
Reading reference panel LD Score from ./out_ADARB2_TRPS1.SATB2_MPPED1/chr.,/dcs04/lieber/shared/statsgen/LDSC/base/baseline2/baselineLD.[1-22] ... (ldscore_fromlist)
Read reference panel LD Scores for 1195563 SNPs.
Removing partitioned LD Scores with zero variance.
Reading regression weight LD Score from /dcs04/lieber/shared/statsgen/LDSC/base/referencefiles/1000G_Phase3_weights_hm3_no_MHC/weights.hm3_noMHC.[1-22] ... (ldscore_fromlist)
Read regression weight LD Scores for 1187349 SNPs.
After merging with reference panel LD, 890790 SNPs remain.
After merging with regression SNP LD, 820115 SNPs remain.
Removed 0 SNPs with chi^2 > 80 (820115 SNPs remain)
Total Observed scale h2: 0.068 (0.026)
Categories: L2_0 baseL2_1 Coding_UCSCL2_1 Coding_UCSC.flanking.500L2_1 Conserved_LindbladTohL2_1 Conserved_LindbladToh.flanking.500L2_1 CTCF_HoffmanL2_1 CTCF_Hoffman.flanking.500L2_1 DGF_ENCODEL2_1 DGF_ENCODE.flanking.500L2_1 DHS_peaks_TrynkaL2_1 DHS_TrynkaL2_1 DHS_Trynka.flanking.500L2_1 Enhancer_AnderssonL2_1 Enhancer_Andersson.flanking.500L2_1 Enhancer_HoffmanL2_1 Enhancer_Hoffman.flanking.500L2_1 FetalDHS_TrynkaL2_1 FetalDHS_Trynka.flanking.500L2_1 H3K27ac_HniszL2_1 H3K27ac_Hnisz.flanking.500L2_1 H3K27ac_PGC2L2_1 H3K27ac_PGC2.flanking.500L2_1 H3K4me1_peaks_TrynkaL2_1 H3K4me1_TrynkaL2_1 H3K4me1_Trynka.flanking.500L2_1 H3K4me3_peaks_TrynkaL2_1 H3K4me3_TrynkaL2_1 H3K4me3_Trynka.flanking.500L2_1 H3K9ac_peaks_TrynkaL2_1 H3K9ac_TrynkaL2_1 H3K9ac_Trynka.flanking.500L2_1 Intron_UCSCL2_1 Intron_UCSC.flanking.500L2_1 PromoterFlanking_HoffmanL2_1 PromoterFlanking_Hoffman.flanking.500L2_1 Promoter_UCSCL2_1 Promoter_UCSC.flanking.500L2_1 Repressed_HoffmanL2_1 Repressed_Hoffman.flanking.500L2_1 SuperEnhancer_HniszL2_1 SuperEnhancer_Hnisz.flanking.500L2_1 TFBS_ENCODEL2_1 TFBS_ENCODE.flanking.500L2_1 Transcr_HoffmanL2_1 Transcr_Hoffman.flanking.500L2_1 TSS_HoffmanL2_1 TSS_Hoffman.flanking.500L2_1 UTR_3_UCSCL2_1 UTR_3_UCSC.flanking.500L2_1 UTR_5_UCSCL2_1 UTR_5_UCSC.flanking.500L2_1 WeakEnhancer_HoffmanL2_1 WeakEnhancer_Hoffman.flanking.500L2_1 GERP.NSL2_1 GERP.RSsup4L2_1 MAFbin1L2_1 MAFbin2L2_1 MAFbin3L2_1 MAFbin4L2_1 MAFbin5L2_1 MAFbin6L2_1 MAFbin7L2_1 MAFbin8L2_1 MAFbin9L2_1 MAFbin10L2_1 MAF_Adj_Predicted_Allele_AgeL2_1 MAF_Adj_LLD_AFRL2_1 Recomb_Rate_10kbL2_1 Nucleotide_Diversity_10kbL2_1 Backgrd_Selection_StatL2_1 CpG_Content_50kbL2_1 MAF_Adj_ASMCL2_1 GTEx_eQTL_MaxCPPL2_1 BLUEPRINT_H3K27acQTL_MaxCPPL2_1 BLUEPRINT_H3K4me1QTL_MaxCPPL2_1 BLUEPRINT_DNA_methylation_MaxCPPL2_1 synonymousL2_1 non_synonymousL2_1 Conserved_Vertebrate_phastCons46wayL2_1 Conserved_Vertebrate_phastCons46way.flanking.500L2_1 Conserved_Mammal_phastCons46wayL2_1 Conserved_Mammal_phastCons46way.flanking.500L2_1 Conserved_Primate_phastCons46wayL2_1 Conserved_Primate_phastCons46way.flanking.500L2_1 BivFlnkL2_1 BivFlnk.flanking.500L2_1 Human_Promoter_VillarL2_1 Human_Promoter_Villar.flanking.500L2_1 Human_Enhancer_VillarL2_1 Human_Enhancer_Villar.flanking.500L2_1 Ancient_Sequence_Age_Human_PromoterL2_1 Ancient_Sequence_Age_Human_Promoter.flanking.500L2_1 Ancient_Sequence_Age_Human_EnhancerL2_1 Ancient_Sequence_Age_Human_Enhancer.flanking.500L2_1 Human_Enhancer_Villar_Species_Enhancer_CountL2_1 Human_Promoter_Villar_ExACL2_1 Human_Promoter_Villar_ExAC.flanking.500L2_1
Lambda GC: 1.1683
Mean Chi^2: 1.1706
Intercept: 1.1077 (0.0133)
Ratio: 0.631 (0.0778)
Reading annot matrix from ./out_ADARB2_TRPS1.SATB2_MPPED1/chr.,/dcs04/lieber/shared/statsgen/LDSC/base/baseline2/baselineLD.[1-22] ... (annot)
Results printed to ./out_ADARB2_TRPS1.SATB2_MPPED1_2/epilepsyFocal.out.results
Analysis finished at Tue Aug 20 16:41:28 2024
Total time elapsed: 2.0m:22.32s
*********************************************************************
* LD Score Regression (LDSC)
* Version 1.0.1
* (C) 2014-2019 Brendan Bulik-Sullivan and Hilary Finucane
* Broad Institute of MIT and Harvard / MIT Department of Mathematics
* GNU General Public License v3
*********************************************************************
Call: 
./ldsc.py \
--h2 /dcs04/lieber/shared/statsgen/LDSC/base/gwas_brain/epilepsyGGE.gz \
--ref-ld-chr ./out_ADARB2_TRPS1.SATB2_MPPED1/chr.,/dcs04/lieber/shared/statsgen/LDSC/base/baseline2/baselineLD. \
--out ./out_ADARB2_TRPS1.SATB2_MPPED1_2/epilepsyGGE.out \
--overlap-annot  \
--frqfile-chr /dcs04/lieber/shared/statsgen/LDSC/base/referencefiles/1000G_Phase3_frq/1000G.EUR.QC. \
--w-ld-chr /dcs04/lieber/shared/statsgen/LDSC/base/referencefiles/1000G_Phase3_weights_hm3_no_MHC/weights.hm3_noMHC. \
--print-coefficients  

Beginning analysis at Tue Aug 20 16:41:29 2024
Reading summary statistics from /dcs04/lieber/shared/statsgen/LDSC/base/gwas_brain/epilepsyGGE.gz ...
Read summary statistics for 888187 SNPs.
Reading reference panel LD Score from ./out_ADARB2_TRPS1.SATB2_MPPED1/chr.,/dcs04/lieber/shared/statsgen/LDSC/base/baseline2/baselineLD.[1-22] ... (ldscore_fromlist)
Read reference panel LD Scores for 1195563 SNPs.
Removing partitioned LD Scores with zero variance.
Reading regression weight LD Score from /dcs04/lieber/shared/statsgen/LDSC/base/referencefiles/1000G_Phase3_weights_hm3_no_MHC/weights.hm3_noMHC.[1-22] ... (ldscore_fromlist)
Read regression weight LD Scores for 1187349 SNPs.
After merging with reference panel LD, 888185 SNPs remain.
After merging with regression SNP LD, 817452 SNPs remain.
Removed 0 SNPs with chi^2 > 80 (817452 SNPs remain)
Total Observed scale h2: 0.5884 (0.0673)
Categories: L2_0 baseL2_1 Coding_UCSCL2_1 Coding_UCSC.flanking.500L2_1 Conserved_LindbladTohL2_1 Conserved_LindbladToh.flanking.500L2_1 CTCF_HoffmanL2_1 CTCF_Hoffman.flanking.500L2_1 DGF_ENCODEL2_1 DGF_ENCODE.flanking.500L2_1 DHS_peaks_TrynkaL2_1 DHS_TrynkaL2_1 DHS_Trynka.flanking.500L2_1 Enhancer_AnderssonL2_1 Enhancer_Andersson.flanking.500L2_1 Enhancer_HoffmanL2_1 Enhancer_Hoffman.flanking.500L2_1 FetalDHS_TrynkaL2_1 FetalDHS_Trynka.flanking.500L2_1 H3K27ac_HniszL2_1 H3K27ac_Hnisz.flanking.500L2_1 H3K27ac_PGC2L2_1 H3K27ac_PGC2.flanking.500L2_1 H3K4me1_peaks_TrynkaL2_1 H3K4me1_TrynkaL2_1 H3K4me1_Trynka.flanking.500L2_1 H3K4me3_peaks_TrynkaL2_1 H3K4me3_TrynkaL2_1 H3K4me3_Trynka.flanking.500L2_1 H3K9ac_peaks_TrynkaL2_1 H3K9ac_TrynkaL2_1 H3K9ac_Trynka.flanking.500L2_1 Intron_UCSCL2_1 Intron_UCSC.flanking.500L2_1 PromoterFlanking_HoffmanL2_1 PromoterFlanking_Hoffman.flanking.500L2_1 Promoter_UCSCL2_1 Promoter_UCSC.flanking.500L2_1 Repressed_HoffmanL2_1 Repressed_Hoffman.flanking.500L2_1 SuperEnhancer_HniszL2_1 SuperEnhancer_Hnisz.flanking.500L2_1 TFBS_ENCODEL2_1 TFBS_ENCODE.flanking.500L2_1 Transcr_HoffmanL2_1 Transcr_Hoffman.flanking.500L2_1 TSS_HoffmanL2_1 TSS_Hoffman.flanking.500L2_1 UTR_3_UCSCL2_1 UTR_3_UCSC.flanking.500L2_1 UTR_5_UCSCL2_1 UTR_5_UCSC.flanking.500L2_1 WeakEnhancer_HoffmanL2_1 WeakEnhancer_Hoffman.flanking.500L2_1 GERP.NSL2_1 GERP.RSsup4L2_1 MAFbin1L2_1 MAFbin2L2_1 MAFbin3L2_1 MAFbin4L2_1 MAFbin5L2_1 MAFbin6L2_1 MAFbin7L2_1 MAFbin8L2_1 MAFbin9L2_1 MAFbin10L2_1 MAF_Adj_Predicted_Allele_AgeL2_1 MAF_Adj_LLD_AFRL2_1 Recomb_Rate_10kbL2_1 Nucleotide_Diversity_10kbL2_1 Backgrd_Selection_StatL2_1 CpG_Content_50kbL2_1 MAF_Adj_ASMCL2_1 GTEx_eQTL_MaxCPPL2_1 BLUEPRINT_H3K27acQTL_MaxCPPL2_1 BLUEPRINT_H3K4me1QTL_MaxCPPL2_1 BLUEPRINT_DNA_methylation_MaxCPPL2_1 synonymousL2_1 non_synonymousL2_1 Conserved_Vertebrate_phastCons46wayL2_1 Conserved_Vertebrate_phastCons46way.flanking.500L2_1 Conserved_Mammal_phastCons46wayL2_1 Conserved_Mammal_phastCons46way.flanking.500L2_1 Conserved_Primate_phastCons46wayL2_1 Conserved_Primate_phastCons46way.flanking.500L2_1 BivFlnkL2_1 BivFlnk.flanking.500L2_1 Human_Promoter_VillarL2_1 Human_Promoter_Villar.flanking.500L2_1 Human_Enhancer_VillarL2_1 Human_Enhancer_Villar.flanking.500L2_1 Ancient_Sequence_Age_Human_PromoterL2_1 Ancient_Sequence_Age_Human_Promoter.flanking.500L2_1 Ancient_Sequence_Age_Human_EnhancerL2_1 Ancient_Sequence_Age_Human_Enhancer.flanking.500L2_1 Human_Enhancer_Villar_Species_Enhancer_CountL2_1 Human_Promoter_Villar_ExACL2_1 Human_Promoter_Villar_ExAC.flanking.500L2_1
Lambda GC: 1.2932
Mean Chi^2: 1.3487
Intercept: 1.0639 (0.0168)
Ratio: 0.1833 (0.0483)
Reading annot matrix from ./out_ADARB2_TRPS1.SATB2_MPPED1/chr.,/dcs04/lieber/shared/statsgen/LDSC/base/baseline2/baselineLD.[1-22] ... (annot)
Results printed to ./out_ADARB2_TRPS1.SATB2_MPPED1_2/epilepsyGGE.out.results
Analysis finished at Tue Aug 20 16:43:45 2024
Total time elapsed: 2.0m:16.3s
*********************************************************************
* LD Score Regression (LDSC)
* Version 1.0.1
* (C) 2014-2019 Brendan Bulik-Sullivan and Hilary Finucane
* Broad Institute of MIT and Harvard / MIT Department of Mathematics
* GNU General Public License v3
*********************************************************************
Call: 
./ldsc.py \
--h2 /dcs04/lieber/shared/statsgen/LDSC/base/gwas_brain/GSCAN_AgeSmk_2022_ldscore.gz \
--ref-ld-chr ./out_ADARB2_TRPS1.SATB2_MPPED1/chr.,/dcs04/lieber/shared/statsgen/LDSC/base/baseline2/baselineLD. \
--out ./out_ADARB2_TRPS1.SATB2_MPPED1_2/GSCAN_AgeSmk_2022_ldscore.out \
--overlap-annot  \
--frqfile-chr /dcs04/lieber/shared/statsgen/LDSC/base/referencefiles/1000G_Phase3_frq/1000G.EUR.QC. \
--w-ld-chr /dcs04/lieber/shared/statsgen/LDSC/base/referencefiles/1000G_Phase3_weights_hm3_no_MHC/weights.hm3_noMHC. \
--print-coefficients  

Beginning analysis at Tue Aug 20 16:43:47 2024
Reading summary statistics from /dcs04/lieber/shared/statsgen/LDSC/base/gwas_brain/GSCAN_AgeSmk_2022_ldscore.gz ...
Read summary statistics for 1156202 SNPs.
Dropped 987 SNPs with duplicated rs numbers.
Reading reference panel LD Score from ./out_ADARB2_TRPS1.SATB2_MPPED1/chr.,/dcs04/lieber/shared/statsgen/LDSC/base/baseline2/baselineLD.[1-22] ... (ldscore_fromlist)
Read reference panel LD Scores for 1195563 SNPs.
Removing partitioned LD Scores with zero variance.
Reading regression weight LD Score from /dcs04/lieber/shared/statsgen/LDSC/base/referencefiles/1000G_Phase3_weights_hm3_no_MHC/weights.hm3_noMHC.[1-22] ... (ldscore_fromlist)
Read regression weight LD Scores for 1187349 SNPs.
After merging with reference panel LD, 1142095 SNPs remain.
After merging with regression SNP LD, 1047310 SNPs remain.
Removed 0 SNPs with chi^2 > 323.386 (1047310 SNPs remain)
Total Observed scale h2: 0.049 (0.0031)
Categories: L2_0 baseL2_1 Coding_UCSCL2_1 Coding_UCSC.flanking.500L2_1 Conserved_LindbladTohL2_1 Conserved_LindbladToh.flanking.500L2_1 CTCF_HoffmanL2_1 CTCF_Hoffman.flanking.500L2_1 DGF_ENCODEL2_1 DGF_ENCODE.flanking.500L2_1 DHS_peaks_TrynkaL2_1 DHS_TrynkaL2_1 DHS_Trynka.flanking.500L2_1 Enhancer_AnderssonL2_1 Enhancer_Andersson.flanking.500L2_1 Enhancer_HoffmanL2_1 Enhancer_Hoffman.flanking.500L2_1 FetalDHS_TrynkaL2_1 FetalDHS_Trynka.flanking.500L2_1 H3K27ac_HniszL2_1 H3K27ac_Hnisz.flanking.500L2_1 H3K27ac_PGC2L2_1 H3K27ac_PGC2.flanking.500L2_1 H3K4me1_peaks_TrynkaL2_1 H3K4me1_TrynkaL2_1 H3K4me1_Trynka.flanking.500L2_1 H3K4me3_peaks_TrynkaL2_1 H3K4me3_TrynkaL2_1 H3K4me3_Trynka.flanking.500L2_1 H3K9ac_peaks_TrynkaL2_1 H3K9ac_TrynkaL2_1 H3K9ac_Trynka.flanking.500L2_1 Intron_UCSCL2_1 Intron_UCSC.flanking.500L2_1 PromoterFlanking_HoffmanL2_1 PromoterFlanking_Hoffman.flanking.500L2_1 Promoter_UCSCL2_1 Promoter_UCSC.flanking.500L2_1 Repressed_HoffmanL2_1 Repressed_Hoffman.flanking.500L2_1 SuperEnhancer_HniszL2_1 SuperEnhancer_Hnisz.flanking.500L2_1 TFBS_ENCODEL2_1 TFBS_ENCODE.flanking.500L2_1 Transcr_HoffmanL2_1 Transcr_Hoffman.flanking.500L2_1 TSS_HoffmanL2_1 TSS_Hoffman.flanking.500L2_1 UTR_3_UCSCL2_1 UTR_3_UCSC.flanking.500L2_1 UTR_5_UCSCL2_1 UTR_5_UCSC.flanking.500L2_1 WeakEnhancer_HoffmanL2_1 WeakEnhancer_Hoffman.flanking.500L2_1 GERP.NSL2_1 GERP.RSsup4L2_1 MAFbin1L2_1 MAFbin2L2_1 MAFbin3L2_1 MAFbin4L2_1 MAFbin5L2_1 MAFbin6L2_1 MAFbin7L2_1 MAFbin8L2_1 MAFbin9L2_1 MAFbin10L2_1 MAF_Adj_Predicted_Allele_AgeL2_1 MAF_Adj_LLD_AFRL2_1 Recomb_Rate_10kbL2_1 Nucleotide_Diversity_10kbL2_1 Backgrd_Selection_StatL2_1 CpG_Content_50kbL2_1 MAF_Adj_ASMCL2_1 GTEx_eQTL_MaxCPPL2_1 BLUEPRINT_H3K27acQTL_MaxCPPL2_1 BLUEPRINT_H3K4me1QTL_MaxCPPL2_1 BLUEPRINT_DNA_methylation_MaxCPPL2_1 synonymousL2_1 non_synonymousL2_1 Conserved_Vertebrate_phastCons46wayL2_1 Conserved_Vertebrate_phastCons46way.flanking.500L2_1 Conserved_Mammal_phastCons46wayL2_1 Conserved_Mammal_phastCons46way.flanking.500L2_1 Conserved_Primate_phastCons46wayL2_1 Conserved_Primate_phastCons46way.flanking.500L2_1 BivFlnkL2_1 BivFlnk.flanking.500L2_1 Human_Promoter_VillarL2_1 Human_Promoter_Villar.flanking.500L2_1 Human_Enhancer_VillarL2_1 Human_Enhancer_Villar.flanking.500L2_1 Ancient_Sequence_Age_Human_PromoterL2_1 Ancient_Sequence_Age_Human_Promoter.flanking.500L2_1 Ancient_Sequence_Age_Human_EnhancerL2_1 Ancient_Sequence_Age_Human_Enhancer.flanking.500L2_1 Human_Enhancer_Villar_Species_Enhancer_CountL2_1 Human_Promoter_Villar_ExACL2_1 Human_Promoter_Villar_ExAC.flanking.500L2_1
Lambda GC: 1.2283
Mean Chi^2: 1.3173
Intercept: 1.0235 (0.0087)
Ratio: 0.074 (0.0273)
Reading annot matrix from ./out_ADARB2_TRPS1.SATB2_MPPED1/chr.,/dcs04/lieber/shared/statsgen/LDSC/base/baseline2/baselineLD.[1-22] ... (annot)
Results printed to ./out_ADARB2_TRPS1.SATB2_MPPED1_2/GSCAN_AgeSmk_2022_ldscore.out.results
Analysis finished at Tue Aug 20 16:45:58 2024
Total time elapsed: 2.0m:10.88s
*********************************************************************
* LD Score Regression (LDSC)
* Version 1.0.1
* (C) 2014-2019 Brendan Bulik-Sullivan and Hilary Finucane
* Broad Institute of MIT and Harvard / MIT Department of Mathematics
* GNU General Public License v3
*********************************************************************
Call: 
./ldsc.py \
--h2 /dcs04/lieber/shared/statsgen/LDSC/base/gwas_brain/GSCAN_CigDay_2022_ldscore.gz \
--ref-ld-chr ./out_ADARB2_TRPS1.SATB2_MPPED1/chr.,/dcs04/lieber/shared/statsgen/LDSC/base/baseline2/baselineLD. \
--out ./out_ADARB2_TRPS1.SATB2_MPPED1_2/GSCAN_CigDay_2022_ldscore.out \
--overlap-annot  \
--frqfile-chr /dcs04/lieber/shared/statsgen/LDSC/base/referencefiles/1000G_Phase3_frq/1000G.EUR.QC. \
--w-ld-chr /dcs04/lieber/shared/statsgen/LDSC/base/referencefiles/1000G_Phase3_weights_hm3_no_MHC/weights.hm3_noMHC. \
--print-coefficients  

Beginning analysis at Tue Aug 20 16:45:59 2024
Reading summary statistics from /dcs04/lieber/shared/statsgen/LDSC/base/gwas_brain/GSCAN_CigDay_2022_ldscore.gz ...
Read summary statistics for 1156604 SNPs.
Dropped 989 SNPs with duplicated rs numbers.
Reading reference panel LD Score from ./out_ADARB2_TRPS1.SATB2_MPPED1/chr.,/dcs04/lieber/shared/statsgen/LDSC/base/baseline2/baselineLD.[1-22] ... (ldscore_fromlist)
Read reference panel LD Scores for 1195563 SNPs.
Removing partitioned LD Scores with zero variance.
Reading regression weight LD Score from /dcs04/lieber/shared/statsgen/LDSC/base/referencefiles/1000G_Phase3_weights_hm3_no_MHC/weights.hm3_noMHC.[1-22] ... (ldscore_fromlist)
Read regression weight LD Scores for 1187349 SNPs.
After merging with reference panel LD, 1142452 SNPs remain.
After merging with regression SNP LD, 1047668 SNPs remain.
Removed 57 SNPs with chi^2 > 326.497 (1047611 SNPs remain)
Total Observed scale h2: 0.0838 (0.0055)
Categories: L2_0 baseL2_1 Coding_UCSCL2_1 Coding_UCSC.flanking.500L2_1 Conserved_LindbladTohL2_1 Conserved_LindbladToh.flanking.500L2_1 CTCF_HoffmanL2_1 CTCF_Hoffman.flanking.500L2_1 DGF_ENCODEL2_1 DGF_ENCODE.flanking.500L2_1 DHS_peaks_TrynkaL2_1 DHS_TrynkaL2_1 DHS_Trynka.flanking.500L2_1 Enhancer_AnderssonL2_1 Enhancer_Andersson.flanking.500L2_1 Enhancer_HoffmanL2_1 Enhancer_Hoffman.flanking.500L2_1 FetalDHS_TrynkaL2_1 FetalDHS_Trynka.flanking.500L2_1 H3K27ac_HniszL2_1 H3K27ac_Hnisz.flanking.500L2_1 H3K27ac_PGC2L2_1 H3K27ac_PGC2.flanking.500L2_1 H3K4me1_peaks_TrynkaL2_1 H3K4me1_TrynkaL2_1 H3K4me1_Trynka.flanking.500L2_1 H3K4me3_peaks_TrynkaL2_1 H3K4me3_TrynkaL2_1 H3K4me3_Trynka.flanking.500L2_1 H3K9ac_peaks_TrynkaL2_1 H3K9ac_TrynkaL2_1 H3K9ac_Trynka.flanking.500L2_1 Intron_UCSCL2_1 Intron_UCSC.flanking.500L2_1 PromoterFlanking_HoffmanL2_1 PromoterFlanking_Hoffman.flanking.500L2_1 Promoter_UCSCL2_1 Promoter_UCSC.flanking.500L2_1 Repressed_HoffmanL2_1 Repressed_Hoffman.flanking.500L2_1 SuperEnhancer_HniszL2_1 SuperEnhancer_Hnisz.flanking.500L2_1 TFBS_ENCODEL2_1 TFBS_ENCODE.flanking.500L2_1 Transcr_HoffmanL2_1 Transcr_Hoffman.flanking.500L2_1 TSS_HoffmanL2_1 TSS_Hoffman.flanking.500L2_1 UTR_3_UCSCL2_1 UTR_3_UCSC.flanking.500L2_1 UTR_5_UCSCL2_1 UTR_5_UCSC.flanking.500L2_1 WeakEnhancer_HoffmanL2_1 WeakEnhancer_Hoffman.flanking.500L2_1 GERP.NSL2_1 GERP.RSsup4L2_1 MAFbin1L2_1 MAFbin2L2_1 MAFbin3L2_1 MAFbin4L2_1 MAFbin5L2_1 MAFbin6L2_1 MAFbin7L2_1 MAFbin8L2_1 MAFbin9L2_1 MAFbin10L2_1 MAF_Adj_Predicted_Allele_AgeL2_1 MAF_Adj_LLD_AFRL2_1 Recomb_Rate_10kbL2_1 Nucleotide_Diversity_10kbL2_1 Backgrd_Selection_StatL2_1 CpG_Content_50kbL2_1 MAF_Adj_ASMCL2_1 GTEx_eQTL_MaxCPPL2_1 BLUEPRINT_H3K27acQTL_MaxCPPL2_1 BLUEPRINT_H3K4me1QTL_MaxCPPL2_1 BLUEPRINT_DNA_methylation_MaxCPPL2_1 synonymousL2_1 non_synonymousL2_1 Conserved_Vertebrate_phastCons46wayL2_1 Conserved_Vertebrate_phastCons46way.flanking.500L2_1 Conserved_Mammal_phastCons46wayL2_1 Conserved_Mammal_phastCons46way.flanking.500L2_1 Conserved_Primate_phastCons46wayL2_1 Conserved_Primate_phastCons46way.flanking.500L2_1 BivFlnkL2_1 BivFlnk.flanking.500L2_1 Human_Promoter_VillarL2_1 Human_Promoter_Villar.flanking.500L2_1 Human_Enhancer_VillarL2_1 Human_Enhancer_Villar.flanking.500L2_1 Ancient_Sequence_Age_Human_PromoterL2_1 Ancient_Sequence_Age_Human_Promoter.flanking.500L2_1 Ancient_Sequence_Age_Human_EnhancerL2_1 Ancient_Sequence_Age_Human_Enhancer.flanking.500L2_1 Human_Enhancer_Villar_Species_Enhancer_CountL2_1 Human_Promoter_Villar_ExACL2_1 Human_Promoter_Villar_ExAC.flanking.500L2_1
Lambda GC: 1.3719
Mean Chi^2: 1.5461
Intercept: 1.0539 (0.0113)
Ratio: 0.0987 (0.0207)
Reading annot matrix from ./out_ADARB2_TRPS1.SATB2_MPPED1/chr.,/dcs04/lieber/shared/statsgen/LDSC/base/baseline2/baselineLD.[1-22] ... (annot)
Results printed to ./out_ADARB2_TRPS1.SATB2_MPPED1_2/GSCAN_CigDay_2022_ldscore.out.results
Analysis finished at Tue Aug 20 16:48:12 2024
Total time elapsed: 2.0m:13.39s
*********************************************************************
* LD Score Regression (LDSC)
* Version 1.0.1
* (C) 2014-2019 Brendan Bulik-Sullivan and Hilary Finucane
* Broad Institute of MIT and Harvard / MIT Department of Mathematics
* GNU General Public License v3
*********************************************************************
Call: 
./ldsc.py \
--h2 /dcs04/lieber/shared/statsgen/LDSC/base/gwas_brain/GSCAN_DrnkWk_2022_ldscore.gz \
--ref-ld-chr ./out_ADARB2_TRPS1.SATB2_MPPED1/chr.,/dcs04/lieber/shared/statsgen/LDSC/base/baseline2/baselineLD. \
--out ./out_ADARB2_TRPS1.SATB2_MPPED1_2/GSCAN_DrnkWk_2022_ldscore.out \
--overlap-annot  \
--frqfile-chr /dcs04/lieber/shared/statsgen/LDSC/base/referencefiles/1000G_Phase3_frq/1000G.EUR.QC. \
--w-ld-chr /dcs04/lieber/shared/statsgen/LDSC/base/referencefiles/1000G_Phase3_weights_hm3_no_MHC/weights.hm3_noMHC. \
--print-coefficients  

Beginning analysis at Tue Aug 20 16:48:14 2024
Reading summary statistics from /dcs04/lieber/shared/statsgen/LDSC/base/gwas_brain/GSCAN_DrnkWk_2022_ldscore.gz ...
Read summary statistics for 1152884 SNPs.
Dropped 991 SNPs with duplicated rs numbers.
Reading reference panel LD Score from ./out_ADARB2_TRPS1.SATB2_MPPED1/chr.,/dcs04/lieber/shared/statsgen/LDSC/base/baseline2/baselineLD.[1-22] ... (ldscore_fromlist)
Read reference panel LD Scores for 1195563 SNPs.
Removing partitioned LD Scores with zero variance.
Reading regression weight LD Score from /dcs04/lieber/shared/statsgen/LDSC/base/referencefiles/1000G_Phase3_weights_hm3_no_MHC/weights.hm3_noMHC.[1-22] ... (ldscore_fromlist)
Read regression weight LD Scores for 1187349 SNPs.
After merging with reference panel LD, 1139159 SNPs remain.
After merging with regression SNP LD, 1045129 SNPs remain.
Removed 0 SNPs with chi^2 > 666.978 (1045129 SNPs remain)
Total Observed scale h2: 0.0446 (0.0021)
Categories: L2_0 baseL2_1 Coding_UCSCL2_1 Coding_UCSC.flanking.500L2_1 Conserved_LindbladTohL2_1 Conserved_LindbladToh.flanking.500L2_1 CTCF_HoffmanL2_1 CTCF_Hoffman.flanking.500L2_1 DGF_ENCODEL2_1 DGF_ENCODE.flanking.500L2_1 DHS_peaks_TrynkaL2_1 DHS_TrynkaL2_1 DHS_Trynka.flanking.500L2_1 Enhancer_AnderssonL2_1 Enhancer_Andersson.flanking.500L2_1 Enhancer_HoffmanL2_1 Enhancer_Hoffman.flanking.500L2_1 FetalDHS_TrynkaL2_1 FetalDHS_Trynka.flanking.500L2_1 H3K27ac_HniszL2_1 H3K27ac_Hnisz.flanking.500L2_1 H3K27ac_PGC2L2_1 H3K27ac_PGC2.flanking.500L2_1 H3K4me1_peaks_TrynkaL2_1 H3K4me1_TrynkaL2_1 H3K4me1_Trynka.flanking.500L2_1 H3K4me3_peaks_TrynkaL2_1 H3K4me3_TrynkaL2_1 H3K4me3_Trynka.flanking.500L2_1 H3K9ac_peaks_TrynkaL2_1 H3K9ac_TrynkaL2_1 H3K9ac_Trynka.flanking.500L2_1 Intron_UCSCL2_1 Intron_UCSC.flanking.500L2_1 PromoterFlanking_HoffmanL2_1 PromoterFlanking_Hoffman.flanking.500L2_1 Promoter_UCSCL2_1 Promoter_UCSC.flanking.500L2_1 Repressed_HoffmanL2_1 Repressed_Hoffman.flanking.500L2_1 SuperEnhancer_HniszL2_1 SuperEnhancer_Hnisz.flanking.500L2_1 TFBS_ENCODEL2_1 TFBS_ENCODE.flanking.500L2_1 Transcr_HoffmanL2_1 Transcr_Hoffman.flanking.500L2_1 TSS_HoffmanL2_1 TSS_Hoffman.flanking.500L2_1 UTR_3_UCSCL2_1 UTR_3_UCSC.flanking.500L2_1 UTR_5_UCSCL2_1 UTR_5_UCSC.flanking.500L2_1 WeakEnhancer_HoffmanL2_1 WeakEnhancer_Hoffman.flanking.500L2_1 GERP.NSL2_1 GERP.RSsup4L2_1 MAFbin1L2_1 MAFbin2L2_1 MAFbin3L2_1 MAFbin4L2_1 MAFbin5L2_1 MAFbin6L2_1 MAFbin7L2_1 MAFbin8L2_1 MAFbin9L2_1 MAFbin10L2_1 MAF_Adj_Predicted_Allele_AgeL2_1 MAF_Adj_LLD_AFRL2_1 Recomb_Rate_10kbL2_1 Nucleotide_Diversity_10kbL2_1 Backgrd_Selection_StatL2_1 CpG_Content_50kbL2_1 MAF_Adj_ASMCL2_1 GTEx_eQTL_MaxCPPL2_1 BLUEPRINT_H3K27acQTL_MaxCPPL2_1 BLUEPRINT_H3K4me1QTL_MaxCPPL2_1 BLUEPRINT_DNA_methylation_MaxCPPL2_1 synonymousL2_1 non_synonymousL2_1 Conserved_Vertebrate_phastCons46wayL2_1 Conserved_Vertebrate_phastCons46way.flanking.500L2_1 Conserved_Mammal_phastCons46wayL2_1 Conserved_Mammal_phastCons46way.flanking.500L2_1 Conserved_Primate_phastCons46wayL2_1 Conserved_Primate_phastCons46way.flanking.500L2_1 BivFlnkL2_1 BivFlnk.flanking.500L2_1 Human_Promoter_VillarL2_1 Human_Promoter_Villar.flanking.500L2_1 Human_Enhancer_VillarL2_1 Human_Enhancer_Villar.flanking.500L2_1 Ancient_Sequence_Age_Human_PromoterL2_1 Ancient_Sequence_Age_Human_Promoter.flanking.500L2_1 Ancient_Sequence_Age_Human_EnhancerL2_1 Ancient_Sequence_Age_Human_Enhancer.flanking.500L2_1 Human_Enhancer_Villar_Species_Enhancer_CountL2_1 Human_Promoter_Villar_ExACL2_1 Human_Promoter_Villar_ExAC.flanking.500L2_1
Lambda GC: 1.5266
Mean Chi^2: 1.7384
Intercept: 1.1519 (0.012)
Ratio: 0.2058 (0.0162)
Reading annot matrix from ./out_ADARB2_TRPS1.SATB2_MPPED1/chr.,/dcs04/lieber/shared/statsgen/LDSC/base/baseline2/baselineLD.[1-22] ... (annot)
Results printed to ./out_ADARB2_TRPS1.SATB2_MPPED1_2/GSCAN_DrnkWk_2022_ldscore.out.results
Analysis finished at Tue Aug 20 16:50:27 2024
Total time elapsed: 2.0m:13.0s
*********************************************************************
* LD Score Regression (LDSC)
* Version 1.0.1
* (C) 2014-2019 Brendan Bulik-Sullivan and Hilary Finucane
* Broad Institute of MIT and Harvard / MIT Department of Mathematics
* GNU General Public License v3
*********************************************************************
Call: 
./ldsc.py \
--h2 /dcs04/lieber/shared/statsgen/LDSC/base/gwas_brain/GSCAN_SmkCes_2022_ldscore.gz \
--ref-ld-chr ./out_ADARB2_TRPS1.SATB2_MPPED1/chr.,/dcs04/lieber/shared/statsgen/LDSC/base/baseline2/baselineLD. \
--out ./out_ADARB2_TRPS1.SATB2_MPPED1_2/GSCAN_SmkCes_2022_ldscore.out \
--overlap-annot  \
--frqfile-chr /dcs04/lieber/shared/statsgen/LDSC/base/referencefiles/1000G_Phase3_frq/1000G.EUR.QC. \
--w-ld-chr /dcs04/lieber/shared/statsgen/LDSC/base/referencefiles/1000G_Phase3_weights_hm3_no_MHC/weights.hm3_noMHC. \
--print-coefficients  

Beginning analysis at Tue Aug 20 16:50:28 2024
Reading summary statistics from /dcs04/lieber/shared/statsgen/LDSC/base/gwas_brain/GSCAN_SmkCes_2022_ldscore.gz ...
Read summary statistics for 1155827 SNPs.
Dropped 991 SNPs with duplicated rs numbers.
Reading reference panel LD Score from ./out_ADARB2_TRPS1.SATB2_MPPED1/chr.,/dcs04/lieber/shared/statsgen/LDSC/base/baseline2/baselineLD.[1-22] ... (ldscore_fromlist)
Read reference panel LD Scores for 1195563 SNPs.
Removing partitioned LD Scores with zero variance.
Reading regression weight LD Score from /dcs04/lieber/shared/statsgen/LDSC/base/referencefiles/1000G_Phase3_weights_hm3_no_MHC/weights.hm3_noMHC.[1-22] ... (ldscore_fromlist)
Read regression weight LD Scores for 1187349 SNPs.
After merging with reference panel LD, 1142012 SNPs remain.
After merging with regression SNP LD, 1047300 SNPs remain.
Removed 0 SNPs with chi^2 > 388.313 (1047300 SNPs remain)
Total Observed scale h2: 0.0742 (0.0038)
Categories: L2_0 baseL2_1 Coding_UCSCL2_1 Coding_UCSC.flanking.500L2_1 Conserved_LindbladTohL2_1 Conserved_LindbladToh.flanking.500L2_1 CTCF_HoffmanL2_1 CTCF_Hoffman.flanking.500L2_1 DGF_ENCODEL2_1 DGF_ENCODE.flanking.500L2_1 DHS_peaks_TrynkaL2_1 DHS_TrynkaL2_1 DHS_Trynka.flanking.500L2_1 Enhancer_AnderssonL2_1 Enhancer_Andersson.flanking.500L2_1 Enhancer_HoffmanL2_1 Enhancer_Hoffman.flanking.500L2_1 FetalDHS_TrynkaL2_1 FetalDHS_Trynka.flanking.500L2_1 H3K27ac_HniszL2_1 H3K27ac_Hnisz.flanking.500L2_1 H3K27ac_PGC2L2_1 H3K27ac_PGC2.flanking.500L2_1 H3K4me1_peaks_TrynkaL2_1 H3K4me1_TrynkaL2_1 H3K4me1_Trynka.flanking.500L2_1 H3K4me3_peaks_TrynkaL2_1 H3K4me3_TrynkaL2_1 H3K4me3_Trynka.flanking.500L2_1 H3K9ac_peaks_TrynkaL2_1 H3K9ac_TrynkaL2_1 H3K9ac_Trynka.flanking.500L2_1 Intron_UCSCL2_1 Intron_UCSC.flanking.500L2_1 PromoterFlanking_HoffmanL2_1 PromoterFlanking_Hoffman.flanking.500L2_1 Promoter_UCSCL2_1 Promoter_UCSC.flanking.500L2_1 Repressed_HoffmanL2_1 Repressed_Hoffman.flanking.500L2_1 SuperEnhancer_HniszL2_1 SuperEnhancer_Hnisz.flanking.500L2_1 TFBS_ENCODEL2_1 TFBS_ENCODE.flanking.500L2_1 Transcr_HoffmanL2_1 Transcr_Hoffman.flanking.500L2_1 TSS_HoffmanL2_1 TSS_Hoffman.flanking.500L2_1 UTR_3_UCSCL2_1 UTR_3_UCSC.flanking.500L2_1 UTR_5_UCSCL2_1 UTR_5_UCSC.flanking.500L2_1 WeakEnhancer_HoffmanL2_1 WeakEnhancer_Hoffman.flanking.500L2_1 GERP.NSL2_1 GERP.RSsup4L2_1 MAFbin1L2_1 MAFbin2L2_1 MAFbin3L2_1 MAFbin4L2_1 MAFbin5L2_1 MAFbin6L2_1 MAFbin7L2_1 MAFbin8L2_1 MAFbin9L2_1 MAFbin10L2_1 MAF_Adj_Predicted_Allele_AgeL2_1 MAF_Adj_LLD_AFRL2_1 Recomb_Rate_10kbL2_1 Nucleotide_Diversity_10kbL2_1 Backgrd_Selection_StatL2_1 CpG_Content_50kbL2_1 MAF_Adj_ASMCL2_1 GTEx_eQTL_MaxCPPL2_1 BLUEPRINT_H3K27acQTL_MaxCPPL2_1 BLUEPRINT_H3K4me1QTL_MaxCPPL2_1 BLUEPRINT_DNA_methylation_MaxCPPL2_1 synonymousL2_1 non_synonymousL2_1 Conserved_Vertebrate_phastCons46wayL2_1 Conserved_Vertebrate_phastCons46way.flanking.500L2_1 Conserved_Mammal_phastCons46wayL2_1 Conserved_Mammal_phastCons46way.flanking.500L2_1 Conserved_Primate_phastCons46wayL2_1 Conserved_Primate_phastCons46way.flanking.500L2_1 BivFlnkL2_1 BivFlnk.flanking.500L2_1 Human_Promoter_VillarL2_1 Human_Promoter_Villar.flanking.500L2_1 Human_Enhancer_VillarL2_1 Human_Enhancer_Villar.flanking.500L2_1 Ancient_Sequence_Age_Human_PromoterL2_1 Ancient_Sequence_Age_Human_Promoter.flanking.500L2_1 Ancient_Sequence_Age_Human_EnhancerL2_1 Ancient_Sequence_Age_Human_Enhancer.flanking.500L2_1 Human_Enhancer_Villar_Species_Enhancer_CountL2_1 Human_Promoter_Villar_ExACL2_1 Human_Promoter_Villar_ExAC.flanking.500L2_1
Lambda GC: 1.4423
Mean Chi^2: 1.5999
Intercept: 1.0747 (0.011)
Ratio: 0.1245 (0.0184)
Reading annot matrix from ./out_ADARB2_TRPS1.SATB2_MPPED1/chr.,/dcs04/lieber/shared/statsgen/LDSC/base/baseline2/baselineLD.[1-22] ... (annot)
Results printed to ./out_ADARB2_TRPS1.SATB2_MPPED1_2/GSCAN_SmkCes_2022_ldscore.out.results
Analysis finished at Tue Aug 20 16:52:42 2024
Total time elapsed: 2.0m:14.02s
*********************************************************************
* LD Score Regression (LDSC)
* Version 1.0.1
* (C) 2014-2019 Brendan Bulik-Sullivan and Hilary Finucane
* Broad Institute of MIT and Harvard / MIT Department of Mathematics
* GNU General Public License v3
*********************************************************************
Call: 
./ldsc.py \
--h2 /dcs04/lieber/shared/statsgen/LDSC/base/gwas_brain/GSCAN_SmkInit_2022_ldscore.gz \
--ref-ld-chr ./out_ADARB2_TRPS1.SATB2_MPPED1/chr.,/dcs04/lieber/shared/statsgen/LDSC/base/baseline2/baselineLD. \
--out ./out_ADARB2_TRPS1.SATB2_MPPED1_2/GSCAN_SmkInit_2022_ldscore.out \
--overlap-annot  \
--frqfile-chr /dcs04/lieber/shared/statsgen/LDSC/base/referencefiles/1000G_Phase3_frq/1000G.EUR.QC. \
--w-ld-chr /dcs04/lieber/shared/statsgen/LDSC/base/referencefiles/1000G_Phase3_weights_hm3_no_MHC/weights.hm3_noMHC. \
--print-coefficients  

Beginning analysis at Tue Aug 20 16:52:43 2024
Reading summary statistics from /dcs04/lieber/shared/statsgen/LDSC/base/gwas_brain/GSCAN_SmkInit_2022_ldscore.gz ...
Read summary statistics for 1153995 SNPs.
Dropped 988 SNPs with duplicated rs numbers.
Reading reference panel LD Score from ./out_ADARB2_TRPS1.SATB2_MPPED1/chr.,/dcs04/lieber/shared/statsgen/LDSC/base/baseline2/baselineLD.[1-22] ... (ldscore_fromlist)
Read reference panel LD Scores for 1195563 SNPs.
Removing partitioned LD Scores with zero variance.
Reading regression weight LD Score from /dcs04/lieber/shared/statsgen/LDSC/base/referencefiles/1000G_Phase3_weights_hm3_no_MHC/weights.hm3_noMHC.[1-22] ... (ldscore_fromlist)
Read regression weight LD Scores for 1187349 SNPs.
After merging with reference panel LD, 1140238 SNPs remain.
After merging with regression SNP LD, 1045975 SNPs remain.
Removed 0 SNPs with chi^2 > 805.431 (1045975 SNPs remain)
Total Observed scale h2: 0.0632 (0.0023)
Categories: L2_0 baseL2_1 Coding_UCSCL2_1 Coding_UCSC.flanking.500L2_1 Conserved_LindbladTohL2_1 Conserved_LindbladToh.flanking.500L2_1 CTCF_HoffmanL2_1 CTCF_Hoffman.flanking.500L2_1 DGF_ENCODEL2_1 DGF_ENCODE.flanking.500L2_1 DHS_peaks_TrynkaL2_1 DHS_TrynkaL2_1 DHS_Trynka.flanking.500L2_1 Enhancer_AnderssonL2_1 Enhancer_Andersson.flanking.500L2_1 Enhancer_HoffmanL2_1 Enhancer_Hoffman.flanking.500L2_1 FetalDHS_TrynkaL2_1 FetalDHS_Trynka.flanking.500L2_1 H3K27ac_HniszL2_1 H3K27ac_Hnisz.flanking.500L2_1 H3K27ac_PGC2L2_1 H3K27ac_PGC2.flanking.500L2_1 H3K4me1_peaks_TrynkaL2_1 H3K4me1_TrynkaL2_1 H3K4me1_Trynka.flanking.500L2_1 H3K4me3_peaks_TrynkaL2_1 H3K4me3_TrynkaL2_1 H3K4me3_Trynka.flanking.500L2_1 H3K9ac_peaks_TrynkaL2_1 H3K9ac_TrynkaL2_1 H3K9ac_Trynka.flanking.500L2_1 Intron_UCSCL2_1 Intron_UCSC.flanking.500L2_1 PromoterFlanking_HoffmanL2_1 PromoterFlanking_Hoffman.flanking.500L2_1 Promoter_UCSCL2_1 Promoter_UCSC.flanking.500L2_1 Repressed_HoffmanL2_1 Repressed_Hoffman.flanking.500L2_1 SuperEnhancer_HniszL2_1 SuperEnhancer_Hnisz.flanking.500L2_1 TFBS_ENCODEL2_1 TFBS_ENCODE.flanking.500L2_1 Transcr_HoffmanL2_1 Transcr_Hoffman.flanking.500L2_1 TSS_HoffmanL2_1 TSS_Hoffman.flanking.500L2_1 UTR_3_UCSCL2_1 UTR_3_UCSC.flanking.500L2_1 UTR_5_UCSCL2_1 UTR_5_UCSC.flanking.500L2_1 WeakEnhancer_HoffmanL2_1 WeakEnhancer_Hoffman.flanking.500L2_1 GERP.NSL2_1 GERP.RSsup4L2_1 MAFbin1L2_1 MAFbin2L2_1 MAFbin3L2_1 MAFbin4L2_1 MAFbin5L2_1 MAFbin6L2_1 MAFbin7L2_1 MAFbin8L2_1 MAFbin9L2_1 MAFbin10L2_1 MAF_Adj_Predicted_Allele_AgeL2_1 MAF_Adj_LLD_AFRL2_1 Recomb_Rate_10kbL2_1 Nucleotide_Diversity_10kbL2_1 Backgrd_Selection_StatL2_1 CpG_Content_50kbL2_1 MAF_Adj_ASMCL2_1 GTEx_eQTL_MaxCPPL2_1 BLUEPRINT_H3K27acQTL_MaxCPPL2_1 BLUEPRINT_H3K4me1QTL_MaxCPPL2_1 BLUEPRINT_DNA_methylation_MaxCPPL2_1 synonymousL2_1 non_synonymousL2_1 Conserved_Vertebrate_phastCons46wayL2_1 Conserved_Vertebrate_phastCons46way.flanking.500L2_1 Conserved_Mammal_phastCons46wayL2_1 Conserved_Mammal_phastCons46way.flanking.500L2_1 Conserved_Primate_phastCons46wayL2_1 Conserved_Primate_phastCons46way.flanking.500L2_1 BivFlnkL2_1 BivFlnk.flanking.500L2_1 Human_Promoter_VillarL2_1 Human_Promoter_Villar.flanking.500L2_1 Human_Enhancer_VillarL2_1 Human_Enhancer_Villar.flanking.500L2_1 Ancient_Sequence_Age_Human_PromoterL2_1 Ancient_Sequence_Age_Human_Promoter.flanking.500L2_1 Ancient_Sequence_Age_Human_EnhancerL2_1 Ancient_Sequence_Age_Human_Enhancer.flanking.500L2_1 Human_Enhancer_Villar_Species_Enhancer_CountL2_1 Human_Promoter_Villar_ExACL2_1 Human_Promoter_Villar_ExAC.flanking.500L2_1
Lambda GC: 1.6831
Mean Chi^2: 2.0645
Intercept: 1.1107 (0.0148)
Ratio: 0.104 (0.0139)
Reading annot matrix from ./out_ADARB2_TRPS1.SATB2_MPPED1/chr.,/dcs04/lieber/shared/statsgen/LDSC/base/baseline2/baselineLD.[1-22] ... (annot)
Results printed to ./out_ADARB2_TRPS1.SATB2_MPPED1_2/GSCAN_SmkInit_2022_ldscore.out.results
Analysis finished at Tue Aug 20 16:54:55 2024
Total time elapsed: 2.0m:11.27s
*********************************************************************
* LD Score Regression (LDSC)
* Version 1.0.1
* (C) 2014-2019 Brendan Bulik-Sullivan and Hilary Finucane
* Broad Institute of MIT and Harvard / MIT Department of Mathematics
* GNU General Public License v3
*********************************************************************
Call: 
./ldsc.py \
--h2 /dcs04/lieber/shared/statsgen/LDSC/base/gwas_brain/height_ldscore.gz \
--ref-ld-chr ./out_ADARB2_TRPS1.SATB2_MPPED1/chr.,/dcs04/lieber/shared/statsgen/LDSC/base/baseline2/baselineLD. \
--out ./out_ADARB2_TRPS1.SATB2_MPPED1_2/height_ldscore.out \
--overlap-annot  \
--frqfile-chr /dcs04/lieber/shared/statsgen/LDSC/base/referencefiles/1000G_Phase3_frq/1000G.EUR.QC. \
--w-ld-chr /dcs04/lieber/shared/statsgen/LDSC/base/referencefiles/1000G_Phase3_weights_hm3_no_MHC/weights.hm3_noMHC. \
--print-coefficients  

Beginning analysis at Tue Aug 20 16:54:56 2024
Reading summary statistics from /dcs04/lieber/shared/statsgen/LDSC/base/gwas_brain/height_ldscore.gz ...
Read summary statistics for 1002716 SNPs.
Reading reference panel LD Score from ./out_ADARB2_TRPS1.SATB2_MPPED1/chr.,/dcs04/lieber/shared/statsgen/LDSC/base/baseline2/baselineLD.[1-22] ... (ldscore_fromlist)
Read reference panel LD Scores for 1195563 SNPs.
Removing partitioned LD Scores with zero variance.
Reading regression weight LD Score from /dcs04/lieber/shared/statsgen/LDSC/base/referencefiles/1000G_Phase3_weights_hm3_no_MHC/weights.hm3_noMHC.[1-22] ... (ldscore_fromlist)
Read regression weight LD Scores for 1187349 SNPs.
After merging with reference panel LD, 1002716 SNPs remain.
After merging with regression SNP LD, 921362 SNPs remain.
Removed 462 SNPs with chi^2 > 709.703 (920900 SNPs remain)
Total Observed scale h2: 0.5309 (0.0217)
Categories: L2_0 baseL2_1 Coding_UCSCL2_1 Coding_UCSC.flanking.500L2_1 Conserved_LindbladTohL2_1 Conserved_LindbladToh.flanking.500L2_1 CTCF_HoffmanL2_1 CTCF_Hoffman.flanking.500L2_1 DGF_ENCODEL2_1 DGF_ENCODE.flanking.500L2_1 DHS_peaks_TrynkaL2_1 DHS_TrynkaL2_1 DHS_Trynka.flanking.500L2_1 Enhancer_AnderssonL2_1 Enhancer_Andersson.flanking.500L2_1 Enhancer_HoffmanL2_1 Enhancer_Hoffman.flanking.500L2_1 FetalDHS_TrynkaL2_1 FetalDHS_Trynka.flanking.500L2_1 H3K27ac_HniszL2_1 H3K27ac_Hnisz.flanking.500L2_1 H3K27ac_PGC2L2_1 H3K27ac_PGC2.flanking.500L2_1 H3K4me1_peaks_TrynkaL2_1 H3K4me1_TrynkaL2_1 H3K4me1_Trynka.flanking.500L2_1 H3K4me3_peaks_TrynkaL2_1 H3K4me3_TrynkaL2_1 H3K4me3_Trynka.flanking.500L2_1 H3K9ac_peaks_TrynkaL2_1 H3K9ac_TrynkaL2_1 H3K9ac_Trynka.flanking.500L2_1 Intron_UCSCL2_1 Intron_UCSC.flanking.500L2_1 PromoterFlanking_HoffmanL2_1 PromoterFlanking_Hoffman.flanking.500L2_1 Promoter_UCSCL2_1 Promoter_UCSC.flanking.500L2_1 Repressed_HoffmanL2_1 Repressed_Hoffman.flanking.500L2_1 SuperEnhancer_HniszL2_1 SuperEnhancer_Hnisz.flanking.500L2_1 TFBS_ENCODEL2_1 TFBS_ENCODE.flanking.500L2_1 Transcr_HoffmanL2_1 Transcr_Hoffman.flanking.500L2_1 TSS_HoffmanL2_1 TSS_Hoffman.flanking.500L2_1 UTR_3_UCSCL2_1 UTR_3_UCSC.flanking.500L2_1 UTR_5_UCSCL2_1 UTR_5_UCSC.flanking.500L2_1 WeakEnhancer_HoffmanL2_1 WeakEnhancer_Hoffman.flanking.500L2_1 GERP.NSL2_1 GERP.RSsup4L2_1 MAFbin1L2_1 MAFbin2L2_1 MAFbin3L2_1 MAFbin4L2_1 MAFbin5L2_1 MAFbin6L2_1 MAFbin7L2_1 MAFbin8L2_1 MAFbin9L2_1 MAFbin10L2_1 MAF_Adj_Predicted_Allele_AgeL2_1 MAF_Adj_LLD_AFRL2_1 Recomb_Rate_10kbL2_1 Nucleotide_Diversity_10kbL2_1 Backgrd_Selection_StatL2_1 CpG_Content_50kbL2_1 MAF_Adj_ASMCL2_1 GTEx_eQTL_MaxCPPL2_1 BLUEPRINT_H3K27acQTL_MaxCPPL2_1 BLUEPRINT_H3K4me1QTL_MaxCPPL2_1 BLUEPRINT_DNA_methylation_MaxCPPL2_1 synonymousL2_1 non_synonymousL2_1 Conserved_Vertebrate_phastCons46wayL2_1 Conserved_Vertebrate_phastCons46way.flanking.500L2_1 Conserved_Mammal_phastCons46wayL2_1 Conserved_Mammal_phastCons46way.flanking.500L2_1 Conserved_Primate_phastCons46wayL2_1 Conserved_Primate_phastCons46way.flanking.500L2_1 BivFlnkL2_1 BivFlnk.flanking.500L2_1 Human_Promoter_VillarL2_1 Human_Promoter_Villar.flanking.500L2_1 Human_Enhancer_VillarL2_1 Human_Enhancer_Villar.flanking.500L2_1 Ancient_Sequence_Age_Human_PromoterL2_1 Ancient_Sequence_Age_Human_Promoter.flanking.500L2_1 Ancient_Sequence_Age_Human_EnhancerL2_1 Ancient_Sequence_Age_Human_Enhancer.flanking.500L2_1 Human_Enhancer_Villar_Species_Enhancer_CountL2_1 Human_Promoter_Villar_ExACL2_1 Human_Promoter_Villar_ExAC.flanking.500L2_1
Lambda GC: 3.6339
Mean Chi^2: 8.4971
Intercept: 1.5292 (0.0935)
Ratio: 0.0706 (0.0125)
Reading annot matrix from ./out_ADARB2_TRPS1.SATB2_MPPED1/chr.,/dcs04/lieber/shared/statsgen/LDSC/base/baseline2/baselineLD.[1-22] ... (annot)
Results printed to ./out_ADARB2_TRPS1.SATB2_MPPED1_2/height_ldscore.out.results
Analysis finished at Tue Aug 20 16:57:06 2024
Total time elapsed: 2.0m:9.83s
*********************************************************************
* LD Score Regression (LDSC)
* Version 1.0.1
* (C) 2014-2019 Brendan Bulik-Sullivan and Hilary Finucane
* Broad Institute of MIT and Harvard / MIT Department of Mathematics
* GNU General Public License v3
*********************************************************************
Call: 
./ldsc.py \
--h2 /dcs04/lieber/shared/statsgen/LDSC/base/gwas_brain/insomnia.gz \
--ref-ld-chr ./out_ADARB2_TRPS1.SATB2_MPPED1/chr.,/dcs04/lieber/shared/statsgen/LDSC/base/baseline2/baselineLD. \
--out ./out_ADARB2_TRPS1.SATB2_MPPED1_2/insomnia.out \
--overlap-annot  \
--frqfile-chr /dcs04/lieber/shared/statsgen/LDSC/base/referencefiles/1000G_Phase3_frq/1000G.EUR.QC. \
--w-ld-chr /dcs04/lieber/shared/statsgen/LDSC/base/referencefiles/1000G_Phase3_weights_hm3_no_MHC/weights.hm3_noMHC. \
--print-coefficients  

Beginning analysis at Tue Aug 20 16:57:07 2024
Reading summary statistics from /dcs04/lieber/shared/statsgen/LDSC/base/gwas_brain/insomnia.gz ...
Read summary statistics for 1113944 SNPs.
Dropped 6 SNPs with duplicated rs numbers.
Reading reference panel LD Score from ./out_ADARB2_TRPS1.SATB2_MPPED1/chr.,/dcs04/lieber/shared/statsgen/LDSC/base/baseline2/baselineLD.[1-22] ... (ldscore_fromlist)
Read reference panel LD Scores for 1195563 SNPs.
Removing partitioned LD Scores with zero variance.
Reading regression weight LD Score from /dcs04/lieber/shared/statsgen/LDSC/base/referencefiles/1000G_Phase3_weights_hm3_no_MHC/weights.hm3_noMHC.[1-22] ... (ldscore_fromlist)
Read regression weight LD Scores for 1187349 SNPs.
After merging with reference panel LD, 1113935 SNPs remain.
After merging with regression SNP LD, 1021908 SNPs remain.
Removed 0 SNPs with chi^2 > 314.149 (1021908 SNPs remain)
Total Observed scale h2: 0.0528 (0.0032)
Categories: L2_0 baseL2_1 Coding_UCSCL2_1 Coding_UCSC.flanking.500L2_1 Conserved_LindbladTohL2_1 Conserved_LindbladToh.flanking.500L2_1 CTCF_HoffmanL2_1 CTCF_Hoffman.flanking.500L2_1 DGF_ENCODEL2_1 DGF_ENCODE.flanking.500L2_1 DHS_peaks_TrynkaL2_1 DHS_TrynkaL2_1 DHS_Trynka.flanking.500L2_1 Enhancer_AnderssonL2_1 Enhancer_Andersson.flanking.500L2_1 Enhancer_HoffmanL2_1 Enhancer_Hoffman.flanking.500L2_1 FetalDHS_TrynkaL2_1 FetalDHS_Trynka.flanking.500L2_1 H3K27ac_HniszL2_1 H3K27ac_Hnisz.flanking.500L2_1 H3K27ac_PGC2L2_1 H3K27ac_PGC2.flanking.500L2_1 H3K4me1_peaks_TrynkaL2_1 H3K4me1_TrynkaL2_1 H3K4me1_Trynka.flanking.500L2_1 H3K4me3_peaks_TrynkaL2_1 H3K4me3_TrynkaL2_1 H3K4me3_Trynka.flanking.500L2_1 H3K9ac_peaks_TrynkaL2_1 H3K9ac_TrynkaL2_1 H3K9ac_Trynka.flanking.500L2_1 Intron_UCSCL2_1 Intron_UCSC.flanking.500L2_1 PromoterFlanking_HoffmanL2_1 PromoterFlanking_Hoffman.flanking.500L2_1 Promoter_UCSCL2_1 Promoter_UCSC.flanking.500L2_1 Repressed_HoffmanL2_1 Repressed_Hoffman.flanking.500L2_1 SuperEnhancer_HniszL2_1 SuperEnhancer_Hnisz.flanking.500L2_1 TFBS_ENCODEL2_1 TFBS_ENCODE.flanking.500L2_1 Transcr_HoffmanL2_1 Transcr_Hoffman.flanking.500L2_1 TSS_HoffmanL2_1 TSS_Hoffman.flanking.500L2_1 UTR_3_UCSCL2_1 UTR_3_UCSC.flanking.500L2_1 UTR_5_UCSCL2_1 UTR_5_UCSC.flanking.500L2_1 WeakEnhancer_HoffmanL2_1 WeakEnhancer_Hoffman.flanking.500L2_1 GERP.NSL2_1 GERP.RSsup4L2_1 MAFbin1L2_1 MAFbin2L2_1 MAFbin3L2_1 MAFbin4L2_1 MAFbin5L2_1 MAFbin6L2_1 MAFbin7L2_1 MAFbin8L2_1 MAFbin9L2_1 MAFbin10L2_1 MAF_Adj_Predicted_Allele_AgeL2_1 MAF_Adj_LLD_AFRL2_1 Recomb_Rate_10kbL2_1 Nucleotide_Diversity_10kbL2_1 Backgrd_Selection_StatL2_1 CpG_Content_50kbL2_1 MAF_Adj_ASMCL2_1 GTEx_eQTL_MaxCPPL2_1 BLUEPRINT_H3K27acQTL_MaxCPPL2_1 BLUEPRINT_H3K4me1QTL_MaxCPPL2_1 BLUEPRINT_DNA_methylation_MaxCPPL2_1 synonymousL2_1 non_synonymousL2_1 Conserved_Vertebrate_phastCons46wayL2_1 Conserved_Vertebrate_phastCons46way.flanking.500L2_1 Conserved_Mammal_phastCons46wayL2_1 Conserved_Mammal_phastCons46way.flanking.500L2_1 Conserved_Primate_phastCons46wayL2_1 Conserved_Primate_phastCons46way.flanking.500L2_1 BivFlnkL2_1 BivFlnk.flanking.500L2_1 Human_Promoter_VillarL2_1 Human_Promoter_Villar.flanking.500L2_1 Human_Enhancer_VillarL2_1 Human_Enhancer_Villar.flanking.500L2_1 Ancient_Sequence_Age_Human_PromoterL2_1 Ancient_Sequence_Age_Human_Promoter.flanking.500L2_1 Ancient_Sequence_Age_Human_EnhancerL2_1 Ancient_Sequence_Age_Human_Enhancer.flanking.500L2_1 Human_Enhancer_Villar_Species_Enhancer_CountL2_1 Human_Promoter_Villar_ExACL2_1 Human_Promoter_Villar_ExAC.flanking.500L2_1
Lambda GC: 1.3072
Mean Chi^2: 1.3673
Intercept: 1.0336 (0.0108)
Ratio: 0.0915 (0.0294)
Reading annot matrix from ./out_ADARB2_TRPS1.SATB2_MPPED1/chr.,/dcs04/lieber/shared/statsgen/LDSC/base/baseline2/baselineLD.[1-22] ... (annot)
Results printed to ./out_ADARB2_TRPS1.SATB2_MPPED1_2/insomnia.out.results
Analysis finished at Tue Aug 20 16:59:19 2024
Total time elapsed: 2.0m:12.13s
*********************************************************************
* LD Score Regression (LDSC)
* Version 1.0.1
* (C) 2014-2019 Brendan Bulik-Sullivan and Hilary Finucane
* Broad Institute of MIT and Harvard / MIT Department of Mathematics
* GNU General Public License v3
*********************************************************************
Call: 
./ldsc.py \
--h2 /dcs04/lieber/shared/statsgen/LDSC/base/gwas_brain/intelligence.gz \
--ref-ld-chr ./out_ADARB2_TRPS1.SATB2_MPPED1/chr.,/dcs04/lieber/shared/statsgen/LDSC/base/baseline2/baselineLD. \
--out ./out_ADARB2_TRPS1.SATB2_MPPED1_2/intelligence.out \
--overlap-annot  \
--frqfile-chr /dcs04/lieber/shared/statsgen/LDSC/base/referencefiles/1000G_Phase3_frq/1000G.EUR.QC. \
--w-ld-chr /dcs04/lieber/shared/statsgen/LDSC/base/referencefiles/1000G_Phase3_weights_hm3_no_MHC/weights.hm3_noMHC. \
--print-coefficients  

Beginning analysis at Tue Aug 20 16:59:22 2024
Reading summary statistics from /dcs04/lieber/shared/statsgen/LDSC/base/gwas_brain/intelligence.gz ...
Read summary statistics for 1152076 SNPs.
Reading reference panel LD Score from ./out_ADARB2_TRPS1.SATB2_MPPED1/chr.,/dcs04/lieber/shared/statsgen/LDSC/base/baseline2/baselineLD.[1-22] ... (ldscore_fromlist)
Read reference panel LD Scores for 1195563 SNPs.
Removing partitioned LD Scores with zero variance.
Reading regression weight LD Score from /dcs04/lieber/shared/statsgen/LDSC/base/referencefiles/1000G_Phase3_weights_hm3_no_MHC/weights.hm3_noMHC.[1-22] ... (ldscore_fromlist)
Read regression weight LD Scores for 1187349 SNPs.
After merging with reference panel LD, 1152073 SNPs remain.
After merging with regression SNP LD, 1066378 SNPs remain.
Removed 0 SNPs with chi^2 > 269.867 (1066378 SNPs remain)
Total Observed scale h2: 0.1839 (0.0065)
Categories: L2_0 baseL2_1 Coding_UCSCL2_1 Coding_UCSC.flanking.500L2_1 Conserved_LindbladTohL2_1 Conserved_LindbladToh.flanking.500L2_1 CTCF_HoffmanL2_1 CTCF_Hoffman.flanking.500L2_1 DGF_ENCODEL2_1 DGF_ENCODE.flanking.500L2_1 DHS_peaks_TrynkaL2_1 DHS_TrynkaL2_1 DHS_Trynka.flanking.500L2_1 Enhancer_AnderssonL2_1 Enhancer_Andersson.flanking.500L2_1 Enhancer_HoffmanL2_1 Enhancer_Hoffman.flanking.500L2_1 FetalDHS_TrynkaL2_1 FetalDHS_Trynka.flanking.500L2_1 H3K27ac_HniszL2_1 H3K27ac_Hnisz.flanking.500L2_1 H3K27ac_PGC2L2_1 H3K27ac_PGC2.flanking.500L2_1 H3K4me1_peaks_TrynkaL2_1 H3K4me1_TrynkaL2_1 H3K4me1_Trynka.flanking.500L2_1 H3K4me3_peaks_TrynkaL2_1 H3K4me3_TrynkaL2_1 H3K4me3_Trynka.flanking.500L2_1 H3K9ac_peaks_TrynkaL2_1 H3K9ac_TrynkaL2_1 H3K9ac_Trynka.flanking.500L2_1 Intron_UCSCL2_1 Intron_UCSC.flanking.500L2_1 PromoterFlanking_HoffmanL2_1 PromoterFlanking_Hoffman.flanking.500L2_1 Promoter_UCSCL2_1 Promoter_UCSC.flanking.500L2_1 Repressed_HoffmanL2_1 Repressed_Hoffman.flanking.500L2_1 SuperEnhancer_HniszL2_1 SuperEnhancer_Hnisz.flanking.500L2_1 TFBS_ENCODEL2_1 TFBS_ENCODE.flanking.500L2_1 Transcr_HoffmanL2_1 Transcr_Hoffman.flanking.500L2_1 TSS_HoffmanL2_1 TSS_Hoffman.flanking.500L2_1 UTR_3_UCSCL2_1 UTR_3_UCSC.flanking.500L2_1 UTR_5_UCSCL2_1 UTR_5_UCSC.flanking.500L2_1 WeakEnhancer_HoffmanL2_1 WeakEnhancer_Hoffman.flanking.500L2_1 GERP.NSL2_1 GERP.RSsup4L2_1 MAFbin1L2_1 MAFbin2L2_1 MAFbin3L2_1 MAFbin4L2_1 MAFbin5L2_1 MAFbin6L2_1 MAFbin7L2_1 MAFbin8L2_1 MAFbin9L2_1 MAFbin10L2_1 MAF_Adj_Predicted_Allele_AgeL2_1 MAF_Adj_LLD_AFRL2_1 Recomb_Rate_10kbL2_1 Nucleotide_Diversity_10kbL2_1 Backgrd_Selection_StatL2_1 CpG_Content_50kbL2_1 MAF_Adj_ASMCL2_1 GTEx_eQTL_MaxCPPL2_1 BLUEPRINT_H3K27acQTL_MaxCPPL2_1 BLUEPRINT_H3K4me1QTL_MaxCPPL2_1 BLUEPRINT_DNA_methylation_MaxCPPL2_1 synonymousL2_1 non_synonymousL2_1 Conserved_Vertebrate_phastCons46wayL2_1 Conserved_Vertebrate_phastCons46way.flanking.500L2_1 Conserved_Mammal_phastCons46wayL2_1 Conserved_Mammal_phastCons46way.flanking.500L2_1 Conserved_Primate_phastCons46wayL2_1 Conserved_Primate_phastCons46way.flanking.500L2_1 BivFlnkL2_1 BivFlnk.flanking.500L2_1 Human_Promoter_VillarL2_1 Human_Promoter_Villar.flanking.500L2_1 Human_Enhancer_VillarL2_1 Human_Enhancer_Villar.flanking.500L2_1 Ancient_Sequence_Age_Human_PromoterL2_1 Ancient_Sequence_Age_Human_Promoter.flanking.500L2_1 Ancient_Sequence_Age_Human_EnhancerL2_1 Ancient_Sequence_Age_Human_Enhancer.flanking.500L2_1 Human_Enhancer_Villar_Species_Enhancer_CountL2_1 Human_Promoter_Villar_ExACL2_1 Human_Promoter_Villar_ExAC.flanking.500L2_1
Lambda GC: 1.7295
Mean Chi^2: 2.0471
Intercept: 1.0733 (0.0128)
Ratio: 0.07 (0.0122)
Reading annot matrix from ./out_ADARB2_TRPS1.SATB2_MPPED1/chr.,/dcs04/lieber/shared/statsgen/LDSC/base/baseline2/baselineLD.[1-22] ... (annot)
Results printed to ./out_ADARB2_TRPS1.SATB2_MPPED1_2/intelligence.out.results
Analysis finished at Tue Aug 20 17:01:33 2024
Total time elapsed: 2.0m:11.3s
*********************************************************************
* LD Score Regression (LDSC)
* Version 1.0.1
* (C) 2014-2019 Brendan Bulik-Sullivan and Hilary Finucane
* Broad Institute of MIT and Harvard / MIT Department of Mathematics
* GNU General Public License v3
*********************************************************************
Call: 
./ldsc.py \
--h2 /dcs04/lieber/shared/statsgen/LDSC/base/gwas_brain/mdd2019edinburgh_ldscore.gz \
--ref-ld-chr ./out_ADARB2_TRPS1.SATB2_MPPED1/chr.,/dcs04/lieber/shared/statsgen/LDSC/base/baseline2/baselineLD. \
--out ./out_ADARB2_TRPS1.SATB2_MPPED1_2/mdd2019edinburgh_ldscore.out \
--overlap-annot  \
--frqfile-chr /dcs04/lieber/shared/statsgen/LDSC/base/referencefiles/1000G_Phase3_frq/1000G.EUR.QC. \
--w-ld-chr /dcs04/lieber/shared/statsgen/LDSC/base/referencefiles/1000G_Phase3_weights_hm3_no_MHC/weights.hm3_noMHC. \
--print-coefficients  

Beginning analysis at Tue Aug 20 17:01:36 2024
Reading summary statistics from /dcs04/lieber/shared/statsgen/LDSC/base/gwas_brain/mdd2019edinburgh_ldscore.gz ...
Read summary statistics for 1139849 SNPs.
Reading reference panel LD Score from ./out_ADARB2_TRPS1.SATB2_MPPED1/chr.,/dcs04/lieber/shared/statsgen/LDSC/base/baseline2/baselineLD.[1-22] ... (ldscore_fromlist)
Read reference panel LD Scores for 1195563 SNPs.
Removing partitioned LD Scores with zero variance.
Reading regression weight LD Score from /dcs04/lieber/shared/statsgen/LDSC/base/referencefiles/1000G_Phase3_weights_hm3_no_MHC/weights.hm3_noMHC.[1-22] ... (ldscore_fromlist)
Read regression weight LD Scores for 1187349 SNPs.
After merging with reference panel LD, 1139846 SNPs remain.
After merging with regression SNP LD, 1045914 SNPs remain.
Removed 0 SNPs with chi^2 > 449.855 (1045914 SNPs remain)
Total Observed scale h2: 0.0663 (0.0029)
Categories: L2_0 baseL2_1 Coding_UCSCL2_1 Coding_UCSC.flanking.500L2_1 Conserved_LindbladTohL2_1 Conserved_LindbladToh.flanking.500L2_1 CTCF_HoffmanL2_1 CTCF_Hoffman.flanking.500L2_1 DGF_ENCODEL2_1 DGF_ENCODE.flanking.500L2_1 DHS_peaks_TrynkaL2_1 DHS_TrynkaL2_1 DHS_Trynka.flanking.500L2_1 Enhancer_AnderssonL2_1 Enhancer_Andersson.flanking.500L2_1 Enhancer_HoffmanL2_1 Enhancer_Hoffman.flanking.500L2_1 FetalDHS_TrynkaL2_1 FetalDHS_Trynka.flanking.500L2_1 H3K27ac_HniszL2_1 H3K27ac_Hnisz.flanking.500L2_1 H3K27ac_PGC2L2_1 H3K27ac_PGC2.flanking.500L2_1 H3K4me1_peaks_TrynkaL2_1 H3K4me1_TrynkaL2_1 H3K4me1_Trynka.flanking.500L2_1 H3K4me3_peaks_TrynkaL2_1 H3K4me3_TrynkaL2_1 H3K4me3_Trynka.flanking.500L2_1 H3K9ac_peaks_TrynkaL2_1 H3K9ac_TrynkaL2_1 H3K9ac_Trynka.flanking.500L2_1 Intron_UCSCL2_1 Intron_UCSC.flanking.500L2_1 PromoterFlanking_HoffmanL2_1 PromoterFlanking_Hoffman.flanking.500L2_1 Promoter_UCSCL2_1 Promoter_UCSC.flanking.500L2_1 Repressed_HoffmanL2_1 Repressed_Hoffman.flanking.500L2_1 SuperEnhancer_HniszL2_1 SuperEnhancer_Hnisz.flanking.500L2_1 TFBS_ENCODEL2_1 TFBS_ENCODE.flanking.500L2_1 Transcr_HoffmanL2_1 Transcr_Hoffman.flanking.500L2_1 TSS_HoffmanL2_1 TSS_Hoffman.flanking.500L2_1 UTR_3_UCSCL2_1 UTR_3_UCSC.flanking.500L2_1 UTR_5_UCSCL2_1 UTR_5_UCSC.flanking.500L2_1 WeakEnhancer_HoffmanL2_1 WeakEnhancer_Hoffman.flanking.500L2_1 GERP.NSL2_1 GERP.RSsup4L2_1 MAFbin1L2_1 MAFbin2L2_1 MAFbin3L2_1 MAFbin4L2_1 MAFbin5L2_1 MAFbin6L2_1 MAFbin7L2_1 MAFbin8L2_1 MAFbin9L2_1 MAFbin10L2_1 MAF_Adj_Predicted_Allele_AgeL2_1 MAF_Adj_LLD_AFRL2_1 Recomb_Rate_10kbL2_1 Nucleotide_Diversity_10kbL2_1 Backgrd_Selection_StatL2_1 CpG_Content_50kbL2_1 MAF_Adj_ASMCL2_1 GTEx_eQTL_MaxCPPL2_1 BLUEPRINT_H3K27acQTL_MaxCPPL2_1 BLUEPRINT_H3K4me1QTL_MaxCPPL2_1 BLUEPRINT_DNA_methylation_MaxCPPL2_1 synonymousL2_1 non_synonymousL2_1 Conserved_Vertebrate_phastCons46wayL2_1 Conserved_Vertebrate_phastCons46way.flanking.500L2_1 Conserved_Mammal_phastCons46wayL2_1 Conserved_Mammal_phastCons46way.flanking.500L2_1 Conserved_Primate_phastCons46wayL2_1 Conserved_Primate_phastCons46way.flanking.500L2_1 BivFlnkL2_1 BivFlnk.flanking.500L2_1 Human_Promoter_VillarL2_1 Human_Promoter_Villar.flanking.500L2_1 Human_Enhancer_VillarL2_1 Human_Enhancer_Villar.flanking.500L2_1 Ancient_Sequence_Age_Human_PromoterL2_1 Ancient_Sequence_Age_Human_Promoter.flanking.500L2_1 Ancient_Sequence_Age_Human_EnhancerL2_1 Ancient_Sequence_Age_Human_Enhancer.flanking.500L2_1 Human_Enhancer_Villar_Species_Enhancer_CountL2_1 Human_Promoter_Villar_ExACL2_1 Human_Promoter_Villar_ExAC.flanking.500L2_1
Lambda GC: 1.4555
Mean Chi^2: 1.5894
Intercept: 1.0198 (0.012)
Ratio: 0.0336 (0.0204)
Reading annot matrix from ./out_ADARB2_TRPS1.SATB2_MPPED1/chr.,/dcs04/lieber/shared/statsgen/LDSC/base/baseline2/baselineLD.[1-22] ... (annot)
Results printed to ./out_ADARB2_TRPS1.SATB2_MPPED1_2/mdd2019edinburgh_ldscore.out.results
Analysis finished at Tue Aug 20 17:03:51 2024
Total time elapsed: 2.0m:15.01s
*********************************************************************
* LD Score Regression (LDSC)
* Version 1.0.1
* (C) 2014-2019 Brendan Bulik-Sullivan and Hilary Finucane
* Broad Institute of MIT and Harvard / MIT Department of Mathematics
* GNU General Public License v3
*********************************************************************
Call: 
./ldsc.py \
--h2 /dcs04/lieber/shared/statsgen/LDSC/base/gwas_brain/mdd_ex23andMe_ldscore.gz \
--ref-ld-chr ./out_ADARB2_TRPS1.SATB2_MPPED1/chr.,/dcs04/lieber/shared/statsgen/LDSC/base/baseline2/baselineLD. \
--out ./out_ADARB2_TRPS1.SATB2_MPPED1_2/mdd_ex23andMe_ldscore.out \
--overlap-annot  \
--frqfile-chr /dcs04/lieber/shared/statsgen/LDSC/base/referencefiles/1000G_Phase3_frq/1000G.EUR.QC. \
--w-ld-chr /dcs04/lieber/shared/statsgen/LDSC/base/referencefiles/1000G_Phase3_weights_hm3_no_MHC/weights.hm3_noMHC. \
--print-coefficients  

Beginning analysis at Tue Aug 20 17:03:58 2024
Reading summary statistics from /dcs04/lieber/shared/statsgen/LDSC/base/gwas_brain/mdd_ex23andMe_ldscore.gz ...
Read summary statistics for 1141156 SNPs.
Dropped 11 SNPs with duplicated rs numbers.
Reading reference panel LD Score from ./out_ADARB2_TRPS1.SATB2_MPPED1/chr.,/dcs04/lieber/shared/statsgen/LDSC/base/baseline2/baselineLD.[1-22] ... (ldscore_fromlist)
Read reference panel LD Scores for 1195563 SNPs.
Removing partitioned LD Scores with zero variance.
Reading regression weight LD Score from /dcs04/lieber/shared/statsgen/LDSC/base/referencefiles/1000G_Phase3_weights_hm3_no_MHC/weights.hm3_noMHC.[1-22] ... (ldscore_fromlist)
Read regression weight LD Scores for 1187349 SNPs.
After merging with reference panel LD, 1141143 SNPs remain.
After merging with regression SNP LD, 1039487 SNPs remain.
Removed 0 SNPs with chi^2 > 156.582 (1039487 SNPs remain)
Total Observed scale h2: 0.0824 (0.0064)
Categories: L2_0 baseL2_1 Coding_UCSCL2_1 Coding_UCSC.flanking.500L2_1 Conserved_LindbladTohL2_1 Conserved_LindbladToh.flanking.500L2_1 CTCF_HoffmanL2_1 CTCF_Hoffman.flanking.500L2_1 DGF_ENCODEL2_1 DGF_ENCODE.flanking.500L2_1 DHS_peaks_TrynkaL2_1 DHS_TrynkaL2_1 DHS_Trynka.flanking.500L2_1 Enhancer_AnderssonL2_1 Enhancer_Andersson.flanking.500L2_1 Enhancer_HoffmanL2_1 Enhancer_Hoffman.flanking.500L2_1 FetalDHS_TrynkaL2_1 FetalDHS_Trynka.flanking.500L2_1 H3K27ac_HniszL2_1 H3K27ac_Hnisz.flanking.500L2_1 H3K27ac_PGC2L2_1 H3K27ac_PGC2.flanking.500L2_1 H3K4me1_peaks_TrynkaL2_1 H3K4me1_TrynkaL2_1 H3K4me1_Trynka.flanking.500L2_1 H3K4me3_peaks_TrynkaL2_1 H3K4me3_TrynkaL2_1 H3K4me3_Trynka.flanking.500L2_1 H3K9ac_peaks_TrynkaL2_1 H3K9ac_TrynkaL2_1 H3K9ac_Trynka.flanking.500L2_1 Intron_UCSCL2_1 Intron_UCSC.flanking.500L2_1 PromoterFlanking_HoffmanL2_1 PromoterFlanking_Hoffman.flanking.500L2_1 Promoter_UCSCL2_1 Promoter_UCSC.flanking.500L2_1 Repressed_HoffmanL2_1 Repressed_Hoffman.flanking.500L2_1 SuperEnhancer_HniszL2_1 SuperEnhancer_Hnisz.flanking.500L2_1 TFBS_ENCODEL2_1 TFBS_ENCODE.flanking.500L2_1 Transcr_HoffmanL2_1 Transcr_Hoffman.flanking.500L2_1 TSS_HoffmanL2_1 TSS_Hoffman.flanking.500L2_1 UTR_3_UCSCL2_1 UTR_3_UCSC.flanking.500L2_1 UTR_5_UCSCL2_1 UTR_5_UCSC.flanking.500L2_1 WeakEnhancer_HoffmanL2_1 WeakEnhancer_Hoffman.flanking.500L2_1 GERP.NSL2_1 GERP.RSsup4L2_1 MAFbin1L2_1 MAFbin2L2_1 MAFbin3L2_1 MAFbin4L2_1 MAFbin5L2_1 MAFbin6L2_1 MAFbin7L2_1 MAFbin8L2_1 MAFbin9L2_1 MAFbin10L2_1 MAF_Adj_Predicted_Allele_AgeL2_1 MAF_Adj_LLD_AFRL2_1 Recomb_Rate_10kbL2_1 Nucleotide_Diversity_10kbL2_1 Backgrd_Selection_StatL2_1 CpG_Content_50kbL2_1 MAF_Adj_ASMCL2_1 GTEx_eQTL_MaxCPPL2_1 BLUEPRINT_H3K27acQTL_MaxCPPL2_1 BLUEPRINT_H3K4me1QTL_MaxCPPL2_1 BLUEPRINT_DNA_methylation_MaxCPPL2_1 synonymousL2_1 non_synonymousL2_1 Conserved_Vertebrate_phastCons46wayL2_1 Conserved_Vertebrate_phastCons46way.flanking.500L2_1 Conserved_Mammal_phastCons46wayL2_1 Conserved_Mammal_phastCons46way.flanking.500L2_1 Conserved_Primate_phastCons46wayL2_1 Conserved_Primate_phastCons46way.flanking.500L2_1 BivFlnkL2_1 BivFlnk.flanking.500L2_1 Human_Promoter_VillarL2_1 Human_Promoter_Villar.flanking.500L2_1 Human_Enhancer_VillarL2_1 Human_Enhancer_Villar.flanking.500L2_1 Ancient_Sequence_Age_Human_PromoterL2_1 Ancient_Sequence_Age_Human_Promoter.flanking.500L2_1 Ancient_Sequence_Age_Human_EnhancerL2_1 Ancient_Sequence_Age_Human_Enhancer.flanking.500L2_1 Human_Enhancer_Villar_Species_Enhancer_CountL2_1 Human_Promoter_Villar_ExACL2_1 Human_Promoter_Villar_ExAC.flanking.500L2_1
Lambda GC: 1.2272
Mean Chi^2: 1.2564
Intercept: 1.0088 (0.0112)
Ratio: 0.0342 (0.0437)
Reading annot matrix from ./out_ADARB2_TRPS1.SATB2_MPPED1/chr.,/dcs04/lieber/shared/statsgen/LDSC/base/baseline2/baselineLD.[1-22] ... (annot)
Results printed to ./out_ADARB2_TRPS1.SATB2_MPPED1_2/mdd_ex23andMe_ldscore.out.results
Analysis finished at Tue Aug 20 17:06:12 2024
Total time elapsed: 2.0m:14.17s
*********************************************************************
* LD Score Regression (LDSC)
* Version 1.0.1
* (C) 2014-2019 Brendan Bulik-Sullivan and Hilary Finucane
* Broad Institute of MIT and Harvard / MIT Department of Mathematics
* GNU General Public License v3
*********************************************************************
Call: 
./ldsc.py \
--h2 /dcs04/lieber/shared/statsgen/LDSC/base/gwas_brain/MDD_ldscore_PGC_UKB_23andme.gz \
--ref-ld-chr ./out_ADARB2_TRPS1.SATB2_MPPED1/chr.,/dcs04/lieber/shared/statsgen/LDSC/base/baseline2/baselineLD. \
--out ./out_ADARB2_TRPS1.SATB2_MPPED1_2/MDD_ldscore_PGC_UKB_23andme.out \
--overlap-annot  \
--frqfile-chr /dcs04/lieber/shared/statsgen/LDSC/base/referencefiles/1000G_Phase3_frq/1000G.EUR.QC. \
--w-ld-chr /dcs04/lieber/shared/statsgen/LDSC/base/referencefiles/1000G_Phase3_weights_hm3_no_MHC/weights.hm3_noMHC. \
--print-coefficients  

Beginning analysis at Tue Aug 20 17:06:14 2024
Reading summary statistics from /dcs04/lieber/shared/statsgen/LDSC/base/gwas_brain/MDD_ldscore_PGC_UKB_23andme.gz ...
Read summary statistics for 1131508 SNPs.
Reading reference panel LD Score from ./out_ADARB2_TRPS1.SATB2_MPPED1/chr.,/dcs04/lieber/shared/statsgen/LDSC/base/baseline2/baselineLD.[1-22] ... (ldscore_fromlist)
Read reference panel LD Scores for 1195563 SNPs.
Removing partitioned LD Scores with zero variance.
Reading regression weight LD Score from /dcs04/lieber/shared/statsgen/LDSC/base/referencefiles/1000G_Phase3_weights_hm3_no_MHC/weights.hm3_noMHC.[1-22] ... (ldscore_fromlist)
Read regression weight LD Scores for 1187349 SNPs.
After merging with reference panel LD, 1131505 SNPs remain.
After merging with regression SNP LD, 1041746 SNPs remain.
Removed 0 SNPs with chi^2 > 684.817 (1041746 SNPs remain)
Total Observed scale h2: 0.0598 (0.0023)
Categories: L2_0 baseL2_1 Coding_UCSCL2_1 Coding_UCSC.flanking.500L2_1 Conserved_LindbladTohL2_1 Conserved_LindbladToh.flanking.500L2_1 CTCF_HoffmanL2_1 CTCF_Hoffman.flanking.500L2_1 DGF_ENCODEL2_1 DGF_ENCODE.flanking.500L2_1 DHS_peaks_TrynkaL2_1 DHS_TrynkaL2_1 DHS_Trynka.flanking.500L2_1 Enhancer_AnderssonL2_1 Enhancer_Andersson.flanking.500L2_1 Enhancer_HoffmanL2_1 Enhancer_Hoffman.flanking.500L2_1 FetalDHS_TrynkaL2_1 FetalDHS_Trynka.flanking.500L2_1 H3K27ac_HniszL2_1 H3K27ac_Hnisz.flanking.500L2_1 H3K27ac_PGC2L2_1 H3K27ac_PGC2.flanking.500L2_1 H3K4me1_peaks_TrynkaL2_1 H3K4me1_TrynkaL2_1 H3K4me1_Trynka.flanking.500L2_1 H3K4me3_peaks_TrynkaL2_1 H3K4me3_TrynkaL2_1 H3K4me3_Trynka.flanking.500L2_1 H3K9ac_peaks_TrynkaL2_1 H3K9ac_TrynkaL2_1 H3K9ac_Trynka.flanking.500L2_1 Intron_UCSCL2_1 Intron_UCSC.flanking.500L2_1 PromoterFlanking_HoffmanL2_1 PromoterFlanking_Hoffman.flanking.500L2_1 Promoter_UCSCL2_1 Promoter_UCSC.flanking.500L2_1 Repressed_HoffmanL2_1 Repressed_Hoffman.flanking.500L2_1 SuperEnhancer_HniszL2_1 SuperEnhancer_Hnisz.flanking.500L2_1 TFBS_ENCODEL2_1 TFBS_ENCODE.flanking.500L2_1 Transcr_HoffmanL2_1 Transcr_Hoffman.flanking.500L2_1 TSS_HoffmanL2_1 TSS_Hoffman.flanking.500L2_1 UTR_3_UCSCL2_1 UTR_3_UCSC.flanking.500L2_1 UTR_5_UCSCL2_1 UTR_5_UCSC.flanking.500L2_1 WeakEnhancer_HoffmanL2_1 WeakEnhancer_Hoffman.flanking.500L2_1 GERP.NSL2_1 GERP.RSsup4L2_1 MAFbin1L2_1 MAFbin2L2_1 MAFbin3L2_1 MAFbin4L2_1 MAFbin5L2_1 MAFbin6L2_1 MAFbin7L2_1 MAFbin8L2_1 MAFbin9L2_1 MAFbin10L2_1 MAF_Adj_Predicted_Allele_AgeL2_1 MAF_Adj_LLD_AFRL2_1 Recomb_Rate_10kbL2_1 Nucleotide_Diversity_10kbL2_1 Backgrd_Selection_StatL2_1 CpG_Content_50kbL2_1 MAF_Adj_ASMCL2_1 GTEx_eQTL_MaxCPPL2_1 BLUEPRINT_H3K27acQTL_MaxCPPL2_1 BLUEPRINT_H3K4me1QTL_MaxCPPL2_1 BLUEPRINT_DNA_methylation_MaxCPPL2_1 synonymousL2_1 non_synonymousL2_1 Conserved_Vertebrate_phastCons46wayL2_1 Conserved_Vertebrate_phastCons46way.flanking.500L2_1 Conserved_Mammal_phastCons46wayL2_1 Conserved_Mammal_phastCons46way.flanking.500L2_1 Conserved_Primate_phastCons46wayL2_1 Conserved_Primate_phastCons46way.flanking.500L2_1 BivFlnkL2_1 BivFlnk.flanking.500L2_1 Human_Promoter_VillarL2_1 Human_Promoter_Villar.flanking.500L2_1 Human_Enhancer_VillarL2_1 Human_Enhancer_Villar.flanking.500L2_1 Ancient_Sequence_Age_Human_PromoterL2_1 Ancient_Sequence_Age_Human_Promoter.flanking.500L2_1 Ancient_Sequence_Age_Human_EnhancerL2_1 Ancient_Sequence_Age_Human_Enhancer.flanking.500L2_1 Human_Enhancer_Villar_Species_Enhancer_CountL2_1 Human_Promoter_Villar_ExACL2_1 Human_Promoter_Villar_ExAC.flanking.500L2_1
Lambda GC: 1.6301
Mean Chi^2: 1.8525
Intercept: 1.0523 (0.0123)
Ratio: 0.0613 (0.0145)
Reading annot matrix from ./out_ADARB2_TRPS1.SATB2_MPPED1/chr.,/dcs04/lieber/shared/statsgen/LDSC/base/baseline2/baselineLD.[1-22] ... (annot)
Results printed to ./out_ADARB2_TRPS1.SATB2_MPPED1_2/MDD_ldscore_PGC_UKB_23andme.out.results
Analysis finished at Tue Aug 20 17:08:27 2024
Total time elapsed: 2.0m:13.12s
*********************************************************************
* LD Score Regression (LDSC)
* Version 1.0.1
* (C) 2014-2019 Brendan Bulik-Sullivan and Hilary Finucane
* Broad Institute of MIT and Harvard / MIT Department of Mathematics
* GNU General Public License v3
*********************************************************************
Call: 
./ldsc.py \
--h2 /dcs04/lieber/shared/statsgen/LDSC/base/gwas_brain/MEGASTROKE.1.AS.EUR_ldscore.gz \
--ref-ld-chr ./out_ADARB2_TRPS1.SATB2_MPPED1/chr.,/dcs04/lieber/shared/statsgen/LDSC/base/baseline2/baselineLD. \
--out ./out_ADARB2_TRPS1.SATB2_MPPED1_2/MEGASTROKE.1.AS.EUR_ldscore.out \
--overlap-annot  \
--frqfile-chr /dcs04/lieber/shared/statsgen/LDSC/base/referencefiles/1000G_Phase3_frq/1000G.EUR.QC. \
--w-ld-chr /dcs04/lieber/shared/statsgen/LDSC/base/referencefiles/1000G_Phase3_weights_hm3_no_MHC/weights.hm3_noMHC. \
--print-coefficients  

Beginning analysis at Tue Aug 20 17:08:31 2024
Reading summary statistics from /dcs04/lieber/shared/statsgen/LDSC/base/gwas_brain/MEGASTROKE.1.AS.EUR_ldscore.gz ...
Read summary statistics for 1163011 SNPs.
Reading reference panel LD Score from ./out_ADARB2_TRPS1.SATB2_MPPED1/chr.,/dcs04/lieber/shared/statsgen/LDSC/base/baseline2/baselineLD.[1-22] ... (ldscore_fromlist)
Read reference panel LD Scores for 1195563 SNPs.
Removing partitioned LD Scores with zero variance.
Reading regression weight LD Score from /dcs04/lieber/shared/statsgen/LDSC/base/referencefiles/1000G_Phase3_weights_hm3_no_MHC/weights.hm3_noMHC.[1-22] ... (ldscore_fromlist)
Read regression weight LD Scores for 1187349 SNPs.
After merging with reference panel LD, 1163008 SNPs remain.
After merging with regression SNP LD, 1066668 SNPs remain.
Removed 0 SNPs with chi^2 > 147.59 (1066668 SNPs remain)
Total Observed scale h2: 0.0472 (0.006)
Categories: L2_0 baseL2_1 Coding_UCSCL2_1 Coding_UCSC.flanking.500L2_1 Conserved_LindbladTohL2_1 Conserved_LindbladToh.flanking.500L2_1 CTCF_HoffmanL2_1 CTCF_Hoffman.flanking.500L2_1 DGF_ENCODEL2_1 DGF_ENCODE.flanking.500L2_1 DHS_peaks_TrynkaL2_1 DHS_TrynkaL2_1 DHS_Trynka.flanking.500L2_1 Enhancer_AnderssonL2_1 Enhancer_Andersson.flanking.500L2_1 Enhancer_HoffmanL2_1 Enhancer_Hoffman.flanking.500L2_1 FetalDHS_TrynkaL2_1 FetalDHS_Trynka.flanking.500L2_1 H3K27ac_HniszL2_1 H3K27ac_Hnisz.flanking.500L2_1 H3K27ac_PGC2L2_1 H3K27ac_PGC2.flanking.500L2_1 H3K4me1_peaks_TrynkaL2_1 H3K4me1_TrynkaL2_1 H3K4me1_Trynka.flanking.500L2_1 H3K4me3_peaks_TrynkaL2_1 H3K4me3_TrynkaL2_1 H3K4me3_Trynka.flanking.500L2_1 H3K9ac_peaks_TrynkaL2_1 H3K9ac_TrynkaL2_1 H3K9ac_Trynka.flanking.500L2_1 Intron_UCSCL2_1 Intron_UCSC.flanking.500L2_1 PromoterFlanking_HoffmanL2_1 PromoterFlanking_Hoffman.flanking.500L2_1 Promoter_UCSCL2_1 Promoter_UCSC.flanking.500L2_1 Repressed_HoffmanL2_1 Repressed_Hoffman.flanking.500L2_1 SuperEnhancer_HniszL2_1 SuperEnhancer_Hnisz.flanking.500L2_1 TFBS_ENCODEL2_1 TFBS_ENCODE.flanking.500L2_1 Transcr_HoffmanL2_1 Transcr_Hoffman.flanking.500L2_1 TSS_HoffmanL2_1 TSS_Hoffman.flanking.500L2_1 UTR_3_UCSCL2_1 UTR_3_UCSC.flanking.500L2_1 UTR_5_UCSCL2_1 UTR_5_UCSC.flanking.500L2_1 WeakEnhancer_HoffmanL2_1 WeakEnhancer_Hoffman.flanking.500L2_1 GERP.NSL2_1 GERP.RSsup4L2_1 MAFbin1L2_1 MAFbin2L2_1 MAFbin3L2_1 MAFbin4L2_1 MAFbin5L2_1 MAFbin6L2_1 MAFbin7L2_1 MAFbin8L2_1 MAFbin9L2_1 MAFbin10L2_1 MAF_Adj_Predicted_Allele_AgeL2_1 MAF_Adj_LLD_AFRL2_1 Recomb_Rate_10kbL2_1 Nucleotide_Diversity_10kbL2_1 Backgrd_Selection_StatL2_1 CpG_Content_50kbL2_1 MAF_Adj_ASMCL2_1 GTEx_eQTL_MaxCPPL2_1 BLUEPRINT_H3K27acQTL_MaxCPPL2_1 BLUEPRINT_H3K4me1QTL_MaxCPPL2_1 BLUEPRINT_DNA_methylation_MaxCPPL2_1 synonymousL2_1 non_synonymousL2_1 Conserved_Vertebrate_phastCons46wayL2_1 Conserved_Vertebrate_phastCons46way.flanking.500L2_1 Conserved_Mammal_phastCons46wayL2_1 Conserved_Mammal_phastCons46way.flanking.500L2_1 Conserved_Primate_phastCons46wayL2_1 Conserved_Primate_phastCons46way.flanking.500L2_1 BivFlnkL2_1 BivFlnk.flanking.500L2_1 Human_Promoter_VillarL2_1 Human_Promoter_Villar.flanking.500L2_1 Human_Enhancer_VillarL2_1 Human_Enhancer_Villar.flanking.500L2_1 Ancient_Sequence_Age_Human_PromoterL2_1 Ancient_Sequence_Age_Human_Promoter.flanking.500L2_1 Ancient_Sequence_Age_Human_EnhancerL2_1 Ancient_Sequence_Age_Human_Enhancer.flanking.500L2_1 Human_Enhancer_Villar_Species_Enhancer_CountL2_1 Human_Promoter_Villar_ExACL2_1 Human_Promoter_Villar_ExAC.flanking.500L2_1
Lambda GC: 1.1257
Mean Chi^2: 1.1486
Intercept: 1.0327 (0.0086)
Ratio: 0.2202 (0.0582)
Reading annot matrix from ./out_ADARB2_TRPS1.SATB2_MPPED1/chr.,/dcs04/lieber/shared/statsgen/LDSC/base/baseline2/baselineLD.[1-22] ... (annot)
Results printed to ./out_ADARB2_TRPS1.SATB2_MPPED1_2/MEGASTROKE.1.AS.EUR_ldscore.out.results
Analysis finished at Tue Aug 20 17:10:46 2024
Total time elapsed: 2.0m:15.21s
*********************************************************************
* LD Score Regression (LDSC)
* Version 1.0.1
* (C) 2014-2019 Brendan Bulik-Sullivan and Hilary Finucane
* Broad Institute of MIT and Harvard / MIT Department of Mathematics
* GNU General Public License v3
*********************************************************************
Call: 
./ldsc.py \
--h2 /dcs04/lieber/shared/statsgen/LDSC/base/gwas_brain/MEGASTROKE.2.AIS.EUR_ldscore.gz \
--ref-ld-chr ./out_ADARB2_TRPS1.SATB2_MPPED1/chr.,/dcs04/lieber/shared/statsgen/LDSC/base/baseline2/baselineLD. \
--out ./out_ADARB2_TRPS1.SATB2_MPPED1_2/MEGASTROKE.2.AIS.EUR_ldscore.out \
--overlap-annot  \
--frqfile-chr /dcs04/lieber/shared/statsgen/LDSC/base/referencefiles/1000G_Phase3_frq/1000G.EUR.QC. \
--w-ld-chr /dcs04/lieber/shared/statsgen/LDSC/base/referencefiles/1000G_Phase3_weights_hm3_no_MHC/weights.hm3_noMHC. \
--print-coefficients  

Beginning analysis at Tue Aug 20 17:10:47 2024
Reading summary statistics from /dcs04/lieber/shared/statsgen/LDSC/base/gwas_brain/MEGASTROKE.2.AIS.EUR_ldscore.gz ...
Read summary statistics for 1163984 SNPs.
Reading reference panel LD Score from ./out_ADARB2_TRPS1.SATB2_MPPED1/chr.,/dcs04/lieber/shared/statsgen/LDSC/base/baseline2/baselineLD.[1-22] ... (ldscore_fromlist)
Read reference panel LD Scores for 1195563 SNPs.
Removing partitioned LD Scores with zero variance.
Reading regression weight LD Score from /dcs04/lieber/shared/statsgen/LDSC/base/referencefiles/1000G_Phase3_weights_hm3_no_MHC/weights.hm3_noMHC.[1-22] ... (ldscore_fromlist)
Read regression weight LD Scores for 1187349 SNPs.
After merging with reference panel LD, 1163981 SNPs remain.
After merging with regression SNP LD, 1067382 SNPs remain.
Removed 0 SNPs with chi^2 > 147.59 (1067382 SNPs remain)
Total Observed scale h2: 0.0517 (0.0054)
Categories: L2_0 baseL2_1 Coding_UCSCL2_1 Coding_UCSC.flanking.500L2_1 Conserved_LindbladTohL2_1 Conserved_LindbladToh.flanking.500L2_1 CTCF_HoffmanL2_1 CTCF_Hoffman.flanking.500L2_1 DGF_ENCODEL2_1 DGF_ENCODE.flanking.500L2_1 DHS_peaks_TrynkaL2_1 DHS_TrynkaL2_1 DHS_Trynka.flanking.500L2_1 Enhancer_AnderssonL2_1 Enhancer_Andersson.flanking.500L2_1 Enhancer_HoffmanL2_1 Enhancer_Hoffman.flanking.500L2_1 FetalDHS_TrynkaL2_1 FetalDHS_Trynka.flanking.500L2_1 H3K27ac_HniszL2_1 H3K27ac_Hnisz.flanking.500L2_1 H3K27ac_PGC2L2_1 H3K27ac_PGC2.flanking.500L2_1 H3K4me1_peaks_TrynkaL2_1 H3K4me1_TrynkaL2_1 H3K4me1_Trynka.flanking.500L2_1 H3K4me3_peaks_TrynkaL2_1 H3K4me3_TrynkaL2_1 H3K4me3_Trynka.flanking.500L2_1 H3K9ac_peaks_TrynkaL2_1 H3K9ac_TrynkaL2_1 H3K9ac_Trynka.flanking.500L2_1 Intron_UCSCL2_1 Intron_UCSC.flanking.500L2_1 PromoterFlanking_HoffmanL2_1 PromoterFlanking_Hoffman.flanking.500L2_1 Promoter_UCSCL2_1 Promoter_UCSC.flanking.500L2_1 Repressed_HoffmanL2_1 Repressed_Hoffman.flanking.500L2_1 SuperEnhancer_HniszL2_1 SuperEnhancer_Hnisz.flanking.500L2_1 TFBS_ENCODEL2_1 TFBS_ENCODE.flanking.500L2_1 Transcr_HoffmanL2_1 Transcr_Hoffman.flanking.500L2_1 TSS_HoffmanL2_1 TSS_Hoffman.flanking.500L2_1 UTR_3_UCSCL2_1 UTR_3_UCSC.flanking.500L2_1 UTR_5_UCSCL2_1 UTR_5_UCSC.flanking.500L2_1 WeakEnhancer_HoffmanL2_1 WeakEnhancer_Hoffman.flanking.500L2_1 GERP.NSL2_1 GERP.RSsup4L2_1 MAFbin1L2_1 MAFbin2L2_1 MAFbin3L2_1 MAFbin4L2_1 MAFbin5L2_1 MAFbin6L2_1 MAFbin7L2_1 MAFbin8L2_1 MAFbin9L2_1 MAFbin10L2_1 MAF_Adj_Predicted_Allele_AgeL2_1 MAF_Adj_LLD_AFRL2_1 Recomb_Rate_10kbL2_1 Nucleotide_Diversity_10kbL2_1 Backgrd_Selection_StatL2_1 CpG_Content_50kbL2_1 MAF_Adj_ASMCL2_1 GTEx_eQTL_MaxCPPL2_1 BLUEPRINT_H3K27acQTL_MaxCPPL2_1 BLUEPRINT_H3K4me1QTL_MaxCPPL2_1 BLUEPRINT_DNA_methylation_MaxCPPL2_1 synonymousL2_1 non_synonymousL2_1 Conserved_Vertebrate_phastCons46wayL2_1 Conserved_Vertebrate_phastCons46way.flanking.500L2_1 Conserved_Mammal_phastCons46wayL2_1 Conserved_Mammal_phastCons46way.flanking.500L2_1 Conserved_Primate_phastCons46wayL2_1 Conserved_Primate_phastCons46way.flanking.500L2_1 BivFlnkL2_1 BivFlnk.flanking.500L2_1 Human_Promoter_VillarL2_1 Human_Promoter_Villar.flanking.500L2_1 Human_Enhancer_VillarL2_1 Human_Enhancer_Villar.flanking.500L2_1 Ancient_Sequence_Age_Human_PromoterL2_1 Ancient_Sequence_Age_Human_Promoter.flanking.500L2_1 Ancient_Sequence_Age_Human_EnhancerL2_1 Ancient_Sequence_Age_Human_Enhancer.flanking.500L2_1 Human_Enhancer_Villar_Species_Enhancer_CountL2_1 Human_Promoter_Villar_ExACL2_1 Human_Promoter_Villar_ExAC.flanking.500L2_1
Lambda GC: 1.1242
Mean Chi^2: 1.1412
Intercept: 1.0171 (0.0081)
Ratio: 0.1209 (0.057)
Reading annot matrix from ./out_ADARB2_TRPS1.SATB2_MPPED1/chr.,/dcs04/lieber/shared/statsgen/LDSC/base/baseline2/baselineLD.[1-22] ... (annot)
Results printed to ./out_ADARB2_TRPS1.SATB2_MPPED1_2/MEGASTROKE.2.AIS.EUR_ldscore.out.results
Analysis finished at Tue Aug 20 17:13:00 2024
Total time elapsed: 2.0m:13.1s
*********************************************************************
* LD Score Regression (LDSC)
* Version 1.0.1
* (C) 2014-2019 Brendan Bulik-Sullivan and Hilary Finucane
* Broad Institute of MIT and Harvard / MIT Department of Mathematics
* GNU General Public License v3
*********************************************************************
Call: 
./ldsc.py \
--h2 /dcs04/lieber/shared/statsgen/LDSC/base/gwas_brain/PASS_Type_2_Diabetes.sumstats.gz \
--ref-ld-chr ./out_ADARB2_TRPS1.SATB2_MPPED1/chr.,/dcs04/lieber/shared/statsgen/LDSC/base/baseline2/baselineLD. \
--out ./out_ADARB2_TRPS1.SATB2_MPPED1_2/PASS_Type_2_Diabetes.sumstats.out \
--overlap-annot  \
--frqfile-chr /dcs04/lieber/shared/statsgen/LDSC/base/referencefiles/1000G_Phase3_frq/1000G.EUR.QC. \
--w-ld-chr /dcs04/lieber/shared/statsgen/LDSC/base/referencefiles/1000G_Phase3_weights_hm3_no_MHC/weights.hm3_noMHC. \
--print-coefficients  

Beginning analysis at Tue Aug 20 17:13:02 2024
Reading summary statistics from /dcs04/lieber/shared/statsgen/LDSC/base/gwas_brain/PASS_Type_2_Diabetes.sumstats.gz ...
Read summary statistics for 968509 SNPs.
Reading reference panel LD Score from ./out_ADARB2_TRPS1.SATB2_MPPED1/chr.,/dcs04/lieber/shared/statsgen/LDSC/base/baseline2/baselineLD.[1-22] ... (ldscore_fromlist)
Read reference panel LD Scores for 1195563 SNPs.
Removing partitioned LD Scores with zero variance.
Reading regression weight LD Score from /dcs04/lieber/shared/statsgen/LDSC/base/referencefiles/1000G_Phase3_weights_hm3_no_MHC/weights.hm3_noMHC.[1-22] ... (ldscore_fromlist)
Read regression weight LD Scores for 1187349 SNPs.
After merging with reference panel LD, 886374 SNPs remain.
After merging with regression SNP LD, 886374 SNPs remain.
Removed 0 SNPs with chi^2 > 80 (886374 SNPs remain)
Total Observed scale h2: 0.0938 (0.0152)
Categories: L2_0 baseL2_1 Coding_UCSCL2_1 Coding_UCSC.flanking.500L2_1 Conserved_LindbladTohL2_1 Conserved_LindbladToh.flanking.500L2_1 CTCF_HoffmanL2_1 CTCF_Hoffman.flanking.500L2_1 DGF_ENCODEL2_1 DGF_ENCODE.flanking.500L2_1 DHS_peaks_TrynkaL2_1 DHS_TrynkaL2_1 DHS_Trynka.flanking.500L2_1 Enhancer_AnderssonL2_1 Enhancer_Andersson.flanking.500L2_1 Enhancer_HoffmanL2_1 Enhancer_Hoffman.flanking.500L2_1 FetalDHS_TrynkaL2_1 FetalDHS_Trynka.flanking.500L2_1 H3K27ac_HniszL2_1 H3K27ac_Hnisz.flanking.500L2_1 H3K27ac_PGC2L2_1 H3K27ac_PGC2.flanking.500L2_1 H3K4me1_peaks_TrynkaL2_1 H3K4me1_TrynkaL2_1 H3K4me1_Trynka.flanking.500L2_1 H3K4me3_peaks_TrynkaL2_1 H3K4me3_TrynkaL2_1 H3K4me3_Trynka.flanking.500L2_1 H3K9ac_peaks_TrynkaL2_1 H3K9ac_TrynkaL2_1 H3K9ac_Trynka.flanking.500L2_1 Intron_UCSCL2_1 Intron_UCSC.flanking.500L2_1 PromoterFlanking_HoffmanL2_1 PromoterFlanking_Hoffman.flanking.500L2_1 Promoter_UCSCL2_1 Promoter_UCSC.flanking.500L2_1 Repressed_HoffmanL2_1 Repressed_Hoffman.flanking.500L2_1 SuperEnhancer_HniszL2_1 SuperEnhancer_Hnisz.flanking.500L2_1 TFBS_ENCODEL2_1 TFBS_ENCODE.flanking.500L2_1 Transcr_HoffmanL2_1 Transcr_Hoffman.flanking.500L2_1 TSS_HoffmanL2_1 TSS_Hoffman.flanking.500L2_1 UTR_3_UCSCL2_1 UTR_3_UCSC.flanking.500L2_1 UTR_5_UCSCL2_1 UTR_5_UCSC.flanking.500L2_1 WeakEnhancer_HoffmanL2_1 WeakEnhancer_Hoffman.flanking.500L2_1 GERP.NSL2_1 GERP.RSsup4L2_1 MAFbin1L2_1 MAFbin2L2_1 MAFbin3L2_1 MAFbin4L2_1 MAFbin5L2_1 MAFbin6L2_1 MAFbin7L2_1 MAFbin8L2_1 MAFbin9L2_1 MAFbin10L2_1 MAF_Adj_Predicted_Allele_AgeL2_1 MAF_Adj_LLD_AFRL2_1 Recomb_Rate_10kbL2_1 Nucleotide_Diversity_10kbL2_1 Backgrd_Selection_StatL2_1 CpG_Content_50kbL2_1 MAF_Adj_ASMCL2_1 GTEx_eQTL_MaxCPPL2_1 BLUEPRINT_H3K27acQTL_MaxCPPL2_1 BLUEPRINT_H3K4me1QTL_MaxCPPL2_1 BLUEPRINT_DNA_methylation_MaxCPPL2_1 synonymousL2_1 non_synonymousL2_1 Conserved_Vertebrate_phastCons46wayL2_1 Conserved_Vertebrate_phastCons46way.flanking.500L2_1 Conserved_Mammal_phastCons46wayL2_1 Conserved_Mammal_phastCons46way.flanking.500L2_1 Conserved_Primate_phastCons46wayL2_1 Conserved_Primate_phastCons46way.flanking.500L2_1 BivFlnkL2_1 BivFlnk.flanking.500L2_1 Human_Promoter_VillarL2_1 Human_Promoter_Villar.flanking.500L2_1 Human_Enhancer_VillarL2_1 Human_Enhancer_Villar.flanking.500L2_1 Ancient_Sequence_Age_Human_PromoterL2_1 Ancient_Sequence_Age_Human_Promoter.flanking.500L2_1 Ancient_Sequence_Age_Human_EnhancerL2_1 Ancient_Sequence_Age_Human_Enhancer.flanking.500L2_1 Human_Enhancer_Villar_Species_Enhancer_CountL2_1 Human_Promoter_Villar_ExACL2_1 Human_Promoter_Villar_ExAC.flanking.500L2_1
Lambda GC: 1.0957
Mean Chi^2: 1.131
Intercept: 1.02 (0.01)
Ratio: 0.1527 (0.0762)
Reading annot matrix from ./out_ADARB2_TRPS1.SATB2_MPPED1/chr.,/dcs04/lieber/shared/statsgen/LDSC/base/baseline2/baselineLD.[1-22] ... (annot)
Results printed to ./out_ADARB2_TRPS1.SATB2_MPPED1_2/PASS_Type_2_Diabetes.sumstats.out.results
Analysis finished at Tue Aug 20 17:15:10 2024
Total time elapsed: 2.0m:8.52s
**** Job ends ****
Tue Aug 20 05:15:11 PM EDT 2024
