*********************************************************************
* LD Score Regression (LDSC)
* Version 1.0.1
* (C) 2014-2019 Brendan Bulik-Sullivan and Hilary Finucane
* Broad Institute of MIT and Harvard / MIT Department of Mathematics
* GNU General Public License v3
*********************************************************************
Call: 
./ldsc.py \
--print-snps /dcs04/lieber/shared/statsgen/LDSC/base/referencefiles/hapmap3_snps/hm.11.snp \
--ld-wind-cm 1.0 \
--out ./out_ADARB2_TRPS1.THSD7B_CALB2/chr.11 \
--bfile /dcs04/lieber/shared/statsgen/LDSC/base/referencefiles/1000G_EUR_Phase3_plink/1000G.EUR.QC.11 \
--thin-annot  \
--annot ./out_ADARB2_TRPS1.THSD7B_CALB2/chr.11.annot.gz \
--l2  

Beginning analysis at Tue Aug 20 15:23:37 2024
Read list of 493922 SNPs from /dcs04/lieber/shared/statsgen/LDSC/base/referencefiles/1000G_EUR_Phase3_plink/1000G.EUR.QC.11.bim
Read 1 annotations for 493922 SNPs from ./out_ADARB2_TRPS1.THSD7B_CALB2/chr.11.annot.gz
Read list of 489 individuals from /dcs04/lieber/shared/statsgen/LDSC/base/referencefiles/1000G_EUR_Phase3_plink/1000G.EUR.QC.11.fam
Reading genotypes from /dcs04/lieber/shared/statsgen/LDSC/base/referencefiles/1000G_EUR_Phase3_plink/1000G.EUR.QC.11.bed
Estimating LD Score.
Reading list of 71092 SNPs for which to print LD Scores from /dcs04/lieber/shared/statsgen/LDSC/base/referencefiles/hapmap3_snps/hm.11.snp
After merging with --print-snps, LD Scores for 61027 SNPs will be printed.
Writing LD Scores for 61027 SNPs to ./out_ADARB2_TRPS1.THSD7B_CALB2/chr.11.l2.ldscore.gz

Summary of LD Scores in ./out_ADARB2_TRPS1.THSD7B_CALB2/chr.11.l2.ldscore.gz
         MAF        L2
mean  0.2389   16.4566
std   0.1430   38.7014
min   0.0051   -2.4801
25%   0.1145    0.0000
50%   0.2301    0.1856
75%   0.3609    9.0620
max   0.5000  462.2347

MAF/LD Score Correlation Matrix
        MAF      L2
MAF  1.0000  0.0722
L2   0.0722  1.0000

Annotation Correlation Matrix
       ANNOT
ANNOT    1.0

Annotation Matrix Column Sums
ANNOT    64715

Summary of Annotation Matrix Row Sums
count    493922.0000
mean          0.1310
std           0.3374
min           0.0000
25%           0.0000
50%           0.0000
75%           0.0000
max           1.0000
Analysis finished at Tue Aug 20 15:28:05 2024
Total time elapsed: 4.0m:27.77s
