**** Job starts ****
Tue Aug 20 02:47:38 PM EDT 2024
*********************************************************************
* LD Score Regression (LDSC)
* Version 1.0.1
* (C) 2014-2019 Brendan Bulik-Sullivan and Hilary Finucane
* Broad Institute of MIT and Harvard / MIT Department of Mathematics
* GNU General Public License v3
*********************************************************************
Call: 
./ldsc.py \
--print-snps /dcs04/lieber/shared/statsgen/LDSC/base/referencefiles/hapmap3_snps/hm.7.snp \
--ld-wind-cm 1.0 \
--out ./out_RXFP1_KIAA1217/chr.7 \
--bfile /dcs04/lieber/shared/statsgen/LDSC/base/referencefiles/1000G_EUR_Phase3_plink/1000G.EUR.QC.7 \
--thin-annot  \
--annot ./out_RXFP1_KIAA1217/chr.7.annot.gz \
--l2  

Beginning analysis at Tue Aug 20 14:47:39 2024
Read list of 589569 SNPs from /dcs04/lieber/shared/statsgen/LDSC/base/referencefiles/1000G_EUR_Phase3_plink/1000G.EUR.QC.7.bim
Read 1 annotations for 589569 SNPs from ./out_RXFP1_KIAA1217/chr.7.annot.gz
Read list of 489 individuals from /dcs04/lieber/shared/statsgen/LDSC/base/referencefiles/1000G_EUR_Phase3_plink/1000G.EUR.QC.7.fam
Reading genotypes from /dcs04/lieber/shared/statsgen/LDSC/base/referencefiles/1000G_EUR_Phase3_plink/1000G.EUR.QC.7.bed
After filtering, 589569 SNPs remain
Estimating LD Score.
Reading list of 75316 SNPs for which to print LD Scores from /dcs04/lieber/shared/statsgen/LDSC/base/referencefiles/hapmap3_snps/hm.7.snp
After merging with --print-snps, LD Scores for 65848 SNPs will be printed.
Writing LD Scores for 65848 SNPs to ./out_RXFP1_KIAA1217/chr.7.l2.ldscore.gz

Summary of LD Scores in ./out_RXFP1_KIAA1217/chr.7.l2.ldscore.gz
         MAF        L2
mean  0.2376   14.3165
std   0.1437   40.3173
min   0.0051   -2.2222
25%   0.1104    0.0000
50%   0.2290    0.0199
75%   0.3609    4.6070
max   0.5000  607.2982

MAF/LD Score Correlation Matrix
        MAF      L2
MAF  1.0000  0.0617
L2   0.0617  1.0000

Annotation Correlation Matrix
       ANNOT
ANNOT    1.0

Annotation Matrix Column Sums
ANNOT    67348

Summary of Annotation Matrix Row Sums
count    589569.0000
mean          0.1142
std           0.3181
min           0.0000
25%           0.0000
50%           0.0000
75%           0.0000
max           1.0000
Analysis finished at Tue Aug 20 14:50:27 2024
Total time elapsed: 2.0m:48.26s
*********************************************************************
* LD Score Regression (LDSC)
* Version 1.0.1
* (C) 2014-2019 Brendan Bulik-Sullivan and Hilary Finucane
* Broad Institute of MIT and Harvard / MIT Department of Mathematics
* GNU General Public License v3
*********************************************************************
Call: 
./ldsc.py \
--print-snps /dcs04/lieber/shared/statsgen/LDSC/base/referencefiles/hapmap3_snps/hm.8.snp \
--ld-wind-cm 1.0 \
--out ./out_RXFP1_KIAA1217/chr.8 \
--bfile /dcs04/lieber/shared/statsgen/LDSC/base/referencefiles/1000G_EUR_Phase3_plink/1000G.EUR.QC.8 \
--thin-annot  \
--annot ./out_RXFP1_KIAA1217/chr.8.annot.gz \
--l2  

Beginning analysis at Tue Aug 20 14:50:28 2024
Read list of 549971 SNPs from /dcs04/lieber/shared/statsgen/LDSC/base/referencefiles/1000G_EUR_Phase3_plink/1000G.EUR.QC.8.bim
Read 1 annotations for 549971 SNPs from ./out_RXFP1_KIAA1217/chr.8.annot.gz
Read list of 489 individuals from /dcs04/lieber/shared/statsgen/LDSC/base/referencefiles/1000G_EUR_Phase3_plink/1000G.EUR.QC.8.fam
Reading genotypes from /dcs04/lieber/shared/statsgen/LDSC/base/referencefiles/1000G_EUR_Phase3_plink/1000G.EUR.QC.8.bed
After filtering, 549971 SNPs remain
Estimating LD Score.
Reading list of 75345 SNPs for which to print LD Scores from /dcs04/lieber/shared/statsgen/LDSC/base/referencefiles/hapmap3_snps/hm.8.snp
After merging with --print-snps, LD Scores for 65167 SNPs will be printed.
Writing LD Scores for 65167 SNPs to ./out_RXFP1_KIAA1217/chr.8.l2.ldscore.gz

Summary of LD Scores in ./out_RXFP1_KIAA1217/chr.8.l2.ldscore.gz
         MAF        L2
mean  0.2368   14.8048
std   0.1438   47.9752
min   0.0051   -1.7534
25%   0.1094    0.0000
50%   0.2270    0.0000
75%   0.3599    3.5698
max   0.5000  593.3663

MAF/LD Score Correlation Matrix
        MAF      L2
MAF  1.0000  0.0395
L2   0.0395  1.0000

Annotation Correlation Matrix
       ANNOT
ANNOT    1.0

Annotation Matrix Column Sums
ANNOT    54757

Summary of Annotation Matrix Row Sums
count    549971.0000
mean          0.0996
std           0.2994
min           0.0000
25%           0.0000
50%           0.0000
75%           0.0000
max           1.0000
Analysis finished at Tue Aug 20 14:52:52 2024
Total time elapsed: 2.0m:24.45s
*********************************************************************
* LD Score Regression (LDSC)
* Version 1.0.1
* (C) 2014-2019 Brendan Bulik-Sullivan and Hilary Finucane
* Broad Institute of MIT and Harvard / MIT Department of Mathematics
* GNU General Public License v3
*********************************************************************
Call: 
./ldsc.py \
--print-snps /dcs04/lieber/shared/statsgen/LDSC/base/referencefiles/hapmap3_snps/hm.9.snp \
--ld-wind-cm 1.0 \
--out ./out_RXFP1_KIAA1217/chr.9 \
--bfile /dcs04/lieber/shared/statsgen/LDSC/base/referencefiles/1000G_EUR_Phase3_plink/1000G.EUR.QC.9 \
--thin-annot  \
--annot ./out_RXFP1_KIAA1217/chr.9.annot.gz \
--l2  

Beginning analysis at Tue Aug 20 14:52:52 2024
Read list of 438106 SNPs from /dcs04/lieber/shared/statsgen/LDSC/base/referencefiles/1000G_EUR_Phase3_plink/1000G.EUR.QC.9.bim
Read 1 annotations for 438106 SNPs from ./out_RXFP1_KIAA1217/chr.9.annot.gz
Read list of 489 individuals from /dcs04/lieber/shared/statsgen/LDSC/base/referencefiles/1000G_EUR_Phase3_plink/1000G.EUR.QC.9.fam
Reading genotypes from /dcs04/lieber/shared/statsgen/LDSC/base/referencefiles/1000G_EUR_Phase3_plink/1000G.EUR.QC.9.bed
After filtering, 438106 SNPs remain
Estimating LD Score.
Reading list of 63706 SNPs for which to print LD Scores from /dcs04/lieber/shared/statsgen/LDSC/base/referencefiles/hapmap3_snps/hm.9.snp
After merging with --print-snps, LD Scores for 55885 SNPs will be printed.
Writing LD Scores for 55885 SNPs to ./out_RXFP1_KIAA1217/chr.9.l2.ldscore.gz

Summary of LD Scores in ./out_RXFP1_KIAA1217/chr.9.l2.ldscore.gz
         MAF        L2
mean  0.2343   15.2378
std   0.1436   46.6656
min   0.0051   -3.1758
25%   0.1084    0.0000
50%   0.2239    0.0000
75%   0.3558    4.2285
max   0.5000  670.7156

MAF/LD Score Correlation Matrix
        MAF      L2
MAF  1.0000  0.0476
L2   0.0476  1.0000

Annotation Correlation Matrix
       ANNOT
ANNOT    1.0

Annotation Matrix Column Sums
ANNOT    63372

Summary of Annotation Matrix Row Sums
count    438106.0000
mean          0.1446
std           0.3517
min           0.0000
25%           0.0000
50%           0.0000
75%           0.0000
max           1.0000
Analysis finished at Tue Aug 20 14:54:18 2024
Total time elapsed: 1.0m:25.11s
*********************************************************************
* LD Score Regression (LDSC)
* Version 1.0.1
* (C) 2014-2019 Brendan Bulik-Sullivan and Hilary Finucane
* Broad Institute of MIT and Harvard / MIT Department of Mathematics
* GNU General Public License v3
*********************************************************************
Call: 
./ldsc.py \
--print-snps /dcs04/lieber/shared/statsgen/LDSC/base/referencefiles/hapmap3_snps/hm.10.snp \
--ld-wind-cm 1.0 \
--out ./out_RXFP1_KIAA1217/chr.10 \
--bfile /dcs04/lieber/shared/statsgen/LDSC/base/referencefiles/1000G_EUR_Phase3_plink/1000G.EUR.QC.10 \
--thin-annot  \
--annot ./out_RXFP1_KIAA1217/chr.10.annot.gz \
--l2  

Beginning analysis at Tue Aug 20 14:54:18 2024
Read list of 510501 SNPs from /dcs04/lieber/shared/statsgen/LDSC/base/referencefiles/1000G_EUR_Phase3_plink/1000G.EUR.QC.10.bim
Read 1 annotations for 510501 SNPs from ./out_RXFP1_KIAA1217/chr.10.annot.gz
Read list of 489 individuals from /dcs04/lieber/shared/statsgen/LDSC/base/referencefiles/1000G_EUR_Phase3_plink/1000G.EUR.QC.10.fam
Reading genotypes from /dcs04/lieber/shared/statsgen/LDSC/base/referencefiles/1000G_EUR_Phase3_plink/1000G.EUR.QC.10.bed
After filtering, 510501 SNPs remain
Estimating LD Score.
Reading list of 73929 SNPs for which to print LD Scores from /dcs04/lieber/shared/statsgen/LDSC/base/referencefiles/hapmap3_snps/hm.10.snp
After merging with --print-snps, LD Scores for 64236 SNPs will be printed.
Writing LD Scores for 64236 SNPs to ./out_RXFP1_KIAA1217/chr.10.l2.ldscore.gz

Summary of LD Scores in ./out_RXFP1_KIAA1217/chr.10.l2.ldscore.gz
         MAF        L2
mean  0.2316   13.7158
std   0.1438   39.3612
min   0.0051   -2.7731
25%   0.1053    0.0000
50%   0.2188    0.0000
75%   0.3538    4.0756
max   0.5000  393.4988

MAF/LD Score Correlation Matrix
        MAF      L2
MAF  1.0000  0.0221
L2   0.0221  1.0000

Annotation Correlation Matrix
       ANNOT
ANNOT    1.0

Annotation Matrix Column Sums
ANNOT    62052

Summary of Annotation Matrix Row Sums
count    510501.0000
mean          0.1216
std           0.3268
min           0.0000
25%           0.0000
50%           0.0000
75%           0.0000
max           1.0000
Analysis finished at Tue Aug 20 14:56:07 2024
Total time elapsed: 1.0m:48.59s
*********************************************************************
* LD Score Regression (LDSC)
* Version 1.0.1
* (C) 2014-2019 Brendan Bulik-Sullivan and Hilary Finucane
* Broad Institute of MIT and Harvard / MIT Department of Mathematics
* GNU General Public License v3
*********************************************************************
Call: 
./ldsc.py \
--print-snps /dcs04/lieber/shared/statsgen/LDSC/base/referencefiles/hapmap3_snps/hm.11.snp \
--ld-wind-cm 1.0 \
--out ./out_RXFP1_KIAA1217/chr.11 \
--bfile /dcs04/lieber/shared/statsgen/LDSC/base/referencefiles/1000G_EUR_Phase3_plink/1000G.EUR.QC.11 \
--thin-annot  \
--annot ./out_RXFP1_KIAA1217/chr.11.annot.gz \
--l2  

Beginning analysis at Tue Aug 20 14:56:07 2024
Read list of 493922 SNPs from /dcs04/lieber/shared/statsgen/LDSC/base/referencefiles/1000G_EUR_Phase3_plink/1000G.EUR.QC.11.bim
Read 1 annotations for 493922 SNPs from ./out_RXFP1_KIAA1217/chr.11.annot.gz
Read list of 489 individuals from /dcs04/lieber/shared/statsgen/LDSC/base/referencefiles/1000G_EUR_Phase3_plink/1000G.EUR.QC.11.fam
Reading genotypes from /dcs04/lieber/shared/statsgen/LDSC/base/referencefiles/1000G_EUR_Phase3_plink/1000G.EUR.QC.11.bed
After filtering, 493922 SNPs remain
Estimating LD Score.
Reading list of 71092 SNPs for which to print LD Scores from /dcs04/lieber/shared/statsgen/LDSC/base/referencefiles/hapmap3_snps/hm.11.snp
After merging with --print-snps, LD Scores for 61027 SNPs will be printed.
Writing LD Scores for 61027 SNPs to ./out_RXFP1_KIAA1217/chr.11.l2.ldscore.gz

Summary of LD Scores in ./out_RXFP1_KIAA1217/chr.11.l2.ldscore.gz
         MAF        L2
mean  0.2389   16.1005
std   0.1430   43.8789
min   0.0051   -2.6681
25%   0.1145    0.0000
50%   0.2301    0.1759
75%   0.3609    6.2918
max   0.5000  457.5568

MAF/LD Score Correlation Matrix
        MAF      L2
MAF  1.0000  0.0478
L2   0.0478  1.0000

Annotation Correlation Matrix
       ANNOT
ANNOT    1.0

Annotation Matrix Column Sums
ANNOT    60260

Summary of Annotation Matrix Row Sums
count    493922.0000
mean          0.1220
std           0.3273
min           0.0000
25%           0.0000
50%           0.0000
75%           0.0000
max           1.0000
Analysis finished at Tue Aug 20 14:58:55 2024
Total time elapsed: 2.0m:48.06s
*********************************************************************
* LD Score Regression (LDSC)
* Version 1.0.1
* (C) 2014-2019 Brendan Bulik-Sullivan and Hilary Finucane
* Broad Institute of MIT and Harvard / MIT Department of Mathematics
* GNU General Public License v3
*********************************************************************
Call: 
./ldsc.py \
--print-snps /dcs04/lieber/shared/statsgen/LDSC/base/referencefiles/hapmap3_snps/hm.12.snp \
--ld-wind-cm 1.0 \
--out ./out_RXFP1_KIAA1217/chr.12 \
--bfile /dcs04/lieber/shared/statsgen/LDSC/base/referencefiles/1000G_EUR_Phase3_plink/1000G.EUR.QC.12 \
--thin-annot  \
--annot ./out_RXFP1_KIAA1217/chr.12.annot.gz \
--l2  

Beginning analysis at Tue Aug 20 14:58:55 2024
Read list of 480110 SNPs from /dcs04/lieber/shared/statsgen/LDSC/base/referencefiles/1000G_EUR_Phase3_plink/1000G.EUR.QC.12.bim
Read 1 annotations for 480110 SNPs from ./out_RXFP1_KIAA1217/chr.12.annot.gz
Read list of 489 individuals from /dcs04/lieber/shared/statsgen/LDSC/base/referencefiles/1000G_EUR_Phase3_plink/1000G.EUR.QC.12.fam
Reading genotypes from /dcs04/lieber/shared/statsgen/LDSC/base/referencefiles/1000G_EUR_Phase3_plink/1000G.EUR.QC.12.bed
After filtering, 480110 SNPs remain
Estimating LD Score.
Reading list of 68635 SNPs for which to print LD Scores from /dcs04/lieber/shared/statsgen/LDSC/base/referencefiles/hapmap3_snps/hm.12.snp
After merging with --print-snps, LD Scores for 58127 SNPs will be printed.
Writing LD Scores for 58127 SNPs to ./out_RXFP1_KIAA1217/chr.12.l2.ldscore.gz

Summary of LD Scores in ./out_RXFP1_KIAA1217/chr.12.l2.ldscore.gz
         MAF        L2
mean  0.2320   14.6604
std   0.1438   35.1592
min   0.0051   -2.3295
25%   0.1063    0.0000
50%   0.2198    0.2904
75%   0.3548    6.5816
max   0.5000  346.8471

MAF/LD Score Correlation Matrix
      MAF    L2
MAF  1.00  0.06
L2   0.06  1.00

Annotation Correlation Matrix
       ANNOT
ANNOT    1.0

Annotation Matrix Column Sums
ANNOT    66218

Summary of Annotation Matrix Row Sums
count    480110.0000
mean          0.1379
std           0.3448
min           0.0000
25%           0.0000
50%           0.0000
75%           0.0000
max           1.0000
Analysis finished at Tue Aug 20 15:00:45 2024
Total time elapsed: 1.0m:49.41s
*********************************************************************
* LD Score Regression (LDSC)
* Version 1.0.1
* (C) 2014-2019 Brendan Bulik-Sullivan and Hilary Finucane
* Broad Institute of MIT and Harvard / MIT Department of Mathematics
* GNU General Public License v3
*********************************************************************
Call: 
./ldsc.py \
--print-snps /dcs04/lieber/shared/statsgen/LDSC/base/referencefiles/hapmap3_snps/hm.13.snp \
--ld-wind-cm 1.0 \
--out ./out_RXFP1_KIAA1217/chr.13 \
--bfile /dcs04/lieber/shared/statsgen/LDSC/base/referencefiles/1000G_EUR_Phase3_plink/1000G.EUR.QC.13 \
--thin-annot  \
--annot ./out_RXFP1_KIAA1217/chr.13.annot.gz \
--l2  

Beginning analysis at Tue Aug 20 15:00:45 2024
Read list of 366200 SNPs from /dcs04/lieber/shared/statsgen/LDSC/base/referencefiles/1000G_EUR_Phase3_plink/1000G.EUR.QC.13.bim
Read 1 annotations for 366200 SNPs from ./out_RXFP1_KIAA1217/chr.13.annot.gz
Read list of 489 individuals from /dcs04/lieber/shared/statsgen/LDSC/base/referencefiles/1000G_EUR_Phase3_plink/1000G.EUR.QC.13.fam
Reading genotypes from /dcs04/lieber/shared/statsgen/LDSC/base/referencefiles/1000G_EUR_Phase3_plink/1000G.EUR.QC.13.bed
After filtering, 366200 SNPs remain
Estimating LD Score.
Reading list of 52010 SNPs for which to print LD Scores from /dcs04/lieber/shared/statsgen/LDSC/base/referencefiles/hapmap3_snps/hm.13.snp
After merging with --print-snps, LD Scores for 45136 SNPs will be printed.
Writing LD Scores for 45136 SNPs to ./out_RXFP1_KIAA1217/chr.13.l2.ldscore.gz

Summary of LD Scores in ./out_RXFP1_KIAA1217/chr.13.l2.ldscore.gz
         MAF        L2
mean  0.2329    6.8006
std   0.1436   22.4839
min   0.0051   -1.5173
25%   0.1063    0.0000
50%   0.2198    0.0000
75%   0.3548    1.1347
max   0.5000  271.1763

MAF/LD Score Correlation Matrix
       MAF     L2
MAF  1.000  0.002
L2   0.002  1.000

Annotation Correlation Matrix
       ANNOT
ANNOT    1.0

Annotation Matrix Column Sums
ANNOT    22736

Summary of Annotation Matrix Row Sums
count    366200.0000
mean          0.0621
std           0.2413
min           0.0000
25%           0.0000
50%           0.0000
75%           0.0000
max           1.0000
Analysis finished at Tue Aug 20 15:01:54 2024
Total time elapsed: 1.0m:8.44s
*********************************************************************
* LD Score Regression (LDSC)
* Version 1.0.1
* (C) 2014-2019 Brendan Bulik-Sullivan and Hilary Finucane
* Broad Institute of MIT and Harvard / MIT Department of Mathematics
* GNU General Public License v3
*********************************************************************
Call: 
./ldsc.py \
--print-snps /dcs04/lieber/shared/statsgen/LDSC/base/referencefiles/hapmap3_snps/hm.14.snp \
--ld-wind-cm 1.0 \
--out ./out_RXFP1_KIAA1217/chr.14 \
--bfile /dcs04/lieber/shared/statsgen/LDSC/base/referencefiles/1000G_EUR_Phase3_plink/1000G.EUR.QC.14 \
--thin-annot  \
--annot ./out_RXFP1_KIAA1217/chr.14.annot.gz \
--l2  

Beginning analysis at Tue Aug 20 15:01:54 2024
Read list of 324698 SNPs from /dcs04/lieber/shared/statsgen/LDSC/base/referencefiles/1000G_EUR_Phase3_plink/1000G.EUR.QC.14.bim
Read 1 annotations for 324698 SNPs from ./out_RXFP1_KIAA1217/chr.14.annot.gz
Read list of 489 individuals from /dcs04/lieber/shared/statsgen/LDSC/base/referencefiles/1000G_EUR_Phase3_plink/1000G.EUR.QC.14.fam
Reading genotypes from /dcs04/lieber/shared/statsgen/LDSC/base/referencefiles/1000G_EUR_Phase3_plink/1000G.EUR.QC.14.bed
After filtering, 324698 SNPs remain
Estimating LD Score.
Reading list of 45556 SNPs for which to print LD Scores from /dcs04/lieber/shared/statsgen/LDSC/base/referencefiles/hapmap3_snps/hm.14.snp
After merging with --print-snps, LD Scores for 39504 SNPs will be printed.
Writing LD Scores for 39504 SNPs to ./out_RXFP1_KIAA1217/chr.14.l2.ldscore.gz

Summary of LD Scores in ./out_RXFP1_KIAA1217/chr.14.l2.ldscore.gz
         MAF        L2
mean  0.2308   12.4666
std   0.1432   32.8527
min   0.0051   -1.7455
25%   0.1053    0.0000
50%   0.2188    0.0000
75%   0.3497    4.0075
max   0.5000  285.8433

MAF/LD Score Correlation Matrix
        MAF      L2
MAF  1.0000  0.0777
L2   0.0777  1.0000

Annotation Correlation Matrix
       ANNOT
ANNOT    1.0

Annotation Matrix Column Sums
ANNOT    35100

Summary of Annotation Matrix Row Sums
count    324698.0000
mean          0.1081
std           0.3105
min           0.0000
25%           0.0000
50%           0.0000
75%           0.0000
max           1.0000
Analysis finished at Tue Aug 20 15:02:58 2024
Total time elapsed: 1.0m:3.73s
*********************************************************************
* LD Score Regression (LDSC)
* Version 1.0.1
* (C) 2014-2019 Brendan Bulik-Sullivan and Hilary Finucane
* Broad Institute of MIT and Harvard / MIT Department of Mathematics
* GNU General Public License v3
*********************************************************************
Call: 
./ldsc.py \
--print-snps /dcs04/lieber/shared/statsgen/LDSC/base/referencefiles/hapmap3_snps/hm.15.snp \
--ld-wind-cm 1.0 \
--out ./out_RXFP1_KIAA1217/chr.15 \
--bfile /dcs04/lieber/shared/statsgen/LDSC/base/referencefiles/1000G_EUR_Phase3_plink/1000G.EUR.QC.15 \
--thin-annot  \
--annot ./out_RXFP1_KIAA1217/chr.15.annot.gz \
--l2  

Beginning analysis at Tue Aug 20 15:02:58 2024
Read list of 287001 SNPs from /dcs04/lieber/shared/statsgen/LDSC/base/referencefiles/1000G_EUR_Phase3_plink/1000G.EUR.QC.15.bim
Read 1 annotations for 287001 SNPs from ./out_RXFP1_KIAA1217/chr.15.annot.gz
Read list of 489 individuals from /dcs04/lieber/shared/statsgen/LDSC/base/referencefiles/1000G_EUR_Phase3_plink/1000G.EUR.QC.15.fam
Reading genotypes from /dcs04/lieber/shared/statsgen/LDSC/base/referencefiles/1000G_EUR_Phase3_plink/1000G.EUR.QC.15.bed
After filtering, 287001 SNPs remain
Estimating LD Score.
Reading list of 42410 SNPs for which to print LD Scores from /dcs04/lieber/shared/statsgen/LDSC/base/referencefiles/hapmap3_snps/hm.15.snp
After merging with --print-snps, LD Scores for 36291 SNPs will be printed.
Writing LD Scores for 36291 SNPs to ./out_RXFP1_KIAA1217/chr.15.l2.ldscore.gz

Summary of LD Scores in ./out_RXFP1_KIAA1217/chr.15.l2.ldscore.gz
         MAF        L2
mean  0.2363   14.7699
std   0.1452   36.9773
min   0.0051   -2.1453
25%   0.1084    0.0000
50%   0.2260    0.0000
75%   0.3630    5.1868
max   0.5000  303.7058

MAF/LD Score Correlation Matrix
        MAF      L2
MAF  1.0000  0.0158
L2   0.0158  1.0000

Annotation Correlation Matrix
       ANNOT
ANNOT    1.0

Annotation Matrix Column Sums
ANNOT    33389

Summary of Annotation Matrix Row Sums
count    287001.0000
mean          0.1163
std           0.3206
min           0.0000
25%           0.0000
50%           0.0000
75%           0.0000
max           1.0000
Analysis finished at Tue Aug 20 15:03:57 2024
Total time elapsed: 58.71s
*********************************************************************
* LD Score Regression (LDSC)
* Version 1.0.1
* (C) 2014-2019 Brendan Bulik-Sullivan and Hilary Finucane
* Broad Institute of MIT and Harvard / MIT Department of Mathematics
* GNU General Public License v3
*********************************************************************
Call: 
./ldsc.py \
--print-snps /dcs04/lieber/shared/statsgen/LDSC/base/referencefiles/hapmap3_snps/hm.16.snp \
--ld-wind-cm 1.0 \
--out ./out_RXFP1_KIAA1217/chr.16 \
--bfile /dcs04/lieber/shared/statsgen/LDSC/base/referencefiles/1000G_EUR_Phase3_plink/1000G.EUR.QC.16 \
--thin-annot  \
--annot ./out_RXFP1_KIAA1217/chr.16.annot.gz \
--l2  

Beginning analysis at Tue Aug 20 15:03:57 2024
Read list of 316981 SNPs from /dcs04/lieber/shared/statsgen/LDSC/base/referencefiles/1000G_EUR_Phase3_plink/1000G.EUR.QC.16.bim
Read 1 annotations for 316981 SNPs from ./out_RXFP1_KIAA1217/chr.16.annot.gz
Read list of 489 individuals from /dcs04/lieber/shared/statsgen/LDSC/base/referencefiles/1000G_EUR_Phase3_plink/1000G.EUR.QC.16.fam
Reading genotypes from /dcs04/lieber/shared/statsgen/LDSC/base/referencefiles/1000G_EUR_Phase3_plink/1000G.EUR.QC.16.bed
After filtering, 316981 SNPs remain
Estimating LD Score.
Reading list of 44710 SNPs for which to print LD Scores from /dcs04/lieber/shared/statsgen/LDSC/base/referencefiles/hapmap3_snps/hm.16.snp
After merging with --print-snps, LD Scores for 37656 SNPs will be printed.
Writing LD Scores for 37656 SNPs to ./out_RXFP1_KIAA1217/chr.16.l2.ldscore.gz

Summary of LD Scores in ./out_RXFP1_KIAA1217/chr.16.l2.ldscore.gz
         MAF        L2
mean  0.2370   17.9070
std   0.1437   43.2512
min   0.0051   -2.6206
25%   0.1115    0.0000
50%   0.2290    0.0000
75%   0.3589    9.4525
max   0.5000  366.9584

MAF/LD Score Correlation Matrix
        MAF      L2
MAF  1.0000  0.0203
L2   0.0203  1.0000

Annotation Correlation Matrix
       ANNOT
ANNOT    1.0

Annotation Matrix Column Sums
ANNOT    50651

Summary of Annotation Matrix Row Sums
count    316981.0000
mean          0.1598
std           0.3664
min           0.0000
25%           0.0000
50%           0.0000
75%           0.0000
max           1.0000
Analysis finished at Tue Aug 20 15:05:07 2024
Total time elapsed: 1.0m:10.07s
*********************************************************************
* LD Score Regression (LDSC)
* Version 1.0.1
* (C) 2014-2019 Brendan Bulik-Sullivan and Hilary Finucane
* Broad Institute of MIT and Harvard / MIT Department of Mathematics
* GNU General Public License v3
*********************************************************************
Call: 
./ldsc.py \
--print-snps /dcs04/lieber/shared/statsgen/LDSC/base/referencefiles/hapmap3_snps/hm.17.snp \
--ld-wind-cm 1.0 \
--out ./out_RXFP1_KIAA1217/chr.17 \
--bfile /dcs04/lieber/shared/statsgen/LDSC/base/referencefiles/1000G_EUR_Phase3_plink/1000G.EUR.QC.17 \
--thin-annot  \
--annot ./out_RXFP1_KIAA1217/chr.17.annot.gz \
--l2  

Beginning analysis at Tue Aug 20 15:05:07 2024
Read list of 269222 SNPs from /dcs04/lieber/shared/statsgen/LDSC/base/referencefiles/1000G_EUR_Phase3_plink/1000G.EUR.QC.17.bim
Read 1 annotations for 269222 SNPs from ./out_RXFP1_KIAA1217/chr.17.annot.gz
Read list of 489 individuals from /dcs04/lieber/shared/statsgen/LDSC/base/referencefiles/1000G_EUR_Phase3_plink/1000G.EUR.QC.17.fam
Reading genotypes from /dcs04/lieber/shared/statsgen/LDSC/base/referencefiles/1000G_EUR_Phase3_plink/1000G.EUR.QC.17.bed
After filtering, 269222 SNPs remain
Estimating LD Score.
Reading list of 38396 SNPs for which to print LD Scores from /dcs04/lieber/shared/statsgen/LDSC/base/referencefiles/hapmap3_snps/hm.17.snp
After merging with --print-snps, LD Scores for 32315 SNPs will be printed.
Writing LD Scores for 32315 SNPs to ./out_RXFP1_KIAA1217/chr.17.l2.ldscore.gz

Summary of LD Scores in ./out_RXFP1_KIAA1217/chr.17.l2.ldscore.gz
         MAF        L2
mean  0.2414   23.7721
std   0.1449   61.7884
min   0.0051   -1.8278
25%   0.1135    0.0000
50%   0.2352    1.2889
75%   0.3671   22.6274
max   0.5000  665.8040

MAF/LD Score Correlation Matrix
        MAF      L2
MAF  1.0000  0.0653
L2   0.0653  1.0000

Annotation Correlation Matrix
       ANNOT
ANNOT    1.0

Annotation Matrix Column Sums
ANNOT    60995

Summary of Annotation Matrix Row Sums
count    269222.0000
mean          0.2266
std           0.4186
min           0.0000
25%           0.0000
50%           0.0000
75%           0.0000
max           1.0000
Analysis finished at Tue Aug 20 15:06:08 2024
Total time elapsed: 1.0m:0.27s
*********************************************************************
* LD Score Regression (LDSC)
* Version 1.0.1
* (C) 2014-2019 Brendan Bulik-Sullivan and Hilary Finucane
* Broad Institute of MIT and Harvard / MIT Department of Mathematics
* GNU General Public License v3
*********************************************************************
Call: 
./ldsc.py \
--print-snps /dcs04/lieber/shared/statsgen/LDSC/base/referencefiles/hapmap3_snps/hm.18.snp \
--ld-wind-cm 1.0 \
--out ./out_RXFP1_KIAA1217/chr.18 \
--bfile /dcs04/lieber/shared/statsgen/LDSC/base/referencefiles/1000G_EUR_Phase3_plink/1000G.EUR.QC.18 \
--thin-annot  \
--annot ./out_RXFP1_KIAA1217/chr.18.annot.gz \
--l2  

Beginning analysis at Tue Aug 20 15:06:08 2024
Read list of 285156 SNPs from /dcs04/lieber/shared/statsgen/LDSC/base/referencefiles/1000G_EUR_Phase3_plink/1000G.EUR.QC.18.bim
Read 1 annotations for 285156 SNPs from ./out_RXFP1_KIAA1217/chr.18.annot.gz
Read list of 489 individuals from /dcs04/lieber/shared/statsgen/LDSC/base/referencefiles/1000G_EUR_Phase3_plink/1000G.EUR.QC.18.fam
Reading genotypes from /dcs04/lieber/shared/statsgen/LDSC/base/referencefiles/1000G_EUR_Phase3_plink/1000G.EUR.QC.18.bed
After filtering, 285156 SNPs remain
Estimating LD Score.
Reading list of 40891 SNPs for which to print LD Scores from /dcs04/lieber/shared/statsgen/LDSC/base/referencefiles/hapmap3_snps/hm.18.snp
After merging with --print-snps, LD Scores for 35326 SNPs will be printed.
Writing LD Scores for 35326 SNPs to ./out_RXFP1_KIAA1217/chr.18.l2.ldscore.gz

Summary of LD Scores in ./out_RXFP1_KIAA1217/chr.18.l2.ldscore.gz
         MAF        L2
mean  0.2356    7.8187
std   0.1434   25.7499
min   0.0051   -1.4436
25%   0.1094    0.0000
50%   0.2249    0.0000
75%   0.3569    0.7704
max   0.5000  355.6252

MAF/LD Score Correlation Matrix
       MAF     L2
MAF  1.000  0.063
L2   0.063  1.000

Annotation Correlation Matrix
       ANNOT
ANNOT    1.0

Annotation Matrix Column Sums
ANNOT    20934

Summary of Annotation Matrix Row Sums
count    285156.0000
mean          0.0734
std           0.2608
min           0.0000
25%           0.0000
50%           0.0000
75%           0.0000
max           1.0000
Analysis finished at Tue Aug 20 15:06:53 2024
Total time elapsed: 44.78s
*********************************************************************
* LD Score Regression (LDSC)
* Version 1.0.1
* (C) 2014-2019 Brendan Bulik-Sullivan and Hilary Finucane
* Broad Institute of MIT and Harvard / MIT Department of Mathematics
* GNU General Public License v3
*********************************************************************
Call: 
./ldsc.py \
--print-snps /dcs04/lieber/shared/statsgen/LDSC/base/referencefiles/hapmap3_snps/hm.19.snp \
--ld-wind-cm 1.0 \
--out ./out_RXFP1_KIAA1217/chr.19 \
--bfile /dcs04/lieber/shared/statsgen/LDSC/base/referencefiles/1000G_EUR_Phase3_plink/1000G.EUR.QC.19 \
--thin-annot  \
--annot ./out_RXFP1_KIAA1217/chr.19.annot.gz \
--l2  

Beginning analysis at Tue Aug 20 15:06:53 2024
Read list of 232363 SNPs from /dcs04/lieber/shared/statsgen/LDSC/base/referencefiles/1000G_EUR_Phase3_plink/1000G.EUR.QC.19.bim
Read 1 annotations for 232363 SNPs from ./out_RXFP1_KIAA1217/chr.19.annot.gz
Read list of 489 individuals from /dcs04/lieber/shared/statsgen/LDSC/base/referencefiles/1000G_EUR_Phase3_plink/1000G.EUR.QC.19.fam
Reading genotypes from /dcs04/lieber/shared/statsgen/LDSC/base/referencefiles/1000G_EUR_Phase3_plink/1000G.EUR.QC.19.bed
After filtering, 232363 SNPs remain
Estimating LD Score.
Reading list of 26259 SNPs for which to print LD Scores from /dcs04/lieber/shared/statsgen/LDSC/base/referencefiles/hapmap3_snps/hm.19.snp
After merging with --print-snps, LD Scores for 21991 SNPs will be printed.
Writing LD Scores for 21991 SNPs to ./out_RXFP1_KIAA1217/chr.19.l2.ldscore.gz

Summary of LD Scores in ./out_RXFP1_KIAA1217/chr.19.l2.ldscore.gz
         MAF        L2
mean  0.2369   24.1008
std   0.1428   36.2550
min   0.0051   -1.4420
25%   0.1125    0.2903
50%   0.2331    5.1889
75%   0.3569   36.2637
max   0.5000  267.1691

MAF/LD Score Correlation Matrix
        MAF      L2
MAF  1.0000  0.0722
L2   0.0722  1.0000

Annotation Correlation Matrix
       ANNOT
ANNOT    1.0

Annotation Matrix Column Sums
ANNOT    70341

Summary of Annotation Matrix Row Sums
count    232363.0000
mean          0.3027
std           0.4594
min           0.0000
25%           0.0000
50%           0.0000
75%           1.0000
max           1.0000
Analysis finished at Tue Aug 20 15:07:52 2024
Total time elapsed: 59.05s
*********************************************************************
* LD Score Regression (LDSC)
* Version 1.0.1
* (C) 2014-2019 Brendan Bulik-Sullivan and Hilary Finucane
* Broad Institute of MIT and Harvard / MIT Department of Mathematics
* GNU General Public License v3
*********************************************************************
Call: 
./ldsc.py \
--print-snps /dcs04/lieber/shared/statsgen/LDSC/base/referencefiles/hapmap3_snps/hm.20.snp \
--ld-wind-cm 1.0 \
--out ./out_RXFP1_KIAA1217/chr.20 \
--bfile /dcs04/lieber/shared/statsgen/LDSC/base/referencefiles/1000G_EUR_Phase3_plink/1000G.EUR.QC.20 \
--thin-annot  \
--annot ./out_RXFP1_KIAA1217/chr.20.annot.gz \
--l2  

Beginning analysis at Tue Aug 20 15:07:53 2024
Read list of 221626 SNPs from /dcs04/lieber/shared/statsgen/LDSC/base/referencefiles/1000G_EUR_Phase3_plink/1000G.EUR.QC.20.bim
Read 1 annotations for 221626 SNPs from ./out_RXFP1_KIAA1217/chr.20.annot.gz
Read list of 489 individuals from /dcs04/lieber/shared/statsgen/LDSC/base/referencefiles/1000G_EUR_Phase3_plink/1000G.EUR.QC.20.fam
Reading genotypes from /dcs04/lieber/shared/statsgen/LDSC/base/referencefiles/1000G_EUR_Phase3_plink/1000G.EUR.QC.20.bed
After filtering, 221626 SNPs remain
Estimating LD Score.
Reading list of 36301 SNPs for which to print LD Scores from /dcs04/lieber/shared/statsgen/LDSC/base/referencefiles/hapmap3_snps/hm.20.snp
After merging with --print-snps, LD Scores for 31359 SNPs will be printed.
Writing LD Scores for 31359 SNPs to ./out_RXFP1_KIAA1217/chr.20.l2.ldscore.gz

Summary of LD Scores in ./out_RXFP1_KIAA1217/chr.20.l2.ldscore.gz
         MAF        L2
mean  0.2336   11.5920
std   0.1437   33.1827
min   0.0051   -1.0059
25%   0.1063    0.0000
50%   0.2219    0.0000
75%   0.3569    2.8500
max   0.5000  346.5013

MAF/LD Score Correlation Matrix
        MAF      L2
MAF  1.0000  0.0189
L2   0.0189  1.0000

Annotation Correlation Matrix
       ANNOT
ANNOT    1.0

Annotation Matrix Column Sums
ANNOT    26492

Summary of Annotation Matrix Row Sums
count    221626.0000
mean          0.1195
std           0.3244
min           0.0000
25%           0.0000
50%           0.0000
75%           0.0000
max           1.0000
Analysis finished at Tue Aug 20 15:08:31 2024
Total time elapsed: 38.31s
*********************************************************************
* LD Score Regression (LDSC)
* Version 1.0.1
* (C) 2014-2019 Brendan Bulik-Sullivan and Hilary Finucane
* Broad Institute of MIT and Harvard / MIT Department of Mathematics
* GNU General Public License v3
*********************************************************************
Call: 
./ldsc.py \
--print-snps /dcs04/lieber/shared/statsgen/LDSC/base/referencefiles/hapmap3_snps/hm.21.snp \
--ld-wind-cm 1.0 \
--out ./out_RXFP1_KIAA1217/chr.21 \
--bfile /dcs04/lieber/shared/statsgen/LDSC/base/referencefiles/1000G_EUR_Phase3_plink/1000G.EUR.QC.21 \
--thin-annot  \
--annot ./out_RXFP1_KIAA1217/chr.21.annot.gz \
--l2  

Beginning analysis at Tue Aug 20 15:08:31 2024
Read list of 138712 SNPs from /dcs04/lieber/shared/statsgen/LDSC/base/referencefiles/1000G_EUR_Phase3_plink/1000G.EUR.QC.21.bim
Read 1 annotations for 138712 SNPs from ./out_RXFP1_KIAA1217/chr.21.annot.gz
Read list of 489 individuals from /dcs04/lieber/shared/statsgen/LDSC/base/referencefiles/1000G_EUR_Phase3_plink/1000G.EUR.QC.21.fam
Reading genotypes from /dcs04/lieber/shared/statsgen/LDSC/base/referencefiles/1000G_EUR_Phase3_plink/1000G.EUR.QC.21.bed
After filtering, 138712 SNPs remain
Estimating LD Score.
Reading list of 19331 SNPs for which to print LD Scores from /dcs04/lieber/shared/statsgen/LDSC/base/referencefiles/hapmap3_snps/hm.21.snp
After merging with --print-snps, LD Scores for 16993 SNPs will be printed.
Writing LD Scores for 16993 SNPs to ./out_RXFP1_KIAA1217/chr.21.l2.ldscore.gz

Summary of LD Scores in ./out_RXFP1_KIAA1217/chr.21.l2.ldscore.gz
         MAF        L2
mean  0.2398   10.3722
std   0.1429   33.5098
min   0.0051   -1.2441
25%   0.1155    0.0000
50%   0.2290    0.0000
75%   0.3640    0.5969
max   0.5000  282.6121

MAF/LD Score Correlation Matrix
       MAF     L2
MAF  1.000  0.086
L2   0.086  1.000

Annotation Correlation Matrix
       ANNOT
ANNOT    1.0

Annotation Matrix Column Sums
ANNOT    14717

Summary of Annotation Matrix Row Sums
count    138712.0000
mean          0.1061
std           0.3080
min           0.0000
25%           0.0000
50%           0.0000
75%           0.0000
max           1.0000
Analysis finished at Tue Aug 20 15:08:51 2024
Total time elapsed: 19.18s
*********************************************************************
* LD Score Regression (LDSC)
* Version 1.0.1
* (C) 2014-2019 Brendan Bulik-Sullivan and Hilary Finucane
* Broad Institute of MIT and Harvard / MIT Department of Mathematics
* GNU General Public License v3
*********************************************************************
Call: 
./ldsc.py \
--print-snps /dcs04/lieber/shared/statsgen/LDSC/base/referencefiles/hapmap3_snps/hm.22.snp \
--ld-wind-cm 1.0 \
--out ./out_RXFP1_KIAA1217/chr.22 \
--bfile /dcs04/lieber/shared/statsgen/LDSC/base/referencefiles/1000G_EUR_Phase3_plink/1000G.EUR.QC.22 \
--thin-annot  \
--annot ./out_RXFP1_KIAA1217/chr.22.annot.gz \
--l2  

Beginning analysis at Tue Aug 20 15:08:51 2024
Read list of 141123 SNPs from /dcs04/lieber/shared/statsgen/LDSC/base/referencefiles/1000G_EUR_Phase3_plink/1000G.EUR.QC.22.bim
Read 1 annotations for 141123 SNPs from ./out_RXFP1_KIAA1217/chr.22.annot.gz
Read list of 489 individuals from /dcs04/lieber/shared/statsgen/LDSC/base/referencefiles/1000G_EUR_Phase3_plink/1000G.EUR.QC.22.fam
Reading genotypes from /dcs04/lieber/shared/statsgen/LDSC/base/referencefiles/1000G_EUR_Phase3_plink/1000G.EUR.QC.22.bed
After filtering, 141123 SNPs remain
Estimating LD Score.
Reading list of 20106 SNPs for which to print LD Scores from /dcs04/lieber/shared/statsgen/LDSC/base/referencefiles/hapmap3_snps/hm.22.snp
After merging with --print-snps, LD Scores for 17261 SNPs will be printed.
Writing LD Scores for 17261 SNPs to ./out_RXFP1_KIAA1217/chr.22.l2.ldscore.gz

Summary of LD Scores in ./out_RXFP1_KIAA1217/chr.22.l2.ldscore.gz
         MAF        L2
mean  0.2359   18.9931
std   0.1442   47.1677
min   0.0051   -1.8037
25%   0.1084    0.0000
50%   0.2280    0.0543
75%   0.3579   11.5603
max   0.5000  336.1070

MAF/LD Score Correlation Matrix
        MAF      L2
MAF  1.0000  0.0921
L2   0.0921  1.0000

Annotation Correlation Matrix
       ANNOT
ANNOT    1.0

Annotation Matrix Column Sums
ANNOT    24503

Summary of Annotation Matrix Row Sums
count    141123.0000
mean          0.1736
std           0.3788
min           0.0000
25%           0.0000
50%           0.0000
75%           0.0000
max           1.0000
Analysis finished at Tue Aug 20 15:09:21 2024
Total time elapsed: 29.83s
*********************************************************************
* LD Score Regression (LDSC)
* Version 1.0.1
* (C) 2014-2019 Brendan Bulik-Sullivan and Hilary Finucane
* Broad Institute of MIT and Harvard / MIT Department of Mathematics
* GNU General Public License v3
*********************************************************************
Call: 
./ldsc.py \
--print-snps /dcs04/lieber/shared/statsgen/LDSC/base/referencefiles/hapmap3_snps/hm.1.snp \
--ld-wind-cm 1.0 \
--out ./out_TSHZ1.2/chr.1 \
--bfile /dcs04/lieber/shared/statsgen/LDSC/base/referencefiles/1000G_EUR_Phase3_plink/1000G.EUR.QC.1 \
--thin-annot  \
--annot ./out_TSHZ1.2/chr.1.annot.gz \
--l2  

Beginning analysis at Tue Aug 20 15:09:21 2024
Read list of 779354 SNPs from /dcs04/lieber/shared/statsgen/LDSC/base/referencefiles/1000G_EUR_Phase3_plink/1000G.EUR.QC.1.bim
Read 1 annotations for 779354 SNPs from ./out_TSHZ1.2/chr.1.annot.gz
Read list of 489 individuals from /dcs04/lieber/shared/statsgen/LDSC/base/referencefiles/1000G_EUR_Phase3_plink/1000G.EUR.QC.1.fam
Reading genotypes from /dcs04/lieber/shared/statsgen/LDSC/base/referencefiles/1000G_EUR_Phase3_plink/1000G.EUR.QC.1.bed
After filtering, 779354 SNPs remain
Estimating LD Score.
Reading list of 116564 SNPs for which to print LD Scores from /dcs04/lieber/shared/statsgen/LDSC/base/referencefiles/hapmap3_snps/hm.1.snp
After merging with --print-snps, LD Scores for 98690 SNPs will be printed.
Writing LD Scores for 98690 SNPs to ./out_TSHZ1.2/chr.1.l2.ldscore.gz

Summary of LD Scores in ./out_TSHZ1.2/chr.1.l2.ldscore.gz
         MAF        L2
mean  0.2329   15.4500
std   0.1442   40.1382
min   0.0051   -2.5905
25%   0.1056    0.0000
50%   0.2219    0.0000
75%   0.3548    5.3255
max   0.5000  353.4206

MAF/LD Score Correlation Matrix
       MAF     L2
MAF  1.000  0.034
L2   0.034  1.000

Annotation Correlation Matrix
       ANNOT
ANNOT    1.0

Annotation Matrix Column Sums
ANNOT    104117

Summary of Annotation Matrix Row Sums
count    779354.0000
mean          0.1336
std           0.3402
min           0.0000
25%           0.0000
50%           0.0000
75%           0.0000
max           1.0000
Analysis finished at Tue Aug 20 15:11:57 2024
Total time elapsed: 2.0m:36.07s
*********************************************************************
* LD Score Regression (LDSC)
* Version 1.0.1
* (C) 2014-2019 Brendan Bulik-Sullivan and Hilary Finucane
* Broad Institute of MIT and Harvard / MIT Department of Mathematics
* GNU General Public License v3
*********************************************************************
Call: 
./ldsc.py \
--print-snps /dcs04/lieber/shared/statsgen/LDSC/base/referencefiles/hapmap3_snps/hm.2.snp \
--ld-wind-cm 1.0 \
--out ./out_TSHZ1.2/chr.2 \
--bfile /dcs04/lieber/shared/statsgen/LDSC/base/referencefiles/1000G_EUR_Phase3_plink/1000G.EUR.QC.2 \
--thin-annot  \
--annot ./out_TSHZ1.2/chr.2.annot.gz \
--l2  

Beginning analysis at Tue Aug 20 15:11:58 2024
Read list of 839590 SNPs from /dcs04/lieber/shared/statsgen/LDSC/base/referencefiles/1000G_EUR_Phase3_plink/1000G.EUR.QC.2.bim
Read 1 annotations for 839590 SNPs from ./out_TSHZ1.2/chr.2.annot.gz
Read list of 489 individuals from /dcs04/lieber/shared/statsgen/LDSC/base/referencefiles/1000G_EUR_Phase3_plink/1000G.EUR.QC.2.fam
Reading genotypes from /dcs04/lieber/shared/statsgen/LDSC/base/referencefiles/1000G_EUR_Phase3_plink/1000G.EUR.QC.2.bed
After filtering, 839590 SNPs remain
Estimating LD Score.
Reading list of 116575 SNPs for which to print LD Scores from /dcs04/lieber/shared/statsgen/LDSC/base/referencefiles/hapmap3_snps/hm.2.snp
After merging with --print-snps, LD Scores for 100038 SNPs will be printed.
Writing LD Scores for 100038 SNPs to ./out_TSHZ1.2/chr.2.l2.ldscore.gz

Summary of LD Scores in ./out_TSHZ1.2/chr.2.l2.ldscore.gz
         MAF        L2
mean  0.2371   15.1225
std   0.1439   39.3852
min   0.0051   -2.6592
25%   0.1115    0.0000
50%   0.2280    0.0242
75%   0.3609    5.5271
max   0.5000  371.0132

MAF/LD Score Correlation Matrix
        MAF      L2
MAF  1.0000  0.0559
L2   0.0559  1.0000

Annotation Correlation Matrix
       ANNOT
ANNOT    1.0

Annotation Matrix Column Sums
ANNOT    97680

Summary of Annotation Matrix Row Sums
count    839590.0000
mean          0.1163
std           0.3206
min           0.0000
25%           0.0000
50%           0.0000
75%           0.0000
max           1.0000
Analysis finished at Tue Aug 20 15:15:39 2024
Total time elapsed: 3.0m:41.02s
*********************************************************************
* LD Score Regression (LDSC)
* Version 1.0.1
* (C) 2014-2019 Brendan Bulik-Sullivan and Hilary Finucane
* Broad Institute of MIT and Harvard / MIT Department of Mathematics
* GNU General Public License v3
*********************************************************************
Call: 
./ldsc.py \
--print-snps /dcs04/lieber/shared/statsgen/LDSC/base/referencefiles/hapmap3_snps/hm.3.snp \
--ld-wind-cm 1.0 \
--out ./out_TSHZ1.2/chr.3 \
--bfile /dcs04/lieber/shared/statsgen/LDSC/base/referencefiles/1000G_EUR_Phase3_plink/1000G.EUR.QC.3 \
--thin-annot  \
--annot ./out_TSHZ1.2/chr.3.annot.gz \
--l2  

Beginning analysis at Tue Aug 20 15:15:39 2024
Read list of 706350 SNPs from /dcs04/lieber/shared/statsgen/LDSC/base/referencefiles/1000G_EUR_Phase3_plink/1000G.EUR.QC.3.bim
Read 1 annotations for 706350 SNPs from ./out_TSHZ1.2/chr.3.annot.gz
Read list of 489 individuals from /dcs04/lieber/shared/statsgen/LDSC/base/referencefiles/1000G_EUR_Phase3_plink/1000G.EUR.QC.3.fam
Reading genotypes from /dcs04/lieber/shared/statsgen/LDSC/base/referencefiles/1000G_EUR_Phase3_plink/1000G.EUR.QC.3.bed
After filtering, 706350 SNPs remain
Estimating LD Score.
Reading list of 96664 SNPs for which to print LD Scores from /dcs04/lieber/shared/statsgen/LDSC/base/referencefiles/hapmap3_snps/hm.3.snp
After merging with --print-snps, LD Scores for 83286 SNPs will be printed.
Writing LD Scores for 83286 SNPs to ./out_TSHZ1.2/chr.3.l2.ldscore.gz

Summary of LD Scores in ./out_TSHZ1.2/chr.3.l2.ldscore.gz
         MAF        L2
mean  0.2395   13.8325
std   0.1436   34.4543
min   0.0051   -2.2596
25%   0.1145    0.0000
50%   0.2311    0.0000
75%   0.3630    4.9693
max   0.5000  335.6896

MAF/LD Score Correlation Matrix
        MAF      L2
MAF  1.0000  0.0563
L2   0.0563  1.0000

Annotation Correlation Matrix
       ANNOT
ANNOT    1.0

Annotation Matrix Column Sums
ANNOT    78089

Summary of Annotation Matrix Row Sums
count    706350.0000
mean          0.1106
std           0.3136
min           0.0000
25%           0.0000
50%           0.0000
75%           0.0000
max           1.0000
Analysis finished at Tue Aug 20 15:18:43 2024
Total time elapsed: 3.0m:4.01s
*********************************************************************
* LD Score Regression (LDSC)
* Version 1.0.1
* (C) 2014-2019 Brendan Bulik-Sullivan and Hilary Finucane
* Broad Institute of MIT and Harvard / MIT Department of Mathematics
* GNU General Public License v3
*********************************************************************
Call: 
./ldsc.py \
--print-snps /dcs04/lieber/shared/statsgen/LDSC/base/referencefiles/hapmap3_snps/hm.4.snp \
--ld-wind-cm 1.0 \
--out ./out_TSHZ1.2/chr.4 \
--bfile /dcs04/lieber/shared/statsgen/LDSC/base/referencefiles/1000G_EUR_Phase3_plink/1000G.EUR.QC.4 \
--thin-annot  \
--annot ./out_TSHZ1.2/chr.4.annot.gz \
--l2  

Beginning analysis at Tue Aug 20 15:18:43 2024
Read list of 729645 SNPs from /dcs04/lieber/shared/statsgen/LDSC/base/referencefiles/1000G_EUR_Phase3_plink/1000G.EUR.QC.4.bim
Read 1 annotations for 729645 SNPs from ./out_TSHZ1.2/chr.4.annot.gz
Read list of 489 individuals from /dcs04/lieber/shared/statsgen/LDSC/base/referencefiles/1000G_EUR_Phase3_plink/1000G.EUR.QC.4.fam
Reading genotypes from /dcs04/lieber/shared/statsgen/LDSC/base/referencefiles/1000G_EUR_Phase3_plink/1000G.EUR.QC.4.bed
After filtering, 729645 SNPs remain
Estimating LD Score.
Reading list of 85881 SNPs for which to print LD Scores from /dcs04/lieber/shared/statsgen/LDSC/base/referencefiles/hapmap3_snps/hm.4.snp
After merging with --print-snps, LD Scores for 74259 SNPs will be printed.
Writing LD Scores for 74259 SNPs to ./out_TSHZ1.2/chr.4.l2.ldscore.gz

Summary of LD Scores in ./out_TSHZ1.2/chr.4.l2.ldscore.gz
         MAF        L2
mean  0.2367   12.1587
std   0.1431   37.5482
min   0.0051   -2.5289
25%   0.1115    0.0000
50%   0.2301    0.0000
75%   0.3579    2.0446
max   0.5000  420.9288

MAF/LD Score Correlation Matrix
        MAF      L2
MAF  1.0000  0.0288
L2   0.0288  1.0000

Annotation Correlation Matrix
       ANNOT
ANNOT    1.0

Annotation Matrix Column Sums
ANNOT    66087

Summary of Annotation Matrix Row Sums
count    729645.0000
mean          0.0906
std           0.2870
min           0.0000
25%           0.0000
50%           0.0000
75%           0.0000
max           1.0000
Analysis finished at Tue Aug 20 15:21:26 2024
Total time elapsed: 2.0m:42.57s
**** Job ends ****
Tue Aug 20 03:21:26 PM EDT 2024
