**** Job starts ****
Tue Aug 20 02:47:49 PM EDT 2024
*********************************************************************
* LD Score Regression (LDSC)
* Version 1.0.1
* (C) 2014-2019 Brendan Bulik-Sullivan and Hilary Finucane
* Broad Institute of MIT and Harvard / MIT Department of Mathematics
* GNU General Public License v3
*********************************************************************
Call: 
./ldsc.py \
--print-snps /dcs04/lieber/shared/statsgen/LDSC/base/referencefiles/hapmap3_snps/hm.17.snp \
--ld-wind-cm 1.0 \
--out ./out_PVALB_UNC5B/chr.17 \
--bfile /dcs04/lieber/shared/statsgen/LDSC/base/referencefiles/1000G_EUR_Phase3_plink/1000G.EUR.QC.17 \
--thin-annot  \
--annot ./out_PVALB_UNC5B/chr.17.annot.gz \
--l2  

Beginning analysis at Tue Aug 20 14:47:52 2024
Read list of 269222 SNPs from /dcs04/lieber/shared/statsgen/LDSC/base/referencefiles/1000G_EUR_Phase3_plink/1000G.EUR.QC.17.bim
Read 1 annotations for 269222 SNPs from ./out_PVALB_UNC5B/chr.17.annot.gz
Read list of 489 individuals from /dcs04/lieber/shared/statsgen/LDSC/base/referencefiles/1000G_EUR_Phase3_plink/1000G.EUR.QC.17.fam
Reading genotypes from /dcs04/lieber/shared/statsgen/LDSC/base/referencefiles/1000G_EUR_Phase3_plink/1000G.EUR.QC.17.bed
After filtering, 269222 SNPs remain
Estimating LD Score.
Reading list of 38396 SNPs for which to print LD Scores from /dcs04/lieber/shared/statsgen/LDSC/base/referencefiles/hapmap3_snps/hm.17.snp
After merging with --print-snps, LD Scores for 32315 SNPs will be printed.
Writing LD Scores for 32315 SNPs to ./out_PVALB_UNC5B/chr.17.l2.ldscore.gz

Summary of LD Scores in ./out_PVALB_UNC5B/chr.17.l2.ldscore.gz
         MAF         L2
mean  0.2414    29.2062
std   0.1449   109.5292
min   0.0051    -2.9832
25%   0.1135     0.0000
50%   0.2352     1.2736
75%   0.3671    25.1670
max   0.5000  1427.3356

MAF/LD Score Correlation Matrix
        MAF      L2
MAF  1.0000  0.0375
L2   0.0375  1.0000

Annotation Correlation Matrix
       ANNOT
ANNOT    1.0

Annotation Matrix Column Sums
ANNOT    59838

Summary of Annotation Matrix Row Sums
count    269222.0000
mean          0.2223
std           0.4158
min           0.0000
25%           0.0000
50%           0.0000
75%           0.0000
max           1.0000
Analysis finished at Tue Aug 20 14:48:46 2024
Total time elapsed: 54.14s
*********************************************************************
* LD Score Regression (LDSC)
* Version 1.0.1
* (C) 2014-2019 Brendan Bulik-Sullivan and Hilary Finucane
* Broad Institute of MIT and Harvard / MIT Department of Mathematics
* GNU General Public License v3
*********************************************************************
Call: 
./ldsc.py \
--print-snps /dcs04/lieber/shared/statsgen/LDSC/base/referencefiles/hapmap3_snps/hm.18.snp \
--ld-wind-cm 1.0 \
--out ./out_PVALB_UNC5B/chr.18 \
--bfile /dcs04/lieber/shared/statsgen/LDSC/base/referencefiles/1000G_EUR_Phase3_plink/1000G.EUR.QC.18 \
--thin-annot  \
--annot ./out_PVALB_UNC5B/chr.18.annot.gz \
--l2  

Beginning analysis at Tue Aug 20 14:48:46 2024
Read list of 285156 SNPs from /dcs04/lieber/shared/statsgen/LDSC/base/referencefiles/1000G_EUR_Phase3_plink/1000G.EUR.QC.18.bim
Read 1 annotations for 285156 SNPs from ./out_PVALB_UNC5B/chr.18.annot.gz
Read list of 489 individuals from /dcs04/lieber/shared/statsgen/LDSC/base/referencefiles/1000G_EUR_Phase3_plink/1000G.EUR.QC.18.fam
Reading genotypes from /dcs04/lieber/shared/statsgen/LDSC/base/referencefiles/1000G_EUR_Phase3_plink/1000G.EUR.QC.18.bed
After filtering, 285156 SNPs remain
Estimating LD Score.
Reading list of 40891 SNPs for which to print LD Scores from /dcs04/lieber/shared/statsgen/LDSC/base/referencefiles/hapmap3_snps/hm.18.snp
After merging with --print-snps, LD Scores for 35326 SNPs will be printed.
Writing LD Scores for 35326 SNPs to ./out_PVALB_UNC5B/chr.18.l2.ldscore.gz

Summary of LD Scores in ./out_PVALB_UNC5B/chr.18.l2.ldscore.gz
         MAF        L2
mean  0.2356   10.3997
std   0.1434   31.1087
min   0.0051   -1.4436
25%   0.1094    0.0000
50%   0.2249    0.0000
75%   0.3569    1.9533
max   0.5000  355.6252

MAF/LD Score Correlation Matrix
        MAF      L2
MAF  1.0000  0.0485
L2   0.0485  1.0000

Annotation Correlation Matrix
       ANNOT
ANNOT    1.0

Annotation Matrix Column Sums
ANNOT    30997

Summary of Annotation Matrix Row Sums
count    285156.0000
mean          0.1087
std           0.3113
min           0.0000
25%           0.0000
50%           0.0000
75%           0.0000
max           1.0000
Analysis finished at Tue Aug 20 14:49:39 2024
Total time elapsed: 52.63s
*********************************************************************
* LD Score Regression (LDSC)
* Version 1.0.1
* (C) 2014-2019 Brendan Bulik-Sullivan and Hilary Finucane
* Broad Institute of MIT and Harvard / MIT Department of Mathematics
* GNU General Public License v3
*********************************************************************
Call: 
./ldsc.py \
--print-snps /dcs04/lieber/shared/statsgen/LDSC/base/referencefiles/hapmap3_snps/hm.19.snp \
--ld-wind-cm 1.0 \
--out ./out_PVALB_UNC5B/chr.19 \
--bfile /dcs04/lieber/shared/statsgen/LDSC/base/referencefiles/1000G_EUR_Phase3_plink/1000G.EUR.QC.19 \
--thin-annot  \
--annot ./out_PVALB_UNC5B/chr.19.annot.gz \
--l2  

Beginning analysis at Tue Aug 20 14:49:39 2024
Read list of 232363 SNPs from /dcs04/lieber/shared/statsgen/LDSC/base/referencefiles/1000G_EUR_Phase3_plink/1000G.EUR.QC.19.bim
Read 1 annotations for 232363 SNPs from ./out_PVALB_UNC5B/chr.19.annot.gz
Read list of 489 individuals from /dcs04/lieber/shared/statsgen/LDSC/base/referencefiles/1000G_EUR_Phase3_plink/1000G.EUR.QC.19.fam
Reading genotypes from /dcs04/lieber/shared/statsgen/LDSC/base/referencefiles/1000G_EUR_Phase3_plink/1000G.EUR.QC.19.bed
After filtering, 232363 SNPs remain
Estimating LD Score.
Reading list of 26259 SNPs for which to print LD Scores from /dcs04/lieber/shared/statsgen/LDSC/base/referencefiles/hapmap3_snps/hm.19.snp
After merging with --print-snps, LD Scores for 21991 SNPs will be printed.
Writing LD Scores for 21991 SNPs to ./out_PVALB_UNC5B/chr.19.l2.ldscore.gz

Summary of LD Scores in ./out_PVALB_UNC5B/chr.19.l2.ldscore.gz
         MAF        L2
mean  0.2369   31.1270
std   0.1428   45.8130
min   0.0051   -1.9286
25%   0.1125    0.6884
50%   0.2331    8.0974
75%   0.3569   45.3563
max   0.5000  284.2822

MAF/LD Score Correlation Matrix
        MAF      L2
MAF  1.0000  0.0676
L2   0.0676  1.0000

Annotation Correlation Matrix
       ANNOT
ANNOT    1.0

Annotation Matrix Column Sums
ANNOT    75848

Summary of Annotation Matrix Row Sums
count    232363.0000
mean          0.3264
std           0.4689
min           0.0000
25%           0.0000
50%           0.0000
75%           1.0000
max           1.0000
Analysis finished at Tue Aug 20 14:50:43 2024
Total time elapsed: 1.0m:3.29s
*********************************************************************
* LD Score Regression (LDSC)
* Version 1.0.1
* (C) 2014-2019 Brendan Bulik-Sullivan and Hilary Finucane
* Broad Institute of MIT and Harvard / MIT Department of Mathematics
* GNU General Public License v3
*********************************************************************
Call: 
./ldsc.py \
--print-snps /dcs04/lieber/shared/statsgen/LDSC/base/referencefiles/hapmap3_snps/hm.20.snp \
--ld-wind-cm 1.0 \
--out ./out_PVALB_UNC5B/chr.20 \
--bfile /dcs04/lieber/shared/statsgen/LDSC/base/referencefiles/1000G_EUR_Phase3_plink/1000G.EUR.QC.20 \
--thin-annot  \
--annot ./out_PVALB_UNC5B/chr.20.annot.gz \
--l2  

Beginning analysis at Tue Aug 20 14:50:43 2024
Read list of 221626 SNPs from /dcs04/lieber/shared/statsgen/LDSC/base/referencefiles/1000G_EUR_Phase3_plink/1000G.EUR.QC.20.bim
Read 1 annotations for 221626 SNPs from ./out_PVALB_UNC5B/chr.20.annot.gz
Read list of 489 individuals from /dcs04/lieber/shared/statsgen/LDSC/base/referencefiles/1000G_EUR_Phase3_plink/1000G.EUR.QC.20.fam
Reading genotypes from /dcs04/lieber/shared/statsgen/LDSC/base/referencefiles/1000G_EUR_Phase3_plink/1000G.EUR.QC.20.bed
After filtering, 221626 SNPs remain
Estimating LD Score.
Reading list of 36301 SNPs for which to print LD Scores from /dcs04/lieber/shared/statsgen/LDSC/base/referencefiles/hapmap3_snps/hm.20.snp
After merging with --print-snps, LD Scores for 31359 SNPs will be printed.
Writing LD Scores for 31359 SNPs to ./out_PVALB_UNC5B/chr.20.l2.ldscore.gz

Summary of LD Scores in ./out_PVALB_UNC5B/chr.20.l2.ldscore.gz
         MAF        L2
mean  0.2336   15.2018
std   0.1437   42.6676
min   0.0051   -2.4342
25%   0.1063    0.0000
50%   0.2219    0.0000
75%   0.3569    4.2477
max   0.5000  483.3134

MAF/LD Score Correlation Matrix
        MAF      L2
MAF  1.0000  0.0179
L2   0.0179  1.0000

Annotation Correlation Matrix
       ANNOT
ANNOT    1.0

Annotation Matrix Column Sums
ANNOT    32501

Summary of Annotation Matrix Row Sums
count    221626.0000
mean          0.1466
std           0.3538
min           0.0000
25%           0.0000
50%           0.0000
75%           0.0000
max           1.0000
Analysis finished at Tue Aug 20 14:51:28 2024
Total time elapsed: 45.17s
*********************************************************************
* LD Score Regression (LDSC)
* Version 1.0.1
* (C) 2014-2019 Brendan Bulik-Sullivan and Hilary Finucane
* Broad Institute of MIT and Harvard / MIT Department of Mathematics
* GNU General Public License v3
*********************************************************************
Call: 
./ldsc.py \
--print-snps /dcs04/lieber/shared/statsgen/LDSC/base/referencefiles/hapmap3_snps/hm.21.snp \
--ld-wind-cm 1.0 \
--out ./out_PVALB_UNC5B/chr.21 \
--bfile /dcs04/lieber/shared/statsgen/LDSC/base/referencefiles/1000G_EUR_Phase3_plink/1000G.EUR.QC.21 \
--thin-annot  \
--annot ./out_PVALB_UNC5B/chr.21.annot.gz \
--l2  

Beginning analysis at Tue Aug 20 14:51:29 2024
Read list of 138712 SNPs from /dcs04/lieber/shared/statsgen/LDSC/base/referencefiles/1000G_EUR_Phase3_plink/1000G.EUR.QC.21.bim
Read 1 annotations for 138712 SNPs from ./out_PVALB_UNC5B/chr.21.annot.gz
Read list of 489 individuals from /dcs04/lieber/shared/statsgen/LDSC/base/referencefiles/1000G_EUR_Phase3_plink/1000G.EUR.QC.21.fam
Reading genotypes from /dcs04/lieber/shared/statsgen/LDSC/base/referencefiles/1000G_EUR_Phase3_plink/1000G.EUR.QC.21.bed
After filtering, 138712 SNPs remain
Estimating LD Score.
Reading list of 19331 SNPs for which to print LD Scores from /dcs04/lieber/shared/statsgen/LDSC/base/referencefiles/hapmap3_snps/hm.21.snp
After merging with --print-snps, LD Scores for 16993 SNPs will be printed.
Writing LD Scores for 16993 SNPs to ./out_PVALB_UNC5B/chr.21.l2.ldscore.gz

Summary of LD Scores in ./out_PVALB_UNC5B/chr.21.l2.ldscore.gz
         MAF        L2
mean  0.2398   15.3434
std   0.1429   40.5450
min   0.0051   -1.0334
25%   0.1155    0.0000
50%   0.2290    0.0000
75%   0.3640    3.1550
max   0.5000  282.6121

MAF/LD Score Correlation Matrix
        MAF      L2
MAF  1.0000  0.0812
L2   0.0812  1.0000

Annotation Correlation Matrix
       ANNOT
ANNOT    1.0

Annotation Matrix Column Sums
ANNOT    17772

Summary of Annotation Matrix Row Sums
count    138712.0000
mean          0.1281
std           0.3342
min           0.0000
25%           0.0000
50%           0.0000
75%           0.0000
max           1.0000
Analysis finished at Tue Aug 20 14:51:53 2024
Total time elapsed: 24.18s
*********************************************************************
* LD Score Regression (LDSC)
* Version 1.0.1
* (C) 2014-2019 Brendan Bulik-Sullivan and Hilary Finucane
* Broad Institute of MIT and Harvard / MIT Department of Mathematics
* GNU General Public License v3
*********************************************************************
Call: 
./ldsc.py \
--print-snps /dcs04/lieber/shared/statsgen/LDSC/base/referencefiles/hapmap3_snps/hm.22.snp \
--ld-wind-cm 1.0 \
--out ./out_PVALB_UNC5B/chr.22 \
--bfile /dcs04/lieber/shared/statsgen/LDSC/base/referencefiles/1000G_EUR_Phase3_plink/1000G.EUR.QC.22 \
--thin-annot  \
--annot ./out_PVALB_UNC5B/chr.22.annot.gz \
--l2  

Beginning analysis at Tue Aug 20 14:51:53 2024
Read list of 141123 SNPs from /dcs04/lieber/shared/statsgen/LDSC/base/referencefiles/1000G_EUR_Phase3_plink/1000G.EUR.QC.22.bim
Read 1 annotations for 141123 SNPs from ./out_PVALB_UNC5B/chr.22.annot.gz
Read list of 489 individuals from /dcs04/lieber/shared/statsgen/LDSC/base/referencefiles/1000G_EUR_Phase3_plink/1000G.EUR.QC.22.fam
Reading genotypes from /dcs04/lieber/shared/statsgen/LDSC/base/referencefiles/1000G_EUR_Phase3_plink/1000G.EUR.QC.22.bed
After filtering, 141123 SNPs remain
Estimating LD Score.
Reading list of 20106 SNPs for which to print LD Scores from /dcs04/lieber/shared/statsgen/LDSC/base/referencefiles/hapmap3_snps/hm.22.snp
After merging with --print-snps, LD Scores for 17261 SNPs will be printed.
Writing LD Scores for 17261 SNPs to ./out_PVALB_UNC5B/chr.22.l2.ldscore.gz

Summary of LD Scores in ./out_PVALB_UNC5B/chr.22.l2.ldscore.gz
         MAF        L2
mean  0.2359   19.4381
std   0.1442   44.3505
min   0.0051   -1.7430
25%   0.1084    0.0000
50%   0.2280    0.0041
75%   0.3579   13.6320
max   0.5000  331.7307

MAF/LD Score Correlation Matrix
        MAF      L2
MAF  1.0000  0.0964
L2   0.0964  1.0000

Annotation Correlation Matrix
       ANNOT
ANNOT    1.0

Annotation Matrix Column Sums
ANNOT    24687

Summary of Annotation Matrix Row Sums
count    141123.0000
mean          0.1749
std           0.3799
min           0.0000
25%           0.0000
50%           0.0000
75%           0.0000
max           1.0000
Analysis finished at Tue Aug 20 14:52:23 2024
Total time elapsed: 29.66s
**** Job ends ****
Tue Aug 20 02:52:23 PM EDT 2024
