*********************************************************************
* LD Score Regression (LDSC)
* Version 1.0.1
* (C) 2014-2019 Brendan Bulik-Sullivan and Hilary Finucane
* Broad Institute of MIT and Harvard / MIT Department of Mathematics
* GNU General Public License v3
*********************************************************************
Call: 
./ldsc.py \
--print-snps /dcs04/lieber/shared/statsgen/LDSC/base/referencefiles/hapmap3_snps/hm.19.snp \
--ld-wind-cm 1.0 \
--out ./out_THSD7B_CALB2/chr.19 \
--bfile /dcs04/lieber/shared/statsgen/LDSC/base/referencefiles/1000G_EUR_Phase3_plink/1000G.EUR.QC.19 \
--thin-annot  \
--annot ./out_THSD7B_CALB2/chr.19.annot.gz \
--l2  

Beginning analysis at Mon Aug 19 14:28:25 2024
Read list of 232363 SNPs from /dcs04/lieber/shared/statsgen/LDSC/base/referencefiles/1000G_EUR_Phase3_plink/1000G.EUR.QC.19.bim
Read 1 annotations for 232363 SNPs from ./out_THSD7B_CALB2/chr.19.annot.gz
Read list of 489 individuals from /dcs04/lieber/shared/statsgen/LDSC/base/referencefiles/1000G_EUR_Phase3_plink/1000G.EUR.QC.19.fam
Reading genotypes from /dcs04/lieber/shared/statsgen/LDSC/base/referencefiles/1000G_EUR_Phase3_plink/1000G.EUR.QC.19.bed
Estimating LD Score.
Reading list of 26259 SNPs for which to print LD Scores from /dcs04/lieber/shared/statsgen/LDSC/base/referencefiles/hapmap3_snps/hm.19.snp
After merging with --print-snps, LD Scores for 21991 SNPs will be printed.
Writing LD Scores for 21991 SNPs to ./out_THSD7B_CALB2/chr.19.l2.ldscore.gz

Summary of LD Scores in ./out_THSD7B_CALB2/chr.19.l2.ldscore.gz
         MAF        L2
mean  0.2369   30.4545
std   0.1428   47.2753
min   0.0051   -2.7930
25%   0.1125    0.6277
50%   0.2331    8.2300
75%   0.3569   43.6668
max   0.5000  486.5281

MAF/LD Score Correlation Matrix
        MAF      L2
MAF  1.0000  0.0447
L2   0.0447  1.0000

Annotation Correlation Matrix
       ANNOT
ANNOT    1.0

Annotation Matrix Column Sums
ANNOT    79285

Summary of Annotation Matrix Row Sums
count    232363.0000
mean          0.3412
std           0.4741
min           0.0000
25%           0.0000
50%           0.0000
75%           1.0000
max           1.0000
Analysis finished at Mon Aug 19 14:29:28 2024
Total time elapsed: 1.0m:3.83s
