*********************************************************************
* LD Score Regression (LDSC)
* Version 1.0.1
* (C) 2014-2019 Brendan Bulik-Sullivan and Hilary Finucane
* Broad Institute of MIT and Harvard / MIT Department of Mathematics
* GNU General Public License v3
*********************************************************************
Call: 
./ldsc.py \
--print-snps /dcs04/lieber/shared/statsgen/LDSC/base/referencefiles/hapmap3_snps/hm.3.snp \
--ld-wind-cm 1.0 \
--out ./out_THSD7B_CALB2/chr.3 \
--bfile /dcs04/lieber/shared/statsgen/LDSC/base/referencefiles/1000G_EUR_Phase3_plink/1000G.EUR.QC.3 \
--thin-annot  \
--annot ./out_THSD7B_CALB2/chr.3.annot.gz \
--l2  

Beginning analysis at Mon Aug 19 14:36:10 2024
Read list of 706350 SNPs from /dcs04/lieber/shared/statsgen/LDSC/base/referencefiles/1000G_EUR_Phase3_plink/1000G.EUR.QC.3.bim
Read 1 annotations for 706350 SNPs from ./out_THSD7B_CALB2/chr.3.annot.gz
Read list of 489 individuals from /dcs04/lieber/shared/statsgen/LDSC/base/referencefiles/1000G_EUR_Phase3_plink/1000G.EUR.QC.3.fam
Reading genotypes from /dcs04/lieber/shared/statsgen/LDSC/base/referencefiles/1000G_EUR_Phase3_plink/1000G.EUR.QC.3.bed
Estimating LD Score.
Reading list of 96664 SNPs for which to print LD Scores from /dcs04/lieber/shared/statsgen/LDSC/base/referencefiles/hapmap3_snps/hm.3.snp
After merging with --print-snps, LD Scores for 83286 SNPs will be printed.
Writing LD Scores for 83286 SNPs to ./out_THSD7B_CALB2/chr.3.l2.ldscore.gz

Summary of LD Scores in ./out_THSD7B_CALB2/chr.3.l2.ldscore.gz
         MAF        L2
mean  0.2395   15.6341
std   0.1436   36.6987
min   0.0051   -2.3015
25%   0.1145    0.0000
50%   0.2311    0.2507
75%   0.3630    7.9519
max   0.5000  339.9284

MAF/LD Score Correlation Matrix
        MAF      L2
MAF  1.0000  0.0727
L2   0.0727  1.0000

Annotation Correlation Matrix
       ANNOT
ANNOT    1.0

Annotation Matrix Column Sums
ANNOT    91104

Summary of Annotation Matrix Row Sums
count    706350.0000
mean          0.1290
std           0.3352
min           0.0000
25%           0.0000
50%           0.0000
75%           0.0000
max           1.0000
Analysis finished at Mon Aug 19 14:39:02 2024
Total time elapsed: 2.0m:51.99s
