*********************************************************************
* LD Score Regression (LDSC)
* Version 1.0.1
* (C) 2014-2019 Brendan Bulik-Sullivan and Hilary Finucane
* Broad Institute of MIT and Harvard / MIT Department of Mathematics
* GNU General Public License v3
*********************************************************************
Call: 
./ldsc.py \
--print-snps /dcs04/lieber/shared/statsgen/LDSC/base/referencefiles/hapmap3_snps/hm.20.snp \
--ld-wind-cm 1.0 \
--out ./out_ZBTB20_SLC4A4/chr.20 \
--bfile /dcs04/lieber/shared/statsgen/LDSC/base/referencefiles/1000G_EUR_Phase3_plink/1000G.EUR.QC.20 \
--thin-annot  \
--annot ./out_ZBTB20_SLC4A4/chr.20.annot.gz \
--l2  

Beginning analysis at Mon Aug 19 14:54:06 2024
Read list of 221626 SNPs from /dcs04/lieber/shared/statsgen/LDSC/base/referencefiles/1000G_EUR_Phase3_plink/1000G.EUR.QC.20.bim
Read 1 annotations for 221626 SNPs from ./out_ZBTB20_SLC4A4/chr.20.annot.gz
Read list of 489 individuals from /dcs04/lieber/shared/statsgen/LDSC/base/referencefiles/1000G_EUR_Phase3_plink/1000G.EUR.QC.20.fam
Reading genotypes from /dcs04/lieber/shared/statsgen/LDSC/base/referencefiles/1000G_EUR_Phase3_plink/1000G.EUR.QC.20.bed
Estimating LD Score.
Reading list of 36301 SNPs for which to print LD Scores from /dcs04/lieber/shared/statsgen/LDSC/base/referencefiles/hapmap3_snps/hm.20.snp
After merging with --print-snps, LD Scores for 31359 SNPs will be printed.
Writing LD Scores for 31359 SNPs to ./out_ZBTB20_SLC4A4/chr.20.l2.ldscore.gz

Summary of LD Scores in ./out_ZBTB20_SLC4A4/chr.20.l2.ldscore.gz
         MAF        L2
mean  0.2336   12.1240
std   0.1437   29.2236
min   0.0051   -1.4661
25%   0.1063    0.0000
50%   0.2219    0.0186
75%   0.3569    7.0783
max   0.5000  291.8305

MAF/LD Score Correlation Matrix
        MAF      L2
MAF  1.0000  0.0738
L2   0.0738  1.0000

Annotation Correlation Matrix
       ANNOT
ANNOT    1.0

Annotation Matrix Column Sums
ANNOT    33947

Summary of Annotation Matrix Row Sums
count    221626.0000
mean          0.1532
std           0.3602
min           0.0000
25%           0.0000
50%           0.0000
75%           0.0000
max           1.0000
Analysis finished at Mon Aug 19 14:54:53 2024
Total time elapsed: 46.7s
