*********************************************************************
* LD Score Regression (LDSC)
* Version 1.0.1
* (C) 2014-2019 Brendan Bulik-Sullivan and Hilary Finucane
* Broad Institute of MIT and Harvard / MIT Department of Mathematics
* GNU General Public License v3
*********************************************************************
Call: 
./ldsc.py \
--print-snps /dcs04/lieber/shared/statsgen/LDSC/base/referencefiles/hapmap3_snps/hm.14.snp \
--ld-wind-cm 1.0 \
--out ./out_ST18_IL1RAPL2/chr.14 \
--bfile /dcs04/lieber/shared/statsgen/LDSC/base/referencefiles/1000G_EUR_Phase3_plink/1000G.EUR.QC.14 \
--thin-annot  \
--annot ./out_ST18_IL1RAPL2/chr.14.annot.gz \
--l2  

Beginning analysis at Tue Aug 20 15:18:41 2024
Read list of 324698 SNPs from /dcs04/lieber/shared/statsgen/LDSC/base/referencefiles/1000G_EUR_Phase3_plink/1000G.EUR.QC.14.bim
Read 1 annotations for 324698 SNPs from ./out_ST18_IL1RAPL2/chr.14.annot.gz
Read list of 489 individuals from /dcs04/lieber/shared/statsgen/LDSC/base/referencefiles/1000G_EUR_Phase3_plink/1000G.EUR.QC.14.fam
Reading genotypes from /dcs04/lieber/shared/statsgen/LDSC/base/referencefiles/1000G_EUR_Phase3_plink/1000G.EUR.QC.14.bed
Estimating LD Score.
Reading list of 45556 SNPs for which to print LD Scores from /dcs04/lieber/shared/statsgen/LDSC/base/referencefiles/hapmap3_snps/hm.14.snp
After merging with --print-snps, LD Scores for 39504 SNPs will be printed.
Writing LD Scores for 39504 SNPs to ./out_ST18_IL1RAPL2/chr.14.l2.ldscore.gz

Summary of LD Scores in ./out_ST18_IL1RAPL2/chr.14.l2.ldscore.gz
         MAF        L2
mean  0.2308   11.9752
std   0.1432   33.0075
min   0.0051   -1.9936
25%   0.1053    0.0000
50%   0.2188    0.0000
75%   0.3497    2.7037
max   0.5000  324.4897

MAF/LD Score Correlation Matrix
        MAF      L2
MAF  1.0000  0.0433
L2   0.0433  1.0000

Annotation Correlation Matrix
       ANNOT
ANNOT    1.0

Annotation Matrix Column Sums
ANNOT    34277

Summary of Annotation Matrix Row Sums
count    324698.0000
mean          0.1056
std           0.3073
min           0.0000
25%           0.0000
50%           0.0000
75%           0.0000
max           1.0000
Analysis finished at Tue Aug 20 15:20:01 2024
Total time elapsed: 1.0m:19.41s
