*********************************************************************
* LD Score Regression (LDSC)
* Version 1.0.1
* (C) 2014-2019 Brendan Bulik-Sullivan and Hilary Finucane
* Broad Institute of MIT and Harvard / MIT Department of Mathematics
* GNU General Public License v3
*********************************************************************
Call: 
./ldsc.py \
--print-snps /dcs04/lieber/shared/statsgen/LDSC/base/referencefiles/hapmap3_snps/hm.21.snp \
--ld-wind-cm 1.0 \
--out ./out_ADARB2_TRPS1.PVALB_UNC5B/chr.21 \
--bfile /dcs04/lieber/shared/statsgen/LDSC/base/referencefiles/1000G_EUR_Phase3_plink/1000G.EUR.QC.21 \
--thin-annot  \
--annot ./out_ADARB2_TRPS1.PVALB_UNC5B/chr.21.annot.gz \
--l2  

Beginning analysis at Tue Aug 20 15:07:28 2024
Read list of 138712 SNPs from /dcs04/lieber/shared/statsgen/LDSC/base/referencefiles/1000G_EUR_Phase3_plink/1000G.EUR.QC.21.bim
Read 1 annotations for 138712 SNPs from ./out_ADARB2_TRPS1.PVALB_UNC5B/chr.21.annot.gz
Read list of 489 individuals from /dcs04/lieber/shared/statsgen/LDSC/base/referencefiles/1000G_EUR_Phase3_plink/1000G.EUR.QC.21.fam
Reading genotypes from /dcs04/lieber/shared/statsgen/LDSC/base/referencefiles/1000G_EUR_Phase3_plink/1000G.EUR.QC.21.bed
Estimating LD Score.
Reading list of 19331 SNPs for which to print LD Scores from /dcs04/lieber/shared/statsgen/LDSC/base/referencefiles/hapmap3_snps/hm.21.snp
After merging with --print-snps, LD Scores for 16993 SNPs will be printed.
Writing LD Scores for 16993 SNPs to ./out_ADARB2_TRPS1.PVALB_UNC5B/chr.21.l2.ldscore.gz

Summary of LD Scores in ./out_ADARB2_TRPS1.PVALB_UNC5B/chr.21.l2.ldscore.gz
         MAF        L2
mean  0.2398   13.3339
std   0.1429   36.8365
min   0.0051   -1.9930
25%   0.1155    0.0000
50%   0.2290    0.0000
75%   0.3640    3.2878
max   0.5000  259.9598

MAF/LD Score Correlation Matrix
        MAF      L2
MAF  1.0000  0.0566
L2   0.0566  1.0000

Annotation Correlation Matrix
       ANNOT
ANNOT    1.0

Annotation Matrix Column Sums
ANNOT    14664

Summary of Annotation Matrix Row Sums
count    138712.0000
mean          0.1057
std           0.3075
min           0.0000
25%           0.0000
50%           0.0000
75%           0.0000
max           1.0000
Analysis finished at Tue Aug 20 15:07:52 2024
Total time elapsed: 24.49s
