*********************************************************************
* LD Score Regression (LDSC)
* Version 1.0.1
* (C) 2014-2019 Brendan Bulik-Sullivan and Hilary Finucane
* Broad Institute of MIT and Harvard / MIT Department of Mathematics
* GNU General Public License v3
*********************************************************************
Call: 
./ldsc.py \
--print-snps /dcs04/lieber/shared/statsgen/LDSC/base/referencefiles/hapmap3_snps/hm.15.snp \
--ld-wind-cm 1.0 \
--out ./out_ADARB2_TRPS1.PVALB_UNC5B/chr.15 \
--bfile /dcs04/lieber/shared/statsgen/LDSC/base/referencefiles/1000G_EUR_Phase3_plink/1000G.EUR.QC.15 \
--thin-annot  \
--annot ./out_ADARB2_TRPS1.PVALB_UNC5B/chr.15.annot.gz \
--l2  

Beginning analysis at Tue Aug 20 15:00:26 2024
Read list of 287001 SNPs from /dcs04/lieber/shared/statsgen/LDSC/base/referencefiles/1000G_EUR_Phase3_plink/1000G.EUR.QC.15.bim
Read 1 annotations for 287001 SNPs from ./out_ADARB2_TRPS1.PVALB_UNC5B/chr.15.annot.gz
Read list of 489 individuals from /dcs04/lieber/shared/statsgen/LDSC/base/referencefiles/1000G_EUR_Phase3_plink/1000G.EUR.QC.15.fam
Reading genotypes from /dcs04/lieber/shared/statsgen/LDSC/base/referencefiles/1000G_EUR_Phase3_plink/1000G.EUR.QC.15.bed
Estimating LD Score.
Reading list of 42410 SNPs for which to print LD Scores from /dcs04/lieber/shared/statsgen/LDSC/base/referencefiles/hapmap3_snps/hm.15.snp
After merging with --print-snps, LD Scores for 36291 SNPs will be printed.
Writing LD Scores for 36291 SNPs to ./out_ADARB2_TRPS1.PVALB_UNC5B/chr.15.l2.ldscore.gz

Summary of LD Scores in ./out_ADARB2_TRPS1.PVALB_UNC5B/chr.15.l2.ldscore.gz
         MAF        L2
mean  0.2363   18.8824
std   0.1452   41.1530
min   0.0051   -2.3348
25%   0.1084    0.0000
50%   0.2260    0.0774
75%   0.3630   12.1643
max   0.5000  314.6909

MAF/LD Score Correlation Matrix
        MAF      L2
MAF  1.0000  0.0152
L2   0.0152  1.0000

Annotation Correlation Matrix
       ANNOT
ANNOT    1.0

Annotation Matrix Column Sums
ANNOT    44690

Summary of Annotation Matrix Row Sums
count    287001.0000
mean          0.1557
std           0.3626
min           0.0000
25%           0.0000
50%           0.0000
75%           0.0000
max           1.0000
Analysis finished at Tue Aug 20 15:01:44 2024
Total time elapsed: 1.0m:18.23s
