*********************************************************************
* LD Score Regression (LDSC)
* Version 1.0.1
* (C) 2014-2019 Brendan Bulik-Sullivan and Hilary Finucane
* Broad Institute of MIT and Harvard / MIT Department of Mathematics
* GNU General Public License v3
*********************************************************************
Call: 
./ldsc.py \
--print-snps /dcs04/lieber/shared/statsgen/LDSC/base/referencefiles/hapmap3_snps/hm.13.snp \
--ld-wind-cm 1.0 \
--out ./out_ADARB2_TRPS1.GRIK3_TNS3/chr.13 \
--bfile /dcs04/lieber/shared/statsgen/LDSC/base/referencefiles/1000G_EUR_Phase3_plink/1000G.EUR.QC.13 \
--thin-annot  \
--annot ./out_ADARB2_TRPS1.GRIK3_TNS3/chr.13.annot.gz \
--l2  

Beginning analysis at Tue Aug 20 15:26:24 2024
Read list of 366200 SNPs from /dcs04/lieber/shared/statsgen/LDSC/base/referencefiles/1000G_EUR_Phase3_plink/1000G.EUR.QC.13.bim
Read 1 annotations for 366200 SNPs from ./out_ADARB2_TRPS1.GRIK3_TNS3/chr.13.annot.gz
Read list of 489 individuals from /dcs04/lieber/shared/statsgen/LDSC/base/referencefiles/1000G_EUR_Phase3_plink/1000G.EUR.QC.13.fam
Reading genotypes from /dcs04/lieber/shared/statsgen/LDSC/base/referencefiles/1000G_EUR_Phase3_plink/1000G.EUR.QC.13.bed
Estimating LD Score.
Reading list of 52010 SNPs for which to print LD Scores from /dcs04/lieber/shared/statsgen/LDSC/base/referencefiles/hapmap3_snps/hm.13.snp
After merging with --print-snps, LD Scores for 45136 SNPs will be printed.
Writing LD Scores for 45136 SNPs to ./out_ADARB2_TRPS1.GRIK3_TNS3/chr.13.l2.ldscore.gz

Summary of LD Scores in ./out_ADARB2_TRPS1.GRIK3_TNS3/chr.13.l2.ldscore.gz
         MAF        L2
mean  0.2329   11.3827
std   0.1436   34.6029
min   0.0051   -1.8333
25%   0.1063    0.0000
50%   0.2198    0.0000
75%   0.3548    2.1385
max   0.5000  419.7169

MAF/LD Score Correlation Matrix
        MAF      L2
MAF  1.0000  0.0533
L2   0.0533  1.0000

Annotation Correlation Matrix
       ANNOT
ANNOT    1.0

Annotation Matrix Column Sums
ANNOT    33882

Summary of Annotation Matrix Row Sums
count    366200.0000
mean          0.0925
std           0.2898
min           0.0000
25%           0.0000
50%           0.0000
75%           0.0000
max           1.0000
Analysis finished at Tue Aug 20 15:27:59 2024
Total time elapsed: 1.0m:35.14s
