**** Job starts ****
Mon Aug 19 02:22:21 PM EDT 2024
*********************************************************************
* LD Score Regression (LDSC)
* Version 1.0.1
* (C) 2014-2019 Brendan Bulik-Sullivan and Hilary Finucane
* Broad Institute of MIT and Harvard / MIT Department of Mathematics
* GNU General Public License v3
*********************************************************************
Call: 
./ldsc.py \
--print-snps /dcs04/lieber/shared/statsgen/LDSC/base/referencefiles/hapmap3_snps/hm.5.snp \
--ld-wind-cm 1.0 \
--out ./out_ST18_IL1RAPL2/chr.5 \
--bfile /dcs04/lieber/shared/statsgen/LDSC/base/referencefiles/1000G_EUR_Phase3_plink/1000G.EUR.QC.5 \
--thin-annot  \
--annot ./out_ST18_IL1RAPL2/chr.5.annot.gz \
--l2  

Beginning analysis at Mon Aug 19 14:22:22 2024
Read list of 633015 SNPs from /dcs04/lieber/shared/statsgen/LDSC/base/referencefiles/1000G_EUR_Phase3_plink/1000G.EUR.QC.5.bim
Read 1 annotations for 633015 SNPs from ./out_ST18_IL1RAPL2/chr.5.annot.gz
Read list of 489 individuals from /dcs04/lieber/shared/statsgen/LDSC/base/referencefiles/1000G_EUR_Phase3_plink/1000G.EUR.QC.5.fam
Reading genotypes from /dcs04/lieber/shared/statsgen/LDSC/base/referencefiles/1000G_EUR_Phase3_plink/1000G.EUR.QC.5.bed
After filtering, 633015 SNPs remain
Estimating LD Score.
Reading list of 88059 SNPs for which to print LD Scores from /dcs04/lieber/shared/statsgen/LDSC/base/referencefiles/hapmap3_snps/hm.5.snp
After merging with --print-snps, LD Scores for 74950 SNPs will be printed.
Writing LD Scores for 74950 SNPs to ./out_ST18_IL1RAPL2/chr.5.l2.ldscore.gz

Summary of LD Scores in ./out_ST18_IL1RAPL2/chr.5.l2.ldscore.gz
         MAF        L2
mean  0.2353   15.4703
std   0.1428   45.0648
min   0.0051   -2.7677
25%   0.1104    0.0000
50%   0.2260    0.0000
75%   0.3558    3.5088
max   0.5000  499.5910

MAF/LD Score Correlation Matrix
        MAF      L2
MAF  1.0000  0.0766
L2   0.0766  1.0000

Annotation Correlation Matrix
       ANNOT
ANNOT    1.0

Annotation Matrix Column Sums
ANNOT    69618

Summary of Annotation Matrix Row Sums
count    633015.0000
mean          0.1100
std           0.3129
min           0.0000
25%           0.0000
50%           0.0000
75%           0.0000
max           1.0000
Analysis finished at Mon Aug 19 14:24:57 2024
Total time elapsed: 2.0m:34.91s
*********************************************************************
* LD Score Regression (LDSC)
* Version 1.0.1
* (C) 2014-2019 Brendan Bulik-Sullivan and Hilary Finucane
* Broad Institute of MIT and Harvard / MIT Department of Mathematics
* GNU General Public License v3
*********************************************************************
Call: 
./ldsc.py \
--print-snps /dcs04/lieber/shared/statsgen/LDSC/base/referencefiles/hapmap3_snps/hm.6.snp \
--ld-wind-cm 1.0 \
--out ./out_ST18_IL1RAPL2/chr.6 \
--bfile /dcs04/lieber/shared/statsgen/LDSC/base/referencefiles/1000G_EUR_Phase3_plink/1000G.EUR.QC.6 \
--thin-annot  \
--annot ./out_ST18_IL1RAPL2/chr.6.annot.gz \
--l2  

Beginning analysis at Mon Aug 19 14:24:57 2024
Read list of 664016 SNPs from /dcs04/lieber/shared/statsgen/LDSC/base/referencefiles/1000G_EUR_Phase3_plink/1000G.EUR.QC.6.bim
Read 1 annotations for 664016 SNPs from ./out_ST18_IL1RAPL2/chr.6.annot.gz
Read list of 489 individuals from /dcs04/lieber/shared/statsgen/LDSC/base/referencefiles/1000G_EUR_Phase3_plink/1000G.EUR.QC.6.fam
Reading genotypes from /dcs04/lieber/shared/statsgen/LDSC/base/referencefiles/1000G_EUR_Phase3_plink/1000G.EUR.QC.6.bed
After filtering, 664016 SNPs remain
Estimating LD Score.
Reading list of 91491 SNPs for which to print LD Scores from /dcs04/lieber/shared/statsgen/LDSC/base/referencefiles/hapmap3_snps/hm.6.snp
After merging with --print-snps, LD Scores for 80218 SNPs will be printed.
Writing LD Scores for 80218 SNPs to ./out_ST18_IL1RAPL2/chr.6.l2.ldscore.gz

Summary of LD Scores in ./out_ST18_IL1RAPL2/chr.6.l2.ldscore.gz
         MAF        L2
mean  0.2331   14.9924
std   0.1441   40.1636
min   0.0051   -3.2980
25%   0.1074    0.0000
50%   0.2219    0.0000
75%   0.3558    7.6409
max   0.5000  606.8279

MAF/LD Score Correlation Matrix
        MAF      L2
MAF  1.0000  0.0376
L2   0.0376  1.0000

Annotation Correlation Matrix
       ANNOT
ANNOT    1.0

Annotation Matrix Column Sums
ANNOT    62697

Summary of Annotation Matrix Row Sums
count    664016.0000
mean          0.0944
std           0.2924
min           0.0000
25%           0.0000
50%           0.0000
75%           0.0000
max           1.0000
Analysis finished at Mon Aug 19 14:29:29 2024
Total time elapsed: 4.0m:31.7s
*********************************************************************
* LD Score Regression (LDSC)
* Version 1.0.1
* (C) 2014-2019 Brendan Bulik-Sullivan and Hilary Finucane
* Broad Institute of MIT and Harvard / MIT Department of Mathematics
* GNU General Public License v3
*********************************************************************
Call: 
./ldsc.py \
--print-snps /dcs04/lieber/shared/statsgen/LDSC/base/referencefiles/hapmap3_snps/hm.7.snp \
--ld-wind-cm 1.0 \
--out ./out_ST18_IL1RAPL2/chr.7 \
--bfile /dcs04/lieber/shared/statsgen/LDSC/base/referencefiles/1000G_EUR_Phase3_plink/1000G.EUR.QC.7 \
--thin-annot  \
--annot ./out_ST18_IL1RAPL2/chr.7.annot.gz \
--l2  

Beginning analysis at Mon Aug 19 14:29:30 2024
Read list of 589569 SNPs from /dcs04/lieber/shared/statsgen/LDSC/base/referencefiles/1000G_EUR_Phase3_plink/1000G.EUR.QC.7.bim
Read 1 annotations for 589569 SNPs from ./out_ST18_IL1RAPL2/chr.7.annot.gz
Read list of 489 individuals from /dcs04/lieber/shared/statsgen/LDSC/base/referencefiles/1000G_EUR_Phase3_plink/1000G.EUR.QC.7.fam
Reading genotypes from /dcs04/lieber/shared/statsgen/LDSC/base/referencefiles/1000G_EUR_Phase3_plink/1000G.EUR.QC.7.bed
After filtering, 589569 SNPs remain
Estimating LD Score.
Reading list of 75316 SNPs for which to print LD Scores from /dcs04/lieber/shared/statsgen/LDSC/base/referencefiles/hapmap3_snps/hm.7.snp
After merging with --print-snps, LD Scores for 65848 SNPs will be printed.
Writing LD Scores for 65848 SNPs to ./out_ST18_IL1RAPL2/chr.7.l2.ldscore.gz

Summary of LD Scores in ./out_ST18_IL1RAPL2/chr.7.l2.ldscore.gz
         MAF        L2
mean  0.2376   11.5515
std   0.1437   34.3339
min   0.0051   -1.6764
25%   0.1104    0.0000
50%   0.2290    0.0000
75%   0.3609    2.4463
max   0.5000  396.1602

MAF/LD Score Correlation Matrix
        MAF      L2
MAF  1.0000  0.0692
L2   0.0692  1.0000

Annotation Correlation Matrix
       ANNOT
ANNOT    1.0

Annotation Matrix Column Sums
ANNOT    60285

Summary of Annotation Matrix Row Sums
count    589569.0000
mean          0.1023
std           0.3030
min           0.0000
25%           0.0000
50%           0.0000
75%           0.0000
max           1.0000
Analysis finished at Mon Aug 19 14:31:58 2024
Total time elapsed: 2.0m:28.01s
*********************************************************************
* LD Score Regression (LDSC)
* Version 1.0.1
* (C) 2014-2019 Brendan Bulik-Sullivan and Hilary Finucane
* Broad Institute of MIT and Harvard / MIT Department of Mathematics
* GNU General Public License v3
*********************************************************************
Call: 
./ldsc.py \
--print-snps /dcs04/lieber/shared/statsgen/LDSC/base/referencefiles/hapmap3_snps/hm.8.snp \
--ld-wind-cm 1.0 \
--out ./out_ST18_IL1RAPL2/chr.8 \
--bfile /dcs04/lieber/shared/statsgen/LDSC/base/referencefiles/1000G_EUR_Phase3_plink/1000G.EUR.QC.8 \
--thin-annot  \
--annot ./out_ST18_IL1RAPL2/chr.8.annot.gz \
--l2  

Beginning analysis at Mon Aug 19 14:31:58 2024
Read list of 549971 SNPs from /dcs04/lieber/shared/statsgen/LDSC/base/referencefiles/1000G_EUR_Phase3_plink/1000G.EUR.QC.8.bim
Read 1 annotations for 549971 SNPs from ./out_ST18_IL1RAPL2/chr.8.annot.gz
Read list of 489 individuals from /dcs04/lieber/shared/statsgen/LDSC/base/referencefiles/1000G_EUR_Phase3_plink/1000G.EUR.QC.8.fam
Reading genotypes from /dcs04/lieber/shared/statsgen/LDSC/base/referencefiles/1000G_EUR_Phase3_plink/1000G.EUR.QC.8.bed
After filtering, 549971 SNPs remain
Estimating LD Score.
Reading list of 75345 SNPs for which to print LD Scores from /dcs04/lieber/shared/statsgen/LDSC/base/referencefiles/hapmap3_snps/hm.8.snp
After merging with --print-snps, LD Scores for 65167 SNPs will be printed.
Writing LD Scores for 65167 SNPs to ./out_ST18_IL1RAPL2/chr.8.l2.ldscore.gz

Summary of LD Scores in ./out_ST18_IL1RAPL2/chr.8.l2.ldscore.gz
         MAF        L2
mean  0.2368   13.0573
std   0.1438   35.2373
min   0.0051   -3.3258
25%   0.1094    0.0000
50%   0.2270    0.0000
75%   0.3599    3.2382
max   0.5000  329.8797

MAF/LD Score Correlation Matrix
       MAF     L2
MAF  1.000  0.065
L2   0.065  1.000

Annotation Correlation Matrix
       ANNOT
ANNOT    1.0

Annotation Matrix Column Sums
ANNOT    59161

Summary of Annotation Matrix Row Sums
count    549971.0000
mean          0.1076
std           0.3098
min           0.0000
25%           0.0000
50%           0.0000
75%           0.0000
max           1.0000
Analysis finished at Mon Aug 19 14:34:41 2024
Total time elapsed: 2.0m:42.39s
*********************************************************************
* LD Score Regression (LDSC)
* Version 1.0.1
* (C) 2014-2019 Brendan Bulik-Sullivan and Hilary Finucane
* Broad Institute of MIT and Harvard / MIT Department of Mathematics
* GNU General Public License v3
*********************************************************************
Call: 
./ldsc.py \
--print-snps /dcs04/lieber/shared/statsgen/LDSC/base/referencefiles/hapmap3_snps/hm.9.snp \
--ld-wind-cm 1.0 \
--out ./out_ST18_IL1RAPL2/chr.9 \
--bfile /dcs04/lieber/shared/statsgen/LDSC/base/referencefiles/1000G_EUR_Phase3_plink/1000G.EUR.QC.9 \
--thin-annot  \
--annot ./out_ST18_IL1RAPL2/chr.9.annot.gz \
--l2  

Beginning analysis at Mon Aug 19 14:34:41 2024
Read list of 438106 SNPs from /dcs04/lieber/shared/statsgen/LDSC/base/referencefiles/1000G_EUR_Phase3_plink/1000G.EUR.QC.9.bim
Read 1 annotations for 438106 SNPs from ./out_ST18_IL1RAPL2/chr.9.annot.gz
Read list of 489 individuals from /dcs04/lieber/shared/statsgen/LDSC/base/referencefiles/1000G_EUR_Phase3_plink/1000G.EUR.QC.9.fam
Reading genotypes from /dcs04/lieber/shared/statsgen/LDSC/base/referencefiles/1000G_EUR_Phase3_plink/1000G.EUR.QC.9.bed
After filtering, 438106 SNPs remain
Estimating LD Score.
Reading list of 63706 SNPs for which to print LD Scores from /dcs04/lieber/shared/statsgen/LDSC/base/referencefiles/hapmap3_snps/hm.9.snp
After merging with --print-snps, LD Scores for 55885 SNPs will be printed.
Writing LD Scores for 55885 SNPs to ./out_ST18_IL1RAPL2/chr.9.l2.ldscore.gz

Summary of LD Scores in ./out_ST18_IL1RAPL2/chr.9.l2.ldscore.gz
         MAF        L2
mean  0.2343   12.3929
std   0.1436   34.9230
min   0.0051   -2.4774
25%   0.1084    0.0000
50%   0.2239    0.0000
75%   0.3558    4.5251
max   0.5000  463.5116

MAF/LD Score Correlation Matrix
        MAF      L2
MAF  1.0000  0.0434
L2   0.0434  1.0000

Annotation Correlation Matrix
       ANNOT
ANNOT    1.0

Annotation Matrix Column Sums
ANNOT    59165

Summary of Annotation Matrix Row Sums
count    438106.0000
mean          0.1350
std           0.3418
min           0.0000
25%           0.0000
50%           0.0000
75%           0.0000
max           1.0000
Analysis finished at Mon Aug 19 14:36:05 2024
Total time elapsed: 1.0m:23.66s
*********************************************************************
* LD Score Regression (LDSC)
* Version 1.0.1
* (C) 2014-2019 Brendan Bulik-Sullivan and Hilary Finucane
* Broad Institute of MIT and Harvard / MIT Department of Mathematics
* GNU General Public License v3
*********************************************************************
Call: 
./ldsc.py \
--print-snps /dcs04/lieber/shared/statsgen/LDSC/base/referencefiles/hapmap3_snps/hm.10.snp \
--ld-wind-cm 1.0 \
--out ./out_ST18_IL1RAPL2/chr.10 \
--bfile /dcs04/lieber/shared/statsgen/LDSC/base/referencefiles/1000G_EUR_Phase3_plink/1000G.EUR.QC.10 \
--thin-annot  \
--annot ./out_ST18_IL1RAPL2/chr.10.annot.gz \
--l2  

Beginning analysis at Mon Aug 19 14:36:05 2024
Read list of 510501 SNPs from /dcs04/lieber/shared/statsgen/LDSC/base/referencefiles/1000G_EUR_Phase3_plink/1000G.EUR.QC.10.bim
Read 1 annotations for 510501 SNPs from ./out_ST18_IL1RAPL2/chr.10.annot.gz
Read list of 489 individuals from /dcs04/lieber/shared/statsgen/LDSC/base/referencefiles/1000G_EUR_Phase3_plink/1000G.EUR.QC.10.fam
Reading genotypes from /dcs04/lieber/shared/statsgen/LDSC/base/referencefiles/1000G_EUR_Phase3_plink/1000G.EUR.QC.10.bed
After filtering, 510501 SNPs remain
Estimating LD Score.
Reading list of 73929 SNPs for which to print LD Scores from /dcs04/lieber/shared/statsgen/LDSC/base/referencefiles/hapmap3_snps/hm.10.snp
After merging with --print-snps, LD Scores for 64236 SNPs will be printed.
Writing LD Scores for 64236 SNPs to ./out_ST18_IL1RAPL2/chr.10.l2.ldscore.gz

Summary of LD Scores in ./out_ST18_IL1RAPL2/chr.10.l2.ldscore.gz
         MAF        L2
mean  0.2316   12.6042
std   0.1438   40.7120
min   0.0051   -2.0349
25%   0.1053    0.0000
50%   0.2188    0.0000
75%   0.3538    3.0878
max   0.5000  490.2178

MAF/LD Score Correlation Matrix
        MAF      L2
MAF  1.0000  0.0145
L2   0.0145  1.0000

Annotation Correlation Matrix
       ANNOT
ANNOT    1.0

Annotation Matrix Column Sums
ANNOT    45408

Summary of Annotation Matrix Row Sums
count    510501.0000
mean          0.0889
std           0.2847
min           0.0000
25%           0.0000
50%           0.0000
75%           0.0000
max           1.0000
Analysis finished at Mon Aug 19 14:37:48 2024
Total time elapsed: 1.0m:42.76s
*********************************************************************
* LD Score Regression (LDSC)
* Version 1.0.1
* (C) 2014-2019 Brendan Bulik-Sullivan and Hilary Finucane
* Broad Institute of MIT and Harvard / MIT Department of Mathematics
* GNU General Public License v3
*********************************************************************
Call: 
./ldsc.py \
--print-snps /dcs04/lieber/shared/statsgen/LDSC/base/referencefiles/hapmap3_snps/hm.11.snp \
--ld-wind-cm 1.0 \
--out ./out_ST18_IL1RAPL2/chr.11 \
--bfile /dcs04/lieber/shared/statsgen/LDSC/base/referencefiles/1000G_EUR_Phase3_plink/1000G.EUR.QC.11 \
--thin-annot  \
--annot ./out_ST18_IL1RAPL2/chr.11.annot.gz \
--l2  

Beginning analysis at Mon Aug 19 14:37:48 2024
Read list of 493922 SNPs from /dcs04/lieber/shared/statsgen/LDSC/base/referencefiles/1000G_EUR_Phase3_plink/1000G.EUR.QC.11.bim
Read 1 annotations for 493922 SNPs from ./out_ST18_IL1RAPL2/chr.11.annot.gz
Read list of 489 individuals from /dcs04/lieber/shared/statsgen/LDSC/base/referencefiles/1000G_EUR_Phase3_plink/1000G.EUR.QC.11.fam
Reading genotypes from /dcs04/lieber/shared/statsgen/LDSC/base/referencefiles/1000G_EUR_Phase3_plink/1000G.EUR.QC.11.bed
After filtering, 493922 SNPs remain
Estimating LD Score.
Reading list of 71092 SNPs for which to print LD Scores from /dcs04/lieber/shared/statsgen/LDSC/base/referencefiles/hapmap3_snps/hm.11.snp
After merging with --print-snps, LD Scores for 61027 SNPs will be printed.
Writing LD Scores for 61027 SNPs to ./out_ST18_IL1RAPL2/chr.11.l2.ldscore.gz

Summary of LD Scores in ./out_ST18_IL1RAPL2/chr.11.l2.ldscore.gz
         MAF        L2
mean  0.2389   17.1949
std   0.1430   39.9325
min   0.0051   -2.4822
25%   0.1145    0.0000
50%   0.2301    0.1767
75%   0.3609   11.9954
max   0.5000  349.2141

MAF/LD Score Correlation Matrix
        MAF      L2
MAF  1.0000  0.0509
L2   0.0509  1.0000

Annotation Correlation Matrix
       ANNOT
ANNOT    1.0

Annotation Matrix Column Sums
ANNOT    70814

Summary of Annotation Matrix Row Sums
count    493922.0000
mean          0.1434
std           0.3505
min           0.0000
25%           0.0000
50%           0.0000
75%           0.0000
max           1.0000
Analysis finished at Mon Aug 19 14:40:34 2024
Total time elapsed: 2.0m:45.87s
*********************************************************************
* LD Score Regression (LDSC)
* Version 1.0.1
* (C) 2014-2019 Brendan Bulik-Sullivan and Hilary Finucane
* Broad Institute of MIT and Harvard / MIT Department of Mathematics
* GNU General Public License v3
*********************************************************************
Call: 
./ldsc.py \
--print-snps /dcs04/lieber/shared/statsgen/LDSC/base/referencefiles/hapmap3_snps/hm.12.snp \
--ld-wind-cm 1.0 \
--out ./out_ST18_IL1RAPL2/chr.12 \
--bfile /dcs04/lieber/shared/statsgen/LDSC/base/referencefiles/1000G_EUR_Phase3_plink/1000G.EUR.QC.12 \
--thin-annot  \
--annot ./out_ST18_IL1RAPL2/chr.12.annot.gz \
--l2  

Beginning analysis at Mon Aug 19 14:40:34 2024
Read list of 480110 SNPs from /dcs04/lieber/shared/statsgen/LDSC/base/referencefiles/1000G_EUR_Phase3_plink/1000G.EUR.QC.12.bim
Read 1 annotations for 480110 SNPs from ./out_ST18_IL1RAPL2/chr.12.annot.gz
Read list of 489 individuals from /dcs04/lieber/shared/statsgen/LDSC/base/referencefiles/1000G_EUR_Phase3_plink/1000G.EUR.QC.12.fam
Reading genotypes from /dcs04/lieber/shared/statsgen/LDSC/base/referencefiles/1000G_EUR_Phase3_plink/1000G.EUR.QC.12.bed
After filtering, 480110 SNPs remain
Estimating LD Score.
Reading list of 68635 SNPs for which to print LD Scores from /dcs04/lieber/shared/statsgen/LDSC/base/referencefiles/hapmap3_snps/hm.12.snp
After merging with --print-snps, LD Scores for 58127 SNPs will be printed.
Writing LD Scores for 58127 SNPs to ./out_ST18_IL1RAPL2/chr.12.l2.ldscore.gz

Summary of LD Scores in ./out_ST18_IL1RAPL2/chr.12.l2.ldscore.gz
         MAF        L2
mean  0.2320   20.9651
std   0.1438   48.1215
min   0.0051   -2.9430
25%   0.1063    0.0000
50%   0.2198    0.2840
75%   0.3548   13.5917
max   0.5000  500.8119

MAF/LD Score Correlation Matrix
        MAF      L2
MAF  1.0000  0.0706
L2   0.0706  1.0000

Annotation Correlation Matrix
       ANNOT
ANNOT    1.0

Annotation Matrix Column Sums
ANNOT    76967

Summary of Annotation Matrix Row Sums
count    480110.0000
mean          0.1603
std           0.3669
min           0.0000
25%           0.0000
50%           0.0000
75%           0.0000
max           1.0000
Analysis finished at Mon Aug 19 14:42:36 2024
Total time elapsed: 2.0m:1.46s
*********************************************************************
* LD Score Regression (LDSC)
* Version 1.0.1
* (C) 2014-2019 Brendan Bulik-Sullivan and Hilary Finucane
* Broad Institute of MIT and Harvard / MIT Department of Mathematics
* GNU General Public License v3
*********************************************************************
Call: 
./ldsc.py \
--print-snps /dcs04/lieber/shared/statsgen/LDSC/base/referencefiles/hapmap3_snps/hm.13.snp \
--ld-wind-cm 1.0 \
--out ./out_ST18_IL1RAPL2/chr.13 \
--bfile /dcs04/lieber/shared/statsgen/LDSC/base/referencefiles/1000G_EUR_Phase3_plink/1000G.EUR.QC.13 \
--thin-annot  \
--annot ./out_ST18_IL1RAPL2/chr.13.annot.gz \
--l2  

Beginning analysis at Mon Aug 19 14:42:36 2024
Read list of 366200 SNPs from /dcs04/lieber/shared/statsgen/LDSC/base/referencefiles/1000G_EUR_Phase3_plink/1000G.EUR.QC.13.bim
Read 1 annotations for 366200 SNPs from ./out_ST18_IL1RAPL2/chr.13.annot.gz
Read list of 489 individuals from /dcs04/lieber/shared/statsgen/LDSC/base/referencefiles/1000G_EUR_Phase3_plink/1000G.EUR.QC.13.fam
Reading genotypes from /dcs04/lieber/shared/statsgen/LDSC/base/referencefiles/1000G_EUR_Phase3_plink/1000G.EUR.QC.13.bed
After filtering, 366200 SNPs remain
Estimating LD Score.
Reading list of 52010 SNPs for which to print LD Scores from /dcs04/lieber/shared/statsgen/LDSC/base/referencefiles/hapmap3_snps/hm.13.snp
After merging with --print-snps, LD Scores for 45136 SNPs will be printed.
Writing LD Scores for 45136 SNPs to ./out_ST18_IL1RAPL2/chr.13.l2.ldscore.gz

Summary of LD Scores in ./out_ST18_IL1RAPL2/chr.13.l2.ldscore.gz
         MAF        L2
mean  0.2329   11.8475
std   0.1436   36.4030
min   0.0051   -1.7081
25%   0.1063    0.0000
50%   0.2198    0.0000
75%   0.3548    2.0523
max   0.5000  516.9481

MAF/LD Score Correlation Matrix
        MAF      L2
MAF  1.0000  0.0269
L2   0.0269  1.0000

Annotation Correlation Matrix
       ANNOT
ANNOT    1.0

Annotation Matrix Column Sums
ANNOT    40351

Summary of Annotation Matrix Row Sums
count    366200.0000
mean          0.1102
std           0.3131
min           0.0000
25%           0.0000
50%           0.0000
75%           0.0000
max           1.0000
Analysis finished at Mon Aug 19 14:43:41 2024
Total time elapsed: 1.0m:4.93s
*********************************************************************
* LD Score Regression (LDSC)
* Version 1.0.1
* (C) 2014-2019 Brendan Bulik-Sullivan and Hilary Finucane
* Broad Institute of MIT and Harvard / MIT Department of Mathematics
* GNU General Public License v3
*********************************************************************
Call: 
./ldsc.py \
--print-snps /dcs04/lieber/shared/statsgen/LDSC/base/referencefiles/hapmap3_snps/hm.14.snp \
--ld-wind-cm 1.0 \
--out ./out_ST18_IL1RAPL2/chr.14 \
--bfile /dcs04/lieber/shared/statsgen/LDSC/base/referencefiles/1000G_EUR_Phase3_plink/1000G.EUR.QC.14 \
--thin-annot  \
--annot ./out_ST18_IL1RAPL2/chr.14.annot.gz \
--l2  

Beginning analysis at Mon Aug 19 14:43:42 2024
Read list of 324698 SNPs from /dcs04/lieber/shared/statsgen/LDSC/base/referencefiles/1000G_EUR_Phase3_plink/1000G.EUR.QC.14.bim
Read 1 annotations for 324698 SNPs from ./out_ST18_IL1RAPL2/chr.14.annot.gz
Read list of 489 individuals from /dcs04/lieber/shared/statsgen/LDSC/base/referencefiles/1000G_EUR_Phase3_plink/1000G.EUR.QC.14.fam
Reading genotypes from /dcs04/lieber/shared/statsgen/LDSC/base/referencefiles/1000G_EUR_Phase3_plink/1000G.EUR.QC.14.bed
After filtering, 324698 SNPs remain
Estimating LD Score.
Reading list of 45556 SNPs for which to print LD Scores from /dcs04/lieber/shared/statsgen/LDSC/base/referencefiles/hapmap3_snps/hm.14.snp
After merging with --print-snps, LD Scores for 39504 SNPs will be printed.
Writing LD Scores for 39504 SNPs to ./out_ST18_IL1RAPL2/chr.14.l2.ldscore.gz

Summary of LD Scores in ./out_ST18_IL1RAPL2/chr.14.l2.ldscore.gz
         MAF        L2
mean  0.2308   14.3414
std   0.1432   35.8733
min   0.0051   -2.4958
25%   0.1053    0.0000
50%   0.2188    0.0000
75%   0.3497    5.4172
max   0.5000  339.4268

MAF/LD Score Correlation Matrix
        MAF      L2
MAF  1.0000  0.0345
L2   0.0345  1.0000

Annotation Correlation Matrix
       ANNOT
ANNOT    1.0

Annotation Matrix Column Sums
ANNOT    39994

Summary of Annotation Matrix Row Sums
count    324698.0000
mean          0.1232
std           0.3286
min           0.0000
25%           0.0000
50%           0.0000
75%           0.0000
max           1.0000
Analysis finished at Mon Aug 19 14:44:47 2024
Total time elapsed: 1.0m:5.04s
*********************************************************************
* LD Score Regression (LDSC)
* Version 1.0.1
* (C) 2014-2019 Brendan Bulik-Sullivan and Hilary Finucane
* Broad Institute of MIT and Harvard / MIT Department of Mathematics
* GNU General Public License v3
*********************************************************************
Call: 
./ldsc.py \
--print-snps /dcs04/lieber/shared/statsgen/LDSC/base/referencefiles/hapmap3_snps/hm.15.snp \
--ld-wind-cm 1.0 \
--out ./out_ST18_IL1RAPL2/chr.15 \
--bfile /dcs04/lieber/shared/statsgen/LDSC/base/referencefiles/1000G_EUR_Phase3_plink/1000G.EUR.QC.15 \
--thin-annot  \
--annot ./out_ST18_IL1RAPL2/chr.15.annot.gz \
--l2  

Beginning analysis at Mon Aug 19 14:44:48 2024
Read list of 287001 SNPs from /dcs04/lieber/shared/statsgen/LDSC/base/referencefiles/1000G_EUR_Phase3_plink/1000G.EUR.QC.15.bim
Read 1 annotations for 287001 SNPs from ./out_ST18_IL1RAPL2/chr.15.annot.gz
Read list of 489 individuals from /dcs04/lieber/shared/statsgen/LDSC/base/referencefiles/1000G_EUR_Phase3_plink/1000G.EUR.QC.15.fam
Reading genotypes from /dcs04/lieber/shared/statsgen/LDSC/base/referencefiles/1000G_EUR_Phase3_plink/1000G.EUR.QC.15.bed
After filtering, 287001 SNPs remain
Estimating LD Score.
Reading list of 42410 SNPs for which to print LD Scores from /dcs04/lieber/shared/statsgen/LDSC/base/referencefiles/hapmap3_snps/hm.15.snp
After merging with --print-snps, LD Scores for 36291 SNPs will be printed.
Writing LD Scores for 36291 SNPs to ./out_ST18_IL1RAPL2/chr.15.l2.ldscore.gz

Summary of LD Scores in ./out_ST18_IL1RAPL2/chr.15.l2.ldscore.gz
         MAF        L2
mean  0.2363   16.7783
std   0.1452   45.4982
min   0.0051   -2.1449
25%   0.1084    0.0000
50%   0.2260    0.0000
75%   0.3630    7.2698
max   0.5000  470.5546

MAF/LD Score Correlation Matrix
        MAF      L2
MAF  1.0000  0.0211
L2   0.0211  1.0000

Annotation Correlation Matrix
       ANNOT
ANNOT    1.0

Annotation Matrix Column Sums
ANNOT    38381

Summary of Annotation Matrix Row Sums
count    287001.0000
mean          0.1337
std           0.3404
min           0.0000
25%           0.0000
50%           0.0000
75%           0.0000
max           1.0000
Analysis finished at Mon Aug 19 14:45:55 2024
Total time elapsed: 1.0m:7.17s
*********************************************************************
* LD Score Regression (LDSC)
* Version 1.0.1
* (C) 2014-2019 Brendan Bulik-Sullivan and Hilary Finucane
* Broad Institute of MIT and Harvard / MIT Department of Mathematics
* GNU General Public License v3
*********************************************************************
Call: 
./ldsc.py \
--print-snps /dcs04/lieber/shared/statsgen/LDSC/base/referencefiles/hapmap3_snps/hm.16.snp \
--ld-wind-cm 1.0 \
--out ./out_ST18_IL1RAPL2/chr.16 \
--bfile /dcs04/lieber/shared/statsgen/LDSC/base/referencefiles/1000G_EUR_Phase3_plink/1000G.EUR.QC.16 \
--thin-annot  \
--annot ./out_ST18_IL1RAPL2/chr.16.annot.gz \
--l2  

Beginning analysis at Mon Aug 19 14:45:56 2024
Read list of 316981 SNPs from /dcs04/lieber/shared/statsgen/LDSC/base/referencefiles/1000G_EUR_Phase3_plink/1000G.EUR.QC.16.bim
Read 1 annotations for 316981 SNPs from ./out_ST18_IL1RAPL2/chr.16.annot.gz
Read list of 489 individuals from /dcs04/lieber/shared/statsgen/LDSC/base/referencefiles/1000G_EUR_Phase3_plink/1000G.EUR.QC.16.fam
Reading genotypes from /dcs04/lieber/shared/statsgen/LDSC/base/referencefiles/1000G_EUR_Phase3_plink/1000G.EUR.QC.16.bed
After filtering, 316981 SNPs remain
Estimating LD Score.
Reading list of 44710 SNPs for which to print LD Scores from /dcs04/lieber/shared/statsgen/LDSC/base/referencefiles/hapmap3_snps/hm.16.snp
After merging with --print-snps, LD Scores for 37656 SNPs will be printed.
Writing LD Scores for 37656 SNPs to ./out_ST18_IL1RAPL2/chr.16.l2.ldscore.gz

Summary of LD Scores in ./out_ST18_IL1RAPL2/chr.16.l2.ldscore.gz
         MAF        L2
mean  0.2370   18.5399
std   0.1437   41.9188
min   0.0051   -2.0376
25%   0.1115    0.0000
50%   0.2290    0.0000
75%   0.3589   13.8118
max   0.5000  544.8098

MAF/LD Score Correlation Matrix
        MAF      L2
MAF  1.0000  0.0684
L2   0.0684  1.0000

Annotation Correlation Matrix
       ANNOT
ANNOT    1.0

Annotation Matrix Column Sums
ANNOT    61180

Summary of Annotation Matrix Row Sums
count    316981.0000
mean          0.1930
std           0.3947
min           0.0000
25%           0.0000
50%           0.0000
75%           0.0000
max           1.0000
Analysis finished at Mon Aug 19 14:47:00 2024
Total time elapsed: 1.0m:4.59s
*********************************************************************
* LD Score Regression (LDSC)
* Version 1.0.1
* (C) 2014-2019 Brendan Bulik-Sullivan and Hilary Finucane
* Broad Institute of MIT and Harvard / MIT Department of Mathematics
* GNU General Public License v3
*********************************************************************
Call: 
./ldsc.py \
--print-snps /dcs04/lieber/shared/statsgen/LDSC/base/referencefiles/hapmap3_snps/hm.17.snp \
--ld-wind-cm 1.0 \
--out ./out_ST18_IL1RAPL2/chr.17 \
--bfile /dcs04/lieber/shared/statsgen/LDSC/base/referencefiles/1000G_EUR_Phase3_plink/1000G.EUR.QC.17 \
--thin-annot  \
--annot ./out_ST18_IL1RAPL2/chr.17.annot.gz \
--l2  

Beginning analysis at Mon Aug 19 14:47:01 2024
Read list of 269222 SNPs from /dcs04/lieber/shared/statsgen/LDSC/base/referencefiles/1000G_EUR_Phase3_plink/1000G.EUR.QC.17.bim
Read 1 annotations for 269222 SNPs from ./out_ST18_IL1RAPL2/chr.17.annot.gz
Read list of 489 individuals from /dcs04/lieber/shared/statsgen/LDSC/base/referencefiles/1000G_EUR_Phase3_plink/1000G.EUR.QC.17.fam
Reading genotypes from /dcs04/lieber/shared/statsgen/LDSC/base/referencefiles/1000G_EUR_Phase3_plink/1000G.EUR.QC.17.bed
After filtering, 269222 SNPs remain
Estimating LD Score.
Reading list of 38396 SNPs for which to print LD Scores from /dcs04/lieber/shared/statsgen/LDSC/base/referencefiles/hapmap3_snps/hm.17.snp
After merging with --print-snps, LD Scores for 32315 SNPs will be printed.
Writing LD Scores for 32315 SNPs to ./out_ST18_IL1RAPL2/chr.17.l2.ldscore.gz

Summary of LD Scores in ./out_ST18_IL1RAPL2/chr.17.l2.ldscore.gz
         MAF        L2
mean  0.2414   16.2453
std   0.1449   39.6390
min   0.0051   -1.5400
25%   0.1135    0.0000
50%   0.2352    0.0868
75%   0.3671   12.8381
max   0.5000  472.7736

MAF/LD Score Correlation Matrix
        MAF      L2
MAF  1.0000  0.0855
L2   0.0855  1.0000

Annotation Correlation Matrix
       ANNOT
ANNOT    1.0

Annotation Matrix Column Sums
ANNOT    48045

Summary of Annotation Matrix Row Sums
count    269222.0000
mean          0.1785
std           0.3829
min           0.0000
25%           0.0000
50%           0.0000
75%           0.0000
max           1.0000
Analysis finished at Mon Aug 19 14:47:58 2024
Total time elapsed: 57.07s
*********************************************************************
* LD Score Regression (LDSC)
* Version 1.0.1
* (C) 2014-2019 Brendan Bulik-Sullivan and Hilary Finucane
* Broad Institute of MIT and Harvard / MIT Department of Mathematics
* GNU General Public License v3
*********************************************************************
Call: 
./ldsc.py \
--print-snps /dcs04/lieber/shared/statsgen/LDSC/base/referencefiles/hapmap3_snps/hm.18.snp \
--ld-wind-cm 1.0 \
--out ./out_ST18_IL1RAPL2/chr.18 \
--bfile /dcs04/lieber/shared/statsgen/LDSC/base/referencefiles/1000G_EUR_Phase3_plink/1000G.EUR.QC.18 \
--thin-annot  \
--annot ./out_ST18_IL1RAPL2/chr.18.annot.gz \
--l2  

Beginning analysis at Mon Aug 19 14:47:58 2024
Read list of 285156 SNPs from /dcs04/lieber/shared/statsgen/LDSC/base/referencefiles/1000G_EUR_Phase3_plink/1000G.EUR.QC.18.bim
Read 1 annotations for 285156 SNPs from ./out_ST18_IL1RAPL2/chr.18.annot.gz
Read list of 489 individuals from /dcs04/lieber/shared/statsgen/LDSC/base/referencefiles/1000G_EUR_Phase3_plink/1000G.EUR.QC.18.fam
Reading genotypes from /dcs04/lieber/shared/statsgen/LDSC/base/referencefiles/1000G_EUR_Phase3_plink/1000G.EUR.QC.18.bed
After filtering, 285156 SNPs remain
Estimating LD Score.
Reading list of 40891 SNPs for which to print LD Scores from /dcs04/lieber/shared/statsgen/LDSC/base/referencefiles/hapmap3_snps/hm.18.snp
After merging with --print-snps, LD Scores for 35326 SNPs will be printed.
Writing LD Scores for 35326 SNPs to ./out_ST18_IL1RAPL2/chr.18.l2.ldscore.gz

Summary of LD Scores in ./out_ST18_IL1RAPL2/chr.18.l2.ldscore.gz
         MAF        L2
mean  0.2356    8.1792
std   0.1434   25.6476
min   0.0051   -1.4274
25%   0.1094    0.0000
50%   0.2249    0.0000
75%   0.3569    0.3616
max   0.5000  266.3606

MAF/LD Score Correlation Matrix
        MAF      L2
MAF  1.0000  0.0608
L2   0.0608  1.0000

Annotation Correlation Matrix
       ANNOT
ANNOT    1.0

Annotation Matrix Column Sums
ANNOT    28042

Summary of Annotation Matrix Row Sums
count    285156.0000
mean          0.0983
std           0.2978
min           0.0000
25%           0.0000
50%           0.0000
75%           0.0000
max           1.0000
Analysis finished at Mon Aug 19 14:48:36 2024
Total time elapsed: 37.32s
*********************************************************************
* LD Score Regression (LDSC)
* Version 1.0.1
* (C) 2014-2019 Brendan Bulik-Sullivan and Hilary Finucane
* Broad Institute of MIT and Harvard / MIT Department of Mathematics
* GNU General Public License v3
*********************************************************************
Call: 
./ldsc.py \
--print-snps /dcs04/lieber/shared/statsgen/LDSC/base/referencefiles/hapmap3_snps/hm.19.snp \
--ld-wind-cm 1.0 \
--out ./out_ST18_IL1RAPL2/chr.19 \
--bfile /dcs04/lieber/shared/statsgen/LDSC/base/referencefiles/1000G_EUR_Phase3_plink/1000G.EUR.QC.19 \
--thin-annot  \
--annot ./out_ST18_IL1RAPL2/chr.19.annot.gz \
--l2  

Beginning analysis at Mon Aug 19 14:48:36 2024
Read list of 232363 SNPs from /dcs04/lieber/shared/statsgen/LDSC/base/referencefiles/1000G_EUR_Phase3_plink/1000G.EUR.QC.19.bim
Read 1 annotations for 232363 SNPs from ./out_ST18_IL1RAPL2/chr.19.annot.gz
Read list of 489 individuals from /dcs04/lieber/shared/statsgen/LDSC/base/referencefiles/1000G_EUR_Phase3_plink/1000G.EUR.QC.19.fam
Reading genotypes from /dcs04/lieber/shared/statsgen/LDSC/base/referencefiles/1000G_EUR_Phase3_plink/1000G.EUR.QC.19.bed
After filtering, 232363 SNPs remain
Estimating LD Score.
Reading list of 26259 SNPs for which to print LD Scores from /dcs04/lieber/shared/statsgen/LDSC/base/referencefiles/hapmap3_snps/hm.19.snp
After merging with --print-snps, LD Scores for 21991 SNPs will be printed.
Writing LD Scores for 21991 SNPs to ./out_ST18_IL1RAPL2/chr.19.l2.ldscore.gz

Summary of LD Scores in ./out_ST18_IL1RAPL2/chr.19.l2.ldscore.gz
         MAF        L2
mean  0.2369   28.9354
std   0.1428   53.1766
min   0.0051   -2.2073
25%   0.1125    0.0000
50%   0.2331    3.0767
75%   0.3569   35.9738
max   0.5000  357.3055

MAF/LD Score Correlation Matrix
       MAF     L2
MAF  1.000  0.064
L2   0.064  1.000

Annotation Correlation Matrix
       ANNOT
ANNOT    1.0

Annotation Matrix Column Sums
ANNOT    60785

Summary of Annotation Matrix Row Sums
count    232363.0000
mean          0.2616
std           0.4395
min           0.0000
25%           0.0000
50%           0.0000
75%           1.0000
max           1.0000
Analysis finished at Mon Aug 19 14:51:23 2024
Total time elapsed: 2.0m:47.55s
*********************************************************************
* LD Score Regression (LDSC)
* Version 1.0.1
* (C) 2014-2019 Brendan Bulik-Sullivan and Hilary Finucane
* Broad Institute of MIT and Harvard / MIT Department of Mathematics
* GNU General Public License v3
*********************************************************************
Call: 
./ldsc.py \
--print-snps /dcs04/lieber/shared/statsgen/LDSC/base/referencefiles/hapmap3_snps/hm.20.snp \
--ld-wind-cm 1.0 \
--out ./out_ST18_IL1RAPL2/chr.20 \
--bfile /dcs04/lieber/shared/statsgen/LDSC/base/referencefiles/1000G_EUR_Phase3_plink/1000G.EUR.QC.20 \
--thin-annot  \
--annot ./out_ST18_IL1RAPL2/chr.20.annot.gz \
--l2  

Beginning analysis at Mon Aug 19 14:51:24 2024
Read list of 221626 SNPs from /dcs04/lieber/shared/statsgen/LDSC/base/referencefiles/1000G_EUR_Phase3_plink/1000G.EUR.QC.20.bim
Read 1 annotations for 221626 SNPs from ./out_ST18_IL1RAPL2/chr.20.annot.gz
Read list of 489 individuals from /dcs04/lieber/shared/statsgen/LDSC/base/referencefiles/1000G_EUR_Phase3_plink/1000G.EUR.QC.20.fam
Reading genotypes from /dcs04/lieber/shared/statsgen/LDSC/base/referencefiles/1000G_EUR_Phase3_plink/1000G.EUR.QC.20.bed
After filtering, 221626 SNPs remain
Estimating LD Score.
Reading list of 36301 SNPs for which to print LD Scores from /dcs04/lieber/shared/statsgen/LDSC/base/referencefiles/hapmap3_snps/hm.20.snp
After merging with --print-snps, LD Scores for 31359 SNPs will be printed.
Writing LD Scores for 31359 SNPs to ./out_ST18_IL1RAPL2/chr.20.l2.ldscore.gz

Summary of LD Scores in ./out_ST18_IL1RAPL2/chr.20.l2.ldscore.gz
         MAF        L2
mean  0.2336   16.8037
std   0.1437   41.0006
min   0.0051   -2.3703
25%   0.1063    0.0000
50%   0.2219    0.3287
75%   0.3569   10.7485
max   0.5000  356.1420

MAF/LD Score Correlation Matrix
        MAF      L2
MAF  1.0000  0.0776
L2   0.0776  1.0000

Annotation Correlation Matrix
       ANNOT
ANNOT    1.0

Annotation Matrix Column Sums
ANNOT    39519

Summary of Annotation Matrix Row Sums
count    221626.0000
mean          0.1783
std           0.3828
min           0.0000
25%           0.0000
50%           0.0000
75%           0.0000
max           1.0000
Analysis finished at Mon Aug 19 14:52:37 2024
Total time elapsed: 1.0m:13.08s
*********************************************************************
* LD Score Regression (LDSC)
* Version 1.0.1
* (C) 2014-2019 Brendan Bulik-Sullivan and Hilary Finucane
* Broad Institute of MIT and Harvard / MIT Department of Mathematics
* GNU General Public License v3
*********************************************************************
Call: 
./ldsc.py \
--print-snps /dcs04/lieber/shared/statsgen/LDSC/base/referencefiles/hapmap3_snps/hm.21.snp \
--ld-wind-cm 1.0 \
--out ./out_ST18_IL1RAPL2/chr.21 \
--bfile /dcs04/lieber/shared/statsgen/LDSC/base/referencefiles/1000G_EUR_Phase3_plink/1000G.EUR.QC.21 \
--thin-annot  \
--annot ./out_ST18_IL1RAPL2/chr.21.annot.gz \
--l2  

Beginning analysis at Mon Aug 19 14:52:40 2024
Read list of 138712 SNPs from /dcs04/lieber/shared/statsgen/LDSC/base/referencefiles/1000G_EUR_Phase3_plink/1000G.EUR.QC.21.bim
Read 1 annotations for 138712 SNPs from ./out_ST18_IL1RAPL2/chr.21.annot.gz
Read list of 489 individuals from /dcs04/lieber/shared/statsgen/LDSC/base/referencefiles/1000G_EUR_Phase3_plink/1000G.EUR.QC.21.fam
Reading genotypes from /dcs04/lieber/shared/statsgen/LDSC/base/referencefiles/1000G_EUR_Phase3_plink/1000G.EUR.QC.21.bed
After filtering, 138712 SNPs remain
Estimating LD Score.
Reading list of 19331 SNPs for which to print LD Scores from /dcs04/lieber/shared/statsgen/LDSC/base/referencefiles/hapmap3_snps/hm.21.snp
After merging with --print-snps, LD Scores for 16993 SNPs will be printed.
Writing LD Scores for 16993 SNPs to ./out_ST18_IL1RAPL2/chr.21.l2.ldscore.gz

Summary of LD Scores in ./out_ST18_IL1RAPL2/chr.21.l2.ldscore.gz
         MAF        L2
mean  0.2398   13.8302
std   0.1429   31.0824
min   0.0051   -1.7788
25%   0.1155    0.0000
50%   0.2290    0.0000
75%   0.3640    5.8616
max   0.5000  221.3419

MAF/LD Score Correlation Matrix
        MAF      L2
MAF  1.0000  0.0467
L2   0.0467  1.0000

Annotation Correlation Matrix
       ANNOT
ANNOT    1.0

Annotation Matrix Column Sums
ANNOT    21251

Summary of Annotation Matrix Row Sums
count    138712.0000
mean          0.1532
std           0.3602
min           0.0000
25%           0.0000
50%           0.0000
75%           0.0000
max           1.0000
Analysis finished at Mon Aug 19 14:53:51 2024
Total time elapsed: 1.0m:11.0s
*********************************************************************
* LD Score Regression (LDSC)
* Version 1.0.1
* (C) 2014-2019 Brendan Bulik-Sullivan and Hilary Finucane
* Broad Institute of MIT and Harvard / MIT Department of Mathematics
* GNU General Public License v3
*********************************************************************
Call: 
./ldsc.py \
--print-snps /dcs04/lieber/shared/statsgen/LDSC/base/referencefiles/hapmap3_snps/hm.22.snp \
--ld-wind-cm 1.0 \
--out ./out_ST18_IL1RAPL2/chr.22 \
--bfile /dcs04/lieber/shared/statsgen/LDSC/base/referencefiles/1000G_EUR_Phase3_plink/1000G.EUR.QC.22 \
--thin-annot  \
--annot ./out_ST18_IL1RAPL2/chr.22.annot.gz \
--l2  

Beginning analysis at Mon Aug 19 14:53:51 2024
Read list of 141123 SNPs from /dcs04/lieber/shared/statsgen/LDSC/base/referencefiles/1000G_EUR_Phase3_plink/1000G.EUR.QC.22.bim
Read 1 annotations for 141123 SNPs from ./out_ST18_IL1RAPL2/chr.22.annot.gz
Read list of 489 individuals from /dcs04/lieber/shared/statsgen/LDSC/base/referencefiles/1000G_EUR_Phase3_plink/1000G.EUR.QC.22.fam
Reading genotypes from /dcs04/lieber/shared/statsgen/LDSC/base/referencefiles/1000G_EUR_Phase3_plink/1000G.EUR.QC.22.bed
After filtering, 141123 SNPs remain
Estimating LD Score.
Reading list of 20106 SNPs for which to print LD Scores from /dcs04/lieber/shared/statsgen/LDSC/base/referencefiles/hapmap3_snps/hm.22.snp
After merging with --print-snps, LD Scores for 17261 SNPs will be printed.
Writing LD Scores for 17261 SNPs to ./out_ST18_IL1RAPL2/chr.22.l2.ldscore.gz

Summary of LD Scores in ./out_ST18_IL1RAPL2/chr.22.l2.ldscore.gz
         MAF        L2
mean  0.2359   17.1706
std   0.1442   43.6737
min   0.0051   -1.6845
25%   0.1084    0.0000
50%   0.2280    0.0000
75%   0.3579    3.2358
max   0.5000  294.2394

MAF/LD Score Correlation Matrix
        MAF      L2
MAF  1.0000  0.0773
L2   0.0773  1.0000

Annotation Correlation Matrix
       ANNOT
ANNOT    1.0

Annotation Matrix Column Sums
ANNOT    18296

Summary of Annotation Matrix Row Sums
count    141123.0000
mean          0.1296
std           0.3359
min           0.0000
25%           0.0000
50%           0.0000
75%           0.0000
max           1.0000
Analysis finished at Mon Aug 19 14:54:34 2024
Total time elapsed: 42.4s
*********************************************************************
* LD Score Regression (LDSC)
* Version 1.0.1
* (C) 2014-2019 Brendan Bulik-Sullivan and Hilary Finucane
* Broad Institute of MIT and Harvard / MIT Department of Mathematics
* GNU General Public License v3
*********************************************************************
Call: 
./ldsc.py \
--print-snps /dcs04/lieber/shared/statsgen/LDSC/base/referencefiles/hapmap3_snps/hm.1.snp \
--ld-wind-cm 1.0 \
--out ./out_SST_NOS1/chr.1 \
--bfile /dcs04/lieber/shared/statsgen/LDSC/base/referencefiles/1000G_EUR_Phase3_plink/1000G.EUR.QC.1 \
--thin-annot  \
--annot ./out_SST_NOS1/chr.1.annot.gz \
--l2  

Beginning analysis at Mon Aug 19 14:54:34 2024
Read list of 779354 SNPs from /dcs04/lieber/shared/statsgen/LDSC/base/referencefiles/1000G_EUR_Phase3_plink/1000G.EUR.QC.1.bim
Read 1 annotations for 779354 SNPs from ./out_SST_NOS1/chr.1.annot.gz
Read list of 489 individuals from /dcs04/lieber/shared/statsgen/LDSC/base/referencefiles/1000G_EUR_Phase3_plink/1000G.EUR.QC.1.fam
Reading genotypes from /dcs04/lieber/shared/statsgen/LDSC/base/referencefiles/1000G_EUR_Phase3_plink/1000G.EUR.QC.1.bed
After filtering, 779354 SNPs remain
Estimating LD Score.
Reading list of 116564 SNPs for which to print LD Scores from /dcs04/lieber/shared/statsgen/LDSC/base/referencefiles/hapmap3_snps/hm.1.snp
After merging with --print-snps, LD Scores for 98690 SNPs will be printed.
Writing LD Scores for 98690 SNPs to ./out_SST_NOS1/chr.1.l2.ldscore.gz

Summary of LD Scores in ./out_SST_NOS1/chr.1.l2.ldscore.gz
         MAF        L2
mean  0.2329   16.4140
std   0.1442   42.6696
min   0.0051   -3.4265
25%   0.1056    0.0000
50%   0.2219    0.0000
75%   0.3548    7.0775
max   0.5000  490.0906

MAF/LD Score Correlation Matrix
        MAF      L2
MAF  1.0000  0.0589
L2   0.0589  1.0000

Annotation Correlation Matrix
       ANNOT
ANNOT    1.0

Annotation Matrix Column Sums
ANNOT    109929

Summary of Annotation Matrix Row Sums
count    779354.0000
mean          0.1411
std           0.3481
min           0.0000
25%           0.0000
50%           0.0000
75%           0.0000
max           1.0000
Analysis finished at Mon Aug 19 14:57:09 2024
Total time elapsed: 2.0m:35.32s
*********************************************************************
* LD Score Regression (LDSC)
* Version 1.0.1
* (C) 2014-2019 Brendan Bulik-Sullivan and Hilary Finucane
* Broad Institute of MIT and Harvard / MIT Department of Mathematics
* GNU General Public License v3
*********************************************************************
Call: 
./ldsc.py \
--print-snps /dcs04/lieber/shared/statsgen/LDSC/base/referencefiles/hapmap3_snps/hm.2.snp \
--ld-wind-cm 1.0 \
--out ./out_SST_NOS1/chr.2 \
--bfile /dcs04/lieber/shared/statsgen/LDSC/base/referencefiles/1000G_EUR_Phase3_plink/1000G.EUR.QC.2 \
--thin-annot  \
--annot ./out_SST_NOS1/chr.2.annot.gz \
--l2  

Beginning analysis at Mon Aug 19 14:57:10 2024
Read list of 839590 SNPs from /dcs04/lieber/shared/statsgen/LDSC/base/referencefiles/1000G_EUR_Phase3_plink/1000G.EUR.QC.2.bim
Read 1 annotations for 839590 SNPs from ./out_SST_NOS1/chr.2.annot.gz
Read list of 489 individuals from /dcs04/lieber/shared/statsgen/LDSC/base/referencefiles/1000G_EUR_Phase3_plink/1000G.EUR.QC.2.fam
Reading genotypes from /dcs04/lieber/shared/statsgen/LDSC/base/referencefiles/1000G_EUR_Phase3_plink/1000G.EUR.QC.2.bed
After filtering, 839590 SNPs remain
Estimating LD Score.
Reading list of 116575 SNPs for which to print LD Scores from /dcs04/lieber/shared/statsgen/LDSC/base/referencefiles/hapmap3_snps/hm.2.snp
After merging with --print-snps, LD Scores for 100038 SNPs will be printed.
Writing LD Scores for 100038 SNPs to ./out_SST_NOS1/chr.2.l2.ldscore.gz

Summary of LD Scores in ./out_SST_NOS1/chr.2.l2.ldscore.gz
         MAF        L2
mean  0.2371   13.1697
std   0.1439   35.3668
min   0.0051   -2.0826
25%   0.1115    0.0000
50%   0.2280    0.0000
75%   0.3609    3.9060
max   0.5000  397.5152

MAF/LD Score Correlation Matrix
        MAF      L2
MAF  1.0000  0.0484
L2   0.0484  1.0000

Annotation Correlation Matrix
       ANNOT
ANNOT    1.0

Annotation Matrix Column Sums
ANNOT    88316

Summary of Annotation Matrix Row Sums
count    839590.0000
mean          0.1052
std           0.3068
min           0.0000
25%           0.0000
50%           0.0000
75%           0.0000
max           1.0000
Analysis finished at Mon Aug 19 15:00:03 2024
Total time elapsed: 2.0m:53.09s
**** Job ends ****
Mon Aug 19 03:00:03 PM EDT 2024
