**** Job starts ****
Tue Aug 20 02:48:14 PM EDT 2024
*********************************************************************
* LD Score Regression (LDSC)
* Version 1.0.1
* (C) 2014-2019 Brendan Bulik-Sullivan and Hilary Finucane
* Broad Institute of MIT and Harvard / MIT Department of Mathematics
* GNU General Public License v3
*********************************************************************
Call: 
./ldsc.py \
--print-snps /dcs04/lieber/shared/statsgen/LDSC/base/referencefiles/hapmap3_snps/hm.3.snp \
--ld-wind-cm 1.0 \
--out ./out_ADARB2_TRPS1.LAMP5_KIT/chr.3 \
--bfile /dcs04/lieber/shared/statsgen/LDSC/base/referencefiles/1000G_EUR_Phase3_plink/1000G.EUR.QC.3 \
--thin-annot  \
--annot ./out_ADARB2_TRPS1.LAMP5_KIT/chr.3.annot.gz \
--l2  

Beginning analysis at Tue Aug 20 14:48:15 2024
Read list of 706350 SNPs from /dcs04/lieber/shared/statsgen/LDSC/base/referencefiles/1000G_EUR_Phase3_plink/1000G.EUR.QC.3.bim
Read 1 annotations for 706350 SNPs from ./out_ADARB2_TRPS1.LAMP5_KIT/chr.3.annot.gz
Read list of 489 individuals from /dcs04/lieber/shared/statsgen/LDSC/base/referencefiles/1000G_EUR_Phase3_plink/1000G.EUR.QC.3.fam
Reading genotypes from /dcs04/lieber/shared/statsgen/LDSC/base/referencefiles/1000G_EUR_Phase3_plink/1000G.EUR.QC.3.bed
After filtering, 706350 SNPs remain
Estimating LD Score.
Reading list of 96664 SNPs for which to print LD Scores from /dcs04/lieber/shared/statsgen/LDSC/base/referencefiles/hapmap3_snps/hm.3.snp
After merging with --print-snps, LD Scores for 83286 SNPs will be printed.
Writing LD Scores for 83286 SNPs to ./out_ADARB2_TRPS1.LAMP5_KIT/chr.3.l2.ldscore.gz

Summary of LD Scores in ./out_ADARB2_TRPS1.LAMP5_KIT/chr.3.l2.ldscore.gz
         MAF        L2
mean  0.2395   15.6294
std   0.1436   39.0514
min   0.0051   -2.3409
25%   0.1145    0.0000
50%   0.2311    0.0732
75%   0.3630    5.7115
max   0.5000  493.7620

MAF/LD Score Correlation Matrix
        MAF      L2
MAF  1.0000  0.0698
L2   0.0698  1.0000

Annotation Correlation Matrix
       ANNOT
ANNOT    1.0

Annotation Matrix Column Sums
ANNOT    82593

Summary of Annotation Matrix Row Sums
count    706350.0000
mean          0.1169
std           0.3213
min           0.0000
25%           0.0000
50%           0.0000
75%           0.0000
max           1.0000
Analysis finished at Tue Aug 20 14:51:52 2024
Total time elapsed: 3.0m:37.64s
*********************************************************************
* LD Score Regression (LDSC)
* Version 1.0.1
* (C) 2014-2019 Brendan Bulik-Sullivan and Hilary Finucane
* Broad Institute of MIT and Harvard / MIT Department of Mathematics
* GNU General Public License v3
*********************************************************************
Call: 
./ldsc.py \
--print-snps /dcs04/lieber/shared/statsgen/LDSC/base/referencefiles/hapmap3_snps/hm.4.snp \
--ld-wind-cm 1.0 \
--out ./out_ADARB2_TRPS1.LAMP5_KIT/chr.4 \
--bfile /dcs04/lieber/shared/statsgen/LDSC/base/referencefiles/1000G_EUR_Phase3_plink/1000G.EUR.QC.4 \
--thin-annot  \
--annot ./out_ADARB2_TRPS1.LAMP5_KIT/chr.4.annot.gz \
--l2  

Beginning analysis at Tue Aug 20 14:51:53 2024
Read list of 729645 SNPs from /dcs04/lieber/shared/statsgen/LDSC/base/referencefiles/1000G_EUR_Phase3_plink/1000G.EUR.QC.4.bim
Read 1 annotations for 729645 SNPs from ./out_ADARB2_TRPS1.LAMP5_KIT/chr.4.annot.gz
Read list of 489 individuals from /dcs04/lieber/shared/statsgen/LDSC/base/referencefiles/1000G_EUR_Phase3_plink/1000G.EUR.QC.4.fam
Reading genotypes from /dcs04/lieber/shared/statsgen/LDSC/base/referencefiles/1000G_EUR_Phase3_plink/1000G.EUR.QC.4.bed
After filtering, 729645 SNPs remain
Estimating LD Score.
Reading list of 85881 SNPs for which to print LD Scores from /dcs04/lieber/shared/statsgen/LDSC/base/referencefiles/hapmap3_snps/hm.4.snp
After merging with --print-snps, LD Scores for 74259 SNPs will be printed.
Writing LD Scores for 74259 SNPs to ./out_ADARB2_TRPS1.LAMP5_KIT/chr.4.l2.ldscore.gz

Summary of LD Scores in ./out_ADARB2_TRPS1.LAMP5_KIT/chr.4.l2.ldscore.gz
         MAF        L2
mean  0.2367   12.0643
std   0.1431   40.2572
min   0.0051   -3.4568
25%   0.1115    0.0000
50%   0.2301    0.0000
75%   0.3579    1.8311
max   0.5000  480.2735

MAF/LD Score Correlation Matrix
        MAF      L2
MAF  1.0000  0.0335
L2   0.0335  1.0000

Annotation Correlation Matrix
       ANNOT
ANNOT    1.0

Annotation Matrix Column Sums
ANNOT    55205

Summary of Annotation Matrix Row Sums
count    729645.0000
mean          0.0757
std           0.2645
min           0.0000
25%           0.0000
50%           0.0000
75%           0.0000
max           1.0000
Analysis finished at Tue Aug 20 14:54:59 2024
Total time elapsed: 3.0m:6.64s
*********************************************************************
* LD Score Regression (LDSC)
* Version 1.0.1
* (C) 2014-2019 Brendan Bulik-Sullivan and Hilary Finucane
* Broad Institute of MIT and Harvard / MIT Department of Mathematics
* GNU General Public License v3
*********************************************************************
Call: 
./ldsc.py \
--print-snps /dcs04/lieber/shared/statsgen/LDSC/base/referencefiles/hapmap3_snps/hm.5.snp \
--ld-wind-cm 1.0 \
--out ./out_ADARB2_TRPS1.LAMP5_KIT/chr.5 \
--bfile /dcs04/lieber/shared/statsgen/LDSC/base/referencefiles/1000G_EUR_Phase3_plink/1000G.EUR.QC.5 \
--thin-annot  \
--annot ./out_ADARB2_TRPS1.LAMP5_KIT/chr.5.annot.gz \
--l2  

Beginning analysis at Tue Aug 20 14:55:00 2024
Read list of 633015 SNPs from /dcs04/lieber/shared/statsgen/LDSC/base/referencefiles/1000G_EUR_Phase3_plink/1000G.EUR.QC.5.bim
Read 1 annotations for 633015 SNPs from ./out_ADARB2_TRPS1.LAMP5_KIT/chr.5.annot.gz
Read list of 489 individuals from /dcs04/lieber/shared/statsgen/LDSC/base/referencefiles/1000G_EUR_Phase3_plink/1000G.EUR.QC.5.fam
Reading genotypes from /dcs04/lieber/shared/statsgen/LDSC/base/referencefiles/1000G_EUR_Phase3_plink/1000G.EUR.QC.5.bed
After filtering, 633015 SNPs remain
Estimating LD Score.
Reading list of 88059 SNPs for which to print LD Scores from /dcs04/lieber/shared/statsgen/LDSC/base/referencefiles/hapmap3_snps/hm.5.snp
After merging with --print-snps, LD Scores for 74950 SNPs will be printed.
Writing LD Scores for 74950 SNPs to ./out_ADARB2_TRPS1.LAMP5_KIT/chr.5.l2.ldscore.gz

Summary of LD Scores in ./out_ADARB2_TRPS1.LAMP5_KIT/chr.5.l2.ldscore.gz
         MAF        L2
mean  0.2353   18.3521
std   0.1428   47.9320
min   0.0051   -2.2786
25%   0.1104    0.0000
50%   0.2260    0.3023
75%   0.3558    8.1629
max   0.5000  533.3753

MAF/LD Score Correlation Matrix
        MAF      L2
MAF  1.0000  0.0425
L2   0.0425  1.0000

Annotation Correlation Matrix
       ANNOT
ANNOT    1.0

Annotation Matrix Column Sums
ANNOT    81326

Summary of Annotation Matrix Row Sums
count    633015.0000
mean          0.1285
std           0.3346
min           0.0000
25%           0.0000
50%           0.0000
75%           0.0000
max           1.0000
Analysis finished at Tue Aug 20 14:58:05 2024
Total time elapsed: 3.0m:5.01s
*********************************************************************
* LD Score Regression (LDSC)
* Version 1.0.1
* (C) 2014-2019 Brendan Bulik-Sullivan and Hilary Finucane
* Broad Institute of MIT and Harvard / MIT Department of Mathematics
* GNU General Public License v3
*********************************************************************
Call: 
./ldsc.py \
--print-snps /dcs04/lieber/shared/statsgen/LDSC/base/referencefiles/hapmap3_snps/hm.6.snp \
--ld-wind-cm 1.0 \
--out ./out_ADARB2_TRPS1.LAMP5_KIT/chr.6 \
--bfile /dcs04/lieber/shared/statsgen/LDSC/base/referencefiles/1000G_EUR_Phase3_plink/1000G.EUR.QC.6 \
--thin-annot  \
--annot ./out_ADARB2_TRPS1.LAMP5_KIT/chr.6.annot.gz \
--l2  

Beginning analysis at Tue Aug 20 14:58:05 2024
Read list of 664016 SNPs from /dcs04/lieber/shared/statsgen/LDSC/base/referencefiles/1000G_EUR_Phase3_plink/1000G.EUR.QC.6.bim
Read 1 annotations for 664016 SNPs from ./out_ADARB2_TRPS1.LAMP5_KIT/chr.6.annot.gz
Read list of 489 individuals from /dcs04/lieber/shared/statsgen/LDSC/base/referencefiles/1000G_EUR_Phase3_plink/1000G.EUR.QC.6.fam
Reading genotypes from /dcs04/lieber/shared/statsgen/LDSC/base/referencefiles/1000G_EUR_Phase3_plink/1000G.EUR.QC.6.bed
After filtering, 664016 SNPs remain
Estimating LD Score.
Reading list of 91491 SNPs for which to print LD Scores from /dcs04/lieber/shared/statsgen/LDSC/base/referencefiles/hapmap3_snps/hm.6.snp
After merging with --print-snps, LD Scores for 80218 SNPs will be printed.
Writing LD Scores for 80218 SNPs to ./out_ADARB2_TRPS1.LAMP5_KIT/chr.6.l2.ldscore.gz

Summary of LD Scores in ./out_ADARB2_TRPS1.LAMP5_KIT/chr.6.l2.ldscore.gz
         MAF        L2
mean  0.2331   32.9677
std   0.1441   77.3168
min   0.0051   -5.9152
25%   0.1074    0.0000
50%   0.2219    0.9538
75%   0.3558   27.3985
max   0.5000  751.3029

MAF/LD Score Correlation Matrix
        MAF      L2
MAF  1.0000  0.0241
L2   0.0241  1.0000

Annotation Correlation Matrix
       ANNOT
ANNOT    1.0

Annotation Matrix Column Sums
ANNOT    103767

Summary of Annotation Matrix Row Sums
count    664016.0000
mean          0.1563
std           0.3631
min           0.0000
25%           0.0000
50%           0.0000
75%           0.0000
max           1.0000
Analysis finished at Tue Aug 20 15:03:14 2024
Total time elapsed: 5.0m:9.04s
*********************************************************************
* LD Score Regression (LDSC)
* Version 1.0.1
* (C) 2014-2019 Brendan Bulik-Sullivan and Hilary Finucane
* Broad Institute of MIT and Harvard / MIT Department of Mathematics
* GNU General Public License v3
*********************************************************************
Call: 
./ldsc.py \
--print-snps /dcs04/lieber/shared/statsgen/LDSC/base/referencefiles/hapmap3_snps/hm.7.snp \
--ld-wind-cm 1.0 \
--out ./out_ADARB2_TRPS1.LAMP5_KIT/chr.7 \
--bfile /dcs04/lieber/shared/statsgen/LDSC/base/referencefiles/1000G_EUR_Phase3_plink/1000G.EUR.QC.7 \
--thin-annot  \
--annot ./out_ADARB2_TRPS1.LAMP5_KIT/chr.7.annot.gz \
--l2  

Beginning analysis at Tue Aug 20 15:03:15 2024
Read list of 589569 SNPs from /dcs04/lieber/shared/statsgen/LDSC/base/referencefiles/1000G_EUR_Phase3_plink/1000G.EUR.QC.7.bim
Read 1 annotations for 589569 SNPs from ./out_ADARB2_TRPS1.LAMP5_KIT/chr.7.annot.gz
Read list of 489 individuals from /dcs04/lieber/shared/statsgen/LDSC/base/referencefiles/1000G_EUR_Phase3_plink/1000G.EUR.QC.7.fam
Reading genotypes from /dcs04/lieber/shared/statsgen/LDSC/base/referencefiles/1000G_EUR_Phase3_plink/1000G.EUR.QC.7.bed
After filtering, 589569 SNPs remain
Estimating LD Score.
Reading list of 75316 SNPs for which to print LD Scores from /dcs04/lieber/shared/statsgen/LDSC/base/referencefiles/hapmap3_snps/hm.7.snp
After merging with --print-snps, LD Scores for 65848 SNPs will be printed.
Writing LD Scores for 65848 SNPs to ./out_ADARB2_TRPS1.LAMP5_KIT/chr.7.l2.ldscore.gz

Summary of LD Scores in ./out_ADARB2_TRPS1.LAMP5_KIT/chr.7.l2.ldscore.gz
         MAF        L2
mean  0.2376   15.2590
std   0.1437   42.0370
min   0.0051   -2.0364
25%   0.1104    0.0000
50%   0.2290    0.0000
75%   0.3609    3.2240
max   0.5000  369.0246

MAF/LD Score Correlation Matrix
        MAF      L2
MAF  1.0000  0.0591
L2   0.0591  1.0000

Annotation Correlation Matrix
       ANNOT
ANNOT    1.0

Annotation Matrix Column Sums
ANNOT    62825

Summary of Annotation Matrix Row Sums
count    589569.0000
mean          0.1066
std           0.3086
min           0.0000
25%           0.0000
50%           0.0000
75%           0.0000
max           1.0000
Analysis finished at Tue Aug 20 15:06:17 2024
Total time elapsed: 3.0m:2.08s
*********************************************************************
* LD Score Regression (LDSC)
* Version 1.0.1
* (C) 2014-2019 Brendan Bulik-Sullivan and Hilary Finucane
* Broad Institute of MIT and Harvard / MIT Department of Mathematics
* GNU General Public License v3
*********************************************************************
Call: 
./ldsc.py \
--print-snps /dcs04/lieber/shared/statsgen/LDSC/base/referencefiles/hapmap3_snps/hm.8.snp \
--ld-wind-cm 1.0 \
--out ./out_ADARB2_TRPS1.LAMP5_KIT/chr.8 \
--bfile /dcs04/lieber/shared/statsgen/LDSC/base/referencefiles/1000G_EUR_Phase3_plink/1000G.EUR.QC.8 \
--thin-annot  \
--annot ./out_ADARB2_TRPS1.LAMP5_KIT/chr.8.annot.gz \
--l2  

Beginning analysis at Tue Aug 20 15:06:17 2024
Read list of 549971 SNPs from /dcs04/lieber/shared/statsgen/LDSC/base/referencefiles/1000G_EUR_Phase3_plink/1000G.EUR.QC.8.bim
Read 1 annotations for 549971 SNPs from ./out_ADARB2_TRPS1.LAMP5_KIT/chr.8.annot.gz
Read list of 489 individuals from /dcs04/lieber/shared/statsgen/LDSC/base/referencefiles/1000G_EUR_Phase3_plink/1000G.EUR.QC.8.fam
Reading genotypes from /dcs04/lieber/shared/statsgen/LDSC/base/referencefiles/1000G_EUR_Phase3_plink/1000G.EUR.QC.8.bed
After filtering, 549971 SNPs remain
Estimating LD Score.
Reading list of 75345 SNPs for which to print LD Scores from /dcs04/lieber/shared/statsgen/LDSC/base/referencefiles/hapmap3_snps/hm.8.snp
After merging with --print-snps, LD Scores for 65167 SNPs will be printed.
Writing LD Scores for 65167 SNPs to ./out_ADARB2_TRPS1.LAMP5_KIT/chr.8.l2.ldscore.gz

Summary of LD Scores in ./out_ADARB2_TRPS1.LAMP5_KIT/chr.8.l2.ldscore.gz
         MAF        L2
mean  0.2368   15.3038
std   0.1438   49.6632
min   0.0051   -2.2876
25%   0.1094    0.0000
50%   0.2270    0.0000
75%   0.3599    2.8602
max   0.5000  593.8603

MAF/LD Score Correlation Matrix
        MAF      L2
MAF  1.0000  0.0337
L2   0.0337  1.0000

Annotation Correlation Matrix
       ANNOT
ANNOT    1.0

Annotation Matrix Column Sums
ANNOT    49788

Summary of Annotation Matrix Row Sums
count    549971.0000
mean          0.0905
std           0.2869
min           0.0000
25%           0.0000
50%           0.0000
75%           0.0000
max           1.0000
Analysis finished at Tue Aug 20 15:09:01 2024
Total time elapsed: 2.0m:43.44s
*********************************************************************
* LD Score Regression (LDSC)
* Version 1.0.1
* (C) 2014-2019 Brendan Bulik-Sullivan and Hilary Finucane
* Broad Institute of MIT and Harvard / MIT Department of Mathematics
* GNU General Public License v3
*********************************************************************
Call: 
./ldsc.py \
--print-snps /dcs04/lieber/shared/statsgen/LDSC/base/referencefiles/hapmap3_snps/hm.9.snp \
--ld-wind-cm 1.0 \
--out ./out_ADARB2_TRPS1.LAMP5_KIT/chr.9 \
--bfile /dcs04/lieber/shared/statsgen/LDSC/base/referencefiles/1000G_EUR_Phase3_plink/1000G.EUR.QC.9 \
--thin-annot  \
--annot ./out_ADARB2_TRPS1.LAMP5_KIT/chr.9.annot.gz \
--l2  

Beginning analysis at Tue Aug 20 15:09:01 2024
Read list of 438106 SNPs from /dcs04/lieber/shared/statsgen/LDSC/base/referencefiles/1000G_EUR_Phase3_plink/1000G.EUR.QC.9.bim
Read 1 annotations for 438106 SNPs from ./out_ADARB2_TRPS1.LAMP5_KIT/chr.9.annot.gz
Read list of 489 individuals from /dcs04/lieber/shared/statsgen/LDSC/base/referencefiles/1000G_EUR_Phase3_plink/1000G.EUR.QC.9.fam
Reading genotypes from /dcs04/lieber/shared/statsgen/LDSC/base/referencefiles/1000G_EUR_Phase3_plink/1000G.EUR.QC.9.bed
After filtering, 438106 SNPs remain
Estimating LD Score.
Reading list of 63706 SNPs for which to print LD Scores from /dcs04/lieber/shared/statsgen/LDSC/base/referencefiles/hapmap3_snps/hm.9.snp
After merging with --print-snps, LD Scores for 55885 SNPs will be printed.
Writing LD Scores for 55885 SNPs to ./out_ADARB2_TRPS1.LAMP5_KIT/chr.9.l2.ldscore.gz

Summary of LD Scores in ./out_ADARB2_TRPS1.LAMP5_KIT/chr.9.l2.ldscore.gz
         MAF        L2
mean  0.2343   15.5701
std   0.1436   37.4033
min   0.0051   -3.1015
25%   0.1084    0.0000
50%   0.2239    0.0000
75%   0.3558    6.6929
max   0.5000  313.7670

MAF/LD Score Correlation Matrix
        MAF      L2
MAF  1.0000  0.0669
L2   0.0669  1.0000

Annotation Correlation Matrix
       ANNOT
ANNOT    1.0

Annotation Matrix Column Sums
ANNOT    61061

Summary of Annotation Matrix Row Sums
count    438106.0000
mean          0.1394
std           0.3463
min           0.0000
25%           0.0000
50%           0.0000
75%           0.0000
max           1.0000
Analysis finished at Tue Aug 20 15:10:46 2024
Total time elapsed: 1.0m:44.66s
*********************************************************************
* LD Score Regression (LDSC)
* Version 1.0.1
* (C) 2014-2019 Brendan Bulik-Sullivan and Hilary Finucane
* Broad Institute of MIT and Harvard / MIT Department of Mathematics
* GNU General Public License v3
*********************************************************************
Call: 
./ldsc.py \
--print-snps /dcs04/lieber/shared/statsgen/LDSC/base/referencefiles/hapmap3_snps/hm.10.snp \
--ld-wind-cm 1.0 \
--out ./out_ADARB2_TRPS1.LAMP5_KIT/chr.10 \
--bfile /dcs04/lieber/shared/statsgen/LDSC/base/referencefiles/1000G_EUR_Phase3_plink/1000G.EUR.QC.10 \
--thin-annot  \
--annot ./out_ADARB2_TRPS1.LAMP5_KIT/chr.10.annot.gz \
--l2  

Beginning analysis at Tue Aug 20 15:10:46 2024
Read list of 510501 SNPs from /dcs04/lieber/shared/statsgen/LDSC/base/referencefiles/1000G_EUR_Phase3_plink/1000G.EUR.QC.10.bim
Read 1 annotations for 510501 SNPs from ./out_ADARB2_TRPS1.LAMP5_KIT/chr.10.annot.gz
Read list of 489 individuals from /dcs04/lieber/shared/statsgen/LDSC/base/referencefiles/1000G_EUR_Phase3_plink/1000G.EUR.QC.10.fam
Reading genotypes from /dcs04/lieber/shared/statsgen/LDSC/base/referencefiles/1000G_EUR_Phase3_plink/1000G.EUR.QC.10.bed
After filtering, 510501 SNPs remain
Estimating LD Score.
Reading list of 73929 SNPs for which to print LD Scores from /dcs04/lieber/shared/statsgen/LDSC/base/referencefiles/hapmap3_snps/hm.10.snp
After merging with --print-snps, LD Scores for 64236 SNPs will be printed.
Writing LD Scores for 64236 SNPs to ./out_ADARB2_TRPS1.LAMP5_KIT/chr.10.l2.ldscore.gz

Summary of LD Scores in ./out_ADARB2_TRPS1.LAMP5_KIT/chr.10.l2.ldscore.gz
         MAF        L2
mean  0.2316   14.2936
std   0.1438   39.1011
min   0.0051   -2.2389
25%   0.1053    0.0000
50%   0.2188    0.0000
75%   0.3538    4.5771
max   0.5000  460.0374

MAF/LD Score Correlation Matrix
        MAF      L2
MAF  1.0000  0.0259
L2   0.0259  1.0000

Annotation Correlation Matrix
       ANNOT
ANNOT    1.0

Annotation Matrix Column Sums
ANNOT    64296

Summary of Annotation Matrix Row Sums
count    510501.0000
mean          0.1259
std           0.3318
min           0.0000
25%           0.0000
50%           0.0000
75%           0.0000
max           1.0000
Analysis finished at Tue Aug 20 15:13:00 2024
Total time elapsed: 2.0m:13.68s
*********************************************************************
* LD Score Regression (LDSC)
* Version 1.0.1
* (C) 2014-2019 Brendan Bulik-Sullivan and Hilary Finucane
* Broad Institute of MIT and Harvard / MIT Department of Mathematics
* GNU General Public License v3
*********************************************************************
Call: 
./ldsc.py \
--print-snps /dcs04/lieber/shared/statsgen/LDSC/base/referencefiles/hapmap3_snps/hm.11.snp \
--ld-wind-cm 1.0 \
--out ./out_ADARB2_TRPS1.LAMP5_KIT/chr.11 \
--bfile /dcs04/lieber/shared/statsgen/LDSC/base/referencefiles/1000G_EUR_Phase3_plink/1000G.EUR.QC.11 \
--thin-annot  \
--annot ./out_ADARB2_TRPS1.LAMP5_KIT/chr.11.annot.gz \
--l2  

Beginning analysis at Tue Aug 20 15:13:01 2024
Read list of 493922 SNPs from /dcs04/lieber/shared/statsgen/LDSC/base/referencefiles/1000G_EUR_Phase3_plink/1000G.EUR.QC.11.bim
Read 1 annotations for 493922 SNPs from ./out_ADARB2_TRPS1.LAMP5_KIT/chr.11.annot.gz
Read list of 489 individuals from /dcs04/lieber/shared/statsgen/LDSC/base/referencefiles/1000G_EUR_Phase3_plink/1000G.EUR.QC.11.fam
Reading genotypes from /dcs04/lieber/shared/statsgen/LDSC/base/referencefiles/1000G_EUR_Phase3_plink/1000G.EUR.QC.11.bed
After filtering, 493922 SNPs remain
Estimating LD Score.
Reading list of 71092 SNPs for which to print LD Scores from /dcs04/lieber/shared/statsgen/LDSC/base/referencefiles/hapmap3_snps/hm.11.snp
After merging with --print-snps, LD Scores for 61027 SNPs will be printed.
Writing LD Scores for 61027 SNPs to ./out_ADARB2_TRPS1.LAMP5_KIT/chr.11.l2.ldscore.gz

Summary of LD Scores in ./out_ADARB2_TRPS1.LAMP5_KIT/chr.11.l2.ldscore.gz
         MAF        L2
mean  0.2389   17.4711
std   0.1430   41.9945
min   0.0051   -2.6988
25%   0.1145    0.0000
50%   0.2301    0.0985
75%   0.3609    8.7331
max   0.5000  462.2347

MAF/LD Score Correlation Matrix
        MAF      L2
MAF  1.0000  0.0553
L2   0.0553  1.0000

Annotation Correlation Matrix
       ANNOT
ANNOT    1.0

Annotation Matrix Column Sums
ANNOT    66174

Summary of Annotation Matrix Row Sums
count    493922.0000
mean          0.1340
std           0.3406
min           0.0000
25%           0.0000
50%           0.0000
75%           0.0000
max           1.0000
Analysis finished at Tue Aug 20 15:16:28 2024
Total time elapsed: 3.0m:27.16s
*********************************************************************
* LD Score Regression (LDSC)
* Version 1.0.1
* (C) 2014-2019 Brendan Bulik-Sullivan and Hilary Finucane
* Broad Institute of MIT and Harvard / MIT Department of Mathematics
* GNU General Public License v3
*********************************************************************
Call: 
./ldsc.py \
--print-snps /dcs04/lieber/shared/statsgen/LDSC/base/referencefiles/hapmap3_snps/hm.12.snp \
--ld-wind-cm 1.0 \
--out ./out_ADARB2_TRPS1.LAMP5_KIT/chr.12 \
--bfile /dcs04/lieber/shared/statsgen/LDSC/base/referencefiles/1000G_EUR_Phase3_plink/1000G.EUR.QC.12 \
--thin-annot  \
--annot ./out_ADARB2_TRPS1.LAMP5_KIT/chr.12.annot.gz \
--l2  

Beginning analysis at Tue Aug 20 15:16:28 2024
Read list of 480110 SNPs from /dcs04/lieber/shared/statsgen/LDSC/base/referencefiles/1000G_EUR_Phase3_plink/1000G.EUR.QC.12.bim
Read 1 annotations for 480110 SNPs from ./out_ADARB2_TRPS1.LAMP5_KIT/chr.12.annot.gz
Read list of 489 individuals from /dcs04/lieber/shared/statsgen/LDSC/base/referencefiles/1000G_EUR_Phase3_plink/1000G.EUR.QC.12.fam
Reading genotypes from /dcs04/lieber/shared/statsgen/LDSC/base/referencefiles/1000G_EUR_Phase3_plink/1000G.EUR.QC.12.bed
After filtering, 480110 SNPs remain
Estimating LD Score.
Reading list of 68635 SNPs for which to print LD Scores from /dcs04/lieber/shared/statsgen/LDSC/base/referencefiles/hapmap3_snps/hm.12.snp
After merging with --print-snps, LD Scores for 58127 SNPs will be printed.
Writing LD Scores for 58127 SNPs to ./out_ADARB2_TRPS1.LAMP5_KIT/chr.12.l2.ldscore.gz

Summary of LD Scores in ./out_ADARB2_TRPS1.LAMP5_KIT/chr.12.l2.ldscore.gz
         MAF        L2
mean  0.2320   17.7191
std   0.1438   41.1365
min   0.0051   -2.8888
25%   0.1063    0.0000
50%   0.2198    0.4335
75%   0.3548   10.1431
max   0.5000  389.0665

MAF/LD Score Correlation Matrix
        MAF      L2
MAF  1.0000  0.0466
L2   0.0466  1.0000

Annotation Correlation Matrix
       ANNOT
ANNOT    1.0

Annotation Matrix Column Sums
ANNOT    74148

Summary of Annotation Matrix Row Sums
count    480110.0000
mean          0.1544
std           0.3614
min           0.0000
25%           0.0000
50%           0.0000
75%           0.0000
max           1.0000
Analysis finished at Tue Aug 20 15:18:54 2024
Total time elapsed: 2.0m:25.88s
*********************************************************************
* LD Score Regression (LDSC)
* Version 1.0.1
* (C) 2014-2019 Brendan Bulik-Sullivan and Hilary Finucane
* Broad Institute of MIT and Harvard / MIT Department of Mathematics
* GNU General Public License v3
*********************************************************************
Call: 
./ldsc.py \
--print-snps /dcs04/lieber/shared/statsgen/LDSC/base/referencefiles/hapmap3_snps/hm.13.snp \
--ld-wind-cm 1.0 \
--out ./out_ADARB2_TRPS1.LAMP5_KIT/chr.13 \
--bfile /dcs04/lieber/shared/statsgen/LDSC/base/referencefiles/1000G_EUR_Phase3_plink/1000G.EUR.QC.13 \
--thin-annot  \
--annot ./out_ADARB2_TRPS1.LAMP5_KIT/chr.13.annot.gz \
--l2  

Beginning analysis at Tue Aug 20 15:18:55 2024
Read list of 366200 SNPs from /dcs04/lieber/shared/statsgen/LDSC/base/referencefiles/1000G_EUR_Phase3_plink/1000G.EUR.QC.13.bim
Read 1 annotations for 366200 SNPs from ./out_ADARB2_TRPS1.LAMP5_KIT/chr.13.annot.gz
Read list of 489 individuals from /dcs04/lieber/shared/statsgen/LDSC/base/referencefiles/1000G_EUR_Phase3_plink/1000G.EUR.QC.13.fam
Reading genotypes from /dcs04/lieber/shared/statsgen/LDSC/base/referencefiles/1000G_EUR_Phase3_plink/1000G.EUR.QC.13.bed
After filtering, 366200 SNPs remain
Estimating LD Score.
Reading list of 52010 SNPs for which to print LD Scores from /dcs04/lieber/shared/statsgen/LDSC/base/referencefiles/hapmap3_snps/hm.13.snp
After merging with --print-snps, LD Scores for 45136 SNPs will be printed.
Writing LD Scores for 45136 SNPs to ./out_ADARB2_TRPS1.LAMP5_KIT/chr.13.l2.ldscore.gz

Summary of LD Scores in ./out_ADARB2_TRPS1.LAMP5_KIT/chr.13.l2.ldscore.gz
         MAF        L2
mean  0.2329   11.7912
std   0.1436   34.3352
min   0.0051   -1.8162
25%   0.1063    0.0000
50%   0.2198    0.0000
75%   0.3548    1.4758
max   0.5000  349.6410

MAF/LD Score Correlation Matrix
        MAF      L2
MAF  1.0000  0.0501
L2   0.0501  1.0000

Annotation Correlation Matrix
       ANNOT
ANNOT    1.0

Annotation Matrix Column Sums
ANNOT    39292

Summary of Annotation Matrix Row Sums
count    366200.0000
mean          0.1073
std           0.3095
min           0.0000
25%           0.0000
50%           0.0000
75%           0.0000
max           1.0000
Analysis finished at Tue Aug 20 15:20:13 2024
Total time elapsed: 1.0m:18.15s
*********************************************************************
* LD Score Regression (LDSC)
* Version 1.0.1
* (C) 2014-2019 Brendan Bulik-Sullivan and Hilary Finucane
* Broad Institute of MIT and Harvard / MIT Department of Mathematics
* GNU General Public License v3
*********************************************************************
Call: 
./ldsc.py \
--print-snps /dcs04/lieber/shared/statsgen/LDSC/base/referencefiles/hapmap3_snps/hm.14.snp \
--ld-wind-cm 1.0 \
--out ./out_ADARB2_TRPS1.LAMP5_KIT/chr.14 \
--bfile /dcs04/lieber/shared/statsgen/LDSC/base/referencefiles/1000G_EUR_Phase3_plink/1000G.EUR.QC.14 \
--thin-annot  \
--annot ./out_ADARB2_TRPS1.LAMP5_KIT/chr.14.annot.gz \
--l2  

Beginning analysis at Tue Aug 20 15:20:13 2024
Read list of 324698 SNPs from /dcs04/lieber/shared/statsgen/LDSC/base/referencefiles/1000G_EUR_Phase3_plink/1000G.EUR.QC.14.bim
Read 1 annotations for 324698 SNPs from ./out_ADARB2_TRPS1.LAMP5_KIT/chr.14.annot.gz
Read list of 489 individuals from /dcs04/lieber/shared/statsgen/LDSC/base/referencefiles/1000G_EUR_Phase3_plink/1000G.EUR.QC.14.fam
Reading genotypes from /dcs04/lieber/shared/statsgen/LDSC/base/referencefiles/1000G_EUR_Phase3_plink/1000G.EUR.QC.14.bed
After filtering, 324698 SNPs remain
Estimating LD Score.
Reading list of 45556 SNPs for which to print LD Scores from /dcs04/lieber/shared/statsgen/LDSC/base/referencefiles/hapmap3_snps/hm.14.snp
After merging with --print-snps, LD Scores for 39504 SNPs will be printed.
Writing LD Scores for 39504 SNPs to ./out_ADARB2_TRPS1.LAMP5_KIT/chr.14.l2.ldscore.gz

Summary of LD Scores in ./out_ADARB2_TRPS1.LAMP5_KIT/chr.14.l2.ldscore.gz
         MAF        L2
mean  0.2308   10.3167
std   0.1432   33.2829
min   0.0051   -2.3147
25%   0.1053    0.0000
50%   0.2188    0.0000
75%   0.3497    1.5133
max   0.5000  361.9605

MAF/LD Score Correlation Matrix
        MAF      L2
MAF  1.0000  0.0648
L2   0.0648  1.0000

Annotation Correlation Matrix
       ANNOT
ANNOT    1.0

Annotation Matrix Column Sums
ANNOT    30738

Summary of Annotation Matrix Row Sums
count    324698.0000
mean          0.0947
std           0.2928
min           0.0000
25%           0.0000
50%           0.0000
75%           0.0000
max           1.0000
Analysis finished at Tue Aug 20 15:21:33 2024
Total time elapsed: 1.0m:19.74s
*********************************************************************
* LD Score Regression (LDSC)
* Version 1.0.1
* (C) 2014-2019 Brendan Bulik-Sullivan and Hilary Finucane
* Broad Institute of MIT and Harvard / MIT Department of Mathematics
* GNU General Public License v3
*********************************************************************
Call: 
./ldsc.py \
--print-snps /dcs04/lieber/shared/statsgen/LDSC/base/referencefiles/hapmap3_snps/hm.15.snp \
--ld-wind-cm 1.0 \
--out ./out_ADARB2_TRPS1.LAMP5_KIT/chr.15 \
--bfile /dcs04/lieber/shared/statsgen/LDSC/base/referencefiles/1000G_EUR_Phase3_plink/1000G.EUR.QC.15 \
--thin-annot  \
--annot ./out_ADARB2_TRPS1.LAMP5_KIT/chr.15.annot.gz \
--l2  

Beginning analysis at Tue Aug 20 15:21:34 2024
Read list of 287001 SNPs from /dcs04/lieber/shared/statsgen/LDSC/base/referencefiles/1000G_EUR_Phase3_plink/1000G.EUR.QC.15.bim
Read 1 annotations for 287001 SNPs from ./out_ADARB2_TRPS1.LAMP5_KIT/chr.15.annot.gz
Read list of 489 individuals from /dcs04/lieber/shared/statsgen/LDSC/base/referencefiles/1000G_EUR_Phase3_plink/1000G.EUR.QC.15.fam
Reading genotypes from /dcs04/lieber/shared/statsgen/LDSC/base/referencefiles/1000G_EUR_Phase3_plink/1000G.EUR.QC.15.bed
After filtering, 287001 SNPs remain
Estimating LD Score.
Reading list of 42410 SNPs for which to print LD Scores from /dcs04/lieber/shared/statsgen/LDSC/base/referencefiles/hapmap3_snps/hm.15.snp
After merging with --print-snps, LD Scores for 36291 SNPs will be printed.
Writing LD Scores for 36291 SNPs to ./out_ADARB2_TRPS1.LAMP5_KIT/chr.15.l2.ldscore.gz

Summary of LD Scores in ./out_ADARB2_TRPS1.LAMP5_KIT/chr.15.l2.ldscore.gz
         MAF        L2
mean  0.2363   22.0726
std   0.1452   47.9162
min   0.0051   -2.3212
25%   0.1084    0.0000
50%   0.2260    0.0000
75%   0.3630   19.3562
max   0.5000  378.6240

MAF/LD Score Correlation Matrix
        MAF      L2
MAF  1.0000  0.0707
L2   0.0707  1.0000

Annotation Correlation Matrix
       ANNOT
ANNOT    1.0

Annotation Matrix Column Sums
ANNOT    52254

Summary of Annotation Matrix Row Sums
count    287001.0000
mean          0.1821
std           0.3859
min           0.0000
25%           0.0000
50%           0.0000
75%           0.0000
max           1.0000
Analysis finished at Tue Aug 20 15:23:17 2024
Total time elapsed: 1.0m:42.96s
*********************************************************************
* LD Score Regression (LDSC)
* Version 1.0.1
* (C) 2014-2019 Brendan Bulik-Sullivan and Hilary Finucane
* Broad Institute of MIT and Harvard / MIT Department of Mathematics
* GNU General Public License v3
*********************************************************************
Call: 
./ldsc.py \
--print-snps /dcs04/lieber/shared/statsgen/LDSC/base/referencefiles/hapmap3_snps/hm.16.snp \
--ld-wind-cm 1.0 \
--out ./out_ADARB2_TRPS1.LAMP5_KIT/chr.16 \
--bfile /dcs04/lieber/shared/statsgen/LDSC/base/referencefiles/1000G_EUR_Phase3_plink/1000G.EUR.QC.16 \
--thin-annot  \
--annot ./out_ADARB2_TRPS1.LAMP5_KIT/chr.16.annot.gz \
--l2  

Beginning analysis at Tue Aug 20 15:23:17 2024
Read list of 316981 SNPs from /dcs04/lieber/shared/statsgen/LDSC/base/referencefiles/1000G_EUR_Phase3_plink/1000G.EUR.QC.16.bim
Read 1 annotations for 316981 SNPs from ./out_ADARB2_TRPS1.LAMP5_KIT/chr.16.annot.gz
Read list of 489 individuals from /dcs04/lieber/shared/statsgen/LDSC/base/referencefiles/1000G_EUR_Phase3_plink/1000G.EUR.QC.16.fam
Reading genotypes from /dcs04/lieber/shared/statsgen/LDSC/base/referencefiles/1000G_EUR_Phase3_plink/1000G.EUR.QC.16.bed
After filtering, 316981 SNPs remain
Estimating LD Score.
Reading list of 44710 SNPs for which to print LD Scores from /dcs04/lieber/shared/statsgen/LDSC/base/referencefiles/hapmap3_snps/hm.16.snp
After merging with --print-snps, LD Scores for 37656 SNPs will be printed.
Writing LD Scores for 37656 SNPs to ./out_ADARB2_TRPS1.LAMP5_KIT/chr.16.l2.ldscore.gz

Summary of LD Scores in ./out_ADARB2_TRPS1.LAMP5_KIT/chr.16.l2.ldscore.gz
         MAF        L2
mean  0.2370   19.8349
std   0.1437   43.3163
min   0.0051   -1.7253
25%   0.1115    0.0000
50%   0.2290    0.1096
75%   0.3589   18.6264
max   0.5000  375.8022

MAF/LD Score Correlation Matrix
        MAF      L2
MAF  1.0000  0.0208
L2   0.0208  1.0000

Annotation Correlation Matrix
       ANNOT
ANNOT    1.0

Annotation Matrix Column Sums
ANNOT    60061

Summary of Annotation Matrix Row Sums
count    316981.0000
mean          0.1895
std           0.3919
min           0.0000
25%           0.0000
50%           0.0000
75%           0.0000
max           1.0000
Analysis finished at Tue Aug 20 15:25:06 2024
Total time elapsed: 1.0m:48.44s
*********************************************************************
* LD Score Regression (LDSC)
* Version 1.0.1
* (C) 2014-2019 Brendan Bulik-Sullivan and Hilary Finucane
* Broad Institute of MIT and Harvard / MIT Department of Mathematics
* GNU General Public License v3
*********************************************************************
Call: 
./ldsc.py \
--print-snps /dcs04/lieber/shared/statsgen/LDSC/base/referencefiles/hapmap3_snps/hm.17.snp \
--ld-wind-cm 1.0 \
--out ./out_ADARB2_TRPS1.LAMP5_KIT/chr.17 \
--bfile /dcs04/lieber/shared/statsgen/LDSC/base/referencefiles/1000G_EUR_Phase3_plink/1000G.EUR.QC.17 \
--thin-annot  \
--annot ./out_ADARB2_TRPS1.LAMP5_KIT/chr.17.annot.gz \
--l2  

Beginning analysis at Tue Aug 20 15:25:06 2024
Read list of 269222 SNPs from /dcs04/lieber/shared/statsgen/LDSC/base/referencefiles/1000G_EUR_Phase3_plink/1000G.EUR.QC.17.bim
Read 1 annotations for 269222 SNPs from ./out_ADARB2_TRPS1.LAMP5_KIT/chr.17.annot.gz
Read list of 489 individuals from /dcs04/lieber/shared/statsgen/LDSC/base/referencefiles/1000G_EUR_Phase3_plink/1000G.EUR.QC.17.fam
Reading genotypes from /dcs04/lieber/shared/statsgen/LDSC/base/referencefiles/1000G_EUR_Phase3_plink/1000G.EUR.QC.17.bed
After filtering, 269222 SNPs remain
Estimating LD Score.
Reading list of 38396 SNPs for which to print LD Scores from /dcs04/lieber/shared/statsgen/LDSC/base/referencefiles/hapmap3_snps/hm.17.snp
After merging with --print-snps, LD Scores for 32315 SNPs will be printed.
Writing LD Scores for 32315 SNPs to ./out_ADARB2_TRPS1.LAMP5_KIT/chr.17.l2.ldscore.gz

Summary of LD Scores in ./out_ADARB2_TRPS1.LAMP5_KIT/chr.17.l2.ldscore.gz
         MAF        L2
mean  0.2414   21.2026
std   0.1449   43.6853
min   0.0051   -1.5706
25%   0.1135    0.0000
50%   0.2352    0.8835
75%   0.3671   19.1451
max   0.5000  300.7959

MAF/LD Score Correlation Matrix
        MAF      L2
MAF  1.0000  0.1118
L2   0.1118  1.0000

Annotation Correlation Matrix
       ANNOT
ANNOT    1.0

Annotation Matrix Column Sums
ANNOT    52832

Summary of Annotation Matrix Row Sums
count    269222.0000
mean          0.1962
std           0.3972
min           0.0000
25%           0.0000
50%           0.0000
75%           0.0000
max           1.0000
Analysis finished at Tue Aug 20 15:26:33 2024
Total time elapsed: 1.0m:26.51s
*********************************************************************
* LD Score Regression (LDSC)
* Version 1.0.1
* (C) 2014-2019 Brendan Bulik-Sullivan and Hilary Finucane
* Broad Institute of MIT and Harvard / MIT Department of Mathematics
* GNU General Public License v3
*********************************************************************
Call: 
./ldsc.py \
--print-snps /dcs04/lieber/shared/statsgen/LDSC/base/referencefiles/hapmap3_snps/hm.18.snp \
--ld-wind-cm 1.0 \
--out ./out_ADARB2_TRPS1.LAMP5_KIT/chr.18 \
--bfile /dcs04/lieber/shared/statsgen/LDSC/base/referencefiles/1000G_EUR_Phase3_plink/1000G.EUR.QC.18 \
--thin-annot  \
--annot ./out_ADARB2_TRPS1.LAMP5_KIT/chr.18.annot.gz \
--l2  

Beginning analysis at Tue Aug 20 15:26:34 2024
Read list of 285156 SNPs from /dcs04/lieber/shared/statsgen/LDSC/base/referencefiles/1000G_EUR_Phase3_plink/1000G.EUR.QC.18.bim
Read 1 annotations for 285156 SNPs from ./out_ADARB2_TRPS1.LAMP5_KIT/chr.18.annot.gz
Read list of 489 individuals from /dcs04/lieber/shared/statsgen/LDSC/base/referencefiles/1000G_EUR_Phase3_plink/1000G.EUR.QC.18.fam
Reading genotypes from /dcs04/lieber/shared/statsgen/LDSC/base/referencefiles/1000G_EUR_Phase3_plink/1000G.EUR.QC.18.bed
After filtering, 285156 SNPs remain
Estimating LD Score.
Reading list of 40891 SNPs for which to print LD Scores from /dcs04/lieber/shared/statsgen/LDSC/base/referencefiles/hapmap3_snps/hm.18.snp
After merging with --print-snps, LD Scores for 35326 SNPs will be printed.
Writing LD Scores for 35326 SNPs to ./out_ADARB2_TRPS1.LAMP5_KIT/chr.18.l2.ldscore.gz

Summary of LD Scores in ./out_ADARB2_TRPS1.LAMP5_KIT/chr.18.l2.ldscore.gz
         MAF        L2
mean  0.2356    5.8899
std   0.1434   25.2320
min   0.0051   -1.4905
25%   0.1094    0.0000
50%   0.2249    0.0000
75%   0.3569    0.0000
max   0.5000  414.0207

MAF/LD Score Correlation Matrix
        MAF      L2
MAF  1.0000  0.0148
L2   0.0148  1.0000

Annotation Correlation Matrix
       ANNOT
ANNOT    1.0

Annotation Matrix Column Sums
ANNOT    16040

Summary of Annotation Matrix Row Sums
count    285156.0000
mean          0.0562
std           0.2304
min           0.0000
25%           0.0000
50%           0.0000
75%           0.0000
max           1.0000
Analysis finished at Tue Aug 20 15:27:37 2024
Total time elapsed: 1.0m:3.32s
*********************************************************************
* LD Score Regression (LDSC)
* Version 1.0.1
* (C) 2014-2019 Brendan Bulik-Sullivan and Hilary Finucane
* Broad Institute of MIT and Harvard / MIT Department of Mathematics
* GNU General Public License v3
*********************************************************************
Call: 
./ldsc.py \
--print-snps /dcs04/lieber/shared/statsgen/LDSC/base/referencefiles/hapmap3_snps/hm.19.snp \
--ld-wind-cm 1.0 \
--out ./out_ADARB2_TRPS1.LAMP5_KIT/chr.19 \
--bfile /dcs04/lieber/shared/statsgen/LDSC/base/referencefiles/1000G_EUR_Phase3_plink/1000G.EUR.QC.19 \
--thin-annot  \
--annot ./out_ADARB2_TRPS1.LAMP5_KIT/chr.19.annot.gz \
--l2  

Beginning analysis at Tue Aug 20 15:27:37 2024
Read list of 232363 SNPs from /dcs04/lieber/shared/statsgen/LDSC/base/referencefiles/1000G_EUR_Phase3_plink/1000G.EUR.QC.19.bim
Read 1 annotations for 232363 SNPs from ./out_ADARB2_TRPS1.LAMP5_KIT/chr.19.annot.gz
Read list of 489 individuals from /dcs04/lieber/shared/statsgen/LDSC/base/referencefiles/1000G_EUR_Phase3_plink/1000G.EUR.QC.19.fam
Reading genotypes from /dcs04/lieber/shared/statsgen/LDSC/base/referencefiles/1000G_EUR_Phase3_plink/1000G.EUR.QC.19.bed
After filtering, 232363 SNPs remain
Estimating LD Score.
Reading list of 26259 SNPs for which to print LD Scores from /dcs04/lieber/shared/statsgen/LDSC/base/referencefiles/hapmap3_snps/hm.19.snp
After merging with --print-snps, LD Scores for 21991 SNPs will be printed.
Writing LD Scores for 21991 SNPs to ./out_ADARB2_TRPS1.LAMP5_KIT/chr.19.l2.ldscore.gz

Summary of LD Scores in ./out_ADARB2_TRPS1.LAMP5_KIT/chr.19.l2.ldscore.gz
         MAF        L2
mean  0.2369   34.2048
std   0.1428   57.5512
min   0.0051   -1.5365
25%   0.1125    0.3497
50%   0.2331    7.8079
75%   0.3569   46.3209
max   0.5000  750.8327

MAF/LD Score Correlation Matrix
        MAF      L2
MAF  1.0000  0.0345
L2   0.0345  1.0000

Annotation Correlation Matrix
       ANNOT
ANNOT    1.0

Annotation Matrix Column Sums
ANNOT    73033

Summary of Annotation Matrix Row Sums
count    232363.0000
mean          0.3143
std           0.4642
min           0.0000
25%           0.0000
50%           0.0000
75%           1.0000
max           1.0000
Analysis finished at Tue Aug 20 15:29:09 2024
Total time elapsed: 1.0m:31.35s
*********************************************************************
* LD Score Regression (LDSC)
* Version 1.0.1
* (C) 2014-2019 Brendan Bulik-Sullivan and Hilary Finucane
* Broad Institute of MIT and Harvard / MIT Department of Mathematics
* GNU General Public License v3
*********************************************************************
Call: 
./ldsc.py \
--print-snps /dcs04/lieber/shared/statsgen/LDSC/base/referencefiles/hapmap3_snps/hm.20.snp \
--ld-wind-cm 1.0 \
--out ./out_ADARB2_TRPS1.LAMP5_KIT/chr.20 \
--bfile /dcs04/lieber/shared/statsgen/LDSC/base/referencefiles/1000G_EUR_Phase3_plink/1000G.EUR.QC.20 \
--thin-annot  \
--annot ./out_ADARB2_TRPS1.LAMP5_KIT/chr.20.annot.gz \
--l2  

Beginning analysis at Tue Aug 20 15:29:09 2024
Read list of 221626 SNPs from /dcs04/lieber/shared/statsgen/LDSC/base/referencefiles/1000G_EUR_Phase3_plink/1000G.EUR.QC.20.bim
Read 1 annotations for 221626 SNPs from ./out_ADARB2_TRPS1.LAMP5_KIT/chr.20.annot.gz
Read list of 489 individuals from /dcs04/lieber/shared/statsgen/LDSC/base/referencefiles/1000G_EUR_Phase3_plink/1000G.EUR.QC.20.fam
Reading genotypes from /dcs04/lieber/shared/statsgen/LDSC/base/referencefiles/1000G_EUR_Phase3_plink/1000G.EUR.QC.20.bed
After filtering, 221626 SNPs remain
Estimating LD Score.
Reading list of 36301 SNPs for which to print LD Scores from /dcs04/lieber/shared/statsgen/LDSC/base/referencefiles/hapmap3_snps/hm.20.snp
After merging with --print-snps, LD Scores for 31359 SNPs will be printed.
Writing LD Scores for 31359 SNPs to ./out_ADARB2_TRPS1.LAMP5_KIT/chr.20.l2.ldscore.gz

Summary of LD Scores in ./out_ADARB2_TRPS1.LAMP5_KIT/chr.20.l2.ldscore.gz
         MAF        L2
mean  0.2336   18.7823
std   0.1437   43.1208
min   0.0051   -2.6249
25%   0.1063    0.0000
50%   0.2219    0.1966
75%   0.3569   13.3674
max   0.5000  324.2098

MAF/LD Score Correlation Matrix
        MAF      L2
MAF  1.0000  0.1069
L2   0.1069  1.0000

Annotation Correlation Matrix
       ANNOT
ANNOT    1.0

Annotation Matrix Column Sums
ANNOT    43272

Summary of Annotation Matrix Row Sums
count    221626.0000
mean          0.1952
std           0.3964
min           0.0000
25%           0.0000
50%           0.0000
75%           0.0000
max           1.0000
Analysis finished at Tue Aug 20 15:30:03 2024
Total time elapsed: 53.44s
*********************************************************************
* LD Score Regression (LDSC)
* Version 1.0.1
* (C) 2014-2019 Brendan Bulik-Sullivan and Hilary Finucane
* Broad Institute of MIT and Harvard / MIT Department of Mathematics
* GNU General Public License v3
*********************************************************************
Call: 
./ldsc.py \
--print-snps /dcs04/lieber/shared/statsgen/LDSC/base/referencefiles/hapmap3_snps/hm.21.snp \
--ld-wind-cm 1.0 \
--out ./out_ADARB2_TRPS1.LAMP5_KIT/chr.21 \
--bfile /dcs04/lieber/shared/statsgen/LDSC/base/referencefiles/1000G_EUR_Phase3_plink/1000G.EUR.QC.21 \
--thin-annot  \
--annot ./out_ADARB2_TRPS1.LAMP5_KIT/chr.21.annot.gz \
--l2  

Beginning analysis at Tue Aug 20 15:30:03 2024
Read list of 138712 SNPs from /dcs04/lieber/shared/statsgen/LDSC/base/referencefiles/1000G_EUR_Phase3_plink/1000G.EUR.QC.21.bim
Read 1 annotations for 138712 SNPs from ./out_ADARB2_TRPS1.LAMP5_KIT/chr.21.annot.gz
Read list of 489 individuals from /dcs04/lieber/shared/statsgen/LDSC/base/referencefiles/1000G_EUR_Phase3_plink/1000G.EUR.QC.21.fam
Reading genotypes from /dcs04/lieber/shared/statsgen/LDSC/base/referencefiles/1000G_EUR_Phase3_plink/1000G.EUR.QC.21.bed
After filtering, 138712 SNPs remain
Estimating LD Score.
Reading list of 19331 SNPs for which to print LD Scores from /dcs04/lieber/shared/statsgen/LDSC/base/referencefiles/hapmap3_snps/hm.21.snp
After merging with --print-snps, LD Scores for 16993 SNPs will be printed.
Writing LD Scores for 16993 SNPs to ./out_ADARB2_TRPS1.LAMP5_KIT/chr.21.l2.ldscore.gz

Summary of LD Scores in ./out_ADARB2_TRPS1.LAMP5_KIT/chr.21.l2.ldscore.gz
         MAF        L2
mean  0.2398   13.4455
std   0.1429   39.6953
min   0.0051   -1.8172
25%   0.1155    0.0000
50%   0.2290    0.0000
75%   0.3640    1.4944
max   0.5000  273.0849

MAF/LD Score Correlation Matrix
        MAF      L2
MAF  1.0000  0.0324
L2   0.0324  1.0000

Annotation Correlation Matrix
       ANNOT
ANNOT    1.0

Annotation Matrix Column Sums
ANNOT    13901

Summary of Annotation Matrix Row Sums
count    138712.0000
mean          0.1002
std           0.3003
min           0.0000
25%           0.0000
50%           0.0000
75%           0.0000
max           1.0000
Analysis finished at Tue Aug 20 15:30:29 2024
Total time elapsed: 25.91s
*********************************************************************
* LD Score Regression (LDSC)
* Version 1.0.1
* (C) 2014-2019 Brendan Bulik-Sullivan and Hilary Finucane
* Broad Institute of MIT and Harvard / MIT Department of Mathematics
* GNU General Public License v3
*********************************************************************
Call: 
./ldsc.py \
--print-snps /dcs04/lieber/shared/statsgen/LDSC/base/referencefiles/hapmap3_snps/hm.22.snp \
--ld-wind-cm 1.0 \
--out ./out_ADARB2_TRPS1.LAMP5_KIT/chr.22 \
--bfile /dcs04/lieber/shared/statsgen/LDSC/base/referencefiles/1000G_EUR_Phase3_plink/1000G.EUR.QC.22 \
--thin-annot  \
--annot ./out_ADARB2_TRPS1.LAMP5_KIT/chr.22.annot.gz \
--l2  

Beginning analysis at Tue Aug 20 15:30:30 2024
Read list of 141123 SNPs from /dcs04/lieber/shared/statsgen/LDSC/base/referencefiles/1000G_EUR_Phase3_plink/1000G.EUR.QC.22.bim
Read 1 annotations for 141123 SNPs from ./out_ADARB2_TRPS1.LAMP5_KIT/chr.22.annot.gz
Read list of 489 individuals from /dcs04/lieber/shared/statsgen/LDSC/base/referencefiles/1000G_EUR_Phase3_plink/1000G.EUR.QC.22.fam
Reading genotypes from /dcs04/lieber/shared/statsgen/LDSC/base/referencefiles/1000G_EUR_Phase3_plink/1000G.EUR.QC.22.bed
After filtering, 141123 SNPs remain
Estimating LD Score.
Reading list of 20106 SNPs for which to print LD Scores from /dcs04/lieber/shared/statsgen/LDSC/base/referencefiles/hapmap3_snps/hm.22.snp
After merging with --print-snps, LD Scores for 17261 SNPs will be printed.
Writing LD Scores for 17261 SNPs to ./out_ADARB2_TRPS1.LAMP5_KIT/chr.22.l2.ldscore.gz

Summary of LD Scores in ./out_ADARB2_TRPS1.LAMP5_KIT/chr.22.l2.ldscore.gz
         MAF        L2
mean  0.2359   24.8621
std   0.1442   48.6818
min   0.0051   -1.6923
25%   0.1084    0.0000
50%   0.2280    0.5779
75%   0.3579   29.0009
max   0.5000  286.1254

MAF/LD Score Correlation Matrix
        MAF      L2
MAF  1.0000  0.0402
L2   0.0402  1.0000

Annotation Correlation Matrix
       ANNOT
ANNOT    1.0

Annotation Matrix Column Sums
ANNOT    30508

Summary of Annotation Matrix Row Sums
count    141123.0000
mean          0.2162
std           0.4116
min           0.0000
25%           0.0000
50%           0.0000
75%           0.0000
max           1.0000
Analysis finished at Tue Aug 20 15:31:07 2024
Total time elapsed: 37.8s
**** Job ends ****
Tue Aug 20 03:31:07 PM EDT 2024
