**** Job starts ****
Tue Aug 20 02:48:20 PM EDT 2024
*********************************************************************
* LD Score Regression (LDSC)
* Version 1.0.1
* (C) 2014-2019 Brendan Bulik-Sullivan and Hilary Finucane
* Broad Institute of MIT and Harvard / MIT Department of Mathematics
* GNU General Public License v3
*********************************************************************
Call: 
./ldsc.py \
--print-snps /dcs04/lieber/shared/statsgen/LDSC/base/referencefiles/hapmap3_snps/hm.15.snp \
--ld-wind-cm 1.0 \
--out ./out_ADARB2_TRPS1.PRKCD_DRD2/chr.15 \
--bfile /dcs04/lieber/shared/statsgen/LDSC/base/referencefiles/1000G_EUR_Phase3_plink/1000G.EUR.QC.15 \
--thin-annot  \
--annot ./out_ADARB2_TRPS1.PRKCD_DRD2/chr.15.annot.gz \
--l2  

Beginning analysis at Tue Aug 20 14:48:22 2024
Read list of 287001 SNPs from /dcs04/lieber/shared/statsgen/LDSC/base/referencefiles/1000G_EUR_Phase3_plink/1000G.EUR.QC.15.bim
Read 1 annotations for 287001 SNPs from ./out_ADARB2_TRPS1.PRKCD_DRD2/chr.15.annot.gz
Read list of 489 individuals from /dcs04/lieber/shared/statsgen/LDSC/base/referencefiles/1000G_EUR_Phase3_plink/1000G.EUR.QC.15.fam
Reading genotypes from /dcs04/lieber/shared/statsgen/LDSC/base/referencefiles/1000G_EUR_Phase3_plink/1000G.EUR.QC.15.bed
After filtering, 287001 SNPs remain
Estimating LD Score.
Reading list of 42410 SNPs for which to print LD Scores from /dcs04/lieber/shared/statsgen/LDSC/base/referencefiles/hapmap3_snps/hm.15.snp
After merging with --print-snps, LD Scores for 36291 SNPs will be printed.
Writing LD Scores for 36291 SNPs to ./out_ADARB2_TRPS1.PRKCD_DRD2/chr.15.l2.ldscore.gz

Summary of LD Scores in ./out_ADARB2_TRPS1.PRKCD_DRD2/chr.15.l2.ldscore.gz
         MAF        L2
mean  0.2363   14.4436
std   0.1452   40.2535
min   0.0051   -2.5518
25%   0.1084    0.0000
50%   0.2260    0.0000
75%   0.3630    3.0966
max   0.5000  319.7594

MAF/LD Score Correlation Matrix
        MAF      L2
MAF  1.0000  0.0055
L2   0.0055  1.0000

Annotation Correlation Matrix
       ANNOT
ANNOT    1.0

Annotation Matrix Column Sums
ANNOT    31755

Summary of Annotation Matrix Row Sums
count    287001.0000
mean          0.1106
std           0.3137
min           0.0000
25%           0.0000
50%           0.0000
75%           0.0000
max           1.0000
Analysis finished at Tue Aug 20 14:50:45 2024
Total time elapsed: 2.0m:23.25s
*********************************************************************
* LD Score Regression (LDSC)
* Version 1.0.1
* (C) 2014-2019 Brendan Bulik-Sullivan and Hilary Finucane
* Broad Institute of MIT and Harvard / MIT Department of Mathematics
* GNU General Public License v3
*********************************************************************
Call: 
./ldsc.py \
--print-snps /dcs04/lieber/shared/statsgen/LDSC/base/referencefiles/hapmap3_snps/hm.16.snp \
--ld-wind-cm 1.0 \
--out ./out_ADARB2_TRPS1.PRKCD_DRD2/chr.16 \
--bfile /dcs04/lieber/shared/statsgen/LDSC/base/referencefiles/1000G_EUR_Phase3_plink/1000G.EUR.QC.16 \
--thin-annot  \
--annot ./out_ADARB2_TRPS1.PRKCD_DRD2/chr.16.annot.gz \
--l2  

Beginning analysis at Tue Aug 20 14:50:46 2024
Read list of 316981 SNPs from /dcs04/lieber/shared/statsgen/LDSC/base/referencefiles/1000G_EUR_Phase3_plink/1000G.EUR.QC.16.bim
Read 1 annotations for 316981 SNPs from ./out_ADARB2_TRPS1.PRKCD_DRD2/chr.16.annot.gz
Read list of 489 individuals from /dcs04/lieber/shared/statsgen/LDSC/base/referencefiles/1000G_EUR_Phase3_plink/1000G.EUR.QC.16.fam
Reading genotypes from /dcs04/lieber/shared/statsgen/LDSC/base/referencefiles/1000G_EUR_Phase3_plink/1000G.EUR.QC.16.bed
After filtering, 316981 SNPs remain
Estimating LD Score.
Reading list of 44710 SNPs for which to print LD Scores from /dcs04/lieber/shared/statsgen/LDSC/base/referencefiles/hapmap3_snps/hm.16.snp
After merging with --print-snps, LD Scores for 37656 SNPs will be printed.
Writing LD Scores for 37656 SNPs to ./out_ADARB2_TRPS1.PRKCD_DRD2/chr.16.l2.ldscore.gz

Summary of LD Scores in ./out_ADARB2_TRPS1.PRKCD_DRD2/chr.16.l2.ldscore.gz
         MAF        L2
mean  0.2370   19.1717
std   0.1437   46.5586
min   0.0051   -2.1542
25%   0.1115    0.0000
50%   0.2290    0.0000
75%   0.3589    9.4788
max   0.5000  567.0590

MAF/LD Score Correlation Matrix
        MAF      L2
MAF  1.0000  0.0291
L2   0.0291  1.0000

Annotation Correlation Matrix
       ANNOT
ANNOT    1.0

Annotation Matrix Column Sums
ANNOT    53423

Summary of Annotation Matrix Row Sums
count    316981.0000
mean          0.1685
std           0.3743
min           0.0000
25%           0.0000
50%           0.0000
75%           0.0000
max           1.0000
Analysis finished at Tue Aug 20 14:53:34 2024
Total time elapsed: 2.0m:47.17s
*********************************************************************
* LD Score Regression (LDSC)
* Version 1.0.1
* (C) 2014-2019 Brendan Bulik-Sullivan and Hilary Finucane
* Broad Institute of MIT and Harvard / MIT Department of Mathematics
* GNU General Public License v3
*********************************************************************
Call: 
./ldsc.py \
--print-snps /dcs04/lieber/shared/statsgen/LDSC/base/referencefiles/hapmap3_snps/hm.17.snp \
--ld-wind-cm 1.0 \
--out ./out_ADARB2_TRPS1.PRKCD_DRD2/chr.17 \
--bfile /dcs04/lieber/shared/statsgen/LDSC/base/referencefiles/1000G_EUR_Phase3_plink/1000G.EUR.QC.17 \
--thin-annot  \
--annot ./out_ADARB2_TRPS1.PRKCD_DRD2/chr.17.annot.gz \
--l2  

Beginning analysis at Tue Aug 20 14:53:35 2024
Read list of 269222 SNPs from /dcs04/lieber/shared/statsgen/LDSC/base/referencefiles/1000G_EUR_Phase3_plink/1000G.EUR.QC.17.bim
Read 1 annotations for 269222 SNPs from ./out_ADARB2_TRPS1.PRKCD_DRD2/chr.17.annot.gz
Read list of 489 individuals from /dcs04/lieber/shared/statsgen/LDSC/base/referencefiles/1000G_EUR_Phase3_plink/1000G.EUR.QC.17.fam
Reading genotypes from /dcs04/lieber/shared/statsgen/LDSC/base/referencefiles/1000G_EUR_Phase3_plink/1000G.EUR.QC.17.bed
After filtering, 269222 SNPs remain
Estimating LD Score.
Reading list of 38396 SNPs for which to print LD Scores from /dcs04/lieber/shared/statsgen/LDSC/base/referencefiles/hapmap3_snps/hm.17.snp
After merging with --print-snps, LD Scores for 32315 SNPs will be printed.
Writing LD Scores for 32315 SNPs to ./out_ADARB2_TRPS1.PRKCD_DRD2/chr.17.l2.ldscore.gz

Summary of LD Scores in ./out_ADARB2_TRPS1.PRKCD_DRD2/chr.17.l2.ldscore.gz
         MAF        L2
mean  0.2414   21.5371
std   0.1449   48.2007
min   0.0051   -2.3627
25%   0.1135    0.0000
50%   0.2352    0.7487
75%   0.3671   20.6754
max   0.5000  444.4230

MAF/LD Score Correlation Matrix
        MAF      L2
MAF  1.0000  0.0956
L2   0.0956  1.0000

Annotation Correlation Matrix
       ANNOT
ANNOT    1.0

Annotation Matrix Column Sums
ANNOT    57464

Summary of Annotation Matrix Row Sums
count    269222.0000
mean          0.2134
std           0.4097
min           0.0000
25%           0.0000
50%           0.0000
75%           0.0000
max           1.0000
Analysis finished at Tue Aug 20 14:55:51 2024
Total time elapsed: 2.0m:16.68s
*********************************************************************
* LD Score Regression (LDSC)
* Version 1.0.1
* (C) 2014-2019 Brendan Bulik-Sullivan and Hilary Finucane
* Broad Institute of MIT and Harvard / MIT Department of Mathematics
* GNU General Public License v3
*********************************************************************
Call: 
./ldsc.py \
--print-snps /dcs04/lieber/shared/statsgen/LDSC/base/referencefiles/hapmap3_snps/hm.18.snp \
--ld-wind-cm 1.0 \
--out ./out_ADARB2_TRPS1.PRKCD_DRD2/chr.18 \
--bfile /dcs04/lieber/shared/statsgen/LDSC/base/referencefiles/1000G_EUR_Phase3_plink/1000G.EUR.QC.18 \
--thin-annot  \
--annot ./out_ADARB2_TRPS1.PRKCD_DRD2/chr.18.annot.gz \
--l2  

Beginning analysis at Tue Aug 20 14:55:52 2024
Read list of 285156 SNPs from /dcs04/lieber/shared/statsgen/LDSC/base/referencefiles/1000G_EUR_Phase3_plink/1000G.EUR.QC.18.bim
Read 1 annotations for 285156 SNPs from ./out_ADARB2_TRPS1.PRKCD_DRD2/chr.18.annot.gz
Read list of 489 individuals from /dcs04/lieber/shared/statsgen/LDSC/base/referencefiles/1000G_EUR_Phase3_plink/1000G.EUR.QC.18.fam
Reading genotypes from /dcs04/lieber/shared/statsgen/LDSC/base/referencefiles/1000G_EUR_Phase3_plink/1000G.EUR.QC.18.bed
After filtering, 285156 SNPs remain
Estimating LD Score.
Reading list of 40891 SNPs for which to print LD Scores from /dcs04/lieber/shared/statsgen/LDSC/base/referencefiles/hapmap3_snps/hm.18.snp
After merging with --print-snps, LD Scores for 35326 SNPs will be printed.
Writing LD Scores for 35326 SNPs to ./out_ADARB2_TRPS1.PRKCD_DRD2/chr.18.l2.ldscore.gz

Summary of LD Scores in ./out_ADARB2_TRPS1.PRKCD_DRD2/chr.18.l2.ldscore.gz
         MAF        L2
mean  0.2356    5.3354
std   0.1434   25.8175
min   0.0051   -1.9077
25%   0.1094    0.0000
50%   0.2249    0.0000
75%   0.3569    0.1011
max   0.5000  520.2006

MAF/LD Score Correlation Matrix
        MAF      L2
MAF  1.0000 -0.0177
L2  -0.0177  1.0000

Annotation Correlation Matrix
       ANNOT
ANNOT    1.0

Annotation Matrix Column Sums
ANNOT    15490

Summary of Annotation Matrix Row Sums
count    285156.0000
mean          0.0543
std           0.2267
min           0.0000
25%           0.0000
50%           0.0000
75%           0.0000
max           1.0000
Analysis finished at Tue Aug 20 14:57:57 2024
Total time elapsed: 2.0m:5.04s
*********************************************************************
* LD Score Regression (LDSC)
* Version 1.0.1
* (C) 2014-2019 Brendan Bulik-Sullivan and Hilary Finucane
* Broad Institute of MIT and Harvard / MIT Department of Mathematics
* GNU General Public License v3
*********************************************************************
Call: 
./ldsc.py \
--print-snps /dcs04/lieber/shared/statsgen/LDSC/base/referencefiles/hapmap3_snps/hm.19.snp \
--ld-wind-cm 1.0 \
--out ./out_ADARB2_TRPS1.PRKCD_DRD2/chr.19 \
--bfile /dcs04/lieber/shared/statsgen/LDSC/base/referencefiles/1000G_EUR_Phase3_plink/1000G.EUR.QC.19 \
--thin-annot  \
--annot ./out_ADARB2_TRPS1.PRKCD_DRD2/chr.19.annot.gz \
--l2  

Beginning analysis at Tue Aug 20 14:57:58 2024
Read list of 232363 SNPs from /dcs04/lieber/shared/statsgen/LDSC/base/referencefiles/1000G_EUR_Phase3_plink/1000G.EUR.QC.19.bim
Read 1 annotations for 232363 SNPs from ./out_ADARB2_TRPS1.PRKCD_DRD2/chr.19.annot.gz
Read list of 489 individuals from /dcs04/lieber/shared/statsgen/LDSC/base/referencefiles/1000G_EUR_Phase3_plink/1000G.EUR.QC.19.fam
Reading genotypes from /dcs04/lieber/shared/statsgen/LDSC/base/referencefiles/1000G_EUR_Phase3_plink/1000G.EUR.QC.19.bed
After filtering, 232363 SNPs remain
Estimating LD Score.
Reading list of 26259 SNPs for which to print LD Scores from /dcs04/lieber/shared/statsgen/LDSC/base/referencefiles/hapmap3_snps/hm.19.snp
After merging with --print-snps, LD Scores for 21991 SNPs will be printed.
Writing LD Scores for 21991 SNPs to ./out_ADARB2_TRPS1.PRKCD_DRD2/chr.19.l2.ldscore.gz

Summary of LD Scores in ./out_ADARB2_TRPS1.PRKCD_DRD2/chr.19.l2.ldscore.gz
         MAF        L2
mean  0.2369   37.9949
std   0.1428   57.6652
min   0.0051   -2.1678
25%   0.1125    1.4454
50%   0.2331   14.6434
75%   0.3569   51.4944
max   0.5000  488.3372

MAF/LD Score Correlation Matrix
        MAF      L2
MAF  1.0000  0.0626
L2   0.0626  1.0000

Annotation Correlation Matrix
       ANNOT
ANNOT    1.0

Annotation Matrix Column Sums
ANNOT    85785

Summary of Annotation Matrix Row Sums
count    232363.0000
mean          0.3692
std           0.4826
min           0.0000
25%           0.0000
50%           0.0000
75%           1.0000
max           1.0000
Analysis finished at Tue Aug 20 15:00:22 2024
Total time elapsed: 2.0m:23.85s
*********************************************************************
* LD Score Regression (LDSC)
* Version 1.0.1
* (C) 2014-2019 Brendan Bulik-Sullivan and Hilary Finucane
* Broad Institute of MIT and Harvard / MIT Department of Mathematics
* GNU General Public License v3
*********************************************************************
Call: 
./ldsc.py \
--print-snps /dcs04/lieber/shared/statsgen/LDSC/base/referencefiles/hapmap3_snps/hm.20.snp \
--ld-wind-cm 1.0 \
--out ./out_ADARB2_TRPS1.PRKCD_DRD2/chr.20 \
--bfile /dcs04/lieber/shared/statsgen/LDSC/base/referencefiles/1000G_EUR_Phase3_plink/1000G.EUR.QC.20 \
--thin-annot  \
--annot ./out_ADARB2_TRPS1.PRKCD_DRD2/chr.20.annot.gz \
--l2  

Beginning analysis at Tue Aug 20 15:00:23 2024
Read list of 221626 SNPs from /dcs04/lieber/shared/statsgen/LDSC/base/referencefiles/1000G_EUR_Phase3_plink/1000G.EUR.QC.20.bim
Read 1 annotations for 221626 SNPs from ./out_ADARB2_TRPS1.PRKCD_DRD2/chr.20.annot.gz
Read list of 489 individuals from /dcs04/lieber/shared/statsgen/LDSC/base/referencefiles/1000G_EUR_Phase3_plink/1000G.EUR.QC.20.fam
Reading genotypes from /dcs04/lieber/shared/statsgen/LDSC/base/referencefiles/1000G_EUR_Phase3_plink/1000G.EUR.QC.20.bed
After filtering, 221626 SNPs remain
Estimating LD Score.
Reading list of 36301 SNPs for which to print LD Scores from /dcs04/lieber/shared/statsgen/LDSC/base/referencefiles/hapmap3_snps/hm.20.snp
After merging with --print-snps, LD Scores for 31359 SNPs will be printed.
Writing LD Scores for 31359 SNPs to ./out_ADARB2_TRPS1.PRKCD_DRD2/chr.20.l2.ldscore.gz

Summary of LD Scores in ./out_ADARB2_TRPS1.PRKCD_DRD2/chr.20.l2.ldscore.gz
         MAF        L2
mean  0.2336   15.1673
std   0.1437   39.2157
min   0.0051   -2.3178
25%   0.1063    0.0000
50%   0.2219    0.2018
75%   0.3569    6.0832
max   0.5000  332.9150

MAF/LD Score Correlation Matrix
        MAF      L2
MAF  1.0000  0.0983
L2   0.0983  1.0000

Annotation Correlation Matrix
       ANNOT
ANNOT    1.0

Annotation Matrix Column Sums
ANNOT    35051

Summary of Annotation Matrix Row Sums
count    221626.0000
mean          0.1582
std           0.3649
min           0.0000
25%           0.0000
50%           0.0000
75%           0.0000
max           1.0000
Analysis finished at Tue Aug 20 15:02:10 2024
Total time elapsed: 1.0m:46.9s
*********************************************************************
* LD Score Regression (LDSC)
* Version 1.0.1
* (C) 2014-2019 Brendan Bulik-Sullivan and Hilary Finucane
* Broad Institute of MIT and Harvard / MIT Department of Mathematics
* GNU General Public License v3
*********************************************************************
Call: 
./ldsc.py \
--print-snps /dcs04/lieber/shared/statsgen/LDSC/base/referencefiles/hapmap3_snps/hm.21.snp \
--ld-wind-cm 1.0 \
--out ./out_ADARB2_TRPS1.PRKCD_DRD2/chr.21 \
--bfile /dcs04/lieber/shared/statsgen/LDSC/base/referencefiles/1000G_EUR_Phase3_plink/1000G.EUR.QC.21 \
--thin-annot  \
--annot ./out_ADARB2_TRPS1.PRKCD_DRD2/chr.21.annot.gz \
--l2  

Beginning analysis at Tue Aug 20 15:02:11 2024
Read list of 138712 SNPs from /dcs04/lieber/shared/statsgen/LDSC/base/referencefiles/1000G_EUR_Phase3_plink/1000G.EUR.QC.21.bim
Read 1 annotations for 138712 SNPs from ./out_ADARB2_TRPS1.PRKCD_DRD2/chr.21.annot.gz
Read list of 489 individuals from /dcs04/lieber/shared/statsgen/LDSC/base/referencefiles/1000G_EUR_Phase3_plink/1000G.EUR.QC.21.fam
Reading genotypes from /dcs04/lieber/shared/statsgen/LDSC/base/referencefiles/1000G_EUR_Phase3_plink/1000G.EUR.QC.21.bed
After filtering, 138712 SNPs remain
Estimating LD Score.
Reading list of 19331 SNPs for which to print LD Scores from /dcs04/lieber/shared/statsgen/LDSC/base/referencefiles/hapmap3_snps/hm.21.snp
After merging with --print-snps, LD Scores for 16993 SNPs will be printed.
Writing LD Scores for 16993 SNPs to ./out_ADARB2_TRPS1.PRKCD_DRD2/chr.21.l2.ldscore.gz

Summary of LD Scores in ./out_ADARB2_TRPS1.PRKCD_DRD2/chr.21.l2.ldscore.gz
         MAF        L2
mean  0.2398   13.8970
std   0.1429   40.1044
min   0.0051   -2.2321
25%   0.1155    0.0000
50%   0.2290    0.0000
75%   0.3640    1.7214
max   0.5000  290.5609

MAF/LD Score Correlation Matrix
        MAF      L2
MAF  1.0000  0.0457
L2   0.0457  1.0000

Annotation Correlation Matrix
       ANNOT
ANNOT    1.0

Annotation Matrix Column Sums
ANNOT    16065

Summary of Annotation Matrix Row Sums
count    138712.0000
mean          0.1158
std           0.3200
min           0.0000
25%           0.0000
50%           0.0000
75%           0.0000
max           1.0000
Analysis finished at Tue Aug 20 15:03:12 2024
Total time elapsed: 1.0m:0.59s
*********************************************************************
* LD Score Regression (LDSC)
* Version 1.0.1
* (C) 2014-2019 Brendan Bulik-Sullivan and Hilary Finucane
* Broad Institute of MIT and Harvard / MIT Department of Mathematics
* GNU General Public License v3
*********************************************************************
Call: 
./ldsc.py \
--print-snps /dcs04/lieber/shared/statsgen/LDSC/base/referencefiles/hapmap3_snps/hm.22.snp \
--ld-wind-cm 1.0 \
--out ./out_ADARB2_TRPS1.PRKCD_DRD2/chr.22 \
--bfile /dcs04/lieber/shared/statsgen/LDSC/base/referencefiles/1000G_EUR_Phase3_plink/1000G.EUR.QC.22 \
--thin-annot  \
--annot ./out_ADARB2_TRPS1.PRKCD_DRD2/chr.22.annot.gz \
--l2  

Beginning analysis at Tue Aug 20 15:03:13 2024
Read list of 141123 SNPs from /dcs04/lieber/shared/statsgen/LDSC/base/referencefiles/1000G_EUR_Phase3_plink/1000G.EUR.QC.22.bim
Read 1 annotations for 141123 SNPs from ./out_ADARB2_TRPS1.PRKCD_DRD2/chr.22.annot.gz
Read list of 489 individuals from /dcs04/lieber/shared/statsgen/LDSC/base/referencefiles/1000G_EUR_Phase3_plink/1000G.EUR.QC.22.fam
Reading genotypes from /dcs04/lieber/shared/statsgen/LDSC/base/referencefiles/1000G_EUR_Phase3_plink/1000G.EUR.QC.22.bed
After filtering, 141123 SNPs remain
Estimating LD Score.
Reading list of 20106 SNPs for which to print LD Scores from /dcs04/lieber/shared/statsgen/LDSC/base/referencefiles/hapmap3_snps/hm.22.snp
After merging with --print-snps, LD Scores for 17261 SNPs will be printed.
Writing LD Scores for 17261 SNPs to ./out_ADARB2_TRPS1.PRKCD_DRD2/chr.22.l2.ldscore.gz

Summary of LD Scores in ./out_ADARB2_TRPS1.PRKCD_DRD2/chr.22.l2.ldscore.gz
         MAF        L2
mean  0.2359   25.6448
std   0.1442   50.2839
min   0.0051   -1.8241
25%   0.1084    0.0000
50%   0.2280    0.5942
75%   0.3579   31.5232
max   0.5000  350.5376

MAF/LD Score Correlation Matrix
       MAF     L2
MAF  1.000  0.129
L2   0.129  1.000

Annotation Correlation Matrix
       ANNOT
ANNOT    1.0

Annotation Matrix Column Sums
ANNOT    29389

Summary of Annotation Matrix Row Sums
count    141123.0000
mean          0.2083
std           0.4061
min           0.0000
25%           0.0000
50%           0.0000
75%           0.0000
max           1.0000
Analysis finished at Tue Aug 20 15:04:24 2024
Total time elapsed: 1.0m:11.56s
*********************************************************************
* LD Score Regression (LDSC)
* Version 1.0.1
* (C) 2014-2019 Brendan Bulik-Sullivan and Hilary Finucane
* Broad Institute of MIT and Harvard / MIT Department of Mathematics
* GNU General Public License v3
*********************************************************************
Call: 
./ldsc.py \
--print-snps /dcs04/lieber/shared/statsgen/LDSC/base/referencefiles/hapmap3_snps/hm.1.snp \
--ld-wind-cm 1.0 \
--out ./out_ADARB2_TRPS1.LAMP5_NTNG1/chr.1 \
--bfile /dcs04/lieber/shared/statsgen/LDSC/base/referencefiles/1000G_EUR_Phase3_plink/1000G.EUR.QC.1 \
--thin-annot  \
--annot ./out_ADARB2_TRPS1.LAMP5_NTNG1/chr.1.annot.gz \
--l2  

Beginning analysis at Tue Aug 20 15:04:25 2024
Read list of 779354 SNPs from /dcs04/lieber/shared/statsgen/LDSC/base/referencefiles/1000G_EUR_Phase3_plink/1000G.EUR.QC.1.bim
Read 1 annotations for 779354 SNPs from ./out_ADARB2_TRPS1.LAMP5_NTNG1/chr.1.annot.gz
Read list of 489 individuals from /dcs04/lieber/shared/statsgen/LDSC/base/referencefiles/1000G_EUR_Phase3_plink/1000G.EUR.QC.1.fam
Reading genotypes from /dcs04/lieber/shared/statsgen/LDSC/base/referencefiles/1000G_EUR_Phase3_plink/1000G.EUR.QC.1.bed
After filtering, 779354 SNPs remain
Estimating LD Score.
Reading list of 116564 SNPs for which to print LD Scores from /dcs04/lieber/shared/statsgen/LDSC/base/referencefiles/hapmap3_snps/hm.1.snp
After merging with --print-snps, LD Scores for 98690 SNPs will be printed.
Writing LD Scores for 98690 SNPs to ./out_ADARB2_TRPS1.LAMP5_NTNG1/chr.1.l2.ldscore.gz

Summary of LD Scores in ./out_ADARB2_TRPS1.LAMP5_NTNG1/chr.1.l2.ldscore.gz
         MAF        L2
mean  0.2329   15.9833
std   0.1442   36.9857
min   0.0051   -2.2294
25%   0.1056    0.0000
50%   0.2219    0.3209
75%   0.3548    8.1191
max   0.5000  301.0833

MAF/LD Score Correlation Matrix
        MAF      L2
MAF  1.0000  0.0499
L2   0.0499  1.0000

Annotation Correlation Matrix
       ANNOT
ANNOT    1.0

Annotation Matrix Column Sums
ANNOT    107120

Summary of Annotation Matrix Row Sums
count    779354.0000
mean          0.1374
std           0.3443
min           0.0000
25%           0.0000
50%           0.0000
75%           0.0000
max           1.0000
Analysis finished at Tue Aug 20 15:11:06 2024
Total time elapsed: 6.0m:40.9s
*********************************************************************
* LD Score Regression (LDSC)
* Version 1.0.1
* (C) 2014-2019 Brendan Bulik-Sullivan and Hilary Finucane
* Broad Institute of MIT and Harvard / MIT Department of Mathematics
* GNU General Public License v3
*********************************************************************
Call: 
./ldsc.py \
--print-snps /dcs04/lieber/shared/statsgen/LDSC/base/referencefiles/hapmap3_snps/hm.2.snp \
--ld-wind-cm 1.0 \
--out ./out_ADARB2_TRPS1.LAMP5_NTNG1/chr.2 \
--bfile /dcs04/lieber/shared/statsgen/LDSC/base/referencefiles/1000G_EUR_Phase3_plink/1000G.EUR.QC.2 \
--thin-annot  \
--annot ./out_ADARB2_TRPS1.LAMP5_NTNG1/chr.2.annot.gz \
--l2  

Beginning analysis at Tue Aug 20 15:11:07 2024
Read list of 839590 SNPs from /dcs04/lieber/shared/statsgen/LDSC/base/referencefiles/1000G_EUR_Phase3_plink/1000G.EUR.QC.2.bim
Read 1 annotations for 839590 SNPs from ./out_ADARB2_TRPS1.LAMP5_NTNG1/chr.2.annot.gz
Read list of 489 individuals from /dcs04/lieber/shared/statsgen/LDSC/base/referencefiles/1000G_EUR_Phase3_plink/1000G.EUR.QC.2.fam
Reading genotypes from /dcs04/lieber/shared/statsgen/LDSC/base/referencefiles/1000G_EUR_Phase3_plink/1000G.EUR.QC.2.bed
After filtering, 839590 SNPs remain
Estimating LD Score.
Reading list of 116575 SNPs for which to print LD Scores from /dcs04/lieber/shared/statsgen/LDSC/base/referencefiles/hapmap3_snps/hm.2.snp
After merging with --print-snps, LD Scores for 100038 SNPs will be printed.
Writing LD Scores for 100038 SNPs to ./out_ADARB2_TRPS1.LAMP5_NTNG1/chr.2.l2.ldscore.gz

Summary of LD Scores in ./out_ADARB2_TRPS1.LAMP5_NTNG1/chr.2.l2.ldscore.gz
         MAF        L2
mean  0.2371   16.7732
std   0.1439   39.6452
min   0.0051   -3.2620
25%   0.1115    0.0000
50%   0.2280    0.3143
75%   0.3609    8.4443
max   0.5000  416.9985

MAF/LD Score Correlation Matrix
       MAF     L2
MAF  1.000  0.076
L2   0.076  1.000

Annotation Correlation Matrix
       ANNOT
ANNOT    1.0

Annotation Matrix Column Sums
ANNOT    112694

Summary of Annotation Matrix Row Sums
count    839590.0000
mean          0.1342
std           0.3409
min           0.0000
25%           0.0000
50%           0.0000
75%           0.0000
max           1.0000
Analysis finished at Tue Aug 20 15:18:43 2024
Total time elapsed: 7.0m:35.66s
*********************************************************************
* LD Score Regression (LDSC)
* Version 1.0.1
* (C) 2014-2019 Brendan Bulik-Sullivan and Hilary Finucane
* Broad Institute of MIT and Harvard / MIT Department of Mathematics
* GNU General Public License v3
*********************************************************************
Call: 
./ldsc.py \
--print-snps /dcs04/lieber/shared/statsgen/LDSC/base/referencefiles/hapmap3_snps/hm.3.snp \
--ld-wind-cm 1.0 \
--out ./out_ADARB2_TRPS1.LAMP5_NTNG1/chr.3 \
--bfile /dcs04/lieber/shared/statsgen/LDSC/base/referencefiles/1000G_EUR_Phase3_plink/1000G.EUR.QC.3 \
--thin-annot  \
--annot ./out_ADARB2_TRPS1.LAMP5_NTNG1/chr.3.annot.gz \
--l2  

Beginning analysis at Tue Aug 20 15:18:44 2024
Read list of 706350 SNPs from /dcs04/lieber/shared/statsgen/LDSC/base/referencefiles/1000G_EUR_Phase3_plink/1000G.EUR.QC.3.bim
Read 1 annotations for 706350 SNPs from ./out_ADARB2_TRPS1.LAMP5_NTNG1/chr.3.annot.gz
Read list of 489 individuals from /dcs04/lieber/shared/statsgen/LDSC/base/referencefiles/1000G_EUR_Phase3_plink/1000G.EUR.QC.3.fam
Reading genotypes from /dcs04/lieber/shared/statsgen/LDSC/base/referencefiles/1000G_EUR_Phase3_plink/1000G.EUR.QC.3.bed
After filtering, 706350 SNPs remain
Estimating LD Score.
Reading list of 96664 SNPs for which to print LD Scores from /dcs04/lieber/shared/statsgen/LDSC/base/referencefiles/hapmap3_snps/hm.3.snp
After merging with --print-snps, LD Scores for 83286 SNPs will be printed.
Writing LD Scores for 83286 SNPs to ./out_ADARB2_TRPS1.LAMP5_NTNG1/chr.3.l2.ldscore.gz

Summary of LD Scores in ./out_ADARB2_TRPS1.LAMP5_NTNG1/chr.3.l2.ldscore.gz
         MAF        L2
mean  0.2395   17.7789
std   0.1436   47.1201
min   0.0051   -2.4124
25%   0.1145    0.0000
50%   0.2311    0.2144
75%   0.3630    7.5505
max   0.5000  698.3033

MAF/LD Score Correlation Matrix
        MAF      L2
MAF  1.0000  0.0743
L2   0.0743  1.0000

Annotation Correlation Matrix
       ANNOT
ANNOT    1.0

Annotation Matrix Column Sums
ANNOT    90094

Summary of Annotation Matrix Row Sums
count    706350.0000
mean          0.1275
std           0.3336
min           0.0000
25%           0.0000
50%           0.0000
75%           0.0000
max           1.0000
Analysis finished at Tue Aug 20 15:25:27 2024
Total time elapsed: 6.0m:43.03s
*********************************************************************
* LD Score Regression (LDSC)
* Version 1.0.1
* (C) 2014-2019 Brendan Bulik-Sullivan and Hilary Finucane
* Broad Institute of MIT and Harvard / MIT Department of Mathematics
* GNU General Public License v3
*********************************************************************
Call: 
./ldsc.py \
--print-snps /dcs04/lieber/shared/statsgen/LDSC/base/referencefiles/hapmap3_snps/hm.4.snp \
--ld-wind-cm 1.0 \
--out ./out_ADARB2_TRPS1.LAMP5_NTNG1/chr.4 \
--bfile /dcs04/lieber/shared/statsgen/LDSC/base/referencefiles/1000G_EUR_Phase3_plink/1000G.EUR.QC.4 \
--thin-annot  \
--annot ./out_ADARB2_TRPS1.LAMP5_NTNG1/chr.4.annot.gz \
--l2  

Beginning analysis at Tue Aug 20 15:25:29 2024
Read list of 729645 SNPs from /dcs04/lieber/shared/statsgen/LDSC/base/referencefiles/1000G_EUR_Phase3_plink/1000G.EUR.QC.4.bim
Read 1 annotations for 729645 SNPs from ./out_ADARB2_TRPS1.LAMP5_NTNG1/chr.4.annot.gz
Read list of 489 individuals from /dcs04/lieber/shared/statsgen/LDSC/base/referencefiles/1000G_EUR_Phase3_plink/1000G.EUR.QC.4.fam
Reading genotypes from /dcs04/lieber/shared/statsgen/LDSC/base/referencefiles/1000G_EUR_Phase3_plink/1000G.EUR.QC.4.bed
After filtering, 729645 SNPs remain
Estimating LD Score.
Reading list of 85881 SNPs for which to print LD Scores from /dcs04/lieber/shared/statsgen/LDSC/base/referencefiles/hapmap3_snps/hm.4.snp
After merging with --print-snps, LD Scores for 74259 SNPs will be printed.
Writing LD Scores for 74259 SNPs to ./out_ADARB2_TRPS1.LAMP5_NTNG1/chr.4.l2.ldscore.gz

Summary of LD Scores in ./out_ADARB2_TRPS1.LAMP5_NTNG1/chr.4.l2.ldscore.gz
         MAF        L2
mean  0.2367   14.5335
std   0.1431   42.5540
min   0.0051   -2.3462
25%   0.1115    0.0000
50%   0.2301    0.0000
75%   0.3579    2.6151
max   0.5000  356.4453

MAF/LD Score Correlation Matrix
        MAF      L2
MAF  1.0000  0.0306
L2   0.0306  1.0000

Annotation Correlation Matrix
       ANNOT
ANNOT    1.0

Annotation Matrix Column Sums
ANNOT    68295

Summary of Annotation Matrix Row Sums
count    729645.0000
mean          0.0936
std           0.2913
min           0.0000
25%           0.0000
50%           0.0000
75%           0.0000
max           1.0000
Analysis finished at Tue Aug 20 15:31:43 2024
Total time elapsed: 6.0m:14.22s
*********************************************************************
* LD Score Regression (LDSC)
* Version 1.0.1
* (C) 2014-2019 Brendan Bulik-Sullivan and Hilary Finucane
* Broad Institute of MIT and Harvard / MIT Department of Mathematics
* GNU General Public License v3
*********************************************************************
Call: 
./ldsc.py \
--print-snps /dcs04/lieber/shared/statsgen/LDSC/base/referencefiles/hapmap3_snps/hm.5.snp \
--ld-wind-cm 1.0 \
--out ./out_ADARB2_TRPS1.LAMP5_NTNG1/chr.5 \
--bfile /dcs04/lieber/shared/statsgen/LDSC/base/referencefiles/1000G_EUR_Phase3_plink/1000G.EUR.QC.5 \
--thin-annot  \
--annot ./out_ADARB2_TRPS1.LAMP5_NTNG1/chr.5.annot.gz \
--l2  

Beginning analysis at Tue Aug 20 15:31:44 2024
Read list of 633015 SNPs from /dcs04/lieber/shared/statsgen/LDSC/base/referencefiles/1000G_EUR_Phase3_plink/1000G.EUR.QC.5.bim
Read 1 annotations for 633015 SNPs from ./out_ADARB2_TRPS1.LAMP5_NTNG1/chr.5.annot.gz
Read list of 489 individuals from /dcs04/lieber/shared/statsgen/LDSC/base/referencefiles/1000G_EUR_Phase3_plink/1000G.EUR.QC.5.fam
Reading genotypes from /dcs04/lieber/shared/statsgen/LDSC/base/referencefiles/1000G_EUR_Phase3_plink/1000G.EUR.QC.5.bed
After filtering, 633015 SNPs remain
Estimating LD Score.
Reading list of 88059 SNPs for which to print LD Scores from /dcs04/lieber/shared/statsgen/LDSC/base/referencefiles/hapmap3_snps/hm.5.snp
After merging with --print-snps, LD Scores for 74950 SNPs will be printed.
Writing LD Scores for 74950 SNPs to ./out_ADARB2_TRPS1.LAMP5_NTNG1/chr.5.l2.ldscore.gz

Summary of LD Scores in ./out_ADARB2_TRPS1.LAMP5_NTNG1/chr.5.l2.ldscore.gz
         MAF        L2
mean  0.2353   18.6182
std   0.1428   47.9184
min   0.0051   -4.0041
25%   0.1104    0.0000
50%   0.2260    0.1075
75%   0.3558    7.8812
max   0.5000  538.5004

MAF/LD Score Correlation Matrix
       MAF     L2
MAF  1.000  0.042
L2   0.042  1.000

Annotation Correlation Matrix
       ANNOT
ANNOT    1.0

Annotation Matrix Column Sums
ANNOT    81975

Summary of Annotation Matrix Row Sums
count    633015.0000
mean          0.1295
std           0.3358
min           0.0000
25%           0.0000
50%           0.0000
75%           0.0000
max           1.0000
Analysis finished at Tue Aug 20 15:37:42 2024
Total time elapsed: 5.0m:57.76s
*********************************************************************
* LD Score Regression (LDSC)
* Version 1.0.1
* (C) 2014-2019 Brendan Bulik-Sullivan and Hilary Finucane
* Broad Institute of MIT and Harvard / MIT Department of Mathematics
* GNU General Public License v3
*********************************************************************
Call: 
./ldsc.py \
--print-snps /dcs04/lieber/shared/statsgen/LDSC/base/referencefiles/hapmap3_snps/hm.6.snp \
--ld-wind-cm 1.0 \
--out ./out_ADARB2_TRPS1.LAMP5_NTNG1/chr.6 \
--bfile /dcs04/lieber/shared/statsgen/LDSC/base/referencefiles/1000G_EUR_Phase3_plink/1000G.EUR.QC.6 \
--thin-annot  \
--annot ./out_ADARB2_TRPS1.LAMP5_NTNG1/chr.6.annot.gz \
--l2  

Beginning analysis at Tue Aug 20 15:37:43 2024
Read list of 664016 SNPs from /dcs04/lieber/shared/statsgen/LDSC/base/referencefiles/1000G_EUR_Phase3_plink/1000G.EUR.QC.6.bim
Read 1 annotations for 664016 SNPs from ./out_ADARB2_TRPS1.LAMP5_NTNG1/chr.6.annot.gz
Read list of 489 individuals from /dcs04/lieber/shared/statsgen/LDSC/base/referencefiles/1000G_EUR_Phase3_plink/1000G.EUR.QC.6.fam
Reading genotypes from /dcs04/lieber/shared/statsgen/LDSC/base/referencefiles/1000G_EUR_Phase3_plink/1000G.EUR.QC.6.bed
After filtering, 664016 SNPs remain
Estimating LD Score.
Reading list of 91491 SNPs for which to print LD Scores from /dcs04/lieber/shared/statsgen/LDSC/base/referencefiles/hapmap3_snps/hm.6.snp
After merging with --print-snps, LD Scores for 80218 SNPs will be printed.
Writing LD Scores for 80218 SNPs to ./out_ADARB2_TRPS1.LAMP5_NTNG1/chr.6.l2.ldscore.gz

Summary of LD Scores in ./out_ADARB2_TRPS1.LAMP5_NTNG1/chr.6.l2.ldscore.gz
         MAF        L2
mean  0.2331   41.4228
std   0.1441  106.8455
min   0.0051   -5.1584
25%   0.1074    0.0000
50%   0.2219    0.5282
75%   0.3558   20.4426
max   0.5000  961.2871

MAF/LD Score Correlation Matrix
        MAF      L2
MAF  1.0000  0.0209
L2   0.0209  1.0000

Annotation Correlation Matrix
       ANNOT
ANNOT    1.0

Annotation Matrix Column Sums
ANNOT    102853

Summary of Annotation Matrix Row Sums
count    664016.0000
mean          0.1549
std           0.3618
min           0.0000
25%           0.0000
50%           0.0000
75%           0.0000
max           1.0000
Analysis finished at Tue Aug 20 15:45:35 2024
Total time elapsed: 7.0m:52.12s
*********************************************************************
* LD Score Regression (LDSC)
* Version 1.0.1
* (C) 2014-2019 Brendan Bulik-Sullivan and Hilary Finucane
* Broad Institute of MIT and Harvard / MIT Department of Mathematics
* GNU General Public License v3
*********************************************************************
Call: 
./ldsc.py \
--print-snps /dcs04/lieber/shared/statsgen/LDSC/base/referencefiles/hapmap3_snps/hm.7.snp \
--ld-wind-cm 1.0 \
--out ./out_ADARB2_TRPS1.LAMP5_NTNG1/chr.7 \
--bfile /dcs04/lieber/shared/statsgen/LDSC/base/referencefiles/1000G_EUR_Phase3_plink/1000G.EUR.QC.7 \
--thin-annot  \
--annot ./out_ADARB2_TRPS1.LAMP5_NTNG1/chr.7.annot.gz \
--l2  

Beginning analysis at Tue Aug 20 15:45:36 2024
Read list of 589569 SNPs from /dcs04/lieber/shared/statsgen/LDSC/base/referencefiles/1000G_EUR_Phase3_plink/1000G.EUR.QC.7.bim
Read 1 annotations for 589569 SNPs from ./out_ADARB2_TRPS1.LAMP5_NTNG1/chr.7.annot.gz
Read list of 489 individuals from /dcs04/lieber/shared/statsgen/LDSC/base/referencefiles/1000G_EUR_Phase3_plink/1000G.EUR.QC.7.fam
Reading genotypes from /dcs04/lieber/shared/statsgen/LDSC/base/referencefiles/1000G_EUR_Phase3_plink/1000G.EUR.QC.7.bed
After filtering, 589569 SNPs remain
Estimating LD Score.
Reading list of 75316 SNPs for which to print LD Scores from /dcs04/lieber/shared/statsgen/LDSC/base/referencefiles/hapmap3_snps/hm.7.snp
After merging with --print-snps, LD Scores for 65848 SNPs will be printed.
Writing LD Scores for 65848 SNPs to ./out_ADARB2_TRPS1.LAMP5_NTNG1/chr.7.l2.ldscore.gz

Summary of LD Scores in ./out_ADARB2_TRPS1.LAMP5_NTNG1/chr.7.l2.ldscore.gz
         MAF        L2
mean  0.2376   15.4905
std   0.1437   42.4098
min   0.0051   -2.1670
25%   0.1104    0.0000
50%   0.2290    0.0000
75%   0.3609    4.3914
max   0.5000  554.1939

MAF/LD Score Correlation Matrix
        MAF      L2
MAF  1.0000  0.0617
L2   0.0617  1.0000

Annotation Correlation Matrix
       ANNOT
ANNOT    1.0

Annotation Matrix Column Sums
ANNOT    66588

Summary of Annotation Matrix Row Sums
count    589569.0000
mean          0.1129
std           0.3165
min           0.0000
25%           0.0000
50%           0.0000
75%           0.0000
max           1.0000
Analysis finished at Tue Aug 20 15:51:08 2024
Total time elapsed: 5.0m:31.9s
*********************************************************************
* LD Score Regression (LDSC)
* Version 1.0.1
* (C) 2014-2019 Brendan Bulik-Sullivan and Hilary Finucane
* Broad Institute of MIT and Harvard / MIT Department of Mathematics
* GNU General Public License v3
*********************************************************************
Call: 
./ldsc.py \
--print-snps /dcs04/lieber/shared/statsgen/LDSC/base/referencefiles/hapmap3_snps/hm.8.snp \
--ld-wind-cm 1.0 \
--out ./out_ADARB2_TRPS1.LAMP5_NTNG1/chr.8 \
--bfile /dcs04/lieber/shared/statsgen/LDSC/base/referencefiles/1000G_EUR_Phase3_plink/1000G.EUR.QC.8 \
--thin-annot  \
--annot ./out_ADARB2_TRPS1.LAMP5_NTNG1/chr.8.annot.gz \
--l2  

Beginning analysis at Tue Aug 20 15:51:09 2024
Read list of 549971 SNPs from /dcs04/lieber/shared/statsgen/LDSC/base/referencefiles/1000G_EUR_Phase3_plink/1000G.EUR.QC.8.bim
Read 1 annotations for 549971 SNPs from ./out_ADARB2_TRPS1.LAMP5_NTNG1/chr.8.annot.gz
Read list of 489 individuals from /dcs04/lieber/shared/statsgen/LDSC/base/referencefiles/1000G_EUR_Phase3_plink/1000G.EUR.QC.8.fam
Reading genotypes from /dcs04/lieber/shared/statsgen/LDSC/base/referencefiles/1000G_EUR_Phase3_plink/1000G.EUR.QC.8.bed
After filtering, 549971 SNPs remain
Estimating LD Score.
Reading list of 75345 SNPs for which to print LD Scores from /dcs04/lieber/shared/statsgen/LDSC/base/referencefiles/hapmap3_snps/hm.8.snp
After merging with --print-snps, LD Scores for 65167 SNPs will be printed.
Writing LD Scores for 65167 SNPs to ./out_ADARB2_TRPS1.LAMP5_NTNG1/chr.8.l2.ldscore.gz

Summary of LD Scores in ./out_ADARB2_TRPS1.LAMP5_NTNG1/chr.8.l2.ldscore.gz
         MAF        L2
mean  0.2368   18.1955
std   0.1438   52.3534
min   0.0051   -2.5445
25%   0.1094    0.0000
50%   0.2270    0.0489
75%   0.3599    6.8227
max   0.5000  587.2354

MAF/LD Score Correlation Matrix
        MAF      L2
MAF  1.0000  0.0217
L2   0.0217  1.0000

Annotation Correlation Matrix
       ANNOT
ANNOT    1.0

Annotation Matrix Column Sums
ANNOT    63965

Summary of Annotation Matrix Row Sums
count    549971.0000
mean          0.1163
std           0.3206
min           0.0000
25%           0.0000
50%           0.0000
75%           0.0000
max           1.0000
Analysis finished at Tue Aug 20 15:56:34 2024
Total time elapsed: 5.0m:24.86s
*********************************************************************
* LD Score Regression (LDSC)
* Version 1.0.1
* (C) 2014-2019 Brendan Bulik-Sullivan and Hilary Finucane
* Broad Institute of MIT and Harvard / MIT Department of Mathematics
* GNU General Public License v3
*********************************************************************
Call: 
./ldsc.py \
--print-snps /dcs04/lieber/shared/statsgen/LDSC/base/referencefiles/hapmap3_snps/hm.9.snp \
--ld-wind-cm 1.0 \
--out ./out_ADARB2_TRPS1.LAMP5_NTNG1/chr.9 \
--bfile /dcs04/lieber/shared/statsgen/LDSC/base/referencefiles/1000G_EUR_Phase3_plink/1000G.EUR.QC.9 \
--thin-annot  \
--annot ./out_ADARB2_TRPS1.LAMP5_NTNG1/chr.9.annot.gz \
--l2  

Beginning analysis at Tue Aug 20 15:56:35 2024
Read list of 438106 SNPs from /dcs04/lieber/shared/statsgen/LDSC/base/referencefiles/1000G_EUR_Phase3_plink/1000G.EUR.QC.9.bim
Read 1 annotations for 438106 SNPs from ./out_ADARB2_TRPS1.LAMP5_NTNG1/chr.9.annot.gz
Read list of 489 individuals from /dcs04/lieber/shared/statsgen/LDSC/base/referencefiles/1000G_EUR_Phase3_plink/1000G.EUR.QC.9.fam
Reading genotypes from /dcs04/lieber/shared/statsgen/LDSC/base/referencefiles/1000G_EUR_Phase3_plink/1000G.EUR.QC.9.bed
After filtering, 438106 SNPs remain
Estimating LD Score.
Reading list of 63706 SNPs for which to print LD Scores from /dcs04/lieber/shared/statsgen/LDSC/base/referencefiles/hapmap3_snps/hm.9.snp
After merging with --print-snps, LD Scores for 55885 SNPs will be printed.
Writing LD Scores for 55885 SNPs to ./out_ADARB2_TRPS1.LAMP5_NTNG1/chr.9.l2.ldscore.gz

Summary of LD Scores in ./out_ADARB2_TRPS1.LAMP5_NTNG1/chr.9.l2.ldscore.gz
         MAF        L2
mean  0.2343   12.9160
std   0.1436   35.3459
min   0.0051   -3.1015
25%   0.1084    0.0000
50%   0.2239    0.0000
75%   0.3558    3.3473
max   0.5000  301.4278

MAF/LD Score Correlation Matrix
        MAF      L2
MAF  1.0000  0.0435
L2   0.0435  1.0000

Annotation Correlation Matrix
       ANNOT
ANNOT    1.0

Annotation Matrix Column Sums
ANNOT    48366

Summary of Annotation Matrix Row Sums
count    438106.0000
mean          0.1104
std           0.3134
min           0.0000
25%           0.0000
50%           0.0000
75%           0.0000
max           1.0000
Analysis finished at Tue Aug 20 16:00:07 2024
Total time elapsed: 3.0m:32.06s
*********************************************************************
* LD Score Regression (LDSC)
* Version 1.0.1
* (C) 2014-2019 Brendan Bulik-Sullivan and Hilary Finucane
* Broad Institute of MIT and Harvard / MIT Department of Mathematics
* GNU General Public License v3
*********************************************************************
Call: 
./ldsc.py \
--print-snps /dcs04/lieber/shared/statsgen/LDSC/base/referencefiles/hapmap3_snps/hm.10.snp \
--ld-wind-cm 1.0 \
--out ./out_ADARB2_TRPS1.LAMP5_NTNG1/chr.10 \
--bfile /dcs04/lieber/shared/statsgen/LDSC/base/referencefiles/1000G_EUR_Phase3_plink/1000G.EUR.QC.10 \
--thin-annot  \
--annot ./out_ADARB2_TRPS1.LAMP5_NTNG1/chr.10.annot.gz \
--l2  

Beginning analysis at Tue Aug 20 16:00:08 2024
Read list of 510501 SNPs from /dcs04/lieber/shared/statsgen/LDSC/base/referencefiles/1000G_EUR_Phase3_plink/1000G.EUR.QC.10.bim
Read 1 annotations for 510501 SNPs from ./out_ADARB2_TRPS1.LAMP5_NTNG1/chr.10.annot.gz
Read list of 489 individuals from /dcs04/lieber/shared/statsgen/LDSC/base/referencefiles/1000G_EUR_Phase3_plink/1000G.EUR.QC.10.fam
Reading genotypes from /dcs04/lieber/shared/statsgen/LDSC/base/referencefiles/1000G_EUR_Phase3_plink/1000G.EUR.QC.10.bed
After filtering, 510501 SNPs remain
Estimating LD Score.
Reading list of 73929 SNPs for which to print LD Scores from /dcs04/lieber/shared/statsgen/LDSC/base/referencefiles/hapmap3_snps/hm.10.snp
After merging with --print-snps, LD Scores for 64236 SNPs will be printed.
Writing LD Scores for 64236 SNPs to ./out_ADARB2_TRPS1.LAMP5_NTNG1/chr.10.l2.ldscore.gz

Summary of LD Scores in ./out_ADARB2_TRPS1.LAMP5_NTNG1/chr.10.l2.ldscore.gz
         MAF        L2
mean  0.2316   16.5845
std   0.1438   46.3374
min   0.0051   -2.8498
25%   0.1053    0.0000
50%   0.2188    0.0000
75%   0.3538    5.2908
max   0.5000  505.8948

MAF/LD Score Correlation Matrix
        MAF      L2
MAF  1.0000  0.0203
L2   0.0203  1.0000

Annotation Correlation Matrix
       ANNOT
ANNOT    1.0

Annotation Matrix Column Sums
ANNOT    69757

Summary of Annotation Matrix Row Sums
count    510501.0000
mean          0.1366
std           0.3435
min           0.0000
25%           0.0000
50%           0.0000
75%           0.0000
max           1.0000
Analysis finished at Tue Aug 20 16:04:37 2024
Total time elapsed: 4.0m:28.8s
*********************************************************************
* LD Score Regression (LDSC)
* Version 1.0.1
* (C) 2014-2019 Brendan Bulik-Sullivan and Hilary Finucane
* Broad Institute of MIT and Harvard / MIT Department of Mathematics
* GNU General Public License v3
*********************************************************************
Call: 
./ldsc.py \
--print-snps /dcs04/lieber/shared/statsgen/LDSC/base/referencefiles/hapmap3_snps/hm.11.snp \
--ld-wind-cm 1.0 \
--out ./out_ADARB2_TRPS1.LAMP5_NTNG1/chr.11 \
--bfile /dcs04/lieber/shared/statsgen/LDSC/base/referencefiles/1000G_EUR_Phase3_plink/1000G.EUR.QC.11 \
--thin-annot  \
--annot ./out_ADARB2_TRPS1.LAMP5_NTNG1/chr.11.annot.gz \
--l2  

Beginning analysis at Tue Aug 20 16:04:38 2024
Read list of 493922 SNPs from /dcs04/lieber/shared/statsgen/LDSC/base/referencefiles/1000G_EUR_Phase3_plink/1000G.EUR.QC.11.bim
Read 1 annotations for 493922 SNPs from ./out_ADARB2_TRPS1.LAMP5_NTNG1/chr.11.annot.gz
Read list of 489 individuals from /dcs04/lieber/shared/statsgen/LDSC/base/referencefiles/1000G_EUR_Phase3_plink/1000G.EUR.QC.11.fam
Reading genotypes from /dcs04/lieber/shared/statsgen/LDSC/base/referencefiles/1000G_EUR_Phase3_plink/1000G.EUR.QC.11.bed
After filtering, 493922 SNPs remain
Estimating LD Score.
Reading list of 71092 SNPs for which to print LD Scores from /dcs04/lieber/shared/statsgen/LDSC/base/referencefiles/hapmap3_snps/hm.11.snp
After merging with --print-snps, LD Scores for 61027 SNPs will be printed.
Writing LD Scores for 61027 SNPs to ./out_ADARB2_TRPS1.LAMP5_NTNG1/chr.11.l2.ldscore.gz

Summary of LD Scores in ./out_ADARB2_TRPS1.LAMP5_NTNG1/chr.11.l2.ldscore.gz
         MAF        L2
mean  0.2389   17.5130
std   0.1430   40.0943
min   0.0051   -2.5138
25%   0.1145    0.0000
50%   0.2301    0.3515
75%   0.3609    9.8385
max   0.5000  324.3005

MAF/LD Score Correlation Matrix
        MAF      L2
MAF  1.0000  0.0607
L2   0.0607  1.0000

Annotation Correlation Matrix
       ANNOT
ANNOT    1.0

Annotation Matrix Column Sums
ANNOT    71393

Summary of Annotation Matrix Row Sums
count    493922.0000
mean          0.1445
std           0.3516
min           0.0000
25%           0.0000
50%           0.0000
75%           0.0000
max           1.0000
Analysis finished at Tue Aug 20 16:09:59 2024
Total time elapsed: 5.0m:20.79s
*********************************************************************
* LD Score Regression (LDSC)
* Version 1.0.1
* (C) 2014-2019 Brendan Bulik-Sullivan and Hilary Finucane
* Broad Institute of MIT and Harvard / MIT Department of Mathematics
* GNU General Public License v3
*********************************************************************
Call: 
./ldsc.py \
--print-snps /dcs04/lieber/shared/statsgen/LDSC/base/referencefiles/hapmap3_snps/hm.12.snp \
--ld-wind-cm 1.0 \
--out ./out_ADARB2_TRPS1.LAMP5_NTNG1/chr.12 \
--bfile /dcs04/lieber/shared/statsgen/LDSC/base/referencefiles/1000G_EUR_Phase3_plink/1000G.EUR.QC.12 \
--thin-annot  \
--annot ./out_ADARB2_TRPS1.LAMP5_NTNG1/chr.12.annot.gz \
--l2  

Beginning analysis at Tue Aug 20 16:10:00 2024
Read list of 480110 SNPs from /dcs04/lieber/shared/statsgen/LDSC/base/referencefiles/1000G_EUR_Phase3_plink/1000G.EUR.QC.12.bim
Read 1 annotations for 480110 SNPs from ./out_ADARB2_TRPS1.LAMP5_NTNG1/chr.12.annot.gz
Read list of 489 individuals from /dcs04/lieber/shared/statsgen/LDSC/base/referencefiles/1000G_EUR_Phase3_plink/1000G.EUR.QC.12.fam
Reading genotypes from /dcs04/lieber/shared/statsgen/LDSC/base/referencefiles/1000G_EUR_Phase3_plink/1000G.EUR.QC.12.bed
After filtering, 480110 SNPs remain
Estimating LD Score.
Reading list of 68635 SNPs for which to print LD Scores from /dcs04/lieber/shared/statsgen/LDSC/base/referencefiles/hapmap3_snps/hm.12.snp
After merging with --print-snps, LD Scores for 58127 SNPs will be printed.
Writing LD Scores for 58127 SNPs to ./out_ADARB2_TRPS1.LAMP5_NTNG1/chr.12.l2.ldscore.gz

Summary of LD Scores in ./out_ADARB2_TRPS1.LAMP5_NTNG1/chr.12.l2.ldscore.gz
         MAF        L2
mean  0.2320   18.0439
std   0.1438   41.3009
min   0.0051   -2.4115
25%   0.1063    0.0000
50%   0.2198    0.4703
75%   0.3548   11.5653
max   0.5000  389.0665

MAF/LD Score Correlation Matrix
       MAF     L2
MAF  1.000  0.039
L2   0.039  1.000

Annotation Correlation Matrix
       ANNOT
ANNOT    1.0

Annotation Matrix Column Sums
ANNOT    72841

Summary of Annotation Matrix Row Sums
count    480110.0000
mean          0.1517
std           0.3587
min           0.0000
25%           0.0000
50%           0.0000
75%           0.0000
max           1.0000
Analysis finished at Tue Aug 20 16:14:23 2024
Total time elapsed: 4.0m:22.72s
**** Job ends ****
Tue Aug 20 04:14:23 PM EDT 2024
