**** Job starts ****
Tue Aug 20 02:48:20 PM EDT 2024
*********************************************************************
* LD Score Regression (LDSC)
* Version 1.0.1
* (C) 2014-2019 Brendan Bulik-Sullivan and Hilary Finucane
* Broad Institute of MIT and Harvard / MIT Department of Mathematics
* GNU General Public License v3
*********************************************************************
Call: 
./ldsc.py \
--print-snps /dcs04/lieber/shared/statsgen/LDSC/base/referencefiles/hapmap3_snps/hm.9.snp \
--ld-wind-cm 1.0 \
--out ./out_ADARB2_TRPS1.PVALB_UNC5B/chr.9 \
--bfile /dcs04/lieber/shared/statsgen/LDSC/base/referencefiles/1000G_EUR_Phase3_plink/1000G.EUR.QC.9 \
--thin-annot  \
--annot ./out_ADARB2_TRPS1.PVALB_UNC5B/chr.9.annot.gz \
--l2  

Beginning analysis at Tue Aug 20 14:48:20 2024
Read list of 438106 SNPs from /dcs04/lieber/shared/statsgen/LDSC/base/referencefiles/1000G_EUR_Phase3_plink/1000G.EUR.QC.9.bim
Read 1 annotations for 438106 SNPs from ./out_ADARB2_TRPS1.PVALB_UNC5B/chr.9.annot.gz
Read list of 489 individuals from /dcs04/lieber/shared/statsgen/LDSC/base/referencefiles/1000G_EUR_Phase3_plink/1000G.EUR.QC.9.fam
Reading genotypes from /dcs04/lieber/shared/statsgen/LDSC/base/referencefiles/1000G_EUR_Phase3_plink/1000G.EUR.QC.9.bed
After filtering, 438106 SNPs remain
Estimating LD Score.
Reading list of 63706 SNPs for which to print LD Scores from /dcs04/lieber/shared/statsgen/LDSC/base/referencefiles/hapmap3_snps/hm.9.snp
After merging with --print-snps, LD Scores for 55885 SNPs will be printed.
Writing LD Scores for 55885 SNPs to ./out_ADARB2_TRPS1.PVALB_UNC5B/chr.9.l2.ldscore.gz

Summary of LD Scores in ./out_ADARB2_TRPS1.PVALB_UNC5B/chr.9.l2.ldscore.gz
         MAF        L2
mean  0.2343   14.1483
std   0.1436   36.0017
min   0.0051   -2.5713
25%   0.1084    0.0000
50%   0.2239    0.0000
75%   0.3558    5.5751
max   0.5000  322.6741

MAF/LD Score Correlation Matrix
        MAF      L2
MAF  1.0000  0.0585
L2   0.0585  1.0000

Annotation Correlation Matrix
       ANNOT
ANNOT    1.0

Annotation Matrix Column Sums
ANNOT    60157

Summary of Annotation Matrix Row Sums
count    438106.0000
mean          0.1373
std           0.3442
min           0.0000
25%           0.0000
50%           0.0000
75%           0.0000
max           1.0000
Analysis finished at Tue Aug 20 14:50:04 2024
Total time elapsed: 1.0m:43.82s
*********************************************************************
* LD Score Regression (LDSC)
* Version 1.0.1
* (C) 2014-2019 Brendan Bulik-Sullivan and Hilary Finucane
* Broad Institute of MIT and Harvard / MIT Department of Mathematics
* GNU General Public License v3
*********************************************************************
Call: 
./ldsc.py \
--print-snps /dcs04/lieber/shared/statsgen/LDSC/base/referencefiles/hapmap3_snps/hm.10.snp \
--ld-wind-cm 1.0 \
--out ./out_ADARB2_TRPS1.PVALB_UNC5B/chr.10 \
--bfile /dcs04/lieber/shared/statsgen/LDSC/base/referencefiles/1000G_EUR_Phase3_plink/1000G.EUR.QC.10 \
--thin-annot  \
--annot ./out_ADARB2_TRPS1.PVALB_UNC5B/chr.10.annot.gz \
--l2  

Beginning analysis at Tue Aug 20 14:50:05 2024
Read list of 510501 SNPs from /dcs04/lieber/shared/statsgen/LDSC/base/referencefiles/1000G_EUR_Phase3_plink/1000G.EUR.QC.10.bim
Read 1 annotations for 510501 SNPs from ./out_ADARB2_TRPS1.PVALB_UNC5B/chr.10.annot.gz
Read list of 489 individuals from /dcs04/lieber/shared/statsgen/LDSC/base/referencefiles/1000G_EUR_Phase3_plink/1000G.EUR.QC.10.fam
Reading genotypes from /dcs04/lieber/shared/statsgen/LDSC/base/referencefiles/1000G_EUR_Phase3_plink/1000G.EUR.QC.10.bed
After filtering, 510501 SNPs remain
Estimating LD Score.
Reading list of 73929 SNPs for which to print LD Scores from /dcs04/lieber/shared/statsgen/LDSC/base/referencefiles/hapmap3_snps/hm.10.snp
After merging with --print-snps, LD Scores for 64236 SNPs will be printed.
Writing LD Scores for 64236 SNPs to ./out_ADARB2_TRPS1.PVALB_UNC5B/chr.10.l2.ldscore.gz

Summary of LD Scores in ./out_ADARB2_TRPS1.PVALB_UNC5B/chr.10.l2.ldscore.gz
         MAF        L2
mean  0.2316   14.5528
std   0.1438   41.8976
min   0.0051   -2.3372
25%   0.1053    0.0000
50%   0.2188    0.0000
75%   0.3538    3.8209
max   0.5000  492.3685

MAF/LD Score Correlation Matrix
        MAF      L2
MAF  1.0000  0.0542
L2   0.0542  1.0000

Annotation Correlation Matrix
       ANNOT
ANNOT    1.0

Annotation Matrix Column Sums
ANNOT    61799

Summary of Annotation Matrix Row Sums
count    510501.0000
mean          0.1211
std           0.3262
min           0.0000
25%           0.0000
50%           0.0000
75%           0.0000
max           1.0000
Analysis finished at Tue Aug 20 14:52:05 2024
Total time elapsed: 2.0m:0.63s
*********************************************************************
* LD Score Regression (LDSC)
* Version 1.0.1
* (C) 2014-2019 Brendan Bulik-Sullivan and Hilary Finucane
* Broad Institute of MIT and Harvard / MIT Department of Mathematics
* GNU General Public License v3
*********************************************************************
Call: 
./ldsc.py \
--print-snps /dcs04/lieber/shared/statsgen/LDSC/base/referencefiles/hapmap3_snps/hm.11.snp \
--ld-wind-cm 1.0 \
--out ./out_ADARB2_TRPS1.PVALB_UNC5B/chr.11 \
--bfile /dcs04/lieber/shared/statsgen/LDSC/base/referencefiles/1000G_EUR_Phase3_plink/1000G.EUR.QC.11 \
--thin-annot  \
--annot ./out_ADARB2_TRPS1.PVALB_UNC5B/chr.11.annot.gz \
--l2  

Beginning analysis at Tue Aug 20 14:52:06 2024
Read list of 493922 SNPs from /dcs04/lieber/shared/statsgen/LDSC/base/referencefiles/1000G_EUR_Phase3_plink/1000G.EUR.QC.11.bim
Read 1 annotations for 493922 SNPs from ./out_ADARB2_TRPS1.PVALB_UNC5B/chr.11.annot.gz
Read list of 489 individuals from /dcs04/lieber/shared/statsgen/LDSC/base/referencefiles/1000G_EUR_Phase3_plink/1000G.EUR.QC.11.fam
Reading genotypes from /dcs04/lieber/shared/statsgen/LDSC/base/referencefiles/1000G_EUR_Phase3_plink/1000G.EUR.QC.11.bed
After filtering, 493922 SNPs remain
Estimating LD Score.
Reading list of 71092 SNPs for which to print LD Scores from /dcs04/lieber/shared/statsgen/LDSC/base/referencefiles/hapmap3_snps/hm.11.snp
After merging with --print-snps, LD Scores for 61027 SNPs will be printed.
Writing LD Scores for 61027 SNPs to ./out_ADARB2_TRPS1.PVALB_UNC5B/chr.11.l2.ldscore.gz

Summary of LD Scores in ./out_ADARB2_TRPS1.PVALB_UNC5B/chr.11.l2.ldscore.gz
         MAF        L2
mean  0.2389   18.4054
std   0.1430   44.6428
min   0.0051   -2.6681
25%   0.1145    0.0000
50%   0.2301    0.0048
75%   0.3609   10.6362
max   0.5000  462.2347

MAF/LD Score Correlation Matrix
        MAF      L2
MAF  1.0000  0.0945
L2   0.0945  1.0000

Annotation Correlation Matrix
       ANNOT
ANNOT    1.0

Annotation Matrix Column Sums
ANNOT    69916

Summary of Annotation Matrix Row Sums
count    493922.0000
mean          0.1416
std           0.3486
min           0.0000
25%           0.0000
50%           0.0000
75%           0.0000
max           1.0000
Analysis finished at Tue Aug 20 14:55:26 2024
Total time elapsed: 3.0m:19.94s
*********************************************************************
* LD Score Regression (LDSC)
* Version 1.0.1
* (C) 2014-2019 Brendan Bulik-Sullivan and Hilary Finucane
* Broad Institute of MIT and Harvard / MIT Department of Mathematics
* GNU General Public License v3
*********************************************************************
Call: 
./ldsc.py \
--print-snps /dcs04/lieber/shared/statsgen/LDSC/base/referencefiles/hapmap3_snps/hm.12.snp \
--ld-wind-cm 1.0 \
--out ./out_ADARB2_TRPS1.PVALB_UNC5B/chr.12 \
--bfile /dcs04/lieber/shared/statsgen/LDSC/base/referencefiles/1000G_EUR_Phase3_plink/1000G.EUR.QC.12 \
--thin-annot  \
--annot ./out_ADARB2_TRPS1.PVALB_UNC5B/chr.12.annot.gz \
--l2  

Beginning analysis at Tue Aug 20 14:55:26 2024
Read list of 480110 SNPs from /dcs04/lieber/shared/statsgen/LDSC/base/referencefiles/1000G_EUR_Phase3_plink/1000G.EUR.QC.12.bim
Read 1 annotations for 480110 SNPs from ./out_ADARB2_TRPS1.PVALB_UNC5B/chr.12.annot.gz
Read list of 489 individuals from /dcs04/lieber/shared/statsgen/LDSC/base/referencefiles/1000G_EUR_Phase3_plink/1000G.EUR.QC.12.fam
Reading genotypes from /dcs04/lieber/shared/statsgen/LDSC/base/referencefiles/1000G_EUR_Phase3_plink/1000G.EUR.QC.12.bed
After filtering, 480110 SNPs remain
Estimating LD Score.
Reading list of 68635 SNPs for which to print LD Scores from /dcs04/lieber/shared/statsgen/LDSC/base/referencefiles/hapmap3_snps/hm.12.snp
After merging with --print-snps, LD Scores for 58127 SNPs will be printed.
Writing LD Scores for 58127 SNPs to ./out_ADARB2_TRPS1.PVALB_UNC5B/chr.12.l2.ldscore.gz

Summary of LD Scores in ./out_ADARB2_TRPS1.PVALB_UNC5B/chr.12.l2.ldscore.gz
         MAF        L2
mean  0.2320   19.4286
std   0.1438   48.0143
min   0.0051   -3.1290
25%   0.1063    0.0000
50%   0.2198    0.2615
75%   0.3548   11.2612
max   0.5000  580.3590

MAF/LD Score Correlation Matrix
        MAF      L2
MAF  1.0000  0.0333
L2   0.0333  1.0000

Annotation Correlation Matrix
       ANNOT
ANNOT    1.0

Annotation Matrix Column Sums
ANNOT    73640

Summary of Annotation Matrix Row Sums
count    480110.0000
mean          0.1534
std           0.3604
min           0.0000
25%           0.0000
50%           0.0000
75%           0.0000
max           1.0000
Analysis finished at Tue Aug 20 14:57:50 2024
Total time elapsed: 2.0m:24.16s
*********************************************************************
* LD Score Regression (LDSC)
* Version 1.0.1
* (C) 2014-2019 Brendan Bulik-Sullivan and Hilary Finucane
* Broad Institute of MIT and Harvard / MIT Department of Mathematics
* GNU General Public License v3
*********************************************************************
Call: 
./ldsc.py \
--print-snps /dcs04/lieber/shared/statsgen/LDSC/base/referencefiles/hapmap3_snps/hm.13.snp \
--ld-wind-cm 1.0 \
--out ./out_ADARB2_TRPS1.PVALB_UNC5B/chr.13 \
--bfile /dcs04/lieber/shared/statsgen/LDSC/base/referencefiles/1000G_EUR_Phase3_plink/1000G.EUR.QC.13 \
--thin-annot  \
--annot ./out_ADARB2_TRPS1.PVALB_UNC5B/chr.13.annot.gz \
--l2  

Beginning analysis at Tue Aug 20 14:57:51 2024
Read list of 366200 SNPs from /dcs04/lieber/shared/statsgen/LDSC/base/referencefiles/1000G_EUR_Phase3_plink/1000G.EUR.QC.13.bim
Read 1 annotations for 366200 SNPs from ./out_ADARB2_TRPS1.PVALB_UNC5B/chr.13.annot.gz
Read list of 489 individuals from /dcs04/lieber/shared/statsgen/LDSC/base/referencefiles/1000G_EUR_Phase3_plink/1000G.EUR.QC.13.fam
Reading genotypes from /dcs04/lieber/shared/statsgen/LDSC/base/referencefiles/1000G_EUR_Phase3_plink/1000G.EUR.QC.13.bed
After filtering, 366200 SNPs remain
Estimating LD Score.
Reading list of 52010 SNPs for which to print LD Scores from /dcs04/lieber/shared/statsgen/LDSC/base/referencefiles/hapmap3_snps/hm.13.snp
After merging with --print-snps, LD Scores for 45136 SNPs will be printed.
Writing LD Scores for 45136 SNPs to ./out_ADARB2_TRPS1.PVALB_UNC5B/chr.13.l2.ldscore.gz

Summary of LD Scores in ./out_ADARB2_TRPS1.PVALB_UNC5B/chr.13.l2.ldscore.gz
         MAF        L2
mean  0.2329   11.4645
std   0.1436   31.5122
min   0.0051   -1.8094
25%   0.1063    0.0000
50%   0.2198    0.0000
75%   0.3548    2.0990
max   0.5000  323.8676

MAF/LD Score Correlation Matrix
        MAF      L2
MAF  1.0000  0.0512
L2   0.0512  1.0000

Annotation Correlation Matrix
       ANNOT
ANNOT    1.0

Annotation Matrix Column Sums
ANNOT    41166

Summary of Annotation Matrix Row Sums
count    366200.0000
mean          0.1124
std           0.3159
min           0.0000
25%           0.0000
50%           0.0000
75%           0.0000
max           1.0000
Analysis finished at Tue Aug 20 14:59:08 2024
Total time elapsed: 1.0m:16.93s
*********************************************************************
* LD Score Regression (LDSC)
* Version 1.0.1
* (C) 2014-2019 Brendan Bulik-Sullivan and Hilary Finucane
* Broad Institute of MIT and Harvard / MIT Department of Mathematics
* GNU General Public License v3
*********************************************************************
Call: 
./ldsc.py \
--print-snps /dcs04/lieber/shared/statsgen/LDSC/base/referencefiles/hapmap3_snps/hm.14.snp \
--ld-wind-cm 1.0 \
--out ./out_ADARB2_TRPS1.PVALB_UNC5B/chr.14 \
--bfile /dcs04/lieber/shared/statsgen/LDSC/base/referencefiles/1000G_EUR_Phase3_plink/1000G.EUR.QC.14 \
--thin-annot  \
--annot ./out_ADARB2_TRPS1.PVALB_UNC5B/chr.14.annot.gz \
--l2  

Beginning analysis at Tue Aug 20 14:59:08 2024
Read list of 324698 SNPs from /dcs04/lieber/shared/statsgen/LDSC/base/referencefiles/1000G_EUR_Phase3_plink/1000G.EUR.QC.14.bim
Read 1 annotations for 324698 SNPs from ./out_ADARB2_TRPS1.PVALB_UNC5B/chr.14.annot.gz
Read list of 489 individuals from /dcs04/lieber/shared/statsgen/LDSC/base/referencefiles/1000G_EUR_Phase3_plink/1000G.EUR.QC.14.fam
Reading genotypes from /dcs04/lieber/shared/statsgen/LDSC/base/referencefiles/1000G_EUR_Phase3_plink/1000G.EUR.QC.14.bed
After filtering, 324698 SNPs remain
Estimating LD Score.
Reading list of 45556 SNPs for which to print LD Scores from /dcs04/lieber/shared/statsgen/LDSC/base/referencefiles/hapmap3_snps/hm.14.snp
After merging with --print-snps, LD Scores for 39504 SNPs will be printed.
Writing LD Scores for 39504 SNPs to ./out_ADARB2_TRPS1.PVALB_UNC5B/chr.14.l2.ldscore.gz

Summary of LD Scores in ./out_ADARB2_TRPS1.PVALB_UNC5B/chr.14.l2.ldscore.gz
         MAF        L2
mean  0.2308   11.8109
std   0.1432   36.6410
min   0.0051   -1.7491
25%   0.1053    0.0000
50%   0.2188    0.0000
75%   0.3497    2.2770
max   0.5000  367.1293

MAF/LD Score Correlation Matrix
       MAF     L2
MAF  1.000  0.092
L2   0.092  1.000

Annotation Correlation Matrix
       ANNOT
ANNOT    1.0

Annotation Matrix Column Sums
ANNOT    34845

Summary of Annotation Matrix Row Sums
count    324698.0000
mean          0.1073
std           0.3095
min           0.0000
25%           0.0000
50%           0.0000
75%           0.0000
max           1.0000
Analysis finished at Tue Aug 20 15:00:26 2024
Total time elapsed: 1.0m:17.42s
*********************************************************************
* LD Score Regression (LDSC)
* Version 1.0.1
* (C) 2014-2019 Brendan Bulik-Sullivan and Hilary Finucane
* Broad Institute of MIT and Harvard / MIT Department of Mathematics
* GNU General Public License v3
*********************************************************************
Call: 
./ldsc.py \
--print-snps /dcs04/lieber/shared/statsgen/LDSC/base/referencefiles/hapmap3_snps/hm.15.snp \
--ld-wind-cm 1.0 \
--out ./out_ADARB2_TRPS1.PVALB_UNC5B/chr.15 \
--bfile /dcs04/lieber/shared/statsgen/LDSC/base/referencefiles/1000G_EUR_Phase3_plink/1000G.EUR.QC.15 \
--thin-annot  \
--annot ./out_ADARB2_TRPS1.PVALB_UNC5B/chr.15.annot.gz \
--l2  

Beginning analysis at Tue Aug 20 15:00:26 2024
Read list of 287001 SNPs from /dcs04/lieber/shared/statsgen/LDSC/base/referencefiles/1000G_EUR_Phase3_plink/1000G.EUR.QC.15.bim
Read 1 annotations for 287001 SNPs from ./out_ADARB2_TRPS1.PVALB_UNC5B/chr.15.annot.gz
Read list of 489 individuals from /dcs04/lieber/shared/statsgen/LDSC/base/referencefiles/1000G_EUR_Phase3_plink/1000G.EUR.QC.15.fam
Reading genotypes from /dcs04/lieber/shared/statsgen/LDSC/base/referencefiles/1000G_EUR_Phase3_plink/1000G.EUR.QC.15.bed
After filtering, 287001 SNPs remain
Estimating LD Score.
Reading list of 42410 SNPs for which to print LD Scores from /dcs04/lieber/shared/statsgen/LDSC/base/referencefiles/hapmap3_snps/hm.15.snp
After merging with --print-snps, LD Scores for 36291 SNPs will be printed.
Writing LD Scores for 36291 SNPs to ./out_ADARB2_TRPS1.PVALB_UNC5B/chr.15.l2.ldscore.gz

Summary of LD Scores in ./out_ADARB2_TRPS1.PVALB_UNC5B/chr.15.l2.ldscore.gz
         MAF        L2
mean  0.2363   18.8824
std   0.1452   41.1530
min   0.0051   -2.3348
25%   0.1084    0.0000
50%   0.2260    0.0774
75%   0.3630   12.1643
max   0.5000  314.6909

MAF/LD Score Correlation Matrix
        MAF      L2
MAF  1.0000  0.0152
L2   0.0152  1.0000

Annotation Correlation Matrix
       ANNOT
ANNOT    1.0

Annotation Matrix Column Sums
ANNOT    44690

Summary of Annotation Matrix Row Sums
count    287001.0000
mean          0.1557
std           0.3626
min           0.0000
25%           0.0000
50%           0.0000
75%           0.0000
max           1.0000
Analysis finished at Tue Aug 20 15:01:44 2024
Total time elapsed: 1.0m:18.23s
*********************************************************************
* LD Score Regression (LDSC)
* Version 1.0.1
* (C) 2014-2019 Brendan Bulik-Sullivan and Hilary Finucane
* Broad Institute of MIT and Harvard / MIT Department of Mathematics
* GNU General Public License v3
*********************************************************************
Call: 
./ldsc.py \
--print-snps /dcs04/lieber/shared/statsgen/LDSC/base/referencefiles/hapmap3_snps/hm.16.snp \
--ld-wind-cm 1.0 \
--out ./out_ADARB2_TRPS1.PVALB_UNC5B/chr.16 \
--bfile /dcs04/lieber/shared/statsgen/LDSC/base/referencefiles/1000G_EUR_Phase3_plink/1000G.EUR.QC.16 \
--thin-annot  \
--annot ./out_ADARB2_TRPS1.PVALB_UNC5B/chr.16.annot.gz \
--l2  

Beginning analysis at Tue Aug 20 15:01:45 2024
Read list of 316981 SNPs from /dcs04/lieber/shared/statsgen/LDSC/base/referencefiles/1000G_EUR_Phase3_plink/1000G.EUR.QC.16.bim
Read 1 annotations for 316981 SNPs from ./out_ADARB2_TRPS1.PVALB_UNC5B/chr.16.annot.gz
Read list of 489 individuals from /dcs04/lieber/shared/statsgen/LDSC/base/referencefiles/1000G_EUR_Phase3_plink/1000G.EUR.QC.16.fam
Reading genotypes from /dcs04/lieber/shared/statsgen/LDSC/base/referencefiles/1000G_EUR_Phase3_plink/1000G.EUR.QC.16.bed
After filtering, 316981 SNPs remain
Estimating LD Score.
Reading list of 44710 SNPs for which to print LD Scores from /dcs04/lieber/shared/statsgen/LDSC/base/referencefiles/hapmap3_snps/hm.16.snp
After merging with --print-snps, LD Scores for 37656 SNPs will be printed.
Writing LD Scores for 37656 SNPs to ./out_ADARB2_TRPS1.PVALB_UNC5B/chr.16.l2.ldscore.gz

Summary of LD Scores in ./out_ADARB2_TRPS1.PVALB_UNC5B/chr.16.l2.ldscore.gz
         MAF        L2
mean  0.2370   20.6033
std   0.1437   48.5392
min   0.0051   -1.7641
25%   0.1115    0.0000
50%   0.2290    0.1431
75%   0.3589   10.4210
max   0.5000  417.1674

MAF/LD Score Correlation Matrix
        MAF      L2
MAF  1.0000  0.0175
L2   0.0175  1.0000

Annotation Correlation Matrix
       ANNOT
ANNOT    1.0

Annotation Matrix Column Sums
ANNOT    55063

Summary of Annotation Matrix Row Sums
count    316981.0000
mean          0.1737
std           0.3789
min           0.0000
25%           0.0000
50%           0.0000
75%           0.0000
max           1.0000
Analysis finished at Tue Aug 20 15:03:13 2024
Total time elapsed: 1.0m:27.74s
*********************************************************************
* LD Score Regression (LDSC)
* Version 1.0.1
* (C) 2014-2019 Brendan Bulik-Sullivan and Hilary Finucane
* Broad Institute of MIT and Harvard / MIT Department of Mathematics
* GNU General Public License v3
*********************************************************************
Call: 
./ldsc.py \
--print-snps /dcs04/lieber/shared/statsgen/LDSC/base/referencefiles/hapmap3_snps/hm.17.snp \
--ld-wind-cm 1.0 \
--out ./out_ADARB2_TRPS1.PVALB_UNC5B/chr.17 \
--bfile /dcs04/lieber/shared/statsgen/LDSC/base/referencefiles/1000G_EUR_Phase3_plink/1000G.EUR.QC.17 \
--thin-annot  \
--annot ./out_ADARB2_TRPS1.PVALB_UNC5B/chr.17.annot.gz \
--l2  

Beginning analysis at Tue Aug 20 15:03:13 2024
Read list of 269222 SNPs from /dcs04/lieber/shared/statsgen/LDSC/base/referencefiles/1000G_EUR_Phase3_plink/1000G.EUR.QC.17.bim
Read 1 annotations for 269222 SNPs from ./out_ADARB2_TRPS1.PVALB_UNC5B/chr.17.annot.gz
Read list of 489 individuals from /dcs04/lieber/shared/statsgen/LDSC/base/referencefiles/1000G_EUR_Phase3_plink/1000G.EUR.QC.17.fam
Reading genotypes from /dcs04/lieber/shared/statsgen/LDSC/base/referencefiles/1000G_EUR_Phase3_plink/1000G.EUR.QC.17.bed
After filtering, 269222 SNPs remain
Estimating LD Score.
Reading list of 38396 SNPs for which to print LD Scores from /dcs04/lieber/shared/statsgen/LDSC/base/referencefiles/hapmap3_snps/hm.17.snp
After merging with --print-snps, LD Scores for 32315 SNPs will be printed.
Writing LD Scores for 32315 SNPs to ./out_ADARB2_TRPS1.PVALB_UNC5B/chr.17.l2.ldscore.gz

Summary of LD Scores in ./out_ADARB2_TRPS1.PVALB_UNC5B/chr.17.l2.ldscore.gz
         MAF        L2
mean  0.2414   26.7959
std   0.1449   57.3221
min   0.0051   -2.9144
25%   0.1135    0.0000
50%   0.2352    2.1325
75%   0.3671   32.3575
max   0.5000  749.2618

MAF/LD Score Correlation Matrix
        MAF      L2
MAF  1.0000  0.1312
L2   0.1312  1.0000

Annotation Correlation Matrix
       ANNOT
ANNOT    1.0

Annotation Matrix Column Sums
ANNOT    66868

Summary of Annotation Matrix Row Sums
count    269222.0000
mean          0.2484
std           0.4321
min           0.0000
25%           0.0000
50%           0.0000
75%           0.0000
max           1.0000
Analysis finished at Tue Aug 20 15:04:23 2024
Total time elapsed: 1.0m:10.17s
*********************************************************************
* LD Score Regression (LDSC)
* Version 1.0.1
* (C) 2014-2019 Brendan Bulik-Sullivan and Hilary Finucane
* Broad Institute of MIT and Harvard / MIT Department of Mathematics
* GNU General Public License v3
*********************************************************************
Call: 
./ldsc.py \
--print-snps /dcs04/lieber/shared/statsgen/LDSC/base/referencefiles/hapmap3_snps/hm.18.snp \
--ld-wind-cm 1.0 \
--out ./out_ADARB2_TRPS1.PVALB_UNC5B/chr.18 \
--bfile /dcs04/lieber/shared/statsgen/LDSC/base/referencefiles/1000G_EUR_Phase3_plink/1000G.EUR.QC.18 \
--thin-annot  \
--annot ./out_ADARB2_TRPS1.PVALB_UNC5B/chr.18.annot.gz \
--l2  

Beginning analysis at Tue Aug 20 15:04:24 2024
Read list of 285156 SNPs from /dcs04/lieber/shared/statsgen/LDSC/base/referencefiles/1000G_EUR_Phase3_plink/1000G.EUR.QC.18.bim
Read 1 annotations for 285156 SNPs from ./out_ADARB2_TRPS1.PVALB_UNC5B/chr.18.annot.gz
Read list of 489 individuals from /dcs04/lieber/shared/statsgen/LDSC/base/referencefiles/1000G_EUR_Phase3_plink/1000G.EUR.QC.18.fam
Reading genotypes from /dcs04/lieber/shared/statsgen/LDSC/base/referencefiles/1000G_EUR_Phase3_plink/1000G.EUR.QC.18.bed
After filtering, 285156 SNPs remain
Estimating LD Score.
Reading list of 40891 SNPs for which to print LD Scores from /dcs04/lieber/shared/statsgen/LDSC/base/referencefiles/hapmap3_snps/hm.18.snp
After merging with --print-snps, LD Scores for 35326 SNPs will be printed.
Writing LD Scores for 35326 SNPs to ./out_ADARB2_TRPS1.PVALB_UNC5B/chr.18.l2.ldscore.gz

Summary of LD Scores in ./out_ADARB2_TRPS1.PVALB_UNC5B/chr.18.l2.ldscore.gz
         MAF        L2
mean  0.2356    8.7386
std   0.1434   30.8163
min   0.0051   -1.9038
25%   0.1094    0.0000
50%   0.2249    0.0000
75%   0.3569    1.0956
max   0.5000  414.0207

MAF/LD Score Correlation Matrix
        MAF      L2
MAF  1.0000 -0.0241
L2  -0.0241  1.0000

Annotation Correlation Matrix
       ANNOT
ANNOT    1.0

Annotation Matrix Column Sums
ANNOT    24623

Summary of Annotation Matrix Row Sums
count    285156.0000
mean          0.0863
std           0.2809
min           0.0000
25%           0.0000
50%           0.0000
75%           0.0000
max           1.0000
Analysis finished at Tue Aug 20 15:05:20 2024
Total time elapsed: 56.23s
*********************************************************************
* LD Score Regression (LDSC)
* Version 1.0.1
* (C) 2014-2019 Brendan Bulik-Sullivan and Hilary Finucane
* Broad Institute of MIT and Harvard / MIT Department of Mathematics
* GNU General Public License v3
*********************************************************************
Call: 
./ldsc.py \
--print-snps /dcs04/lieber/shared/statsgen/LDSC/base/referencefiles/hapmap3_snps/hm.19.snp \
--ld-wind-cm 1.0 \
--out ./out_ADARB2_TRPS1.PVALB_UNC5B/chr.19 \
--bfile /dcs04/lieber/shared/statsgen/LDSC/base/referencefiles/1000G_EUR_Phase3_plink/1000G.EUR.QC.19 \
--thin-annot  \
--annot ./out_ADARB2_TRPS1.PVALB_UNC5B/chr.19.annot.gz \
--l2  

Beginning analysis at Tue Aug 20 15:05:20 2024
Read list of 232363 SNPs from /dcs04/lieber/shared/statsgen/LDSC/base/referencefiles/1000G_EUR_Phase3_plink/1000G.EUR.QC.19.bim
Read 1 annotations for 232363 SNPs from ./out_ADARB2_TRPS1.PVALB_UNC5B/chr.19.annot.gz
Read list of 489 individuals from /dcs04/lieber/shared/statsgen/LDSC/base/referencefiles/1000G_EUR_Phase3_plink/1000G.EUR.QC.19.fam
Reading genotypes from /dcs04/lieber/shared/statsgen/LDSC/base/referencefiles/1000G_EUR_Phase3_plink/1000G.EUR.QC.19.bed
After filtering, 232363 SNPs remain
Estimating LD Score.
Reading list of 26259 SNPs for which to print LD Scores from /dcs04/lieber/shared/statsgen/LDSC/base/referencefiles/hapmap3_snps/hm.19.snp
After merging with --print-snps, LD Scores for 21991 SNPs will be printed.
Writing LD Scores for 21991 SNPs to ./out_ADARB2_TRPS1.PVALB_UNC5B/chr.19.l2.ldscore.gz

Summary of LD Scores in ./out_ADARB2_TRPS1.PVALB_UNC5B/chr.19.l2.ldscore.gz
         MAF        L2
mean  0.2369   30.9445
std   0.1428   52.1353
min   0.0051   -1.9792
25%   0.1125    0.1366
50%   0.2331    5.3995
75%   0.3569   41.5534
max   0.5000  477.9410

MAF/LD Score Correlation Matrix
        MAF      L2
MAF  1.0000  0.0467
L2   0.0467  1.0000

Annotation Correlation Matrix
       ANNOT
ANNOT    1.0

Annotation Matrix Column Sums
ANNOT    70085

Summary of Annotation Matrix Row Sums
count    232363.0000
mean          0.3016
std           0.4590
min           0.0000
25%           0.0000
50%           0.0000
75%           1.0000
max           1.0000
Analysis finished at Tue Aug 20 15:06:37 2024
Total time elapsed: 1.0m:16.89s
*********************************************************************
* LD Score Regression (LDSC)
* Version 1.0.1
* (C) 2014-2019 Brendan Bulik-Sullivan and Hilary Finucane
* Broad Institute of MIT and Harvard / MIT Department of Mathematics
* GNU General Public License v3
*********************************************************************
Call: 
./ldsc.py \
--print-snps /dcs04/lieber/shared/statsgen/LDSC/base/referencefiles/hapmap3_snps/hm.20.snp \
--ld-wind-cm 1.0 \
--out ./out_ADARB2_TRPS1.PVALB_UNC5B/chr.20 \
--bfile /dcs04/lieber/shared/statsgen/LDSC/base/referencefiles/1000G_EUR_Phase3_plink/1000G.EUR.QC.20 \
--thin-annot  \
--annot ./out_ADARB2_TRPS1.PVALB_UNC5B/chr.20.annot.gz \
--l2  

Beginning analysis at Tue Aug 20 15:06:38 2024
Read list of 221626 SNPs from /dcs04/lieber/shared/statsgen/LDSC/base/referencefiles/1000G_EUR_Phase3_plink/1000G.EUR.QC.20.bim
Read 1 annotations for 221626 SNPs from ./out_ADARB2_TRPS1.PVALB_UNC5B/chr.20.annot.gz
Read list of 489 individuals from /dcs04/lieber/shared/statsgen/LDSC/base/referencefiles/1000G_EUR_Phase3_plink/1000G.EUR.QC.20.fam
Reading genotypes from /dcs04/lieber/shared/statsgen/LDSC/base/referencefiles/1000G_EUR_Phase3_plink/1000G.EUR.QC.20.bed
After filtering, 221626 SNPs remain
Estimating LD Score.
Reading list of 36301 SNPs for which to print LD Scores from /dcs04/lieber/shared/statsgen/LDSC/base/referencefiles/hapmap3_snps/hm.20.snp
After merging with --print-snps, LD Scores for 31359 SNPs will be printed.
Writing LD Scores for 31359 SNPs to ./out_ADARB2_TRPS1.PVALB_UNC5B/chr.20.l2.ldscore.gz

Summary of LD Scores in ./out_ADARB2_TRPS1.PVALB_UNC5B/chr.20.l2.ldscore.gz
         MAF        L2
mean  0.2336   16.2599
std   0.1437   40.1511
min   0.0051   -2.4704
25%   0.1063    0.0000
50%   0.2219    0.0000
75%   0.3569    9.9493
max   0.5000  315.6417

MAF/LD Score Correlation Matrix
        MAF      L2
MAF  1.0000  0.1063
L2   0.1063  1.0000

Annotation Correlation Matrix
       ANNOT
ANNOT    1.0

Annotation Matrix Column Sums
ANNOT    39269

Summary of Annotation Matrix Row Sums
count    221626.0000
mean          0.1772
std           0.3818
min           0.0000
25%           0.0000
50%           0.0000
75%           0.0000
max           1.0000
Analysis finished at Tue Aug 20 15:07:27 2024
Total time elapsed: 49.7s
*********************************************************************
* LD Score Regression (LDSC)
* Version 1.0.1
* (C) 2014-2019 Brendan Bulik-Sullivan and Hilary Finucane
* Broad Institute of MIT and Harvard / MIT Department of Mathematics
* GNU General Public License v3
*********************************************************************
Call: 
./ldsc.py \
--print-snps /dcs04/lieber/shared/statsgen/LDSC/base/referencefiles/hapmap3_snps/hm.21.snp \
--ld-wind-cm 1.0 \
--out ./out_ADARB2_TRPS1.PVALB_UNC5B/chr.21 \
--bfile /dcs04/lieber/shared/statsgen/LDSC/base/referencefiles/1000G_EUR_Phase3_plink/1000G.EUR.QC.21 \
--thin-annot  \
--annot ./out_ADARB2_TRPS1.PVALB_UNC5B/chr.21.annot.gz \
--l2  

Beginning analysis at Tue Aug 20 15:07:28 2024
Read list of 138712 SNPs from /dcs04/lieber/shared/statsgen/LDSC/base/referencefiles/1000G_EUR_Phase3_plink/1000G.EUR.QC.21.bim
Read 1 annotations for 138712 SNPs from ./out_ADARB2_TRPS1.PVALB_UNC5B/chr.21.annot.gz
Read list of 489 individuals from /dcs04/lieber/shared/statsgen/LDSC/base/referencefiles/1000G_EUR_Phase3_plink/1000G.EUR.QC.21.fam
Reading genotypes from /dcs04/lieber/shared/statsgen/LDSC/base/referencefiles/1000G_EUR_Phase3_plink/1000G.EUR.QC.21.bed
After filtering, 138712 SNPs remain
Estimating LD Score.
Reading list of 19331 SNPs for which to print LD Scores from /dcs04/lieber/shared/statsgen/LDSC/base/referencefiles/hapmap3_snps/hm.21.snp
After merging with --print-snps, LD Scores for 16993 SNPs will be printed.
Writing LD Scores for 16993 SNPs to ./out_ADARB2_TRPS1.PVALB_UNC5B/chr.21.l2.ldscore.gz

Summary of LD Scores in ./out_ADARB2_TRPS1.PVALB_UNC5B/chr.21.l2.ldscore.gz
         MAF        L2
mean  0.2398   13.3339
std   0.1429   36.8365
min   0.0051   -1.9930
25%   0.1155    0.0000
50%   0.2290    0.0000
75%   0.3640    3.2878
max   0.5000  259.9598

MAF/LD Score Correlation Matrix
        MAF      L2
MAF  1.0000  0.0566
L2   0.0566  1.0000

Annotation Correlation Matrix
       ANNOT
ANNOT    1.0

Annotation Matrix Column Sums
ANNOT    14664

Summary of Annotation Matrix Row Sums
count    138712.0000
mean          0.1057
std           0.3075
min           0.0000
25%           0.0000
50%           0.0000
75%           0.0000
max           1.0000
Analysis finished at Tue Aug 20 15:07:52 2024
Total time elapsed: 24.49s
*********************************************************************
* LD Score Regression (LDSC)
* Version 1.0.1
* (C) 2014-2019 Brendan Bulik-Sullivan and Hilary Finucane
* Broad Institute of MIT and Harvard / MIT Department of Mathematics
* GNU General Public License v3
*********************************************************************
Call: 
./ldsc.py \
--print-snps /dcs04/lieber/shared/statsgen/LDSC/base/referencefiles/hapmap3_snps/hm.22.snp \
--ld-wind-cm 1.0 \
--out ./out_ADARB2_TRPS1.PVALB_UNC5B/chr.22 \
--bfile /dcs04/lieber/shared/statsgen/LDSC/base/referencefiles/1000G_EUR_Phase3_plink/1000G.EUR.QC.22 \
--thin-annot  \
--annot ./out_ADARB2_TRPS1.PVALB_UNC5B/chr.22.annot.gz \
--l2  

Beginning analysis at Tue Aug 20 15:07:53 2024
Read list of 141123 SNPs from /dcs04/lieber/shared/statsgen/LDSC/base/referencefiles/1000G_EUR_Phase3_plink/1000G.EUR.QC.22.bim
Read 1 annotations for 141123 SNPs from ./out_ADARB2_TRPS1.PVALB_UNC5B/chr.22.annot.gz
Read list of 489 individuals from /dcs04/lieber/shared/statsgen/LDSC/base/referencefiles/1000G_EUR_Phase3_plink/1000G.EUR.QC.22.fam
Reading genotypes from /dcs04/lieber/shared/statsgen/LDSC/base/referencefiles/1000G_EUR_Phase3_plink/1000G.EUR.QC.22.bed
After filtering, 141123 SNPs remain
Estimating LD Score.
Reading list of 20106 SNPs for which to print LD Scores from /dcs04/lieber/shared/statsgen/LDSC/base/referencefiles/hapmap3_snps/hm.22.snp
After merging with --print-snps, LD Scores for 17261 SNPs will be printed.
Writing LD Scores for 17261 SNPs to ./out_ADARB2_TRPS1.PVALB_UNC5B/chr.22.l2.ldscore.gz

Summary of LD Scores in ./out_ADARB2_TRPS1.PVALB_UNC5B/chr.22.l2.ldscore.gz
         MAF        L2
mean  0.2359   22.3332
std   0.1442   48.8405
min   0.0051   -2.2811
25%   0.1084    0.0000
50%   0.2280    0.0056
75%   0.3579   18.8694
max   0.5000  348.0119

MAF/LD Score Correlation Matrix
       MAF     L2
MAF  1.000  0.062
L2   0.062  1.000

Annotation Correlation Matrix
       ANNOT
ANNOT    1.0

Annotation Matrix Column Sums
ANNOT    25909

Summary of Annotation Matrix Row Sums
count    141123.0000
mean          0.1836
std           0.3872
min           0.0000
25%           0.0000
50%           0.0000
75%           0.0000
max           1.0000
Analysis finished at Tue Aug 20 15:08:26 2024
Total time elapsed: 33.34s
*********************************************************************
* LD Score Regression (LDSC)
* Version 1.0.1
* (C) 2014-2019 Brendan Bulik-Sullivan and Hilary Finucane
* Broad Institute of MIT and Harvard / MIT Department of Mathematics
* GNU General Public License v3
*********************************************************************
Call: 
./ldsc.py \
--print-snps /dcs04/lieber/shared/statsgen/LDSC/base/referencefiles/hapmap3_snps/hm.1.snp \
--ld-wind-cm 1.0 \
--out ./out_Astrocyte.CARTPT_CDH23/chr.1 \
--bfile /dcs04/lieber/shared/statsgen/LDSC/base/referencefiles/1000G_EUR_Phase3_plink/1000G.EUR.QC.1 \
--thin-annot  \
--annot ./out_Astrocyte.CARTPT_CDH23/chr.1.annot.gz \
--l2  

Beginning analysis at Tue Aug 20 15:08:26 2024
Read list of 779354 SNPs from /dcs04/lieber/shared/statsgen/LDSC/base/referencefiles/1000G_EUR_Phase3_plink/1000G.EUR.QC.1.bim
Read 1 annotations for 779354 SNPs from ./out_Astrocyte.CARTPT_CDH23/chr.1.annot.gz
Read list of 489 individuals from /dcs04/lieber/shared/statsgen/LDSC/base/referencefiles/1000G_EUR_Phase3_plink/1000G.EUR.QC.1.fam
Reading genotypes from /dcs04/lieber/shared/statsgen/LDSC/base/referencefiles/1000G_EUR_Phase3_plink/1000G.EUR.QC.1.bed
After filtering, 779354 SNPs remain
Estimating LD Score.
Reading list of 116564 SNPs for which to print LD Scores from /dcs04/lieber/shared/statsgen/LDSC/base/referencefiles/hapmap3_snps/hm.1.snp
After merging with --print-snps, LD Scores for 98690 SNPs will be printed.
Writing LD Scores for 98690 SNPs to ./out_Astrocyte.CARTPT_CDH23/chr.1.l2.ldscore.gz

Summary of LD Scores in ./out_Astrocyte.CARTPT_CDH23/chr.1.l2.ldscore.gz
         MAF        L2
mean  0.2329   17.5217
std   0.1442   42.2015
min   0.0051   -2.5361
25%   0.1056    0.0000
50%   0.2219    0.2554
75%   0.3548    8.9301
max   0.5000  420.7089

MAF/LD Score Correlation Matrix
        MAF      L2
MAF  1.0000  0.0521
L2   0.0521  1.0000

Annotation Correlation Matrix
       ANNOT
ANNOT    1.0

Annotation Matrix Column Sums
ANNOT    117742

Summary of Annotation Matrix Row Sums
count    779354.0000
mean          0.1511
std           0.3581
min           0.0000
25%           0.0000
50%           0.0000
75%           0.0000
max           1.0000
Analysis finished at Tue Aug 20 15:11:53 2024
Total time elapsed: 3.0m:26.18s
*********************************************************************
* LD Score Regression (LDSC)
* Version 1.0.1
* (C) 2014-2019 Brendan Bulik-Sullivan and Hilary Finucane
* Broad Institute of MIT and Harvard / MIT Department of Mathematics
* GNU General Public License v3
*********************************************************************
Call: 
./ldsc.py \
--print-snps /dcs04/lieber/shared/statsgen/LDSC/base/referencefiles/hapmap3_snps/hm.2.snp \
--ld-wind-cm 1.0 \
--out ./out_Astrocyte.CARTPT_CDH23/chr.2 \
--bfile /dcs04/lieber/shared/statsgen/LDSC/base/referencefiles/1000G_EUR_Phase3_plink/1000G.EUR.QC.2 \
--thin-annot  \
--annot ./out_Astrocyte.CARTPT_CDH23/chr.2.annot.gz \
--l2  

Beginning analysis at Tue Aug 20 15:11:53 2024
Read list of 839590 SNPs from /dcs04/lieber/shared/statsgen/LDSC/base/referencefiles/1000G_EUR_Phase3_plink/1000G.EUR.QC.2.bim
Read 1 annotations for 839590 SNPs from ./out_Astrocyte.CARTPT_CDH23/chr.2.annot.gz
Read list of 489 individuals from /dcs04/lieber/shared/statsgen/LDSC/base/referencefiles/1000G_EUR_Phase3_plink/1000G.EUR.QC.2.fam
Reading genotypes from /dcs04/lieber/shared/statsgen/LDSC/base/referencefiles/1000G_EUR_Phase3_plink/1000G.EUR.QC.2.bed
After filtering, 839590 SNPs remain
Estimating LD Score.
Reading list of 116575 SNPs for which to print LD Scores from /dcs04/lieber/shared/statsgen/LDSC/base/referencefiles/hapmap3_snps/hm.2.snp
After merging with --print-snps, LD Scores for 100038 SNPs will be printed.
Writing LD Scores for 100038 SNPs to ./out_Astrocyte.CARTPT_CDH23/chr.2.l2.ldscore.gz

Summary of LD Scores in ./out_Astrocyte.CARTPT_CDH23/chr.2.l2.ldscore.gz
         MAF        L2
mean  0.2371   15.1097
std   0.1439   36.8253
min   0.0051   -2.2345
25%   0.1115    0.0000
50%   0.2280    0.0170
75%   0.3609    6.5992
max   0.5000  359.6129

MAF/LD Score Correlation Matrix
        MAF      L2
MAF  1.0000  0.0619
L2   0.0619  1.0000

Annotation Correlation Matrix
       ANNOT
ANNOT    1.0

Annotation Matrix Column Sums
ANNOT    104213

Summary of Annotation Matrix Row Sums
count    839590.0000
mean          0.1241
std           0.3297
min           0.0000
25%           0.0000
50%           0.0000
75%           0.0000
max           1.0000
Analysis finished at Tue Aug 20 15:15:46 2024
Total time elapsed: 3.0m:52.65s
*********************************************************************
* LD Score Regression (LDSC)
* Version 1.0.1
* (C) 2014-2019 Brendan Bulik-Sullivan and Hilary Finucane
* Broad Institute of MIT and Harvard / MIT Department of Mathematics
* GNU General Public License v3
*********************************************************************
Call: 
./ldsc.py \
--print-snps /dcs04/lieber/shared/statsgen/LDSC/base/referencefiles/hapmap3_snps/hm.3.snp \
--ld-wind-cm 1.0 \
--out ./out_Astrocyte.CARTPT_CDH23/chr.3 \
--bfile /dcs04/lieber/shared/statsgen/LDSC/base/referencefiles/1000G_EUR_Phase3_plink/1000G.EUR.QC.3 \
--thin-annot  \
--annot ./out_Astrocyte.CARTPT_CDH23/chr.3.annot.gz \
--l2  

Beginning analysis at Tue Aug 20 15:15:46 2024
Read list of 706350 SNPs from /dcs04/lieber/shared/statsgen/LDSC/base/referencefiles/1000G_EUR_Phase3_plink/1000G.EUR.QC.3.bim
Read 1 annotations for 706350 SNPs from ./out_Astrocyte.CARTPT_CDH23/chr.3.annot.gz
Read list of 489 individuals from /dcs04/lieber/shared/statsgen/LDSC/base/referencefiles/1000G_EUR_Phase3_plink/1000G.EUR.QC.3.fam
Reading genotypes from /dcs04/lieber/shared/statsgen/LDSC/base/referencefiles/1000G_EUR_Phase3_plink/1000G.EUR.QC.3.bed
After filtering, 706350 SNPs remain
Estimating LD Score.
Reading list of 96664 SNPs for which to print LD Scores from /dcs04/lieber/shared/statsgen/LDSC/base/referencefiles/hapmap3_snps/hm.3.snp
After merging with --print-snps, LD Scores for 83286 SNPs will be printed.
Writing LD Scores for 83286 SNPs to ./out_Astrocyte.CARTPT_CDH23/chr.3.l2.ldscore.gz

Summary of LD Scores in ./out_Astrocyte.CARTPT_CDH23/chr.3.l2.ldscore.gz
         MAF        L2
mean  0.2395   15.0219
std   0.1436   40.6917
min   0.0051   -2.3964
25%   0.1145    0.0000
50%   0.2311    0.0000
75%   0.3630    3.7073
max   0.5000  494.8378

MAF/LD Score Correlation Matrix
        MAF      L2
MAF  1.0000  0.0799
L2   0.0799  1.0000

Annotation Correlation Matrix
       ANNOT
ANNOT    1.0

Annotation Matrix Column Sums
ANNOT    76022

Summary of Annotation Matrix Row Sums
count    706350.0000
mean          0.1076
std           0.3099
min           0.0000
25%           0.0000
50%           0.0000
75%           0.0000
max           1.0000
Analysis finished at Tue Aug 20 15:19:00 2024
Total time elapsed: 3.0m:14.26s
*********************************************************************
* LD Score Regression (LDSC)
* Version 1.0.1
* (C) 2014-2019 Brendan Bulik-Sullivan and Hilary Finucane
* Broad Institute of MIT and Harvard / MIT Department of Mathematics
* GNU General Public License v3
*********************************************************************
Call: 
./ldsc.py \
--print-snps /dcs04/lieber/shared/statsgen/LDSC/base/referencefiles/hapmap3_snps/hm.4.snp \
--ld-wind-cm 1.0 \
--out ./out_Astrocyte.CARTPT_CDH23/chr.4 \
--bfile /dcs04/lieber/shared/statsgen/LDSC/base/referencefiles/1000G_EUR_Phase3_plink/1000G.EUR.QC.4 \
--thin-annot  \
--annot ./out_Astrocyte.CARTPT_CDH23/chr.4.annot.gz \
--l2  

Beginning analysis at Tue Aug 20 15:19:01 2024
Read list of 729645 SNPs from /dcs04/lieber/shared/statsgen/LDSC/base/referencefiles/1000G_EUR_Phase3_plink/1000G.EUR.QC.4.bim
Read 1 annotations for 729645 SNPs from ./out_Astrocyte.CARTPT_CDH23/chr.4.annot.gz
Read list of 489 individuals from /dcs04/lieber/shared/statsgen/LDSC/base/referencefiles/1000G_EUR_Phase3_plink/1000G.EUR.QC.4.fam
Reading genotypes from /dcs04/lieber/shared/statsgen/LDSC/base/referencefiles/1000G_EUR_Phase3_plink/1000G.EUR.QC.4.bed
After filtering, 729645 SNPs remain
Estimating LD Score.
Reading list of 85881 SNPs for which to print LD Scores from /dcs04/lieber/shared/statsgen/LDSC/base/referencefiles/hapmap3_snps/hm.4.snp
After merging with --print-snps, LD Scores for 74259 SNPs will be printed.
Writing LD Scores for 74259 SNPs to ./out_Astrocyte.CARTPT_CDH23/chr.4.l2.ldscore.gz

Summary of LD Scores in ./out_Astrocyte.CARTPT_CDH23/chr.4.l2.ldscore.gz
         MAF        L2
mean  0.2367    9.2154
std   0.1431   29.1963
min   0.0051   -1.8392
25%   0.1115    0.0000
50%   0.2301    0.0000
75%   0.3579    1.4065
max   0.5000  311.4936

MAF/LD Score Correlation Matrix
        MAF      L2
MAF  1.0000  0.0375
L2   0.0375  1.0000

Annotation Correlation Matrix
       ANNOT
ANNOT    1.0

Annotation Matrix Column Sums
ANNOT    50776

Summary of Annotation Matrix Row Sums
count    729645.0000
mean          0.0696
std           0.2545
min           0.0000
25%           0.0000
50%           0.0000
75%           0.0000
max           1.0000
Analysis finished at Tue Aug 20 15:22:32 2024
Total time elapsed: 3.0m:30.71s
*********************************************************************
* LD Score Regression (LDSC)
* Version 1.0.1
* (C) 2014-2019 Brendan Bulik-Sullivan and Hilary Finucane
* Broad Institute of MIT and Harvard / MIT Department of Mathematics
* GNU General Public License v3
*********************************************************************
Call: 
./ldsc.py \
--print-snps /dcs04/lieber/shared/statsgen/LDSC/base/referencefiles/hapmap3_snps/hm.5.snp \
--ld-wind-cm 1.0 \
--out ./out_Astrocyte.CARTPT_CDH23/chr.5 \
--bfile /dcs04/lieber/shared/statsgen/LDSC/base/referencefiles/1000G_EUR_Phase3_plink/1000G.EUR.QC.5 \
--thin-annot  \
--annot ./out_Astrocyte.CARTPT_CDH23/chr.5.annot.gz \
--l2  

Beginning analysis at Tue Aug 20 15:22:33 2024
Read list of 633015 SNPs from /dcs04/lieber/shared/statsgen/LDSC/base/referencefiles/1000G_EUR_Phase3_plink/1000G.EUR.QC.5.bim
Read 1 annotations for 633015 SNPs from ./out_Astrocyte.CARTPT_CDH23/chr.5.annot.gz
Read list of 489 individuals from /dcs04/lieber/shared/statsgen/LDSC/base/referencefiles/1000G_EUR_Phase3_plink/1000G.EUR.QC.5.fam
Reading genotypes from /dcs04/lieber/shared/statsgen/LDSC/base/referencefiles/1000G_EUR_Phase3_plink/1000G.EUR.QC.5.bed
After filtering, 633015 SNPs remain
Estimating LD Score.
Reading list of 88059 SNPs for which to print LD Scores from /dcs04/lieber/shared/statsgen/LDSC/base/referencefiles/hapmap3_snps/hm.5.snp
After merging with --print-snps, LD Scores for 74950 SNPs will be printed.
Writing LD Scores for 74950 SNPs to ./out_Astrocyte.CARTPT_CDH23/chr.5.l2.ldscore.gz

Summary of LD Scores in ./out_Astrocyte.CARTPT_CDH23/chr.5.l2.ldscore.gz
         MAF        L2
mean  0.2353   15.6652
std   0.1428   46.4124
min   0.0051   -3.4541
25%   0.1104    0.0000
50%   0.2260    0.0000
75%   0.3558    4.4792
max   0.5000  533.2480

MAF/LD Score Correlation Matrix
        MAF      L2
MAF  1.0000  0.0625
L2   0.0625  1.0000

Annotation Correlation Matrix
       ANNOT
ANNOT    1.0

Annotation Matrix Column Sums
ANNOT    65766

Summary of Annotation Matrix Row Sums
count    633015.0000
mean          0.1039
std           0.3051
min           0.0000
25%           0.0000
50%           0.0000
75%           0.0000
max           1.0000
Analysis finished at Tue Aug 20 15:26:42 2024
Total time elapsed: 4.0m:8.99s
*********************************************************************
* LD Score Regression (LDSC)
* Version 1.0.1
* (C) 2014-2019 Brendan Bulik-Sullivan and Hilary Finucane
* Broad Institute of MIT and Harvard / MIT Department of Mathematics
* GNU General Public License v3
*********************************************************************
Call: 
./ldsc.py \
--print-snps /dcs04/lieber/shared/statsgen/LDSC/base/referencefiles/hapmap3_snps/hm.6.snp \
--ld-wind-cm 1.0 \
--out ./out_Astrocyte.CARTPT_CDH23/chr.6 \
--bfile /dcs04/lieber/shared/statsgen/LDSC/base/referencefiles/1000G_EUR_Phase3_plink/1000G.EUR.QC.6 \
--thin-annot  \
--annot ./out_Astrocyte.CARTPT_CDH23/chr.6.annot.gz \
--l2  

Beginning analysis at Tue Aug 20 15:26:42 2024
Read list of 664016 SNPs from /dcs04/lieber/shared/statsgen/LDSC/base/referencefiles/1000G_EUR_Phase3_plink/1000G.EUR.QC.6.bim
Read 1 annotations for 664016 SNPs from ./out_Astrocyte.CARTPT_CDH23/chr.6.annot.gz
Read list of 489 individuals from /dcs04/lieber/shared/statsgen/LDSC/base/referencefiles/1000G_EUR_Phase3_plink/1000G.EUR.QC.6.fam
Reading genotypes from /dcs04/lieber/shared/statsgen/LDSC/base/referencefiles/1000G_EUR_Phase3_plink/1000G.EUR.QC.6.bed
After filtering, 664016 SNPs remain
Estimating LD Score.
Reading list of 91491 SNPs for which to print LD Scores from /dcs04/lieber/shared/statsgen/LDSC/base/referencefiles/hapmap3_snps/hm.6.snp
After merging with --print-snps, LD Scores for 80218 SNPs will be printed.
Writing LD Scores for 80218 SNPs to ./out_Astrocyte.CARTPT_CDH23/chr.6.l2.ldscore.gz

Summary of LD Scores in ./out_Astrocyte.CARTPT_CDH23/chr.6.l2.ldscore.gz
         MAF        L2
mean  0.2331   25.9298
std   0.1441   74.5253
min   0.0051   -2.2329
25%   0.1074    0.0000
50%   0.2219    0.0000
75%   0.3558    6.4079
max   0.5000  898.8764

MAF/LD Score Correlation Matrix
        MAF      L2
MAF  1.0000  0.0124
L2   0.0124  1.0000

Annotation Correlation Matrix
       ANNOT
ANNOT    1.0

Annotation Matrix Column Sums
ANNOT    72059

Summary of Annotation Matrix Row Sums
count    664016.0000
mean          0.1085
std           0.3110
min           0.0000
25%           0.0000
50%           0.0000
75%           0.0000
max           1.0000
Analysis finished at Tue Aug 20 15:31:47 2024
Total time elapsed: 5.0m:4.82s
**** Job ends ****
Tue Aug 20 03:31:47 PM EDT 2024
