*********************************************************************
* LD Score Regression (LDSC)
* Version 1.0.1
* (C) 2014-2019 Brendan Bulik-Sullivan and Hilary Finucane
* Broad Institute of MIT and Harvard / MIT Department of Mathematics
* GNU General Public License v3
*********************************************************************
Call: 
./ldsc.py \
--print-snps /dcs04/lieber/shared/statsgen/LDSC/base/referencefiles/hapmap3_snps/hm.2.snp \
--ld-wind-cm 1.0 \
--out ./out_ADARB2_TRPS1/chr.2 \
--bfile /dcs04/lieber/shared/statsgen/LDSC/base/referencefiles/1000G_EUR_Phase3_plink/1000G.EUR.QC.2 \
--thin-annot  \
--annot ./out_ADARB2_TRPS1/chr.2.annot.gz \
--l2  

Beginning analysis at Tue Aug 20 14:53:45 2024
Read list of 839590 SNPs from /dcs04/lieber/shared/statsgen/LDSC/base/referencefiles/1000G_EUR_Phase3_plink/1000G.EUR.QC.2.bim
Read 1 annotations for 839590 SNPs from ./out_ADARB2_TRPS1/chr.2.annot.gz
Read list of 489 individuals from /dcs04/lieber/shared/statsgen/LDSC/base/referencefiles/1000G_EUR_Phase3_plink/1000G.EUR.QC.2.fam
Reading genotypes from /dcs04/lieber/shared/statsgen/LDSC/base/referencefiles/1000G_EUR_Phase3_plink/1000G.EUR.QC.2.bed
Estimating LD Score.
Reading list of 116575 SNPs for which to print LD Scores from /dcs04/lieber/shared/statsgen/LDSC/base/referencefiles/hapmap3_snps/hm.2.snp
After merging with --print-snps, LD Scores for 100038 SNPs will be printed.
Writing LD Scores for 100038 SNPs to ./out_ADARB2_TRPS1/chr.2.l2.ldscore.gz

Summary of LD Scores in ./out_ADARB2_TRPS1/chr.2.l2.ldscore.gz
         MAF        L2
mean  0.2371   16.7944
std   0.1439   45.5830
min   0.0051   -2.4351
25%   0.1115    0.0000
50%   0.2280    0.0372
75%   0.3609    5.7835
max   0.5000  518.3877

MAF/LD Score Correlation Matrix
       MAF     L2
MAF  1.000  0.051
L2   0.051  1.000

Annotation Correlation Matrix
       ANNOT
ANNOT    1.0

Annotation Matrix Column Sums
ANNOT    96038

Summary of Annotation Matrix Row Sums
count    839590.0000
mean          0.1144
std           0.3183
min           0.0000
25%           0.0000
50%           0.0000
75%           0.0000
max           1.0000
Analysis finished at Tue Aug 20 14:57:33 2024
Total time elapsed: 3.0m:47.77s
